{"/Users/iskandermac/Desktop/expogithub/expoapp/my-telegram-app-mobile/expo-env.d.ts": {"path":"/Users/iskandermac/Desktop/expogithub/expoapp/my-telegram-app-mobile/expo-env.d.ts","statementMap":{},"fnMap":{},"branchMap":{},"s":{},"f":{},"b":{}}
,"/Users/iskandermac/Desktop/expogithub/expoapp/my-telegram-app-mobile/nativewind-env.d.ts": {"path":"/Users/iskandermac/Desktop/expogithub/expoapp/my-telegram-app-mobile/nativewind-env.d.ts","statementMap":{},"fnMap":{},"branchMap":{},"s":{},"f":{},"b":{}}
,"/Users/iskandermac/Desktop/expogithub/expoapp/my-telegram-app-mobile/.expo/types/router.d.ts": {"path":"/Users/iskandermac/Desktop/expogithub/expoapp/my-telegram-app-mobile/.expo/types/router.d.ts","statementMap":{},"fnMap":{},"branchMap":{},"s":{},"f":{},"b":{}}
,"/Users/iskandermac/Desktop/expogithub/expoapp/my-telegram-app-mobile/api/apiClient.ts": {"path":"/Users/iskandermac/Desktop/expogithub/expoapp/my-telegram-app-mobile/api/apiClient.ts","statementMap":{"0":{"start":{"line":5,"column":21},"end":{"line":5,"column":57}},"1":{"start":{"line":7,"column":24},"end":{"line":7,"column":42}},"2":{"start":{"line":9,"column":19},"end":{"line":9,"column":24}},"3":{"start":{"line":10,"column":54},"end":{"line":10,"column":56}},"4":{"start":{"line":12,"column":20},"end":{"line":15,"column":1}},"5":{"start":{"line":13,"column":2},"end":{"line":13,"column":59}},"6":{"start":{"line":13,"column":43},"end":{"line":13,"column":58}},"7":{"start":{"line":14,"column":2},"end":{"line":14,"column":25}},"8":{"start":{"line":17,"column":29},"end":{"line":19,"column":1}},"9":{"start":{"line":18,"column":2},"end":{"line":18,"column":35}},"10":{"start":{"line":22,"column":30},"end":{"line":22,"column":78}},"11":{"start":{"line":22,"column":42},"end":{"line":22,"column":78}},"12":{"start":{"line":23,"column":31},"end":{"line":23,"column":80}},"13":{"start":{"line":23,"column":43},"end":{"line":23,"column":80}},"14":{"start":{"line":25,"column":25},"end":{"line":28,"column":1}},"15":{"start":{"line":26,"column":2},"end":{"line":26,"column":51}},"16":{"start":{"line":27,"column":2},"end":{"line":27,"column":53}},"17":{"start":{"line":30,"column":27},"end":{"line":33,"column":1}},"18":{"start":{"line":31,"column":2},"end":{"line":31,"column":41}},"19":{"start":{"line":32,"column":2},"end":{"line":32,"column":42}},"20":{"start":{"line":35,"column":25},"end":{"line":48,"column":1}},"21":{"start":{"line":36,"column":21},"end":{"line":36,"column":42}},"22":{"start":{"line":37,"column":20},"end":{"line":37,"column":65}},"23":{"start":{"line":37,"column":37},"end":{"line":37,"column":55}},"24":{"start":{"line":39,"column":2},"end":{"line":47,"column":3}},"25":{"start":{"line":40,"column":21},"end":{"line":43,"column":6}},"26":{"start":{"line":44,"column":4},"end":{"line":44,"column":19}},"27":{"start":{"line":46,"column":4},"end":{"line":46,"column":27}},"28":{"start":{"line":51,"column":27},"end":{"line":91,"column":1}},"29":{"start":{"line":52,"column":2},"end":{"line":56,"column":3}},"30":{"start":{"line":53,"column":4},"end":{"line":55,"column":6}},"31":{"start":{"line":54,"column":6},"end":{"line":54,"column":53}},"32":{"start":{"line":54,"column":38},"end":{"line":54,"column":52}},"33":{"start":{"line":58,"column":2},"end":{"line":58,"column":21}},"34":{"start":{"line":60,"column":2},"end":{"line":90,"column":3}},"35":{"start":{"line":61,"column":25},"end":{"line":61,"column":48}},"36":{"start":{"line":62,"column":4},"end":{"line":62,"column":68}},"37":{"start":{"line":62,"column":23},"end":{"line":62,"column":68}},"38":{"start":{"line":64,"column":44},"end":{"line":64,"column":82}},"39":{"start":{"line":66,"column":21},"end":{"line":74,"column":5}},"40":{"start":{"line":76,"column":4},"end":{"line":76,"column":61}},"41":{"start":{"line":76,"column":22},"end":{"line":76,"column":61}},"42":{"start":{"line":78,"column":17},"end":{"line":78,"column":38}},"43":{"start":{"line":79,"column":28},"end":{"line":79,"column":61}},"44":{"start":{"line":80,"column":4},"end":{"line":80,"column":54}},"45":{"start":{"line":82,"column":4},"end":{"line":82,"column":33}},"46":{"start":{"line":83,"column":4},"end":{"line":83,"column":27}},"47":{"start":{"line":85,"column":4},"end":{"line":85,"column":45}},"48":{"start":{"line":86,"column":4},"end":{"line":86,"column":23}},"49":{"start":{"line":87,"column":4},"end":{"line":87,"column":13}},"50":{"start":{"line":89,"column":4},"end":{"line":89,"column":24}},"51":{"start":{"line":98,"column":42},"end":{"line":98,"column":80}},"52":{"start":{"line":101,"column":22},"end":{"line":101,"column":44}},"53":{"start":{"line":102,"column":2},"end":{"line":104,"column":3}},"54":{"start":{"line":103,"column":4},"end":{"line":103,"column":54}},"55":{"start":{"line":106,"column":30},"end":{"line":113,"column":3}},"56":{"start":{"line":115,"column":2},"end":{"line":115,"column":46}},"57":{"start":{"line":115,"column":12},"end":{"line":115,"column":46}},"58":{"start":{"line":117,"column":18},"end":{"line":117,"column":47}},"59":{"start":{"line":119,"column":2},"end":{"line":167,"column":3}},"60":{"start":{"line":120,"column":19},"end":{"line":120,"column":75}},"61":{"start":{"line":123,"column":4},"end":{"line":135,"column":5}},"62":{"start":{"line":124,"column":27},"end":{"line":124,"column":50}},"63":{"start":{"line":125,"column":6},"end":{"line":134,"column":7}},"64":{"start":{"line":126,"column":8},"end":{"line":133,"column":9}},"65":{"start":{"line":127,"column":33},"end":{"line":127,"column":59}},"66":{"start":{"line":129,"column":10},"end":{"line":129,"column":70}},"67":{"start":{"line":130,"column":10},"end":{"line":130,"column":77}},"68":{"start":{"line":132,"column":10},"end":{"line":132,"column":26}},"69":{"start":{"line":137,"column":4},"end":{"line":144,"column":5}},"70":{"start":{"line":138,"column":23},"end":{"line":138,"column":83}},"71":{"start":{"line":139,"column":6},"end":{"line":141,"column":21}},"72":{"start":{"line":140,"column":8},"end":{"line":140,"column":37}},"73":{"start":{"line":142,"column":6},"end":{"line":142,"column":36}},"74":{"start":{"line":143,"column":6},"end":{"line":143,"column":34}},"75":{"start":{"line":146,"column":4},"end":{"line":146,"column":44}},"76":{"start":{"line":146,"column":33},"end":{"line":146,"column":44}},"77":{"start":{"line":148,"column":24},"end":{"line":148,"column":60}},"78":{"start":{"line":149,"column":4},"end":{"line":158,"column":5}},"79":{"start":{"line":150,"column":19},"end":{"line":150,"column":40}},"80":{"start":{"line":153,"column":6},"end":{"line":155,"column":7}},"81":{"start":{"line":154,"column":8},"end":{"line":154,"column":60}},"82":{"start":{"line":157,"column":6},"end":{"line":157,"column":22}},"83":{"start":{"line":160,"column":4},"end":{"line":160,"column":15}},"84":{"start":{"line":162,"column":4},"end":{"line":164,"column":5}},"85":{"start":{"line":163,"column":6},"end":{"line":163,"column":111}},"86":{"start":{"line":165,"column":4},"end":{"line":165,"column":42}},"87":{"start":{"line":166,"column":4},"end":{"line":166,"column":30}}},"fnMap":{"0":{"name":"(anonymous_0)","decl":{"start":{"line":12,"column":20},"end":{"line":12,"column":21}},"loc":{"start":{"line":12,"column":39},"end":{"line":15,"column":1}},"line":12},"1":{"name":"(anonymous_1)","decl":{"start":{"line":13,"column":29},"end":{"line":13,"column":30}},"loc":{"start":{"line":13,"column":43},"end":{"line":13,"column":58}},"line":13},"2":{"name":"(anonymous_2)","decl":{"start":{"line":17,"column":29},"end":{"line":17,"column":30}},"loc":{"start":{"line":17,"column":68},"end":{"line":19,"column":1}},"line":17},"3":{"name":"(anonymous_3)","decl":{"start":{"line":22,"column":30},"end":{"line":22,"column":31}},"loc":{"start":{"line":22,"column":42},"end":{"line":22,"column":78}},"line":22},"4":{"name":"(anonymous_4)","decl":{"start":{"line":23,"column":31},"end":{"line":23,"column":32}},"loc":{"start":{"line":23,"column":43},"end":{"line":23,"column":80}},"line":23},"5":{"name":"(anonymous_5)","decl":{"start":{"line":25,"column":25},"end":{"line":25,"column":26}},"loc":{"start":{"line":25,"column":78},"end":{"line":28,"column":1}},"line":25},"6":{"name":"(anonymous_6)","decl":{"start":{"line":30,"column":27},"end":{"line":30,"column":28}},"loc":{"start":{"line":30,"column":39},"end":{"line":33,"column":1}},"line":30},"7":{"name":"(anonymous_7)","decl":{"start":{"line":35,"column":25},"end":{"line":35,"column":26}},"loc":{"start":{"line":35,"column":106},"end":{"line":48,"column":1}},"line":35},"8":{"name":"(anonymous_8)","decl":{"start":{"line":37,"column":31},"end":{"line":37,"column":32}},"loc":{"start":{"line":37,"column":37},"end":{"line":37,"column":55}},"line":37},"9":{"name":"(anonymous_9)","decl":{"start":{"line":51,"column":27},"end":{"line":51,"column":28}},"loc":{"start":{"line":51,"column":56},"end":{"line":91,"column":1}},"line":51},"10":{"name":"(anonymous_10)","decl":{"start":{"line":53,"column":23},"end":{"line":53,"column":24}},"loc":{"start":{"line":53,"column":36},"end":{"line":55,"column":5}},"line":53},"11":{"name":"(anonymous_11)","decl":{"start":{"line":54,"column":27},"end":{"line":54,"column":28}},"loc":{"start":{"line":54,"column":38},"end":{"line":54,"column":52}},"line":54},"12":{"name":"apiClient","decl":{"start":{"line":94,"column":22},"end":{"line":94,"column":31}},"loc":{"start":{"line":97,"column":21},"end":{"line":168,"column":1}},"line":97}},"branchMap":{"0":{"loc":{"start":{"line":52,"column":2},"end":{"line":56,"column":3}},"type":"if","locations":[{"start":{"line":52,"column":2},"end":{"line":56,"column":3}},{"start":{},"end":{}}],"line":52},"1":{"loc":{"start":{"line":62,"column":4},"end":{"line":62,"column":68}},"type":"if","locations":[{"start":{"line":62,"column":4},"end":{"line":62,"column":68}},{"start":{},"end":{}}],"line":62},"2":{"loc":{"start":{"line":76,"column":4},"end":{"line":76,"column":61}},"type":"if","locations":[{"start":{"line":76,"column":4},"end":{"line":76,"column":61}},{"start":{},"end":{}}],"line":76},"3":{"loc":{"start":{"line":79,"column":28},"end":{"line":79,"column":61}},"type":"binary-expr","locations":[{"start":{"line":79,"column":28},"end":{"line":79,"column":45}},{"start":{"line":79,"column":49},"end":{"line":79,"column":61}}],"line":79},"4":{"loc":{"start":{"line":96,"column":2},"end":{"line":96,"column":76}},"type":"default-arg","locations":[{"start":{"line":96,"column":74},"end":{"line":96,"column":76}}],"line":96},"5":{"loc":{"start":{"line":102,"column":2},"end":{"line":104,"column":3}},"type":"if","locations":[{"start":{"line":102,"column":2},"end":{"line":104,"column":3}},{"start":{},"end":{}}],"line":102},"6":{"loc":{"start":{"line":107,"column":12},"end":{"line":107,"column":33}},"type":"cond-expr","locations":[{"start":{"line":107,"column":19},"end":{"line":107,"column":25}},{"start":{"line":107,"column":28},"end":{"line":107,"column":33}}],"line":107},"7":{"loc":{"start":{"line":115,"column":2},"end":{"line":115,"column":46}},"type":"if","locations":[{"start":{"line":115,"column":2},"end":{"line":115,"column":46}},{"start":{},"end":{}}],"line":115},"8":{"loc":{"start":{"line":123,"column":4},"end":{"line":135,"column":5}},"type":"if","locations":[{"start":{"line":123,"column":4},"end":{"line":135,"column":5}},{"start":{},"end":{}}],"line":123},"9":{"loc":{"start":{"line":125,"column":6},"end":{"line":134,"column":7}},"type":"if","locations":[{"start":{"line":125,"column":6},"end":{"line":134,"column":7}},{"start":{},"end":{}}],"line":125},"10":{"loc":{"start":{"line":137,"column":4},"end":{"line":144,"column":5}},"type":"if","locations":[{"start":{"line":137,"column":4},"end":{"line":144,"column":5}},{"start":{},"end":{}}],"line":137},"11":{"loc":{"start":{"line":146,"column":4},"end":{"line":146,"column":44}},"type":"if","locations":[{"start":{"line":146,"column":4},"end":{"line":146,"column":44}},{"start":{},"end":{}}],"line":146},"12":{"loc":{"start":{"line":149,"column":4},"end":{"line":158,"column":5}},"type":"if","locations":[{"start":{"line":149,"column":4},"end":{"line":158,"column":5}},{"start":{},"end":{}}],"line":149},"13":{"loc":{"start":{"line":149,"column":8},"end":{"line":149,"column":63}},"type":"binary-expr","locations":[{"start":{"line":149,"column":8},"end":{"line":149,"column":19}},{"start":{"line":149,"column":23},"end":{"line":149,"column":63}}],"line":149},"14":{"loc":{"start":{"line":153,"column":6},"end":{"line":155,"column":7}},"type":"if","locations":[{"start":{"line":153,"column":6},"end":{"line":155,"column":7}},{"start":{},"end":{}}],"line":153},"15":{"loc":{"start":{"line":153,"column":10},"end":{"line":153,"column":47}},"type":"binary-expr","locations":[{"start":{"line":153,"column":10},"end":{"line":153,"column":26}},{"start":{"line":153,"column":30},"end":{"line":153,"column":47}}],"line":153},"16":{"loc":{"start":{"line":162,"column":4},"end":{"line":164,"column":5}},"type":"if","locations":[{"start":{"line":162,"column":4},"end":{"line":164,"column":5}},{"start":{},"end":{}}],"line":162}},"s":{"0":0,"1":0,"2":0,"3":0,"4":0,"5":0,"6":0,"7":0,"8":0,"9":0,"10":0,"11":0,"12":0,"13":0,"14":0,"15":0,"16":0,"17":0,"18":0,"19":0,"20":0,"21":0,"22":0,"23":0,"24":0,"25":0,"26":0,"27":0,"28":0,"29":0,"30":0,"31":0,"32":0,"33":0,"34":0,"35":0,"36":0,"37":0,"38":0,"39":0,"40":0,"41":0,"42":0,"43":0,"44":0,"45":0,"46":0,"47":0,"48":0,"49":0,"50":0,"51":0,"52":0,"53":0,"54":0,"55":0,"56":0,"57":0,"58":0,"59":0,"60":0,"61":0,"62":0,"63":0,"64":0,"65":0,"66":0,"67":0,"68":0,"69":0,"70":0,"71":0,"72":0,"73":0,"74":0,"75":0,"76":0,"77":0,"78":0,"79":0,"80":0,"81":0,"82":0,"83":0,"84":0,"85":0,"86":0,"87":0},"f":{"0":0,"1":0,"2":0,"3":0,"4":0,"5":0,"6":0,"7":0,"8":0,"9":0,"10":0,"11":0,"12":0},"b":{"0":[0,0],"1":[0,0],"2":[0,0],"3":[0,0],"4":[0],"5":[0,0],"6":[0,0],"7":[0,0],"8":[0,0],"9":[0,0],"10":[0,0],"11":[0,0],"12":[0,0],"13":[0,0],"14":[0,0],"15":[0,0],"16":[0,0]}}
,"/Users/iskandermac/Desktop/expogithub/expoapp/my-telegram-app-mobile/app/+html.tsx": {"path":"/Users/iskandermac/Desktop/expogithub/expoapp/my-telegram-app-mobile/app/+html.tsx","statementMap":{"0":{"start":{"line":8,"column":2},"end":{"line":27,"column":4}},"1":{"start":{"line":30,"column":29},"end":{"line":38,"column":2}}},"fnMap":{"0":{"name":"Root","decl":{"start":{"line":7,"column":24},"end":{"line":7,"column":28}},"loc":{"start":{"line":7,"column":74},"end":{"line":28,"column":1}},"line":7}},"branchMap":{},"s":{"0":0,"1":0},"f":{"0":0},"b":{}}
,"/Users/iskandermac/Desktop/expogithub/expoapp/my-telegram-app-mobile/app/+not-found.tsx": {"path":"/Users/iskandermac/Desktop/expogithub/expoapp/my-telegram-app-mobile/app/+not-found.tsx","statementMap":{"0":{"start":{"line":7,"column":2},"end":{"line":18,"column":4}},"1":{"start":{"line":21,"column":15},"end":{"line":40,"column":2}}},"fnMap":{"0":{"name":"NotFoundScreen","decl":{"start":{"line":6,"column":24},"end":{"line":6,"column":38}},"loc":{"start":{"line":6,"column":41},"end":{"line":19,"column":1}},"line":6}},"branchMap":{},"s":{"0":0,"1":0},"f":{"0":0},"b":{}}
,"/Users/iskandermac/Desktop/expogithub/expoapp/my-telegram-app-mobile/app/_layout.tsx": {"path":"/Users/iskandermac/Desktop/expogithub/expoapp/my-telegram-app-mobile/app/_layout.tsx","statementMap":{"0":{"start":{"line":30,"column":20},"end":{"line":67,"column":2}},"1":{"start":{"line":36,"column":8},"end":{"line":38,"column":9}},"2":{"start":{"line":37,"column":10},"end":{"line":37,"column":22}},"3":{"start":{"line":39,"column":8},"end":{"line":39,"column":31}},"4":{"start":{"line":41,"column":36},"end":{"line":41,"column":77}},"5":{"start":{"line":55,"column":6},"end":{"line":57,"column":7}},"6":{"start":{"line":56,"column":8},"end":{"line":56,"column":72}},"7":{"start":{"line":62,"column":6},"end":{"line":64,"column":7}},"8":{"start":{"line":63,"column":8},"end":{"line":63,"column":72}},"9":{"start":{"line":70,"column":0},"end":{"line":70,"column":35}},"10":{"start":{"line":73,"column":26},"end":{"line":84,"column":4}},"11":{"start":{"line":87,"column":2},"end":{"line":89,"column":13}},"12":{"start":{"line":88,"column":4},"end":{"line":88,"column":26}},"13":{"start":{"line":88,"column":15},"end":{"line":88,"column":26}},"14":{"start":{"line":91,"column":2},"end":{"line":106,"column":14}},"15":{"start":{"line":92,"column":4},"end":{"line":105,"column":5}},"16":{"start":{"line":93,"column":6},"end":{"line":93,"column":30}},"17":{"start":{"line":96,"column":23},"end":{"line":96,"column":46}},"18":{"start":{"line":97,"column":32},"end":{"line":97,"column":63}},"19":{"start":{"line":100,"column":30},"end":{"line":100,"column":47}},"20":{"start":{"line":101,"column":6},"end":{"line":104,"column":7}},"21":{"start":{"line":108,"column":2},"end":{"line":110,"column":3}},"22":{"start":{"line":109,"column":4},"end":{"line":109,"column":15}},"23":{"start":{"line":112,"column":2},"end":{"line":136,"column":3}},"24":{"start":{"line":140,"column":26},"end":{"line":140,"column":42}},"25":{"start":{"line":141,"column":41},"end":{"line":141,"column":50}},"26":{"start":{"line":142,"column":19},"end":{"line":142,"column":32}},"27":{"start":{"line":143,"column":17},"end":{"line":143,"column":28}},"28":{"start":{"line":144,"column":24},"end":{"line":144,"column":34}},"29":{"start":{"line":145,"column":36},"end":{"line":145,"column":51}},"30":{"start":{"line":147,"column":2},"end":{"line":149,"column":8}},"31":{"start":{"line":148,"column":4},"end":{"line":148,"column":22}},"32":{"start":{"line":151,"column":2},"end":{"line":159,"column":17}},"33":{"start":{"line":152,"column":20},"end":{"line":154,"column":5}},"34":{"start":{"line":153,"column":6},"end":{"line":153,"column":33}},"35":{"start":{"line":155,"column":4},"end":{"line":155,"column":36}},"36":{"start":{"line":156,"column":4},"end":{"line":158,"column":5}},"37":{"start":{"line":157,"column":6},"end":{"line":157,"column":39}},"38":{"start":{"line":162,"column":2},"end":{"line":172,"column":55}},"39":{"start":{"line":163,"column":4},"end":{"line":163,"column":39}},"40":{"start":{"line":163,"column":33},"end":{"line":163,"column":39}},"41":{"start":{"line":165,"column":20},"end":{"line":165,"column":43}},"42":{"start":{"line":167,"column":4},"end":{"line":171,"column":5}},"43":{"start":{"line":168,"column":6},"end":{"line":168,"column":30}},"44":{"start":{"line":169,"column":11},"end":{"line":171,"column":5}},"45":{"start":{"line":170,"column":6},"end":{"line":170,"column":31}},"46":{"start":{"line":174,"column":62},"end":{"line":174,"column":77}},"47":{"start":{"line":176,"column":2},"end":{"line":190,"column":34}},"48":{"start":{"line":177,"column":4},"end":{"line":189,"column":5}},"49":{"start":{"line":178,"column":38},"end":{"line":187,"column":7}},"50":{"start":{"line":179,"column":8},"end":{"line":186,"column":9}},"51":{"start":{"line":180,"column":34},"end":{"line":180,"column":92}},"52":{"start":{"line":181,"column":10},"end":{"line":183,"column":11}},"53":{"start":{"line":182,"column":12},"end":{"line":182,"column":43}},"54":{"start":{"line":185,"column":10},"end":{"line":185,"column":26}},"55":{"start":{"line":188,"column":6},"end":{"line":188,"column":31}},"56":{"start":{"line":192,"column":41},"end":{"line":196,"column":3}},"57":{"start":{"line":193,"column":4},"end":{"line":193,"column":36}},"58":{"start":{"line":194,"column":4},"end":{"line":194,"column":70}},"59":{"start":{"line":195,"column":4},"end":{"line":195,"column":55}},"60":{"start":{"line":198,"column":39},"end":{"line":201,"column":3}},"61":{"start":{"line":199,"column":4},"end":{"line":199,"column":36}},"62":{"start":{"line":200,"column":4},"end":{"line":200,"column":70}},"63":{"start":{"line":203,"column":2},"end":{"line":205,"column":3}},"64":{"start":{"line":204,"column":4},"end":{"line":204,"column":15}},"65":{"start":{"line":207,"column":18},"end":{"line":207,"column":41}},"66":{"start":{"line":208,"column":2},"end":{"line":210,"column":3}},"67":{"start":{"line":209,"column":4},"end":{"line":209,"column":15}},"68":{"start":{"line":212,"column":2},"end":{"line":229,"column":3}}},"fnMap":{"0":{"name":"(anonymous_0)","decl":{"start":{"line":34,"column":13},"end":{"line":34,"column":14}},"loc":{"start":{"line":34,"column":43},"end":{"line":40,"column":7}},"line":34},"1":{"name":"(anonymous_1)","decl":{"start":{"line":41,"column":18},"end":{"line":41,"column":19}},"loc":{"start":{"line":41,"column":36},"end":{"line":41,"column":77}},"line":41},"2":{"name":"(anonymous_2)","decl":{"start":{"line":53,"column":13},"end":{"line":53,"column":14}},"loc":{"start":{"line":53,"column":29},"end":{"line":58,"column":5}},"line":53},"3":{"name":"(anonymous_3)","decl":{"start":{"line":61,"column":13},"end":{"line":61,"column":14}},"loc":{"start":{"line":61,"column":29},"end":{"line":65,"column":5}},"line":61},"4":{"name":"RootLayout","decl":{"start":{"line":72,"column":24},"end":{"line":72,"column":34}},"loc":{"start":{"line":72,"column":37},"end":{"line":137,"column":1}},"line":72},"5":{"name":"(anonymous_5)","decl":{"start":{"line":87,"column":12},"end":{"line":87,"column":13}},"loc":{"start":{"line":87,"column":18},"end":{"line":89,"column":3}},"line":87},"6":{"name":"(anonymous_6)","decl":{"start":{"line":91,"column":12},"end":{"line":91,"column":13}},"loc":{"start":{"line":91,"column":18},"end":{"line":106,"column":3}},"line":91},"7":{"name":"RootLayoutNav","decl":{"start":{"line":139,"column":9},"end":{"line":139,"column":22}},"loc":{"start":{"line":139,"column":25},"end":{"line":230,"column":1}},"line":139},"8":{"name":"(anonymous_8)","decl":{"start":{"line":147,"column":12},"end":{"line":147,"column":13}},"loc":{"start":{"line":147,"column":18},"end":{"line":149,"column":3}},"line":147},"9":{"name":"(anonymous_9)","decl":{"start":{"line":151,"column":12},"end":{"line":151,"column":13}},"loc":{"start":{"line":151,"column":18},"end":{"line":159,"column":3}},"line":151},"10":{"name":"(anonymous_10)","decl":{"start":{"line":152,"column":20},"end":{"line":152,"column":21}},"loc":{"start":{"line":152,"column":41},"end":{"line":154,"column":5}},"line":152},"11":{"name":"(anonymous_11)","decl":{"start":{"line":156,"column":11},"end":{"line":156,"column":12}},"loc":{"start":{"line":156,"column":17},"end":{"line":158,"column":5}},"line":156},"12":{"name":"(anonymous_12)","decl":{"start":{"line":162,"column":12},"end":{"line":162,"column":13}},"loc":{"start":{"line":162,"column":18},"end":{"line":172,"column":3}},"line":162},"13":{"name":"(anonymous_13)","decl":{"start":{"line":176,"column":12},"end":{"line":176,"column":13}},"loc":{"start":{"line":176,"column":18},"end":{"line":190,"column":3}},"line":176},"14":{"name":"(anonymous_14)","decl":{"start":{"line":178,"column":38},"end":{"line":178,"column":39}},"loc":{"start":{"line":178,"column":50},"end":{"line":187,"column":7}},"line":178},"15":{"name":"(anonymous_15)","decl":{"start":{"line":192,"column":41},"end":{"line":192,"column":42}},"loc":{"start":{"line":192,"column":53},"end":{"line":196,"column":3}},"line":192},"16":{"name":"(anonymous_16)","decl":{"start":{"line":198,"column":39},"end":{"line":198,"column":40}},"loc":{"start":{"line":198,"column":51},"end":{"line":201,"column":3}},"line":198}},"branchMap":{"0":{"loc":{"start":{"line":36,"column":8},"end":{"line":38,"column":9}},"type":"if","locations":[{"start":{"line":36,"column":8},"end":{"line":38,"column":9}},{"start":{},"end":{}}],"line":36},"1":{"loc":{"start":{"line":36,"column":12},"end":{"line":36,"column":83}},"type":"binary-expr","locations":[{"start":{"line":36,"column":12},"end":{"line":36,"column":33}},{"start":{"line":36,"column":37},"end":{"line":36,"column":58}},{"start":{"line":36,"column":62},"end":{"line":36,"column":83}}],"line":36},"2":{"loc":{"start":{"line":55,"column":6},"end":{"line":57,"column":7}},"type":"if","locations":[{"start":{"line":55,"column":6},"end":{"line":57,"column":7}},{"start":{},"end":{}}],"line":55},"3":{"loc":{"start":{"line":56,"column":34},"end":{"line":56,"column":71}},"type":"binary-expr","locations":[{"start":{"line":56,"column":34},"end":{"line":56,"column":47}},{"start":{"line":56,"column":51},"end":{"line":56,"column":71}}],"line":56},"4":{"loc":{"start":{"line":62,"column":6},"end":{"line":64,"column":7}},"type":"if","locations":[{"start":{"line":62,"column":6},"end":{"line":64,"column":7}},{"start":{},"end":{}}],"line":62},"5":{"loc":{"start":{"line":63,"column":34},"end":{"line":63,"column":71}},"type":"binary-expr","locations":[{"start":{"line":63,"column":34},"end":{"line":63,"column":47}},{"start":{"line":63,"column":51},"end":{"line":63,"column":71}}],"line":63},"6":{"loc":{"start":{"line":88,"column":4},"end":{"line":88,"column":26}},"type":"if","locations":[{"start":{"line":88,"column":4},"end":{"line":88,"column":26}},{"start":{},"end":{}}],"line":88},"7":{"loc":{"start":{"line":92,"column":4},"end":{"line":105,"column":5}},"type":"if","locations":[{"start":{"line":92,"column":4},"end":{"line":105,"column":5}},{"start":{},"end":{}}],"line":92},"8":{"loc":{"start":{"line":102,"column":12},"end":{"line":102,"column":33}},"type":"binary-expr","locations":[{"start":{"line":102,"column":12},"end":{"line":102,"column":27}},{"start":{"line":102,"column":31},"end":{"line":102,"column":33}}],"line":102},"9":{"loc":{"start":{"line":108,"column":2},"end":{"line":110,"column":3}},"type":"if","locations":[{"start":{"line":108,"column":2},"end":{"line":110,"column":3}},{"start":{},"end":{}}],"line":108},"10":{"loc":{"start":{"line":163,"column":4},"end":{"line":163,"column":39}},"type":"if","locations":[{"start":{"line":163,"column":4},"end":{"line":163,"column":39}},{"start":{},"end":{}}],"line":163},"11":{"loc":{"start":{"line":163,"column":8},"end":{"line":163,"column":31}},"type":"binary-expr","locations":[{"start":{"line":163,"column":8},"end":{"line":163,"column":18}},{"start":{"line":163,"column":22},"end":{"line":163,"column":31}}],"line":163},"12":{"loc":{"start":{"line":167,"column":4},"end":{"line":171,"column":5}},"type":"if","locations":[{"start":{"line":167,"column":4},"end":{"line":171,"column":5}},{"start":{"line":169,"column":11},"end":{"line":171,"column":5}}],"line":167},"13":{"loc":{"start":{"line":167,"column":8},"end":{"line":167,"column":36}},"type":"binary-expr","locations":[{"start":{"line":167,"column":8},"end":{"line":167,"column":24}},{"start":{"line":167,"column":28},"end":{"line":167,"column":36}}],"line":167},"14":{"loc":{"start":{"line":169,"column":11},"end":{"line":171,"column":5}},"type":"if","locations":[{"start":{"line":169,"column":11},"end":{"line":171,"column":5}},{"start":{},"end":{}}],"line":169},"15":{"loc":{"start":{"line":169,"column":15},"end":{"line":169,"column":41}},"type":"binary-expr","locations":[{"start":{"line":169,"column":15},"end":{"line":169,"column":30}},{"start":{"line":169,"column":34},"end":{"line":169,"column":41}}],"line":169},"16":{"loc":{"start":{"line":177,"column":4},"end":{"line":189,"column":5}},"type":"if","locations":[{"start":{"line":177,"column":4},"end":{"line":189,"column":5}},{"start":{},"end":{}}],"line":177},"17":{"loc":{"start":{"line":177,"column":8},"end":{"line":177,"column":37}},"type":"binary-expr","locations":[{"start":{"line":177,"column":8},"end":{"line":177,"column":23}},{"start":{"line":177,"column":27},"end":{"line":177,"column":37}}],"line":177},"18":{"loc":{"start":{"line":181,"column":10},"end":{"line":183,"column":11}},"type":"if","locations":[{"start":{"line":181,"column":10},"end":{"line":183,"column":11}},{"start":{},"end":{}}],"line":181},"19":{"loc":{"start":{"line":203,"column":2},"end":{"line":205,"column":3}},"type":"if","locations":[{"start":{"line":203,"column":2},"end":{"line":205,"column":3}},{"start":{},"end":{}}],"line":203},"20":{"loc":{"start":{"line":208,"column":2},"end":{"line":210,"column":3}},"type":"if","locations":[{"start":{"line":208,"column":2},"end":{"line":210,"column":3}},{"start":{},"end":{}}],"line":208},"21":{"loc":{"start":{"line":208,"column":6},"end":{"line":208,"column":34}},"type":"binary-expr","locations":[{"start":{"line":208,"column":6},"end":{"line":208,"column":22}},{"start":{"line":208,"column":26},"end":{"line":208,"column":34}}],"line":208},"22":{"loc":{"start":{"line":213,"column":26},"end":{"line":213,"column":75}},"type":"cond-expr","locations":[{"start":{"line":213,"column":51},"end":{"line":213,"column":60}},{"start":{"line":213,"column":63},"end":{"line":213,"column":75}}],"line":213},"23":{"loc":{"start":{"line":216,"column":9},"end":{"line":216,"column":91}},"type":"binary-expr","locations":[{"start":{"line":216,"column":9},"end":{"line":216,"column":24}},{"start":{"line":216,"column":28},"end":{"line":216,"column":91}}],"line":216}},"s":{"0":0,"1":0,"2":0,"3":0,"4":0,"5":0,"6":0,"7":0,"8":0,"9":0,"10":0,"11":0,"12":0,"13":0,"14":0,"15":0,"16":0,"17":0,"18":0,"19":0,"20":0,"21":0,"22":0,"23":0,"24":0,"25":0,"26":0,"27":0,"28":0,"29":0,"30":0,"31":0,"32":0,"33":0,"34":0,"35":0,"36":0,"37":0,"38":0,"39":0,"40":0,"41":0,"42":0,"43":0,"44":0,"45":0,"46":0,"47":0,"48":0,"49":0,"50":0,"51":0,"52":0,"53":0,"54":0,"55":0,"56":0,"57":0,"58":0,"59":0,"60":0,"61":0,"62":0,"63":0,"64":0,"65":0,"66":0,"67":0,"68":0},"f":{"0":0,"1":0,"2":0,"3":0,"4":0,"5":0,"6":0,"7":0,"8":0,"9":0,"10":0,"11":0,"12":0,"13":0,"14":0,"15":0,"16":0},"b":{"0":[0,0],"1":[0,0,0],"2":[0,0],"3":[0,0],"4":[0,0],"5":[0,0],"6":[0,0],"7":[0,0],"8":[0,0],"9":[0,0],"10":[0,0],"11":[0,0],"12":[0,0],"13":[0,0],"14":[0,0],"15":[0,0],"16":[0,0],"17":[0,0],"18":[0,0],"19":[0,0],"20":[0,0],"21":[0,0],"22":[0,0],"23":[0,0]}}
,"/Users/iskandermac/Desktop/expogithub/expoapp/my-telegram-app-mobile/app/cart.tsx": {"path":"/Users/iskandermac/Desktop/expogithub/expoapp/my-telegram-app-mobile/app/cart.tsx","statementMap":{"0":{"start":{"line":13,"column":49},"end":{"line":13,"column":58}},"1":{"start":{"line":14,"column":28},"end":{"line":14,"column":41}},"2":{"start":{"line":15,"column":19},"end":{"line":15,"column":30}},"3":{"start":{"line":17,"column":4},"end":{"line":33,"column":5}},"4":{"start":{"line":18,"column":8},"end":{"line":32,"column":10}},"5":{"start":{"line":25,"column":39},"end":{"line":25,"column":52}},"6":{"start":{"line":35,"column":4},"end":{"line":101,"column":6}},"7":{"start":{"line":41,"column":53},"end":{"line":41,"column":68}},"8":{"start":{"line":46,"column":28},"end":{"line":81,"column":35}},"9":{"start":{"line":61,"column":59},"end":{"line":61,"column":100}},"10":{"start":{"line":68,"column":59},"end":{"line":68,"column":100}},"11":{"start":{"line":75,"column":55},"end":{"line":75,"column":90}},"12":{"start":{"line":92,"column":39},"end":{"line":92,"column":63}}},"fnMap":{"0":{"name":"CartScreen","decl":{"start":{"line":12,"column":24},"end":{"line":12,"column":34}},"loc":{"start":{"line":12,"column":37},"end":{"line":102,"column":1}},"line":12},"1":{"name":"(anonymous_1)","decl":{"start":{"line":25,"column":33},"end":{"line":25,"column":34}},"loc":{"start":{"line":25,"column":39},"end":{"line":25,"column":52}},"line":25},"2":{"name":"(anonymous_2)","decl":{"start":{"line":41,"column":38},"end":{"line":41,"column":39}},"loc":{"start":{"line":41,"column":53},"end":{"line":41,"column":68}},"line":41},"3":{"name":"(anonymous_3)","decl":{"start":{"line":45,"column":36},"end":{"line":45,"column":37}},"loc":{"start":{"line":46,"column":28},"end":{"line":81,"column":35}},"line":46},"4":{"name":"(anonymous_4)","decl":{"start":{"line":61,"column":53},"end":{"line":61,"column":54}},"loc":{"start":{"line":61,"column":59},"end":{"line":61,"column":100}},"line":61},"5":{"name":"(anonymous_5)","decl":{"start":{"line":68,"column":53},"end":{"line":68,"column":54}},"loc":{"start":{"line":68,"column":59},"end":{"line":68,"column":100}},"line":68},"6":{"name":"(anonymous_6)","decl":{"start":{"line":75,"column":49},"end":{"line":75,"column":50}},"loc":{"start":{"line":75,"column":55},"end":{"line":75,"column":90}},"line":75},"7":{"name":"(anonymous_7)","decl":{"start":{"line":92,"column":33},"end":{"line":92,"column":34}},"loc":{"start":{"line":92,"column":39},"end":{"line":92,"column":63}},"line":92}},"branchMap":{"0":{"loc":{"start":{"line":17,"column":4},"end":{"line":33,"column":5}},"type":"if","locations":[{"start":{"line":17,"column":4},"end":{"line":33,"column":5}},{"start":{},"end":{}}],"line":17}},"s":{"0":0,"1":0,"2":0,"3":0,"4":0,"5":0,"6":0,"7":0,"8":0,"9":0,"10":0,"11":0,"12":0},"f":{"0":0,"1":0,"2":0,"3":0,"4":0,"5":0,"6":0,"7":0},"b":{"0":[0,0]}}
,"/Users/iskandermac/Desktop/expogithub/expoapp/my-telegram-app-mobile/app/checkout.tsx": {"path":"/Users/iskandermac/Desktop/expogithub/expoapp/my-telegram-app-mobile/app/checkout.tsx","statementMap":{"0":{"start":{"line":16,"column":87},"end":{"line":16,"column":96}},"1":{"start":{"line":17,"column":40},"end":{"line":17,"column":49}},"2":{"start":{"line":18,"column":58},"end":{"line":18,"column":71}},"3":{"start":{"line":19,"column":26},"end":{"line":19,"column":36}},"4":{"start":{"line":20,"column":28},"end":{"line":20,"column":41}},"5":{"start":{"line":21,"column":19},"end":{"line":21,"column":30}},"6":{"start":{"line":23,"column":46},"end":{"line":23,"column":61}},"7":{"start":{"line":25,"column":4},"end":{"line":30,"column":41}},"8":{"start":{"line":26,"column":8},"end":{"line":29,"column":9}},"9":{"start":{"line":32,"column":29},"end":{"line":44,"column":5}},"10":{"start":{"line":33,"column":8},"end":{"line":33,"column":33}},"11":{"start":{"line":33,"column":26},"end":{"line":33,"column":33}},"12":{"start":{"line":35,"column":28},"end":{"line":41,"column":9}},"13":{"start":{"line":43,"column":8},"end":{"line":43,"column":54}},"14":{"start":{"line":46,"column":30},"end":{"line":73,"column":5}},"15":{"start":{"line":47,"column":28},"end":{"line":53,"column":9}},"16":{"start":{"line":55,"column":8},"end":{"line":72,"column":11}},"17":{"start":{"line":69,"column":16},"end":{"line":69,"column":39}},"18":{"start":{"line":75,"column":4},"end":{"line":81,"column":5}},"19":{"start":{"line":76,"column":8},"end":{"line":80,"column":10}},"20":{"start":{"line":83,"column":4},"end":{"line":92,"column":5}},"21":{"start":{"line":84,"column":8},"end":{"line":91,"column":10}},"22":{"start":{"line":87,"column":49},"end":{"line":87,"column":68}},"23":{"start":{"line":94,"column":23},"end":{"line":94,"column":70}},"24":{"start":{"line":96,"column":4},"end":{"line":201,"column":6}},"25":{"start":{"line":146,"column":43},"end":{"line":146,"column":66}},"26":{"start":{"line":189,"column":38},"end":{"line":189,"column":51}}},"fnMap":{"0":{"name":"CheckoutScreen","decl":{"start":{"line":15,"column":24},"end":{"line":15,"column":38}},"loc":{"start":{"line":15,"column":41},"end":{"line":202,"column":1}},"line":15},"1":{"name":"(anonymous_1)","decl":{"start":{"line":25,"column":14},"end":{"line":25,"column":15}},"loc":{"start":{"line":25,"column":20},"end":{"line":30,"column":5}},"line":25},"2":{"name":"(anonymous_2)","decl":{"start":{"line":32,"column":29},"end":{"line":32,"column":30}},"loc":{"start":{"line":32,"column":41},"end":{"line":44,"column":5}},"line":32},"3":{"name":"(anonymous_3)","decl":{"start":{"line":46,"column":30},"end":{"line":46,"column":31}},"loc":{"start":{"line":46,"column":36},"end":{"line":73,"column":5}},"line":46},"4":{"name":"(anonymous_4)","decl":{"start":{"line":57,"column":30},"end":{"line":57,"column":31}},"loc":{"start":{"line":57,"column":51},"end":{"line":70,"column":13}},"line":57},"5":{"name":"(anonymous_5)","decl":{"start":{"line":87,"column":43},"end":{"line":87,"column":44}},"loc":{"start":{"line":87,"column":49},"end":{"line":87,"column":68}},"line":87},"6":{"name":"(anonymous_6)","decl":{"start":{"line":146,"column":37},"end":{"line":146,"column":38}},"loc":{"start":{"line":146,"column":43},"end":{"line":146,"column":66}},"line":146},"7":{"name":"(anonymous_7)","decl":{"start":{"line":189,"column":32},"end":{"line":189,"column":33}},"loc":{"start":{"line":189,"column":38},"end":{"line":189,"column":51}},"line":189}},"branchMap":{"0":{"loc":{"start":{"line":26,"column":8},"end":{"line":29,"column":9}},"type":"if","locations":[{"start":{"line":26,"column":8},"end":{"line":29,"column":9}},{"start":{},"end":{}}],"line":26},"1":{"loc":{"start":{"line":26,"column":12},"end":{"line":26,"column":46}},"type":"binary-expr","locations":[{"start":{"line":26,"column":12},"end":{"line":26,"column":26}},{"start":{"line":26,"column":30},"end":{"line":26,"column":46}}],"line":26},"2":{"loc":{"start":{"line":33,"column":8},"end":{"line":33,"column":33}},"type":"if","locations":[{"start":{"line":33,"column":8},"end":{"line":33,"column":33}},{"start":{},"end":{}}],"line":33},"3":{"loc":{"start":{"line":40,"column":18},"end":{"line":40,"column":68}},"type":"binary-expr","locations":[{"start":{"line":40,"column":18},"end":{"line":40,"column":34}},{"start":{"line":40,"column":38},"end":{"line":40,"column":68}}],"line":40},"4":{"loc":{"start":{"line":52,"column":18},"end":{"line":52,"column":70}},"type":"binary-expr","locations":[{"start":{"line":52,"column":18},"end":{"line":52,"column":35}},{"start":{"line":52,"column":39},"end":{"line":52,"column":70}}],"line":52},"5":{"loc":{"start":{"line":75,"column":4},"end":{"line":81,"column":5}},"type":"if","locations":[{"start":{"line":75,"column":4},"end":{"line":81,"column":5}},{"start":{},"end":{}}],"line":75},"6":{"loc":{"start":{"line":83,"column":4},"end":{"line":92,"column":5}},"type":"if","locations":[{"start":{"line":83,"column":4},"end":{"line":92,"column":5}},{"start":{},"end":{}}],"line":83},"7":{"loc":{"start":{"line":94,"column":23},"end":{"line":94,"column":70}},"type":"binary-expr","locations":[{"start":{"line":94,"column":23},"end":{"line":94,"column":49}},{"start":{"line":94,"column":53},"end":{"line":94,"column":70}}],"line":94},"8":{"loc":{"start":{"line":107,"column":37},"end":{"line":107,"column":73}},"type":"cond-expr","locations":[{"start":{"line":107,"column":50},"end":{"line":107,"column":57}},{"start":{"line":107,"column":60},"end":{"line":107,"column":73}}],"line":107},"9":{"loc":{"start":{"line":117,"column":25},"end":{"line":135,"column":25}},"type":"cond-expr","locations":[{"start":{"line":118,"column":28},"end":{"line":127,"column":35}},{"start":{"line":129,"column":28},"end":{"line":134,"column":47}}],"line":117},"10":{"loc":{"start":{"line":124,"column":33},"end":{"line":126,"column":33}},"type":"binary-expr","locations":[{"start":{"line":124,"column":33},"end":{"line":124,"column":58}},{"start":{"line":125,"column":36},"end":{"line":125,"column":132}}],"line":124},"11":{"loc":{"start":{"line":147,"column":102},"end":{"line":147,"column":191}},"type":"cond-expr","locations":[{"start":{"line":147,"column":128},"end":{"line":147,"column":162}},{"start":{"line":147,"column":165},"end":{"line":147,"column":191}}],"line":147},"12":{"loc":{"start":{"line":151,"column":33},"end":{"line":151,"column":101}},"type":"binary-expr","locations":[{"start":{"line":151,"column":33},"end":{"line":151,"column":56}},{"start":{"line":151,"column":60},"end":{"line":151,"column":101}}],"line":151},"13":{"loc":{"start":{"line":153,"column":70},"end":{"line":153,"column":138}},"type":"cond-expr","locations":[{"start":{"line":153,"column":96},"end":{"line":153,"column":114}},{"start":{"line":153,"column":117},"end":{"line":153,"column":138}}],"line":153},"14":{"loc":{"start":{"line":180,"column":21},"end":{"line":185,"column":21}},"type":"binary-expr","locations":[{"start":{"line":180,"column":21},"end":{"line":180,"column":34}},{"start":{"line":181,"column":24},"end":{"line":184,"column":31}}],"line":180},"15":{"loc":{"start":{"line":192,"column":37},"end":{"line":192,"column":93}},"type":"cond-expr","locations":[{"start":{"line":192,"column":54},"end":{"line":192,"column":71}},{"start":{"line":192,"column":74},"end":{"line":192,"column":93}}],"line":192},"16":{"loc":{"start":{"line":195,"column":21},"end":{"line":197,"column":21}},"type":"binary-expr","locations":[{"start":{"line":195,"column":21},"end":{"line":195,"column":32}},{"start":{"line":196,"column":24},"end":{"line":196,"column":130}}],"line":195}},"s":{"0":0,"1":0,"2":0,"3":0,"4":0,"5":0,"6":0,"7":0,"8":0,"9":0,"10":0,"11":0,"12":0,"13":0,"14":0,"15":0,"16":0,"17":0,"18":0,"19":0,"20":0,"21":0,"22":0,"23":0,"24":0,"25":0,"26":0},"f":{"0":0,"1":0,"2":0,"3":0,"4":0,"5":0,"6":0,"7":0},"b":{"0":[0,0],"1":[0,0],"2":[0,0],"3":[0,0],"4":[0,0],"5":[0,0],"6":[0,0],"7":[0,0],"8":[0,0],"9":[0,0],"10":[0,0],"11":[0,0],"12":[0,0],"13":[0,0],"14":[0,0],"15":[0,0],"16":[0,0]}}
,"/Users/iskandermac/Desktop/expogithub/expoapp/my-telegram-app-mobile/app/login.tsx": {"path":"/Users/iskandermac/Desktop/expogithub/expoapp/my-telegram-app-mobile/app/login.tsx","statementMap":{"0":{"start":{"line":25,"column":26},"end":{"line":25,"column":50}},"1":{"start":{"line":26,"column":21},"end":{"line":26,"column":57}},"2":{"start":{"line":28,"column":25},"end":{"line":31,"column":1}},"3":{"start":{"line":29,"column":17},"end":{"line":29,"column":35}},"4":{"start":{"line":30,"column":2},"end":{"line":30,"column":40}},"5":{"start":{"line":34,"column":61},"end":{"line":34,"column":70}},"6":{"start":{"line":35,"column":40},"end":{"line":35,"column":55}},"7":{"start":{"line":36,"column":40},"end":{"line":36,"column":55}},"8":{"start":{"line":38,"column":2},"end":{"line":45,"column":3}},"9":{"start":{"line":40,"column":4},"end":{"line":44,"column":5}},"10":{"start":{"line":47,"column":2},"end":{"line":49,"column":3}},"11":{"start":{"line":48,"column":4},"end":{"line":48,"column":38}},"12":{"start":{"line":51,"column":29},"end":{"line":75,"column":3}},"13":{"start":{"line":52,"column":4},"end":{"line":52,"column":25}},"14":{"start":{"line":53,"column":4},"end":{"line":53,"column":24}},"15":{"start":{"line":54,"column":4},"end":{"line":74,"column":5}},"16":{"start":{"line":55,"column":6},"end":{"line":55,"column":92}},"17":{"start":{"line":58,"column":6},"end":{"line":64,"column":7}},"18":{"start":{"line":59,"column":8},"end":{"line":59,"column":70}},"19":{"start":{"line":60,"column":8},"end":{"line":60,"column":68}},"20":{"start":{"line":63,"column":8},"end":{"line":63,"column":55}},"21":{"start":{"line":66,"column":6},"end":{"line":66,"column":48}},"22":{"start":{"line":67,"column":6},"end":{"line":67,"column":25}},"23":{"start":{"line":68,"column":6},"end":{"line":68,"column":47}},"24":{"start":{"line":70,"column":6},"end":{"line":70,"column":47}},"25":{"start":{"line":71,"column":6},"end":{"line":71,"column":68}},"26":{"start":{"line":73,"column":6},"end":{"line":73,"column":27}},"27":{"start":{"line":78,"column":4},"end":{"line":78,"column":99}},"28":{"start":{"line":80,"column":22},"end":{"line":80,"column":60}},"29":{"start":{"line":81,"column":16},"end":{"line":81,"column":33}},"30":{"start":{"line":85,"column":23},"end":{"line":92,"column":3}},"31":{"start":{"line":86,"column":20},"end":{"line":86,"column":38}},"32":{"start":{"line":87,"column":4},"end":{"line":89,"column":5}},"33":{"start":{"line":88,"column":6},"end":{"line":88,"column":65}},"34":{"start":{"line":91,"column":4},"end":{"line":91,"column":19}},"35":{"start":{"line":94,"column":20},"end":{"line":94,"column":45}},"36":{"start":{"line":95,"column":2},"end":{"line":95,"column":47}},"37":{"start":{"line":97,"column":2},"end":{"line":164,"column":3}},"38":{"start":{"line":101,"column":23},"end":{"line":101,"column":44}},"39":{"start":{"line":142,"column":27},"end":{"line":142,"column":47}},"40":{"start":{"line":167,"column":15},"end":{"line":251,"column":2}}},"fnMap":{"0":{"name":"(anonymous_0)","decl":{"start":{"line":28,"column":25},"end":{"line":28,"column":26}},"loc":{"start":{"line":28,"column":31},"end":{"line":31,"column":1}},"line":28},"1":{"name":"LoginScreen","decl":{"start":{"line":33,"column":24},"end":{"line":33,"column":35}},"loc":{"start":{"line":33,"column":38},"end":{"line":165,"column":1}},"line":33},"2":{"name":"(anonymous_2)","decl":{"start":{"line":51,"column":29},"end":{"line":51,"column":30}},"loc":{"start":{"line":51,"column":54},"end":{"line":75,"column":3}},"line":51},"3":{"name":"(anonymous_3)","decl":{"start":{"line":85,"column":23},"end":{"line":85,"column":24}},"loc":{"start":{"line":85,"column":29},"end":{"line":92,"column":3}},"line":85},"4":{"name":"(anonymous_4)","decl":{"start":{"line":101,"column":17},"end":{"line":101,"column":18}},"loc":{"start":{"line":101,"column":23},"end":{"line":101,"column":44}},"line":101},"5":{"name":"(anonymous_5)","decl":{"start":{"line":142,"column":21},"end":{"line":142,"column":22}},"loc":{"start":{"line":142,"column":27},"end":{"line":142,"column":47}},"line":142}},"branchMap":{"0":{"loc":{"start":{"line":29,"column":17},"end":{"line":29,"column":35}},"type":"binary-expr","locations":[{"start":{"line":29,"column":17},"end":{"line":29,"column":29}},{"start":{"line":29,"column":33},"end":{"line":29,"column":35}}],"line":29},"1":{"loc":{"start":{"line":38,"column":2},"end":{"line":45,"column":3}},"type":"if","locations":[{"start":{"line":38,"column":2},"end":{"line":45,"column":3}},{"start":{},"end":{}}],"line":38},"2":{"loc":{"start":{"line":47,"column":2},"end":{"line":49,"column":3}},"type":"if","locations":[{"start":{"line":47,"column":2},"end":{"line":49,"column":3}},{"start":{},"end":{}}],"line":47},"3":{"loc":{"start":{"line":58,"column":6},"end":{"line":64,"column":7}},"type":"if","locations":[{"start":{"line":58,"column":6},"end":{"line":64,"column":7}},{"start":{"line":61,"column":13},"end":{"line":64,"column":7}}],"line":58},"4":{"loc":{"start":{"line":58,"column":10},"end":{"line":58,"column":55}},"type":"binary-expr","locations":[{"start":{"line":58,"column":10},"end":{"line":58,"column":30}},{"start":{"line":58,"column":34},"end":{"line":58,"column":55}}],"line":58},"5":{"loc":{"start":{"line":87,"column":4},"end":{"line":89,"column":5}},"type":"if","locations":[{"start":{"line":87,"column":4},"end":{"line":89,"column":5}},{"start":{},"end":{}}],"line":87},"6":{"loc":{"start":{"line":128,"column":53},"end":{"line":128,"column":82}},"type":"cond-expr","locations":[{"start":{"line":128,"column":61},"end":{"line":128,"column":74}},{"start":{"line":128,"column":77},"end":{"line":128,"column":82}}],"line":128},"7":{"loc":{"start":{"line":131,"column":58},"end":{"line":131,"column":91}},"type":"cond-expr","locations":[{"start":{"line":131,"column":66},"end":{"line":131,"column":76}},{"start":{"line":131,"column":79},"end":{"line":131,"column":91}}],"line":131},"8":{"loc":{"start":{"line":132,"column":42},"end":{"line":132,"column":73}},"type":"binary-expr","locations":[{"start":{"line":132,"column":42},"end":{"line":132,"column":47}},{"start":{"line":132,"column":51},"end":{"line":132,"column":73}}],"line":132},"9":{"loc":{"start":{"line":134,"column":45},"end":{"line":134,"column":76}},"type":"binary-expr","locations":[{"start":{"line":134,"column":45},"end":{"line":134,"column":50}},{"start":{"line":134,"column":54},"end":{"line":134,"column":76}}],"line":134},"10":{"loc":{"start":{"line":147,"column":13},"end":{"line":154,"column":13}},"type":"cond-expr","locations":[{"start":{"line":148,"column":14},"end":{"line":148,"column":48}},{"start":{"line":150,"column":14},"end":{"line":153,"column":21}}],"line":147}},"s":{"0":0,"1":0,"2":0,"3":0,"4":0,"5":0,"6":0,"7":0,"8":0,"9":0,"10":0,"11":0,"12":0,"13":0,"14":0,"15":0,"16":0,"17":0,"18":0,"19":0,"20":0,"21":0,"22":0,"23":0,"24":0,"25":0,"26":0,"27":0,"28":0,"29":0,"30":0,"31":0,"32":0,"33":0,"34":0,"35":0,"36":0,"37":0,"38":0,"39":0,"40":0},"f":{"0":0,"1":0,"2":0,"3":0,"4":0,"5":0},"b":{"0":[0,0],"1":[0,0],"2":[0,0],"3":[0,0],"4":[0,0],"5":[0,0],"6":[0,0],"7":[0,0],"8":[0,0],"9":[0,0],"10":[0,0]}}
,"/Users/iskandermac/Desktop/expogithub/expoapp/my-telegram-app-mobile/app/modal.tsx": {"path":"/Users/iskandermac/Desktop/expogithub/expoapp/my-telegram-app-mobile/app/modal.tsx","statementMap":{"0":{"start":{"line":8,"column":2},"end":{"line":17,"column":4}},"1":{"start":{"line":20,"column":15},"end":{"line":35,"column":2}}},"fnMap":{"0":{"name":"ModalScreen","decl":{"start":{"line":7,"column":24},"end":{"line":7,"column":35}},"loc":{"start":{"line":7,"column":38},"end":{"line":18,"column":1}},"line":7}},"branchMap":{"0":{"loc":{"start":{"line":15,"column":24},"end":{"line":15,"column":64}},"type":"cond-expr","locations":[{"start":{"line":15,"column":48},"end":{"line":15,"column":55}},{"start":{"line":15,"column":58},"end":{"line":15,"column":64}}],"line":15}},"s":{"0":0,"1":0},"f":{"0":0},"b":{"0":[0,0]}}
,"/Users/iskandermac/Desktop/expogithub/expoapp/my-telegram-app-mobile/app/(tabs)/_layout.tsx": {"path":"/Users/iskandermac/Desktop/expogithub/expoapp/my-telegram-app-mobile/app/(tabs)/_layout.tsx","statementMap":{"0":{"start":{"line":9,"column":2},"end":{"line":50,"column":4}},"1":{"start":{"line":12,"column":25},"end":{"line":12,"column":52}},"2":{"start":{"line":14,"column":24},"end":{"line":14,"column":34}},"3":{"start":{"line":23,"column":48},"end":{"line":23,"column":112}},"4":{"start":{"line":30,"column":48},"end":{"line":30,"column":113}},"5":{"start":{"line":37,"column":48},"end":{"line":37,"column":119}},"6":{"start":{"line":44,"column":48},"end":{"line":44,"column":116}}},"fnMap":{"0":{"name":"TabLayout","decl":{"start":{"line":8,"column":24},"end":{"line":8,"column":33}},"loc":{"start":{"line":8,"column":36},"end":{"line":51,"column":1}},"line":8},"1":{"name":"(anonymous_1)","decl":{"start":{"line":12,"column":16},"end":{"line":12,"column":17}},"loc":{"start":{"line":12,"column":25},"end":{"line":12,"column":52}},"line":12},"2":{"name":"(anonymous_2)","decl":{"start":{"line":14,"column":18},"end":{"line":14,"column":19}},"loc":{"start":{"line":14,"column":24},"end":{"line":14,"column":34}},"line":14},"3":{"name":"(anonymous_3)","decl":{"start":{"line":23,"column":24},"end":{"line":23,"column":25}},"loc":{"start":{"line":23,"column":48},"end":{"line":23,"column":112}},"line":23},"4":{"name":"(anonymous_4)","decl":{"start":{"line":30,"column":24},"end":{"line":30,"column":25}},"loc":{"start":{"line":30,"column":48},"end":{"line":30,"column":113}},"line":30},"5":{"name":"(anonymous_5)","decl":{"start":{"line":37,"column":24},"end":{"line":37,"column":25}},"loc":{"start":{"line":37,"column":48},"end":{"line":37,"column":119}},"line":37},"6":{"name":"(anonymous_6)","decl":{"start":{"line":44,"column":24},"end":{"line":44,"column":25}},"loc":{"start":{"line":44,"column":48},"end":{"line":44,"column":116}},"line":44}},"branchMap":{"0":{"loc":{"start":{"line":23,"column":91},"end":{"line":23,"column":108}},"type":"cond-expr","locations":[{"start":{"line":23,"column":101},"end":{"line":23,"column":104}},{"start":{"line":23,"column":107},"end":{"line":23,"column":108}}],"line":23},"1":{"loc":{"start":{"line":30,"column":92},"end":{"line":30,"column":109}},"type":"cond-expr","locations":[{"start":{"line":30,"column":102},"end":{"line":30,"column":105}},{"start":{"line":30,"column":108},"end":{"line":30,"column":109}}],"line":30},"2":{"loc":{"start":{"line":37,"column":98},"end":{"line":37,"column":115}},"type":"cond-expr","locations":[{"start":{"line":37,"column":108},"end":{"line":37,"column":111}},{"start":{"line":37,"column":114},"end":{"line":37,"column":115}}],"line":37},"3":{"loc":{"start":{"line":44,"column":95},"end":{"line":44,"column":112}},"type":"cond-expr","locations":[{"start":{"line":44,"column":105},"end":{"line":44,"column":108}},{"start":{"line":44,"column":111},"end":{"line":44,"column":112}}],"line":44}},"s":{"0":0,"1":0,"2":0,"3":0,"4":0,"5":0,"6":0},"f":{"0":0,"1":0,"2":0,"3":0,"4":0,"5":0,"6":0},"b":{"0":[0,0],"1":[0,0],"2":[0,0],"3":[0,0]}}
,"/Users/iskandermac/Desktop/expogithub/expoapp/my-telegram-app-mobile/app/(tabs)/favorites.tsx": {"path":"/Users/iskandermac/Desktop/expogithub/expoapp/my-telegram-app-mobile/app/(tabs)/favorites.tsx","statementMap":{"0":{"start":{"line":42,"column":26},"end":{"line":42,"column":35}},"1":{"start":{"line":43,"column":62},"end":{"line":43,"column":87}},"2":{"start":{"line":47,"column":4},"end":{"line":47,"column":42}},"3":{"start":{"line":51,"column":6},"end":{"line":51,"column":15}},"4":{"start":{"line":53,"column":24},"end":{"line":53,"column":34}},"5":{"start":{"line":55,"column":40},"end":{"line":55,"column":52}},"6":{"start":{"line":56,"column":46},"end":{"line":56,"column":61}},"7":{"start":{"line":58,"column":20},"end":{"line":58,"column":63}},"8":{"start":{"line":65,"column":40},"end":{"line":76,"column":24}},"9":{"start":{"line":66,"column":4},"end":{"line":66,"column":72}},"10":{"start":{"line":66,"column":63},"end":{"line":66,"column":72}},"11":{"start":{"line":68,"column":4},"end":{"line":75,"column":7}},"12":{"start":{"line":68,"column":45},"end":{"line":75,"column":5}},"13":{"start":{"line":81,"column":33},"end":{"line":97,"column":26}},"14":{"start":{"line":82,"column":4},"end":{"line":82,"column":87}},"15":{"start":{"line":82,"column":41},"end":{"line":82,"column":87}},"16":{"start":{"line":84,"column":16},"end":{"line":84,"column":41}},"17":{"start":{"line":86,"column":4},"end":{"line":90,"column":6}},"18":{"start":{"line":87,"column":6},"end":{"line":89,"column":7}},"19":{"start":{"line":88,"column":8},"end":{"line":88,"column":59}},"20":{"start":{"line":92,"column":18},"end":{"line":94,"column":5}},"21":{"start":{"line":93,"column":26},"end":{"line":93,"column":63}},"22":{"start":{"line":96,"column":4},"end":{"line":96,"column":84}},"23":{"start":{"line":102,"column":38},"end":{"line":119,"column":55}},"24":{"start":{"line":103,"column":16},"end":{"line":103,"column":39}},"25":{"start":{"line":105,"column":4},"end":{"line":107,"column":5}},"26":{"start":{"line":106,"column":6},"end":{"line":106,"column":64}},"27":{"start":{"line":106,"column":34},"end":{"line":106,"column":63}},"28":{"start":{"line":109,"column":4},"end":{"line":116,"column":5}},"29":{"start":{"line":110,"column":16},"end":{"line":110,"column":41}},"30":{"start":{"line":111,"column":6},"end":{"line":115,"column":7}},"31":{"start":{"line":113,"column":10},"end":{"line":114,"column":52}},"32":{"start":{"line":118,"column":4},"end":{"line":118,"column":16}},"33":{"start":{"line":121,"column":28},"end":{"line":123,"column":3}},"34":{"start":{"line":122,"column":4},"end":{"line":122,"column":43}},"35":{"start":{"line":128,"column":2},"end":{"line":134,"column":3}},"36":{"start":{"line":129,"column":4},"end":{"line":133,"column":5}},"37":{"start":{"line":139,"column":25},"end":{"line":160,"column":3}},"38":{"start":{"line":140,"column":4},"end":{"line":159,"column":11}},"39":{"start":{"line":143,"column":10},"end":{"line":156,"column":17}},"40":{"start":{"line":165,"column":2},"end":{"line":293,"column":3}},"41":{"start":{"line":189,"column":33},"end":{"line":189,"column":51}},"42":{"start":{"line":211,"column":48},"end":{"line":211,"column":55}},"43":{"start":{"line":213,"column":16},"end":{"line":239,"column":35}},"44":{"start":{"line":214,"column":33},"end":{"line":214,"column":59}},"45":{"start":{"line":257,"column":45},"end":{"line":257,"column":52}},"46":{"start":{"line":260,"column":14},"end":{"line":269,"column":16}}},"fnMap":{"0":{"name":"FavoritesScreen","decl":{"start":{"line":41,"column":24},"end":{"line":41,"column":39}},"loc":{"start":{"line":41,"column":42},"end":{"line":294,"column":1}},"line":41},"1":{"name":"(anonymous_1)","decl":{"start":{"line":65,"column":48},"end":{"line":65,"column":49}},"loc":{"start":{"line":65,"column":54},"end":{"line":76,"column":3}},"line":65},"2":{"name":"(anonymous_2)","decl":{"start":{"line":68,"column":32},"end":{"line":68,"column":33}},"loc":{"start":{"line":68,"column":45},"end":{"line":75,"column":5}},"line":68},"3":{"name":"(anonymous_3)","decl":{"start":{"line":81,"column":41},"end":{"line":81,"column":42}},"loc":{"start":{"line":81,"column":47},"end":{"line":97,"column":3}},"line":81},"4":{"name":"(anonymous_4)","decl":{"start":{"line":86,"column":31},"end":{"line":86,"column":32}},"loc":{"start":{"line":86,"column":38},"end":{"line":90,"column":5}},"line":86},"5":{"name":"(anonymous_5)","decl":{"start":{"line":93,"column":6},"end":{"line":93,"column":7}},"loc":{"start":{"line":93,"column":26},"end":{"line":93,"column":63}},"line":93},"6":{"name":"(anonymous_6)","decl":{"start":{"line":102,"column":46},"end":{"line":102,"column":47}},"loc":{"start":{"line":102,"column":52},"end":{"line":119,"column":3}},"line":102},"7":{"name":"(anonymous_7)","decl":{"start":{"line":106,"column":27},"end":{"line":106,"column":28}},"loc":{"start":{"line":106,"column":34},"end":{"line":106,"column":63}},"line":106},"8":{"name":"(anonymous_8)","decl":{"start":{"line":112,"column":8},"end":{"line":112,"column":9}},"loc":{"start":{"line":113,"column":10},"end":{"line":114,"column":52}},"line":113},"9":{"name":"(anonymous_9)","decl":{"start":{"line":121,"column":28},"end":{"line":121,"column":29}},"loc":{"start":{"line":121,"column":50},"end":{"line":123,"column":3}},"line":121},"10":{"name":"(anonymous_10)","decl":{"start":{"line":139,"column":25},"end":{"line":139,"column":26}},"loc":{"start":{"line":140,"column":4},"end":{"line":159,"column":11}},"line":140},"11":{"name":"(anonymous_11)","decl":{"start":{"line":142,"column":32},"end":{"line":142,"column":33}},"loc":{"start":{"line":143,"column":10},"end":{"line":156,"column":17}},"line":143},"12":{"name":"(anonymous_12)","decl":{"start":{"line":189,"column":27},"end":{"line":189,"column":28}},"loc":{"start":{"line":189,"column":33},"end":{"line":189,"column":51}},"line":189},"13":{"name":"(anonymous_13)","decl":{"start":{"line":211,"column":28},"end":{"line":211,"column":29}},"loc":{"start":{"line":211,"column":48},"end":{"line":211,"column":55}},"line":211},"14":{"name":"(anonymous_14)","decl":{"start":{"line":212,"column":26},"end":{"line":212,"column":27}},"loc":{"start":{"line":213,"column":16},"end":{"line":239,"column":35}},"line":213},"15":{"name":"(anonymous_15)","decl":{"start":{"line":214,"column":27},"end":{"line":214,"column":28}},"loc":{"start":{"line":214,"column":33},"end":{"line":214,"column":59}},"line":214},"16":{"name":"(anonymous_16)","decl":{"start":{"line":257,"column":26},"end":{"line":257,"column":27}},"loc":{"start":{"line":257,"column":45},"end":{"line":257,"column":52}},"line":257},"17":{"name":"(anonymous_17)","decl":{"start":{"line":259,"column":24},"end":{"line":259,"column":25}},"loc":{"start":{"line":260,"column":14},"end":{"line":269,"column":16}},"line":260}},"branchMap":{"0":{"loc":{"start":{"line":58,"column":20},"end":{"line":58,"column":63}},"type":"binary-expr","locations":[{"start":{"line":58,"column":20},"end":{"line":58,"column":38}},{"start":{"line":58,"column":42},"end":{"line":58,"column":63}}],"line":58},"1":{"loc":{"start":{"line":66,"column":4},"end":{"line":66,"column":72}},"type":"if","locations":[{"start":{"line":66,"column":4},"end":{"line":66,"column":72}},{"start":{},"end":{}}],"line":66},"2":{"loc":{"start":{"line":66,"column":8},"end":{"line":66,"column":61}},"type":"binary-expr","locations":[{"start":{"line":66,"column":8},"end":{"line":66,"column":25}},{"start":{"line":66,"column":29},"end":{"line":66,"column":61}}],"line":66},"3":{"loc":{"start":{"line":71,"column":20},"end":{"line":71,"column":32}},"type":"binary-expr","locations":[{"start":{"line":71,"column":20},"end":{"line":71,"column":27}},{"start":{"line":71,"column":31},"end":{"line":71,"column":32}}],"line":71},"4":{"loc":{"start":{"line":72,"column":38},"end":{"line":72,"column":68}},"type":"binary-expr","locations":[{"start":{"line":72,"column":38},"end":{"line":72,"column":63}},{"start":{"line":72,"column":67},"end":{"line":72,"column":68}}],"line":72},"5":{"loc":{"start":{"line":74,"column":17},"end":{"line":74,"column":47}},"type":"binary-expr","locations":[{"start":{"line":74,"column":17},"end":{"line":74,"column":28}},{"start":{"line":74,"column":32},"end":{"line":74,"column":39}},{"start":{"line":74,"column":43},"end":{"line":74,"column":47}}],"line":74},"6":{"loc":{"start":{"line":82,"column":4},"end":{"line":82,"column":87}},"type":"if","locations":[{"start":{"line":82,"column":4},"end":{"line":82,"column":87}},{"start":{},"end":{}}],"line":82},"7":{"loc":{"start":{"line":87,"column":6},"end":{"line":89,"column":7}},"type":"if","locations":[{"start":{"line":87,"column":6},"end":{"line":89,"column":7}},{"start":{},"end":{}}],"line":87},"8":{"loc":{"start":{"line":88,"column":29},"end":{"line":88,"column":53}},"type":"binary-expr","locations":[{"start":{"line":88,"column":29},"end":{"line":88,"column":48}},{"start":{"line":88,"column":52},"end":{"line":88,"column":53}}],"line":88},"9":{"loc":{"start":{"line":105,"column":4},"end":{"line":107,"column":5}},"type":"if","locations":[{"start":{"line":105,"column":4},"end":{"line":107,"column":5}},{"start":{},"end":{}}],"line":105},"10":{"loc":{"start":{"line":109,"column":4},"end":{"line":116,"column":5}},"type":"if","locations":[{"start":{"line":109,"column":4},"end":{"line":116,"column":5}},{"start":{},"end":{}}],"line":109},"11":{"loc":{"start":{"line":113,"column":10},"end":{"line":114,"column":52}},"type":"binary-expr","locations":[{"start":{"line":113,"column":10},"end":{"line":113,"column":42}},{"start":{"line":114,"column":10},"end":{"line":114,"column":52}}],"line":113},"12":{"loc":{"start":{"line":128,"column":2},"end":{"line":134,"column":3}},"type":"if","locations":[{"start":{"line":128,"column":2},"end":{"line":134,"column":3}},{"start":{},"end":{}}],"line":128},"13":{"loc":{"start":{"line":187,"column":15},"end":{"line":194,"column":22}},"type":"cond-expr","locations":[{"start":{"line":188,"column":16},"end":{"line":193,"column":35}},{"start":{"line":194,"column":18},"end":{"line":194,"column":22}}],"line":187},"14":{"loc":{"start":{"line":201,"column":11},"end":{"line":242,"column":11}},"type":"binary-expr","locations":[{"start":{"line":201,"column":11},"end":{"line":201,"column":21}},{"start":{"line":201,"column":25},"end":{"line":201,"column":46}},{"start":{"line":202,"column":12},"end":{"line":241,"column":14}}],"line":201},"15":{"loc":{"start":{"line":216,"column":20},"end":{"line":218,"column":50}},"type":"cond-expr","locations":[{"start":{"line":217,"column":24},"end":{"line":217,"column":53}},{"start":{"line":218,"column":24},"end":{"line":218,"column":50}}],"line":216},"16":{"loc":{"start":{"line":223,"column":22},"end":{"line":225,"column":41}},"type":"cond-expr","locations":[{"start":{"line":224,"column":26},"end":{"line":224,"column":38}},{"start":{"line":225,"column":26},"end":{"line":225,"column":41}}],"line":223},"17":{"loc":{"start":{"line":231,"column":24},"end":{"line":233,"column":43}},"type":"cond-expr","locations":[{"start":{"line":232,"column":28},"end":{"line":232,"column":43}},{"start":{"line":233,"column":28},"end":{"line":233,"column":43}}],"line":231},"18":{"loc":{"start":{"line":248,"column":9},"end":{"line":290,"column":9}},"type":"cond-expr","locations":[{"start":{"line":249,"column":10},"end":{"line":249,"column":26}},{"start":{"line":250,"column":12},"end":{"line":290,"column":9}}],"line":248},"19":{"loc":{"start":{"line":250,"column":12},"end":{"line":290,"column":9}},"type":"cond-expr","locations":[{"start":{"line":251,"column":10},"end":{"line":271,"column":12}},{"start":{"line":273,"column":10},"end":{"line":289,"column":17}}],"line":250},"20":{"loc":{"start":{"line":279,"column":15},"end":{"line":281,"column":39}},"type":"cond-expr","locations":[{"start":{"line":280,"column":18},"end":{"line":280,"column":33}},{"start":{"line":281,"column":18},"end":{"line":281,"column":39}}],"line":279},"21":{"loc":{"start":{"line":279,"column":15},"end":{"line":279,"column":54}},"type":"binary-expr","locations":[{"start":{"line":279,"column":15},"end":{"line":279,"column":26}},{"start":{"line":279,"column":30},"end":{"line":279,"column":54}}],"line":279},"22":{"loc":{"start":{"line":285,"column":15},"end":{"line":287,"column":72}},"type":"cond-expr","locations":[{"start":{"line":286,"column":18},"end":{"line":286,"column":52}},{"start":{"line":287,"column":18},"end":{"line":287,"column":72}}],"line":285},"23":{"loc":{"start":{"line":285,"column":15},"end":{"line":285,"column":54}},"type":"binary-expr","locations":[{"start":{"line":285,"column":15},"end":{"line":285,"column":26}},{"start":{"line":285,"column":30},"end":{"line":285,"column":54}}],"line":285}},"s":{"0":0,"1":0,"2":0,"3":0,"4":0,"5":0,"6":0,"7":0,"8":0,"9":0,"10":0,"11":0,"12":0,"13":0,"14":0,"15":0,"16":0,"17":0,"18":0,"19":0,"20":0,"21":0,"22":0,"23":0,"24":0,"25":0,"26":0,"27":0,"28":0,"29":0,"30":0,"31":0,"32":0,"33":0,"34":0,"35":0,"36":0,"37":0,"38":0,"39":0,"40":0,"41":0,"42":0,"43":0,"44":0,"45":0,"46":0},"f":{"0":0,"1":0,"2":0,"3":0,"4":0,"5":0,"6":0,"7":0,"8":0,"9":0,"10":0,"11":0,"12":0,"13":0,"14":0,"15":0,"16":0,"17":0},"b":{"0":[0,0],"1":[0,0],"2":[0,0],"3":[0,0],"4":[0,0],"5":[0,0,0],"6":[0,0],"7":[0,0],"8":[0,0],"9":[0,0],"10":[0,0],"11":[0,0],"12":[0,0],"13":[0,0],"14":[0,0,0],"15":[0,0],"16":[0,0],"17":[0,0],"18":[0,0],"19":[0,0],"20":[0,0],"21":[0,0],"22":[0,0],"23":[0,0]}}
,"/Users/iskandermac/Desktop/expogithub/expoapp/my-telegram-app-mobile/app/(tabs)/index.tsx": {"path":"/Users/iskandermac/Desktop/expogithub/expoapp/my-telegram-app-mobile/app/(tabs)/index.tsx","statementMap":{"0":{"start":{"line":28,"column":13},"end":{"line":32,"column":10}},"1":{"start":{"line":34,"column":18},"end":{"line":57,"column":1}},"2":{"start":{"line":44,"column":17},"end":{"line":44,"column":25}},"3":{"start":{"line":45,"column":4},"end":{"line":55,"column":5}},"4":{"start":{"line":60,"column":44},"end":{"line":60,"column":72}},"5":{"start":{"line":61,"column":46},"end":{"line":61,"column":67}},"6":{"start":{"line":62,"column":32},"end":{"line":62,"column":61}},"7":{"start":{"line":72,"column":6},"end":{"line":72,"column":42}},"8":{"start":{"line":74,"column":69},"end":{"line":74,"column":93}},"9":{"start":{"line":76,"column":85},"end":{"line":76,"column":113}},"10":{"start":{"line":78,"column":86},"end":{"line":78,"column":104}},"11":{"start":{"line":80,"column":24},"end":{"line":80,"column":34}},"12":{"start":{"line":81,"column":26},"end":{"line":81,"column":35}},"13":{"start":{"line":84,"column":6},"end":{"line":84,"column":15}},"14":{"start":{"line":86,"column":23},"end":{"line":86,"column":51}},"15":{"start":{"line":87,"column":74},"end":{"line":87,"column":100}},"16":{"start":{"line":90,"column":35},"end":{"line":95,"column":3}},"17":{"start":{"line":92,"column":6},"end":{"line":92,"column":45}},"18":{"start":{"line":97,"column":32},"end":{"line":99,"column":8}},"19":{"start":{"line":98,"column":4},"end":{"line":98,"column":45}},"20":{"start":{"line":101,"column":36},"end":{"line":103,"column":8}},"21":{"start":{"line":102,"column":4},"end":{"line":102,"column":53}},"22":{"start":{"line":105,"column":26},"end":{"line":110,"column":3}},"23":{"start":{"line":107,"column":6},"end":{"line":107,"column":24}},"24":{"start":{"line":112,"column":31},"end":{"line":117,"column":3}},"25":{"start":{"line":114,"column":6},"end":{"line":114,"column":24}},"26":{"start":{"line":119,"column":20},"end":{"line":124,"column":87}},"27":{"start":{"line":120,"column":4},"end":{"line":122,"column":62}},"28":{"start":{"line":120,"column":38},"end":{"line":120,"column":55}},"29":{"start":{"line":121,"column":9},"end":{"line":122,"column":62}},"30":{"start":{"line":121,"column":46},"end":{"line":121,"column":60}},"31":{"start":{"line":122,"column":9},"end":{"line":122,"column":62}},"32":{"start":{"line":122,"column":44},"end":{"line":122,"column":62}},"33":{"start":{"line":123,"column":4},"end":{"line":123,"column":21}},"34":{"start":{"line":126,"column":26},"end":{"line":126,"column":83}},"35":{"start":{"line":126,"column":54},"end":{"line":126,"column":68}},"36":{"start":{"line":128,"column":28},"end":{"line":139,"column":3}},"37":{"start":{"line":130,"column":6},"end":{"line":136,"column":8}},"38":{"start":{"line":141,"column":25},"end":{"line":148,"column":3}},"39":{"start":{"line":143,"column":6},"end":{"line":145,"column":13}},"40":{"start":{"line":150,"column":29},"end":{"line":157,"column":3}},"41":{"start":{"line":152,"column":6},"end":{"line":154,"column":13}},"42":{"start":{"line":159,"column":30},"end":{"line":159,"column":79}},"43":{"start":{"line":159,"column":57},"end":{"line":159,"column":74}},"44":{"start":{"line":160,"column":27},"end":{"line":160,"column":76}},"45":{"start":{"line":160,"column":54},"end":{"line":160,"column":71}},"46":{"start":{"line":161,"column":31},"end":{"line":161,"column":80}},"47":{"start":{"line":161,"column":58},"end":{"line":161,"column":75}},"48":{"start":{"line":163,"column":27},"end":{"line":176,"column":3}},"49":{"start":{"line":165,"column":6},"end":{"line":173,"column":7}},"50":{"start":{"line":166,"column":8},"end":{"line":166,"column":38}},"51":{"start":{"line":167,"column":13},"end":{"line":173,"column":7}},"52":{"start":{"line":168,"column":8},"end":{"line":168,"column":52}},"53":{"start":{"line":169,"column":13},"end":{"line":173,"column":7}},"54":{"start":{"line":170,"column":8},"end":{"line":170,"column":60}},"55":{"start":{"line":171,"column":13},"end":{"line":173,"column":7}},"56":{"start":{"line":172,"column":8},"end":{"line":172,"column":49}},"57":{"start":{"line":178,"column":21},"end":{"line":188,"column":3}},"58":{"start":{"line":180,"column":6},"end":{"line":185,"column":13}},"59":{"start":{"line":190,"column":21},"end":{"line":193,"column":3}},"60":{"start":{"line":191,"column":11},"end":{"line":191,"column":85}},"61":{"start":{"line":195,"column":30},"end":{"line":198,"column":3}},"62":{"start":{"line":196,"column":11},"end":{"line":196,"column":118}},"63":{"start":{"line":200,"column":34},"end":{"line":204,"column":3}},"64":{"start":{"line":202,"column":6},"end":{"line":202,"column":120}},"65":{"start":{"line":206,"column":33},"end":{"line":209,"column":3}},"66":{"start":{"line":207,"column":10},"end":{"line":207,"column":84}},"67":{"start":{"line":211,"column":30},"end":{"line":214,"column":3}},"68":{"start":{"line":212,"column":10},"end":{"line":212,"column":81}},"69":{"start":{"line":216,"column":34},"end":{"line":219,"column":3}},"70":{"start":{"line":217,"column":10},"end":{"line":217,"column":85}},"71":{"start":{"line":221,"column":25},"end":{"line":223,"column":8}},"72":{"start":{"line":222,"column":4},"end":{"line":222,"column":27}},"73":{"start":{"line":225,"column":24},"end":{"line":277,"column":3}},"74":{"start":{"line":226,"column":4},"end":{"line":244,"column":5}},"75":{"start":{"line":227,"column":6},"end":{"line":243,"column":7}},"76":{"start":{"line":246,"column":4},"end":{"line":260,"column":5}},"77":{"start":{"line":247,"column":6},"end":{"line":259,"column":7}},"78":{"start":{"line":262,"column":4},"end":{"line":276,"column":5}},"79":{"start":{"line":263,"column":6},"end":{"line":275,"column":7}},"80":{"start":{"line":279,"column":2},"end":{"line":299,"column":3}},"81":{"start":{"line":286,"column":14},"end":{"line":291,"column":16}},"82":{"start":{"line":290,"column":31},"end":{"line":290,"column":53}}},"fnMap":{"0":{"name":"(anonymous_0)","decl":{"start":{"line":35,"column":2},"end":{"line":35,"column":3}},"loc":{"start":{"line":43,"column":8},"end":{"line":56,"column":3}},"line":43},"1":{"name":"HomeScreen","decl":{"start":{"line":59,"column":24},"end":{"line":59,"column":34}},"loc":{"start":{"line":59,"column":37},"end":{"line":300,"column":1}},"line":59},"2":{"name":"(anonymous_2)","decl":{"start":{"line":91,"column":4},"end":{"line":91,"column":5}},"loc":{"start":{"line":91,"column":22},"end":{"line":93,"column":5}},"line":91},"3":{"name":"(anonymous_3)","decl":{"start":{"line":97,"column":44},"end":{"line":97,"column":45}},"loc":{"start":{"line":97,"column":64},"end":{"line":99,"column":3}},"line":97},"4":{"name":"(anonymous_4)","decl":{"start":{"line":101,"column":48},"end":{"line":101,"column":49}},"loc":{"start":{"line":101,"column":72},"end":{"line":103,"column":3}},"line":101},"5":{"name":"(anonymous_5)","decl":{"start":{"line":106,"column":4},"end":{"line":106,"column":5}},"loc":{"start":{"line":106,"column":22},"end":{"line":108,"column":5}},"line":106},"6":{"name":"(anonymous_6)","decl":{"start":{"line":113,"column":4},"end":{"line":113,"column":5}},"loc":{"start":{"line":113,"column":20},"end":{"line":115,"column":5}},"line":113},"7":{"name":"(anonymous_7)","decl":{"start":{"line":119,"column":32},"end":{"line":119,"column":33}},"loc":{"start":{"line":119,"column":38},"end":{"line":124,"column":3}},"line":119},"8":{"name":"(anonymous_8)","decl":{"start":{"line":126,"column":38},"end":{"line":126,"column":39}},"loc":{"start":{"line":126,"column":54},"end":{"line":126,"column":68}},"line":126},"9":{"name":"(anonymous_9)","decl":{"start":{"line":129,"column":4},"end":{"line":129,"column":5}},"loc":{"start":{"line":130,"column":6},"end":{"line":136,"column":8}},"line":130},"10":{"name":"(anonymous_10)","decl":{"start":{"line":142,"column":4},"end":{"line":142,"column":5}},"loc":{"start":{"line":143,"column":6},"end":{"line":145,"column":13}},"line":143},"11":{"name":"(anonymous_11)","decl":{"start":{"line":151,"column":4},"end":{"line":151,"column":5}},"loc":{"start":{"line":152,"column":6},"end":{"line":154,"column":13}},"line":152},"12":{"name":"(anonymous_12)","decl":{"start":{"line":159,"column":42},"end":{"line":159,"column":43}},"loc":{"start":{"line":159,"column":57},"end":{"line":159,"column":74}},"line":159},"13":{"name":"(anonymous_13)","decl":{"start":{"line":160,"column":39},"end":{"line":160,"column":40}},"loc":{"start":{"line":160,"column":54},"end":{"line":160,"column":71}},"line":160},"14":{"name":"(anonymous_14)","decl":{"start":{"line":161,"column":43},"end":{"line":161,"column":44}},"loc":{"start":{"line":161,"column":58},"end":{"line":161,"column":75}},"line":161},"15":{"name":"(anonymous_15)","decl":{"start":{"line":164,"column":4},"end":{"line":164,"column":5}},"loc":{"start":{"line":164,"column":19},"end":{"line":174,"column":5}},"line":164},"16":{"name":"(anonymous_16)","decl":{"start":{"line":179,"column":4},"end":{"line":179,"column":5}},"loc":{"start":{"line":180,"column":6},"end":{"line":185,"column":13}},"line":180},"17":{"name":"(anonymous_17)","decl":{"start":{"line":191,"column":4},"end":{"line":191,"column":5}},"loc":{"start":{"line":191,"column":11},"end":{"line":191,"column":85}},"line":191},"18":{"name":"(anonymous_18)","decl":{"start":{"line":196,"column":4},"end":{"line":196,"column":5}},"loc":{"start":{"line":196,"column":11},"end":{"line":196,"column":118}},"line":196},"19":{"name":"(anonymous_19)","decl":{"start":{"line":201,"column":4},"end":{"line":201,"column":5}},"loc":{"start":{"line":202,"column":6},"end":{"line":202,"column":120}},"line":202},"20":{"name":"(anonymous_20)","decl":{"start":{"line":207,"column":4},"end":{"line":207,"column":5}},"loc":{"start":{"line":207,"column":10},"end":{"line":207,"column":84}},"line":207},"21":{"name":"(anonymous_21)","decl":{"start":{"line":212,"column":4},"end":{"line":212,"column":5}},"loc":{"start":{"line":212,"column":10},"end":{"line":212,"column":81}},"line":212},"22":{"name":"(anonymous_22)","decl":{"start":{"line":217,"column":4},"end":{"line":217,"column":5}},"loc":{"start":{"line":217,"column":10},"end":{"line":217,"column":85}},"line":217},"23":{"name":"(anonymous_23)","decl":{"start":{"line":221,"column":37},"end":{"line":221,"column":38}},"loc":{"start":{"line":221,"column":56},"end":{"line":223,"column":3}},"line":221},"24":{"name":"(anonymous_24)","decl":{"start":{"line":225,"column":24},"end":{"line":225,"column":25}},"loc":{"start":{"line":225,"column":30},"end":{"line":277,"column":3}},"line":225},"25":{"name":"(anonymous_25)","decl":{"start":{"line":285,"column":22},"end":{"line":285,"column":23}},"loc":{"start":{"line":286,"column":14},"end":{"line":291,"column":16}},"line":286},"26":{"name":"(anonymous_26)","decl":{"start":{"line":290,"column":25},"end":{"line":290,"column":26}},"loc":{"start":{"line":290,"column":31},"end":{"line":290,"column":53}},"line":290}},"branchMap":{"0":{"loc":{"start":{"line":49,"column":10},"end":{"line":49,"column":53}},"type":"cond-expr","locations":[{"start":{"line":49,"column":21},"end":{"line":49,"column":37}},{"start":{"line":49,"column":40},"end":{"line":49,"column":53}}],"line":49},"1":{"loc":{"start":{"line":52,"column":31},"end":{"line":52,"column":63}},"type":"cond-expr","locations":[{"start":{"line":52,"column":42},"end":{"line":52,"column":51}},{"start":{"line":52,"column":54},"end":{"line":52,"column":63}}],"line":52},"2":{"loc":{"start":{"line":53,"column":51},"end":{"line":53,"column":98}},"type":"cond-expr","locations":[{"start":{"line":53,"column":62},"end":{"line":53,"column":74}},{"start":{"line":53,"column":77},"end":{"line":53,"column":98}}],"line":53},"3":{"loc":{"start":{"line":86,"column":23},"end":{"line":86,"column":51}},"type":"binary-expr","locations":[{"start":{"line":86,"column":23},"end":{"line":86,"column":34}},{"start":{"line":86,"column":38},"end":{"line":86,"column":51}}],"line":86},"4":{"loc":{"start":{"line":120,"column":4},"end":{"line":122,"column":62}},"type":"if","locations":[{"start":{"line":120,"column":4},"end":{"line":122,"column":62}},{"start":{"line":121,"column":9},"end":{"line":122,"column":62}}],"line":120},"5":{"loc":{"start":{"line":121,"column":9},"end":{"line":122,"column":62}},"type":"if","locations":[{"start":{"line":121,"column":9},"end":{"line":122,"column":62}},{"start":{"line":122,"column":9},"end":{"line":122,"column":62}}],"line":121},"6":{"loc":{"start":{"line":122,"column":9},"end":{"line":122,"column":62}},"type":"if","locations":[{"start":{"line":122,"column":9},"end":{"line":122,"column":62}},{"start":{},"end":{}}],"line":122},"7":{"loc":{"start":{"line":165,"column":6},"end":{"line":173,"column":7}},"type":"if","locations":[{"start":{"line":165,"column":6},"end":{"line":173,"column":7}},{"start":{"line":167,"column":13},"end":{"line":173,"column":7}}],"line":165},"8":{"loc":{"start":{"line":167,"column":13},"end":{"line":173,"column":7}},"type":"if","locations":[{"start":{"line":167,"column":13},"end":{"line":173,"column":7}},{"start":{"line":169,"column":13},"end":{"line":173,"column":7}}],"line":167},"9":{"loc":{"start":{"line":169,"column":13},"end":{"line":173,"column":7}},"type":"if","locations":[{"start":{"line":169,"column":13},"end":{"line":173,"column":7}},{"start":{"line":171,"column":13},"end":{"line":173,"column":7}}],"line":169},"10":{"loc":{"start":{"line":171,"column":13},"end":{"line":173,"column":7}},"type":"if","locations":[{"start":{"line":171,"column":13},"end":{"line":173,"column":7}},{"start":{},"end":{}}],"line":171},"11":{"loc":{"start":{"line":182,"column":9},"end":{"line":184,"column":9}},"type":"binary-expr","locations":[{"start":{"line":182,"column":9},"end":{"line":182,"column":37}},{"start":{"line":183,"column":10},"end":{"line":183,"column":116}}],"line":182},"12":{"loc":{"start":{"line":191,"column":11},"end":{"line":191,"column":85}},"type":"cond-expr","locations":[{"start":{"line":191,"column":27},"end":{"line":191,"column":78}},{"start":{"line":191,"column":81},"end":{"line":191,"column":85}}],"line":191},"13":{"loc":{"start":{"line":196,"column":11},"end":{"line":196,"column":118}},"type":"cond-expr","locations":[{"start":{"line":196,"column":29},"end":{"line":196,"column":111}},{"start":{"line":196,"column":114},"end":{"line":196,"column":118}}],"line":196},"14":{"loc":{"start":{"line":202,"column":6},"end":{"line":202,"column":120}},"type":"cond-expr","locations":[{"start":{"line":202,"column":28},"end":{"line":202,"column":113}},{"start":{"line":202,"column":116},"end":{"line":202,"column":120}}],"line":202},"15":{"loc":{"start":{"line":226,"column":4},"end":{"line":244,"column":5}},"type":"if","locations":[{"start":{"line":226,"column":4},"end":{"line":244,"column":5}},{"start":{},"end":{}}],"line":226},"16":{"loc":{"start":{"line":246,"column":4},"end":{"line":260,"column":5}},"type":"if","locations":[{"start":{"line":246,"column":4},"end":{"line":260,"column":5}},{"start":{},"end":{}}],"line":246},"17":{"loc":{"start":{"line":262,"column":4},"end":{"line":276,"column":5}},"type":"if","locations":[{"start":{"line":262,"column":4},"end":{"line":276,"col
[...]
,"/Users/iskandermac/Desktop/expogithub/expoapp/my-telegram-app-mobile/utils/haptics.ts": {"path":"/Users/iskandermac/Desktop/expogithub/expoapp/my-telegram-app-mobile/utils/haptics.ts","statementMap":{"0":{"start":{"line":4,"column":23},"end":{"line":40,"column":1}},"1":{"start":{"line":6,"column":8},"end":{"line":8,"column":9}},"2":{"start":{"line":7,"column":12},"end":{"line":7,"column":67}},"3":{"start":{"line":11,"column":8},"end":{"line":13,"column":9}},"4":{"start":{"line":12,"column":12},"end":{"line":12,"column":68}},"5":{"start":{"line":16,"column":8},"end":{"line":18,"column":9}},"6":{"start":{"line":17,"column":12},"end":{"line":17,"column":67}},"7":{"start":{"line":21,"column":8},"end":{"line":23,"column":9}},"8":{"start":{"line":22,"column":12},"end":{"line":22,"column":80}},"9":{"start":{"line":26,"column":8},"end":{"line":28,"column":9}},"10":{"start":{"line":27,"column":12},"end":{"line":27,"column":78}},"11":{"start":{"line":31,"column":8},"end":{"line":33,"column":9}},"12":{"start":{"line":32,"column":12},"end":{"line":32,"column":80}},"13":{"start":{"line":36,"column":8},"end":{"line":38,"column":9}},"14":{"start":{"line":37,"column":12},"end":{"line":37,"column":37}}},"fnMap":{"0":{"name":"(anonymous_0)","decl":{"start":{"line":5,"column":11},"end":{"line":5,"column":12}},"loc":{"start":{"line":5,"column":17},"end":{"line":9,"column":5}},"line":5},"1":{"name":"(anonymous_1)","decl":{"start":{"line":10,"column":12},"end":{"line":10,"column":13}},"loc":{"start":{"line":10,"column":18},"end":{"line":14,"column":5}},"line":10},"2":{"name":"(anonymous_2)","decl":{"start":{"line":15,"column":11},"end":{"line":15,"column":12}},"loc":{"start":{"line":15,"column":17},"end":{"line":19,"column":5}},"line":15},"3":{"name":"(anonymous_3)","decl":{"start":{"line":20,"column":13},"end":{"line":20,"column":14}},"loc":{"start":{"line":20,"column":19},"end":{"line":24,"column":5}},"line":20},"4":{"name":"(anonymous_4)","decl":{"start":{"line":25,"column":11},"end":{"line":25,"column":12}},"loc":{"start":{"line":25,"column":17},"end":{"line":29,"column":5}},"line":25},"5":{"name":"(anonymous_5)","decl":{"start":{"line":30,"column":13},"end":{"line":30,"column":14}},"loc":{"start":{"line":30,"column":19},"end":{"line":34,"column":5}},"line":30},"6":{"name":"(anonymous_6)","decl":{"start":{"line":35,"column":15},"end":{"line":35,"column":16}},"loc":{"start":{"line":35,"column":21},"end":{"line":39,"column":5}},"line":35}},"branchMap":{"0":{"loc":{"start":{"line":6,"column":8},"end":{"line":8,"column":9}},"type":"if","locations":[{"start":{"line":6,"column":8},"end":{"line":8,"column":9}},{"start":{},"end":{}}],"line":6},"1":{"loc":{"start":{"line":11,"column":8},"end":{"line":13,"column":9}},"type":"if","locations":[{"start":{"line":11,"column":8},"end":{"line":13,"column":9}},{"start":{},"end":{}}],"line":11},"2":{"loc":{"start":{"line":16,"column":8},"end":{"line":18,"column":9}},"type":"if","locations":[{"start":{"line":16,"column":8},"end":{"line":18,"column":9}},{"start":{},"end":{}}],"line":16},"3":{"loc":{"start":{"line":21,"column":8},"end":{"line":23,"column":9}},"type":"if","locations":[{"start":{"line":21,"column":8},"end":{"line":23,"column":9}},{"start":{},"end":{}}],"line":21},"4":{"loc":{"start":{"line":26,"column":8},"end":{"line":28,"column":9}},"type":"if","locations":[{"start":{"line":26,"column":8},"end":{"line":28,"column":9}},{"start":{},"end":{}}],"line":26},"5":{"loc":{"start":{"line":31,"column":8},"end":{"line":33,"column":9}},"type":"if","locations":[{"start":{"line":31,"column":8},"end":{"line":33,"column":9}},{"start":{},"end":{}}],"line":31},"6":{"loc":{"start":{"line":36,"column":8},"end":{"line":38,"column":9}},"type":"if","locations":[{"start":{"line":36,"column":8},"end":{"line":38,"column":9}},{"start":{},"end":{}}],"line":36}},"s":{"0":0,"1":0,"2":0,"3":0,"4":0,"5":0,"6":0,"7":0,"8":0,"9":0,"10":0,"11":0,"12":0,"13":0,"14":0},"f":{"0":0,"1":0,"2":0,"3":0,"4":0,"5":0,"6":0},"b":{"0":[0,0],"1":[0,0],"2":[0,0],"3":[0,0],"4":[0,0],"5":[0,0],"6":[0,0]}}
,"/Users/iskandermac/Desktop/expogithub/expoapp/my-telegram-app-mobile/utils/logger.ts": {"path":"/Users/iskandermac/Desktop/expogithub/expoapp/my-telegram-app-mobile/utils/logger.ts","statementMap":{"0":{"start":{"line":2,"column":22},"end":{"line":24,"column":1}},"1":{"start":{"line":4,"column":8},"end":{"line":6,"column":9}},"2":{"start":{"line":5,"column":12},"end":{"line":5,"column":42}},"3":{"start":{"line":10,"column":8},"end":{"line":12,"column":9}},"4":{"start":{"line":11,"column":12},"end":{"line":11,"column":51}},"5":{"start":{"line":15,"column":8},"end":{"line":17,"column":9}},"6":{"start":{"line":16,"column":12},"end":{"line":16,"column":43}},"7":{"start":{"line":20,"column":8},"end":{"line":22,"column":9}},"8":{"start":{"line":21,"column":12},"end":{"line":21,"column":43}}},"fnMap":{"0":{"name":"(anonymous_0)","decl":{"start":{"line":3,"column":9},"end":{"line":3,"column":10}},"loc":{"start":{"line":3,"column":46},"end":{"line":7,"column":5}},"line":3},"1":{"name":"(anonymous_1)","decl":{"start":{"line":8,"column":11},"end":{"line":8,"column":12}},"loc":{"start":{"line":8,"column":60},"end":{"line":13,"column":5}},"line":8},"2":{"name":"(anonymous_2)","decl":{"start":{"line":14,"column":10},"end":{"line":14,"column":11}},"loc":{"start":{"line":14,"column":47},"end":{"line":18,"column":5}},"line":14},"3":{"name":"(anonymous_3)","decl":{"start":{"line":19,"column":10},"end":{"line":19,"column":11}},"loc":{"start":{"line":19,"column":47},"end":{"line":23,"column":5}},"line":19}},"branchMap":{"0":{"loc":{"start":{"line":4,"column":8},"end":{"line":6,"column":9}},"type":"if","locations":[{"start":{"line":4,"column":8},"end":{"line":6,"column":9}},{"start":{},"end":{}}],"line":4},"1":{"loc":{"start":{"line":10,"column":8},"end":{"line":12,"column":9}},"type":"if","locations":[{"start":{"line":10,"column":8},"end":{"line":12,"column":9}},{"start":{},"end":{}}],"line":10},"2":{"loc":{"start":{"line":15,"column":8},"end":{"line":17,"column":9}},"type":"if","locations":[{"start":{"line":15,"column":8},"end":{"line":17,"column":9}},{"start":{},"end":{}}],"line":15},"3":{"loc":{"start":{"line":20,"column":8},"end":{"line":22,"column":9}},"type":"if","locations":[{"start":{"line":20,"column":8},"end":{"line":22,"column":9}},{"start":{},"end":{}}],"line":20}},"s":{"0":0,"1":0,"2":0,"3":0,"4":0,"5":0,"6":0,"7":0,"8":0},"f":{"0":0,"1":0,"2":0,"3":0},"b":{"0":[0,0],"1":[0,0],"2":[0,0],"3":[0,0]}}
,"/Users/iskandermac/Desktop/expogithub/expoapp/my-telegram-app-mobile/utils/performanceConfig.ts": {"path":"/Users/iskandermac/Desktop/expogithub/expoapp/my-telegram-app-mobile/utils/performanceConfig.ts","statementMap":{"0":{"start":{"line":9,"column":2},"end":{"line":9,"column":16}},"1":{"start":{"line":15,"column":32},"end":{"line":26,"column":10}},"2":{"start":{"line":31,"column":32},"end":{"line":42,"column":10}},"3":{"start":{"line":47,"column":34},"end":{"line":51,"column":10}}},"fnMap":{"0":{"name":"configureImageCache","decl":{"start":{"line":7,"column":16},"end":{"line":7,"column":35}},"loc":{"start":{"line":7,"column":38},"end":{"line":10,"column":1}},"line":7}},"branchMap":{},"s":{"0":0,"1":0,"2":0,"3":0},"f":{"0":0},"b":{}}
,"/Users/iskandermac/Desktop/expogithub/expoapp/my-telegram-app-mobile/utils/storage.ts": {"path":"/Users/iskandermac/Desktop/expogithub/expoapp/my-telegram-app-mobile/utils/storage.ts","statementMap":{"0":{"start":{"line":6,"column":20},"end":{"line":6,"column":51}},"1":{"start":{"line":8,"column":23},"end":{"line":57,"column":1}},"2":{"start":{"line":10,"column":8},"end":{"line":22,"column":9}},"3":{"start":{"line":11,"column":12},"end":{"line":19,"column":13}},"4":{"start":{"line":12,"column":16},"end":{"line":12,"column":49}},"5":{"start":{"line":14,"column":16},"end":{"line":18,"column":17}},"6":{"start":{"line":15,"column":20},"end":{"line":15,"column":63}},"7":{"start":{"line":17,"column":20},"end":{"line":17,"column":59}},"8":{"start":{"line":21,"column":12},"end":{"line":21,"column":52}},"9":{"start":{"line":26,"column":8},"end":{"line":39,"column":9}},"10":{"start":{"line":27,"column":12},"end":{"line":35,"column":13}},"11":{"start":{"line":28,"column":16},"end":{"line":28,"column":49}},"12":{"start":{"line":30,"column":16},"end":{"line":34,"column":17}},"13":{"start":{"line":31,"column":20},"end":{"line":31,"column":63}},"14":{"start":{"line":33,"column":20},"end":{"line":33,"column":59}},"15":{"start":{"line":37,"column":12},"end":{"line":37,"column":52}},"16":{"start":{"line":38,"column":12},"end":{"line":38,"column":24}},"17":{"start":{"line":43,"column":8},"end":{"line":55,"column":9}},"18":{"start":{"line":44,"column":12},"end":{"line":52,"column":13}},"19":{"start":{"line":45,"column":16},"end":{"line":45,"column":45}},"20":{"start":{"line":47,"column":16},"end":{"line":51,"column":17}},"21":{"start":{"line":48,"column":20},"end":{"line":48,"column":59}},"22":{"start":{"line":50,"column":20},"end":{"line":50,"column":55}},"23":{"start":{"line":54,"column":12},"end":{"line":54,"column":53}}},"fnMap":{"0":{"name":"(anonymous_0)","decl":{"start":{"line":9,"column":4},"end":{"line":9,"column":5}},"loc":{"start":{"line":9,"column":46},"end":{"line":23,"column":5}},"line":9},"1":{"name":"(anonymous_1)","decl":{"start":{"line":25,"column":4},"end":{"line":25,"column":5}},"loc":{"start":{"line":25,"column":31},"end":{"line":40,"column":5}},"line":25},"2":{"name":"(anonymous_2)","decl":{"start":{"line":42,"column":4},"end":{"line":42,"column":5}},"loc":{"start":{"line":42,"column":34},"end":{"line":56,"column":5}},"line":42}},"branchMap":{"0":{"loc":{"start":{"line":11,"column":12},"end":{"line":19,"column":13}},"type":"if","locations":[{"start":{"line":11,"column":12},"end":{"line":19,"column":13}},{"start":{"line":13,"column":19},"end":{"line":19,"column":13}}],"line":11},"1":{"loc":{"start":{"line":14,"column":16},"end":{"line":18,"column":17}},"type":"if","locations":[{"start":{"line":14,"column":16},"end":{"line":18,"column":17}},{"start":{"line":16,"column":23},"end":{"line":18,"column":17}}],"line":14},"2":{"loc":{"start":{"line":27,"column":12},"end":{"line":35,"column":13}},"type":"if","locations":[{"start":{"line":27,"column":12},"end":{"line":35,"column":13}},{"start":{"line":29,"column":19},"end":{"line":35,"column":13}}],"line":27},"3":{"loc":{"start":{"line":30,"column":16},"end":{"line":34,"column":17}},"type":"if","locations":[{"start":{"line":30,"column":16},"end":{"line":34,"column":17}},{"start":{"line":32,"column":23},"end":{"line":34,"column":17}}],"line":30},"4":{"loc":{"start":{"line":44,"column":12},"end":{"line":52,"column":13}},"type":"if","locations":[{"start":{"line":44,"column":12},"end":{"line":52,"column":13}},{"start":{"line":46,"column":19},"end":{"line":52,"column":13}}],"line":44},"5":{"loc":{"start":{"line":47,"column":16},"end":{"line":51,"column":17}},"type":"if","locations":[{"start":{"line":47,"column":16},"end":{"line":51,"column":17}},{"start":{"line":49,"column":23},"end":{"line":51,"column":17}}],"line":47}},"s":{"0":0,"1":0,"2":0,"3":0,"4":0,"5":0,"6":0,"7":0,"8":0,"9":0,"10":0,"11":0,"12":0,"13":0,"14":0,"15":0,"16":0,"17":0,"18":0,"19":0,"20":0,"21":0,"22":0,"23":0},"f":{"0":0,"1":0,"2":0},"b":{"0":[0,0],"1":[0,0],"2":[0,0],"3":[0,0],"4":[0,0],"5":[0,0]}}
,"/Users/iskandermac/Desktop/expogithub/expoapp/my-telegram-app-mobile/utils/tokenManager.ts": {"path":"/Users/iskandermac/Desktop/expogithub/expoapp/my-telegram-app-mobile/utils/tokenManager.ts","statementMap":{"0":{"start":{"line":4,"column":21},"end":{"line":4,"column":57}},"1":{"start":{"line":5,"column":24},"end":{"line":5,"column":29}},"2":{"start":{"line":8,"column":27},"end":{"line":26,"column":1}},"3":{"start":{"line":9,"column":2},"end":{"line":9,"column":25}},"4":{"start":{"line":9,"column":14},"end":{"line":9,"column":25}},"5":{"start":{"line":11,"column":2},"end":{"line":25,"column":3}},"6":{"start":{"line":12,"column":22},"end":{"line":12,"column":41}},"7":{"start":{"line":13,"column":19},"end":{"line":13,"column":66}},"8":{"start":{"line":14,"column":24},"end":{"line":19,"column":5}},"9":{"start":{"line":17,"column":28},"end":{"line":17,"column":81}},"10":{"start":{"line":21,"column":4},"end":{"line":21,"column":34}},"11":{"start":{"line":23,"column":4},"end":{"line":23,"column":49}},"12":{"start":{"line":24,"column":4},"end":{"line":24,"column":15}},"13":{"start":{"line":29,"column":35},"end":{"line":37,"column":1}},"14":{"start":{"line":30,"column":18},"end":{"line":30,"column":36}},"15":{"start":{"line":31,"column":2},"end":{"line":31,"column":43}},"16":{"start":{"line":31,"column":32},"end":{"line":31,"column":43}},"17":{"start":{"line":33,"column":14},"end":{"line":33,"column":31}},"18":{"start":{"line":34,"column":21},"end":{"line":34,"column":27}},"19":{"start":{"line":36,"column":2},"end":{"line":36,"column":39}},"20":{"start":{"line":39,"column":25},"end":{"line":52,"column":1}},"21":{"start":{"line":40,"column":21},"end":{"line":40,"column":42}},"22":{"start":{"line":41,"column":20},"end":{"line":41,"column":65}},"23":{"start":{"line":41,"column":37},"end":{"line":41,"column":55}},"24":{"start":{"line":43,"column":2},"end":{"line":51,"column":3}},"25":{"start":{"line":44,"column":21},"end":{"line":47,"column":6}},"26":{"start":{"line":48,"column":4},"end":{"line":48,"column":19}},"27":{"start":{"line":50,"column":4},"end":{"line":50,"column":27}},"28":{"start":{"line":55,"column":32},"end":{"line":93,"column":1}},"29":{"start":{"line":56,"column":22},"end":{"line":56,"column":44}},"30":{"start":{"line":57,"column":23},"end":{"line":57,"column":46}},"31":{"start":{"line":59,"column":2},"end":{"line":61,"column":3}},"32":{"start":{"line":60,"column":4},"end":{"line":60,"column":49}},"33":{"start":{"line":63,"column":2},"end":{"line":65,"column":3}},"34":{"start":{"line":64,"column":4},"end":{"line":64,"column":22}},"35":{"start":{"line":67,"column":2},"end":{"line":92,"column":3}},"36":{"start":{"line":68,"column":44},"end":{"line":68,"column":82}},"37":{"start":{"line":69,"column":21},"end":{"line":77,"column":5}},"38":{"start":{"line":79,"column":4},"end":{"line":81,"column":5}},"39":{"start":{"line":80,"column":6},"end":{"line":80,"column":76}},"40":{"start":{"line":83,"column":17},"end":{"line":83,"column":38}},"41":{"start":{"line":84,"column":28},"end":{"line":84,"column":61}},"42":{"start":{"line":85,"column":4},"end":{"line":85,"column":54}},"43":{"start":{"line":87,"column":4},"end":{"line":87,"column":27}},"44":{"start":{"line":89,"column":4},"end":{"line":89,"column":56}},"45":{"start":{"line":90,"column":4},"end":{"line":90,"column":23}},"46":{"start":{"line":91,"column":4},"end":{"line":91,"column":13}},"47":{"start":{"line":96,"column":34},"end":{"line":101,"column":1}},"48":{"start":{"line":97,"column":22},"end":{"line":97,"column":44}},"49":{"start":{"line":98,"column":2},"end":{"line":98,"column":32}},"50":{"start":{"line":98,"column":20},"end":{"line":98,"column":32}},"51":{"start":{"line":100,"column":2},"end":{"line":100,"column":42}},"52":{"start":{"line":104,"column":35},"end":{"line":111,"column":1}},"53":{"start":{"line":105,"column":2},"end":{"line":110,"column":3}},"54":{"start":{"line":106,"column":4},"end":{"line":106,"column":35}},"55":{"start":{"line":108,"column":4},"end":{"line":108,"column":61}},"56":{"start":{"line":109,"column":4},"end":{"line":109,"column":15}}},"fnMap":{"0":{"name":"(anonymous_0)","decl":{"start":{"line":8,"column":27},"end":{"line":8,"column":28}},"loc":{"start":{"line":8,"column":53},"end":{"line":26,"column":1}},"line":8},"1":{"name":"(anonymous_1)","decl":{"start":{"line":17,"column":13},"end":{"line":17,"column":14}},"loc":{"start":{"line":17,"column":28},"end":{"line":17,"column":81}},"line":17},"2":{"name":"(anonymous_2)","decl":{"start":{"line":29,"column":35},"end":{"line":29,"column":36}},"loc":{"start":{"line":29,"column":61},"end":{"line":37,"column":1}},"line":29},"3":{"name":"(anonymous_3)","decl":{"start":{"line":39,"column":25},"end":{"line":39,"column":26}},"loc":{"start":{"line":39,"column":106},"end":{"line":52,"column":1}},"line":39},"4":{"name":"(anonymous_4)","decl":{"start":{"line":41,"column":31},"end":{"line":41,"column":32}},"loc":{"start":{"line":41,"column":37},"end":{"line":41,"column":55}},"line":41},"5":{"name":"(anonymous_5)","decl":{"start":{"line":55,"column":32},"end":{"line":55,"column":33}},"loc":{"start":{"line":55,"column":44},"end":{"line":93,"column":1}},"line":55},"6":{"name":"(anonymous_6)","decl":{"start":{"line":96,"column":34},"end":{"line":96,"column":35}},"loc":{"start":{"line":96,"column":46},"end":{"line":101,"column":1}},"line":96},"7":{"name":"(anonymous_7)","decl":{"start":{"line":104,"column":35},"end":{"line":104,"column":36}},"loc":{"start":{"line":104,"column":47},"end":{"line":111,"column":1}},"line":104}},"branchMap":{"0":{"loc":{"start":{"line":9,"column":2},"end":{"line":9,"column":25}},"type":"if","locations":[{"start":{"line":9,"column":2},"end":{"line":9,"column":25}},{"start":{},"end":{}}],"line":9},"1":{"loc":{"start":{"line":31,"column":2},"end":{"line":31,"column":43}},"type":"if","locations":[{"start":{"line":31,"column":2},"end":{"line":31,"column":43}},{"start":{},"end":{}}],"line":31},"2":{"loc":{"start":{"line":31,"column":6},"end":{"line":31,"column":30}},"type":"binary-expr","locations":[{"start":{"line":31,"column":6},"end":{"line":31,"column":14}},{"start":{"line":31,"column":18},"end":{"line":31,"column":30}}],"line":31},"3":{"loc":{"start":{"line":59,"column":2},"end":{"line":61,"column":3}},"type":"if","locations":[{"start":{"line":59,"column":2},"end":{"line":61,"column":3}},{"start":{},"end":{}}],"line":59},"4":{"loc":{"start":{"line":63,"column":2},"end":{"line":65,"column":3}},"type":"if","locations":[{"start":{"line":63,"column":2},"end":{"line":65,"column":3}},{"start":{},"end":{}}],"line":63},"5":{"loc":{"start":{"line":63,"column":6},"end":{"line":63,"column":54}},"type":"binary-expr","locations":[{"start":{"line":63,"column":6},"end":{"line":63,"column":17}},{"start":{"line":63,"column":21},"end":{"line":63,"column":54}}],"line":63},"6":{"loc":{"start":{"line":79,"column":4},"end":{"line":81,"column":5}},"type":"if","locations":[{"start":{"line":79,"column":4},"end":{"line":81,"column":5}},{"start":{},"end":{}}],"line":79},"7":{"loc":{"start":{"line":84,"column":28},"end":{"line":84,"column":61}},"type":"binary-expr","locations":[{"start":{"line":84,"column":28},"end":{"line":84,"column":45}},{"start":{"line":84,"column":49},"end":{"line":84,"column":61}}],"line":84},"8":{"loc":{"start":{"line":98,"column":2},"end":{"line":98,"column":32}},"type":"if","locations":[{"start":{"line":98,"column":2},"end":{"line":98,"column":32}},{"start":{},"end":{}}],"line":98}},"s":{"0":0,"1":0,"2":0,"3":0,"4":0,"5":0,"6":0,"7":0,"8":0,"9":0,"10":0,"11":0,"12":0,"13":0,"14":0,"15":0,"16":0,"17":0,"18":0,"19":0,"20":0,"21":0,"22":0,"23":0,"24":0,"25":0,"26":0,"27":0,"28":0,"29":0,"30":0,"31":0,"32":0,"33":0,"34":0,"35":0,"36":0,"37":0,"38":0,"39":0,"40":0,"41":0,"42":0,"43":0,"44":0,"45":0,"46":0,"47":0,"48":0,"49":0,"50":0,"51":0,"52":0,"53":0,"54":0,"55":0,"56":0},"f":{"0":0,"1":0,"2":0,"3":0,"4":0,"5":0,"6":0,"7":0},"b":{"0":[0,0],"1":[0,0],"2":[0,0],"3":[0,0],"4":[0,0],"5":[0,0],"6":[0,0],"7":[0,0],"8":[0,0]}}
}
