{"/Users/iskandermac/Desktop/expogithub/expoapp/my-telegram-app-mobile/expo-env.d.ts": {"path":"/Users/iskandermac/Desktop/expogithub/expoapp/my-telegram-app-mobile/expo-env.d.ts","statementMap":{},"fnMap":{},"branchMap":{},"s":{},"f":{},"b":{}}
,"/Users/iskandermac/Desktop/expogithub/expoapp/my-telegram-app-mobile/nativewind-env.d.ts": {"path":"/Users/iskandermac/Desktop/expogithub/expoapp/my-telegram-app-mobile/nativewind-env.d.ts","statementMap":{},"fnMap":{},"branchMap":{},"s":{},"f":{},"b":{}}
,"/Users/iskandermac/Desktop/expogithub/expoapp/my-telegram-app-mobile/.expo/types/router.d.ts": {"path":"/Users/iskandermac/Desktop/expogithub/expoapp/my-telegram-app-mobile/.expo/types/router.d.ts","statementMap":{},"fnMap":{},"branchMap":{},"s":{},"f":{},"b":{}}
,"/Users/iskandermac/Desktop/expogithub/expoapp/my-telegram-app-mobile/api/apiClient.ts": {"path":"/Users/iskandermac/Desktop/expogithub/expoapp/my-telegram-app-mobile/api/apiClient.ts","statementMap":{"0":{"start":{"line":5,"column":21},"end":{"line":5,"column":57}},"1":{"start":{"line":7,"column":24},"end":{"line":7,"column":42}},"2":{"start":{"line":9,"column":19},"end":{"line":9,"column":24}},"3":{"start":{"line":10,"column":54},"end":{"line":10,"column":56}},"4":{"start":{"line":12,"column":20},"end":{"line":15,"column":1}},"5":{"start":{"line":13,"column":2},"end":{"line":13,"column":59}},"6":{"start":{"line":13,"column":43},"end":{"line":13,"column":58}},"7":{"start":{"line":14,"column":2},"end":{"line":14,"column":25}},"8":{"start":{"line":17,"column":29},"end":{"line":19,"column":1}},"9":{"start":{"line":18,"column":2},"end":{"line":18,"column":35}},"10":{"start":{"line":22,"column":30},"end":{"line":22,"column":78}},"11":{"start":{"line":22,"column":42},"end":{"line":22,"column":78}},"12":{"start":{"line":23,"column":31},"end":{"line":23,"column":80}},"13":{"start":{"line":23,"column":43},"end":{"line":23,"column":80}},"14":{"start":{"line":25,"column":25},"end":{"line":28,"column":1}},"15":{"start":{"line":26,"column":2},"end":{"line":26,"column":51}},"16":{"start":{"line":27,"column":2},"end":{"line":27,"column":53}},"17":{"start":{"line":30,"column":27},"end":{"line":33,"column":1}},"18":{"start":{"line":31,"column":2},"end":{"line":31,"column":41}},"19":{"start":{"line":32,"column":2},"end":{"line":32,"column":42}},"20":{"start":{"line":35,"column":25},"end":{"line":48,"column":1}},"21":{"start":{"line":36,"column":21},"end":{"line":36,"column":42}},"22":{"start":{"line":37,"column":20},"end":{"line":37,"column":65}},"23":{"start":{"line":37,"column":37},"end":{"line":37,"column":55}},"24":{"start":{"line":39,"column":2},"end":{"line":47,"column":3}},"25":{"start":{"line":40,"column":21},"end":{"line":43,"column":6}},"26":{"start":{"line":44,"column":4},"end":{"line":44,"column":19}},"27":{"start":{"line":46,"column":4},"end":{"line":46,"column":27}},"28":{"start":{"line":51,"column":27},"end":{"line":91,"column":1}},"29":{"start":{"line":52,"column":2},"end":{"line":56,"column":3}},"30":{"start":{"line":53,"column":4},"end":{"line":55,"column":6}},"31":{"start":{"line":54,"column":6},"end":{"line":54,"column":53}},"32":{"start":{"line":54,"column":38},"end":{"line":54,"column":52}},"33":{"start":{"line":58,"column":2},"end":{"line":58,"column":21}},"34":{"start":{"line":60,"column":2},"end":{"line":90,"column":3}},"35":{"start":{"line":61,"column":25},"end":{"line":61,"column":48}},"36":{"start":{"line":62,"column":4},"end":{"line":62,"column":68}},"37":{"start":{"line":62,"column":23},"end":{"line":62,"column":68}},"38":{"start":{"line":64,"column":44},"end":{"line":64,"column":82}},"39":{"start":{"line":66,"column":21},"end":{"line":74,"column":5}},"40":{"start":{"line":76,"column":4},"end":{"line":76,"column":61}},"41":{"start":{"line":76,"column":22},"end":{"line":76,"column":61}},"42":{"start":{"line":78,"column":17},"end":{"line":78,"column":38}},"43":{"start":{"line":79,"column":28},"end":{"line":79,"column":61}},"44":{"start":{"line":80,"column":4},"end":{"line":80,"column":54}},"45":{"start":{"line":82,"column":4},"end":{"line":82,"column":33}},"46":{"start":{"line":83,"column":4},"end":{"line":83,"column":27}},"47":{"start":{"line":85,"column":4},"end":{"line":85,"column":45}},"48":{"start":{"line":86,"column":4},"end":{"line":86,"column":23}},"49":{"start":{"line":87,"column":4},"end":{"line":87,"column":13}},"50":{"start":{"line":89,"column":4},"end":{"line":89,"column":24}},"51":{"start":{"line":98,"column":42},"end":{"line":98,"column":80}},"52":{"start":{"line":101,"column":22},"end":{"line":101,"column":44}},"53":{"start":{"line":102,"column":2},"end":{"line":104,"column":3}},"54":{"start":{"line":103,"column":4},"end":{"line":103,"column":54}},"55":{"start":{"line":106,"column":30},"end":{"line":113,"column":3}},"56":{"start":{"line":115,"column":2},"end":{"line":115,"column":46}},"57":{"start":{"line":115,"column":12},"end":{"line":115,"column":46}},"58":{"start":{"line":117,"column":18},"end":{"line":117,"column":47}},"59":{"start":{"line":119,"column":2},"end":{"line":167,"column":3}},"60":{"start":{"line":120,"column":19},"end":{"line":120,"column":75}},"61":{"start":{"line":123,"column":4},"end":{"line":135,"column":5}},"62":{"start":{"line":124,"column":27},"end":{"line":124,"column":50}},"63":{"start":{"line":125,"column":6},"end":{"line":134,"column":7}},"64":{"start":{"line":126,"column":8},"end":{"line":133,"column":9}},"65":{"start":{"line":127,"column":33},"end":{"line":127,"column":59}},"66":{"start":{"line":129,"column":10},"end":{"line":129,"column":70}},"67":{"start":{"line":130,"column":10},"end":{"line":130,"column":77}},"68":{"start":{"line":132,"column":10},"end":{"line":132,"column":26}},"69":{"start":{"line":137,"column":4},"end":{"line":144,"column":5}},"70":{"start":{"line":138,"column":23},"end":{"line":138,"column":83}},"71":{"start":{"line":139,"column":6},"end":{"line":141,"column":21}},"72":{"start":{"line":140,"column":8},"end":{"line":140,"column":37}},"73":{"start":{"line":142,"column":6},"end":{"line":142,"column":36}},"74":{"start":{"line":143,"column":6},"end":{"line":143,"column":34}},"75":{"start":{"line":146,"column":4},"end":{"line":146,"column":44}},"76":{"start":{"line":146,"column":33},"end":{"line":146,"column":44}},"77":{"start":{"line":148,"column":24},"end":{"line":148,"column":60}},"78":{"start":{"line":149,"column":4},"end":{"line":158,"column":5}},"79":{"start":{"line":150,"column":19},"end":{"line":150,"column":40}},"80":{"start":{"line":153,"column":6},"end":{"line":155,"column":7}},"81":{"start":{"line":154,"column":8},"end":{"line":154,"column":60}},"82":{"start":{"line":157,"column":6},"end":{"line":157,"column":22}},"83":{"start":{"line":160,"column":4},"end":{"line":160,"column":15}},"84":{"start":{"line":162,"column":4},"end":{"line":164,"column":5}},"85":{"start":{"line":163,"column":6},"end":{"line":163,"column":111}},"86":{"start":{"line":165,"column":4},"end":{"line":165,"column":42}},"87":{"start":{"line":166,"column":4},"end":{"line":166,"column":30}}},"fnMap":{"0":{"name":"(anonymous_0)","decl":{"start":{"line":12,"column":20},"end":{"line":12,"column":21}},"loc":{"start":{"line":12,"column":39},"end":{"line":15,"column":1}},"line":12},"1":{"name":"(anonymous_1)","decl":{"start":{"line":13,"column":29},"end":{"line":13,"column":30}},"loc":{"start":{"line":13,"column":43},"end":{"line":13,"column":58}},"line":13},"2":{"name":"(anonymous_2)","decl":{"start":{"line":17,"column":29},"end":{"line":17,"column":30}},"loc":{"start":{"line":17,"column":68},"end":{"line":19,"column":1}},"line":17},"3":{"name":"(anonymous_3)","decl":{"start":{"line":22,"column":30},"end":{"line":22,"column":31}},"loc":{"start":{"line":22,"column":42},"end":{"line":22,"column":78}},"line":22},"4":{"name":"(anonymous_4)","decl":{"start":{"line":23,"column":31},"end":{"line":23,"column":32}},"loc":{"start":{"line":23,"column":43},"end":{"line":23,"column":80}},"line":23},"5":{"name":"(anonymous_5)","decl":{"start":{"line":25,"column":25},"end":{"line":25,"column":26}},"loc":{"start":{"line":25,"column":78},"end":{"line":28,"column":1}},"line":25},"6":{"name":"(anonymous_6)","decl":{"start":{"line":30,"column":27},"end":{"line":30,"column":28}},"loc":{"start":{"line":30,"column":39},"end":{"line":33,"column":1}},"line":30},"7":{"name":"(anonymous_7)","decl":{"start":{"line":35,"column":25},"end":{"line":35,"column":26}},"loc":{"start":{"line":35,"column":106},"end":{"line":48,"column":1}},"line":35},"8":{"name":"(anonymous_8)","decl":{"start":{"line":37,"column":31},"end":{"line":37,"column":32}},"loc":{"start":{"line":37,"column":37},"end":{"line":37,"column":55}},"line":37},"9":{"name":"(anonymous_9)","decl":{"start":{"line":51,"column":27},"end":{"line":51,"column":28}},"loc":{"start":{"line":51,"column":56},"end":{"line":91,"column":1}},"line":51},"10":{"name":"(anonymous_10)","decl":{"start":{"line":53,"column":23},"end":{"line":53,"column":24}},"loc":{"start":{"line":53,"column":36},"end":{"line":55,"column":5}},"line":53},"11":{"name":"(anonymous_11)","decl":{"start":{"line":54,"column":27},"end":{"line":54,"column":28}},"loc":{"start":{"line":54,"column":38},"end":{"line":54,"column":52}},"line":54},"12":{"name":"apiClient","decl":{"start":{"line":94,"column":22},"end":{"line":94,"column":31}},"loc":{"start":{"line":97,"column":21},"end":{"line":168,"column":1}},"line":97}},"branchMap":{"0":{"loc":{"start":{"line":52,"column":2},"end":{"line":56,"column":3}},"type":"if","locations":[{"start":{"line":52,"column":2},"end":{"line":56,"column":3}},{"start":{},"end":{}}],"line":52},"1":{"loc":{"start":{"line":62,"column":4},"end":{"line":62,"column":68}},"type":"if","locations":[{"start":{"line":62,"column":4},"end":{"line":62,"column":68}},{"start":{},"end":{}}],"line":62},"2":{"loc":{"start":{"line":76,"column":4},"end":{"line":76,"column":61}},"type":"if","locations":[{"start":{"line":76,"column":4},"end":{"line":76,"column":61}},{"start":{},"end":{}}],"line":76},"3":{"loc":{"start":{"line":79,"column":28},"end":{"line":79,"column":61}},"type":"binary-expr","locations":[{"start":{"line":79,"column":28},"end":{"line":79,"column":45}},{"start":{"line":79,"column":49},"end":{"line":79,"column":61}}],"line":79},"4":{"loc":{"start":{"line":96,"column":2},"end":{"line":96,"column":76}},"type":"default-arg","locations":[{"start":{"line":96,"column":74},"end":{"line":96,"column":76}}],"line":96},"5":{"loc":{"start":{"line":102,"column":2},"end":{"line":104,"column":3}},"type":"if","locations":[{"start":{"line":102,"column":2},"end":{"line":104,"column":3}},{"start":{},"end":{}}],"line":102},"6":{"loc":{"start":{"line":107,"column":12},"end":{"line":107,"column":33}},"type":"cond-expr","locations":[{"start":{"line":107,"column":19},"end":{"line":107,"column":25}},{"start":{"line":107,"column":28},"end":{"line":107,"column":33}}],"line":107},"7":{"loc":{"start":{"line":115,"column":2},"end":{"line":115,"column":46}},"type":"if","locations":[{"start":{"line":115,"column":2},"end":{"line":115,"column":46}},{"start":{},"end":{}}],"line":115},"8":{"loc":{"start":{"line":123,"column":4},"end":{"line":135,"column":5}},"type":"if","locations":[{"start":{"line":123,"column":4},"end":{"line":135,"column":5}},{"start":{},"end":{}}],"line":123},"9":{"loc":{"start":{"line":125,"column":6},"end":{"line":134,"column":7}},"type":"if","locations":[{"start":{"line":125,"column":6},"end":{"line":134,"column":7}},{"start":{},"end":{}}],"line":125},"10":{"loc":{"start":{"line":137,"column":4},"end":{"line":144,"column":5}},"type":"if","locations":[{"start":{"line":137,"column":4},"end":{"line":144,"column":5}},{"start":{},"end":{}}],"line":137},"11":{"loc":{"start":{"line":146,"column":4},"end":{"line":146,"column":44}},"type":"if","locations":[{"start":{"line":146,"column":4},"end":{"line":146,"column":44}},{"start":{},"end":{}}],"line":146},"12":{"loc":{"start":{"line":149,"column":4},"end":{"line":158,"column":5}},"type":"if","locations":[{"start":{"line":149,"column":4},"end":{"line":158,"column":5}},{"start":{},"end":{}}],"line":149},"13":{"loc":{"start":{"line":149,"column":8},"end":{"line":149,"column":63}},"type":"binary-expr","locations":[{"start":{"line":149,"column":8},"end":{"line":149,"column":19}},{"start":{"line":149,"column":23},"end":{"line":149,"column":63}}],"line":149},"14":{"loc":{"start":{"line":153,"column":6},"end":{"line":155,"column":7}},"type":"if","locations":[{"start":{"line":153,"column":6},"end":{"line":155,"column":7}},{"start":{},"end":{}}],"line":153},"15":{"loc":{"start":{"line":153,"column":10},"end":{"line":153,"column":47}},"type":"binary-expr","locations":[{"start":{"line":153,"column":10},"end":{"line":153,"column":26}},{"start":{"line":153,"column":30},"end":{"line":153,"column":47}}],"line":153},"16":{"loc":{"start":{"line":162,"column":4},"end":{"line":164,"column":5}},"type":"if","locations":[{"start":{"line":162,"column":4},"end":{"line":164,"column":5}},{"start":{},"end":{}}],"line":162}},"s":{"0":0,"1":0,"2":0,"3":0,"4":0,"5":0,"6":0,"7":0,"8":0,"9":0,"10":0,"11":0,"12":0,"13":0,"14":0,"15":0,"16":0,"17":0,"18":0,"19":0,"20":0,"21":0,"22":0,"23":0,"24":0,"25":0,"26":0,"27":0,"28":0,"29":0,"30":0,"31":0,"32":0,"33":0,"34":0,"35":0,"36":0,"37":0,"38":0,"39":0,"40":0,"41":0,"42":0,"43":0,"44":0,"45":0,"46":0,"47":0,"48":0,"49":0,"50":0,"51":0,"52":0,"53":0,"54":0,"55":0,"56":0,"57":0,"58":0,"59":0,"60":0,"61":0,"62":0,"63":0,"64":0,"65":0,"66":0,"67":0,"68":0,"69":0,"70":0,"71":0,"72":0,"73":0,"74":0,"75":0,"76":0,"77":0,"78":0,"79":0,"80":0,"81":0,"82":0,"83":0,"84":0,"85":0,"86":0,"87":0},"f":{"0":0,"1":0,"2":0,"3":0,"4":0,"5":0,"6":0,"7":0,"8":0,"9":0,"10":0,"11":0,"12":0},"b":{"0":[0,0],"1":[0,0],"2":[0,0],"3":[0,0],"4":[0],"5":[0,0],"6":[0,0],"7":[0,0],"8":[0,0],"9":[0,0],"10":[0,0],"11":[0,0],"12":[0,0],"13":[0,0],"14":[0,0],"15":[0,0],"16":[0,0]}}
,"/Users/iskandermac/Desktop/expogithub/expoapp/my-telegram-app-mobile/app/+html.tsx": {"path":"/Users/iskandermac/Desktop/expogithub/expoapp/my-telegram-app-mobile/app/+html.tsx","statementMap":{"0":{"start":{"line":8,"column":2},"end":{"line":27,"column":4}},"1":{"start":{"line":30,"column":29},"end":{"line":38,"column":2}}},"fnMap":{"0":{"name":"Root","decl":{"start":{"line":7,"column":24},"end":{"line":7,"column":28}},"loc":{"start":{"line":7,"column":74},"end":{"line":28,"column":1}},"line":7}},"branchMap":{},"s":{"0":0,"1":0},"f":{"0":0},"b":{}}
,"/Users/iskandermac/Desktop/expogithub/expoapp/my-telegram-app-mobile/app/+not-found.tsx": {"path":"/Users/iskandermac/Desktop/expogithub/expoapp/my-telegram-app-mobile/app/+not-found.tsx","statementMap":{"0":{"start":{"line":7,"column":2},"end":{"line":18,"column":4}},"1":{"start":{"line":21,"column":15},"end":{"line":40,"column":2}}},"fnMap":{"0":{"name":"NotFoundScreen","decl":{"start":{"line":6,"column":24},"end":{"line":6,"column":38}},"loc":{"start":{"line":6,"column":41},"end":{"line":19,"column":1}},"line":6}},"branchMap":{},"s":{"0":0,"1":0},"f":{"0":0},"b":{}}
,"/Users/iskandermac/Desktop/expogithub/expoapp/my-telegram-app-mobile/app/_layout.tsx": {"path":"/Users/iskandermac/Desktop/expogithub/expoapp/my-telegram-app-mobile/app/_layout.tsx","statementMap":{"0":{"start":{"line":32,"column":20},"end":{"line":69,"column":2}},"1":{"start":{"line":38,"column":8},"end":{"line":40,"column":9}},"2":{"start":{"line":39,"column":10},"end":{"line":39,"column":22}},"3":{"start":{"line":41,"column":8},"end":{"line":41,"column":31}},"4":{"start":{"line":43,"column":36},"end":{"line":43,"column":77}},"5":{"start":{"line":57,"column":6},"end":{"line":59,"column":7}},"6":{"start":{"line":58,"column":8},"end":{"line":58,"column":72}},"7":{"start":{"line":64,"column":6},"end":{"line":66,"column":7}},"8":{"start":{"line":65,"column":8},"end":{"line":65,"column":72}},"9":{"start":{"line":72,"column":0},"end":{"line":72,"column":35}},"10":{"start":{"line":75,"column":26},"end":{"line":86,"column":4}},"11":{"start":{"line":89,"column":2},"end":{"line":91,"column":13}},"12":{"start":{"line":90,"column":4},"end":{"line":90,"column":26}},"13":{"start":{"line":90,"column":15},"end":{"line":90,"column":26}},"14":{"start":{"line":93,"column":2},"end":{"line":95,"column":8}},"15":{"start":{"line":94,"column":4},"end":{"line":94,"column":23}},"16":{"start":{"line":97,"column":2},"end":{"line":116,"column":14}},"17":{"start":{"line":98,"column":4},"end":{"line":115,"column":5}},"18":{"start":{"line":99,"column":6},"end":{"line":99,"column":30}},"19":{"start":{"line":102,"column":34},"end":{"line":102,"column":57}},"20":{"start":{"line":103,"column":32},"end":{"line":103,"column":63}},"21":{"start":{"line":105,"column":31},"end":{"line":111,"column":7}},"22":{"start":{"line":106,"column":32},"end":{"line":106,"column":54}},"23":{"start":{"line":107,"column":8},"end":{"line":110,"column":9}},"24":{"start":{"line":113,"column":6},"end":{"line":113,"column":28}},"25":{"start":{"line":114,"column":6},"end":{"line":114,"column":33}},"26":{"start":{"line":118,"column":2},"end":{"line":120,"column":3}},"27":{"start":{"line":119,"column":4},"end":{"line":119,"column":15}},"28":{"start":{"line":122,"column":2},"end":{"line":146,"column":3}},"29":{"start":{"line":150,"column":26},"end":{"line":150,"column":42}},"30":{"start":{"line":151,"column":41},"end":{"line":151,"column":50}},"31":{"start":{"line":152,"column":19},"end":{"line":152,"column":32}},"32":{"start":{"line":153,"column":17},"end":{"line":153,"column":28}},"33":{"start":{"line":154,"column":24},"end":{"line":154,"column":34}},"34":{"start":{"line":155,"column":36},"end":{"line":155,"column":51}},"35":{"start":{"line":157,"column":2},"end":{"line":159,"column":8}},"36":{"start":{"line":158,"column":4},"end":{"line":158,"column":22}},"37":{"start":{"line":161,"column":2},"end":{"line":169,"column":17}},"38":{"start":{"line":162,"column":20},"end":{"line":164,"column":5}},"39":{"start":{"line":163,"column":6},"end":{"line":163,"column":33}},"40":{"start":{"line":165,"column":4},"end":{"line":165,"column":36}},"41":{"start":{"line":166,"column":4},"end":{"line":168,"column":5}},"42":{"start":{"line":167,"column":6},"end":{"line":167,"column":39}},"43":{"start":{"line":172,"column":2},"end":{"line":182,"column":55}},"44":{"start":{"line":173,"column":4},"end":{"line":173,"column":39}},"45":{"start":{"line":173,"column":33},"end":{"line":173,"column":39}},"46":{"start":{"line":175,"column":20},"end":{"line":175,"column":43}},"47":{"start":{"line":177,"column":4},"end":{"line":181,"column":5}},"48":{"start":{"line":178,"column":6},"end":{"line":178,"column":30}},"49":{"start":{"line":179,"column":11},"end":{"line":181,"column":5}},"50":{"start":{"line":180,"column":6},"end":{"line":180,"column":31}},"51":{"start":{"line":184,"column":62},"end":{"line":184,"column":77}},"52":{"start":{"line":186,"column":2},"end":{"line":200,"column":34}},"53":{"start":{"line":187,"column":4},"end":{"line":199,"column":5}},"54":{"start":{"line":188,"column":38},"end":{"line":197,"column":7}},"55":{"start":{"line":189,"column":8},"end":{"line":196,"column":9}},"56":{"start":{"line":190,"column":34},"end":{"line":190,"column":92}},"57":{"start":{"line":191,"column":10},"end":{"line":193,"column":11}},"58":{"start":{"line":192,"column":12},"end":{"line":192,"column":43}},"59":{"start":{"line":195,"column":10},"end":{"line":195,"column":26}},"60":{"start":{"line":198,"column":6},"end":{"line":198,"column":31}},"61":{"start":{"line":202,"column":41},"end":{"line":206,"column":3}},"62":{"start":{"line":203,"column":4},"end":{"line":203,"column":36}},"63":{"start":{"line":204,"column":4},"end":{"line":204,"column":70}},"64":{"start":{"line":205,"column":4},"end":{"line":205,"column":55}},"65":{"start":{"line":208,"column":39},"end":{"line":211,"column":3}},"66":{"start":{"line":209,"column":4},"end":{"line":209,"column":36}},"67":{"start":{"line":210,"column":4},"end":{"line":210,"column":70}},"68":{"start":{"line":213,"column":2},"end":{"line":215,"column":3}},"69":{"start":{"line":214,"column":4},"end":{"line":214,"column":63}},"70":{"start":{"line":217,"column":18},"end":{"line":217,"column":41}},"71":{"start":{"line":218,"column":2},"end":{"line":220,"column":3}},"72":{"start":{"line":219,"column":4},"end":{"line":219,"column":72}},"73":{"start":{"line":222,"column":2},"end":{"line":239,"column":3}}},"fnMap":{"0":{"name":"(anonymous_0)","decl":{"start":{"line":36,"column":13},"end":{"line":36,"column":14}},"loc":{"start":{"line":36,"column":43},"end":{"line":42,"column":7}},"line":36},"1":{"name":"(anonymous_1)","decl":{"start":{"line":43,"column":18},"end":{"line":43,"column":19}},"loc":{"start":{"line":43,"column":36},"end":{"line":43,"column":77}},"line":43},"2":{"name":"(anonymous_2)","decl":{"start":{"line":55,"column":13},"end":{"line":55,"column":14}},"loc":{"start":{"line":55,"column":29},"end":{"line":60,"column":5}},"line":55},"3":{"name":"(anonymous_3)","decl":{"start":{"line":63,"column":13},"end":{"line":63,"column":14}},"loc":{"start":{"line":63,"column":29},"end":{"line":67,"column":5}},"line":63},"4":{"name":"RootLayout","decl":{"start":{"line":74,"column":24},"end":{"line":74,"column":34}},"loc":{"start":{"line":74,"column":37},"end":{"line":147,"column":1}},"line":74},"5":{"name":"(anonymous_5)","decl":{"start":{"line":89,"column":12},"end":{"line":89,"column":13}},"loc":{"start":{"line":89,"column":18},"end":{"line":91,"column":3}},"line":89},"6":{"name":"(anonymous_6)","decl":{"start":{"line":93,"column":12},"end":{"line":93,"column":13}},"loc":{"start":{"line":93,"column":18},"end":{"line":95,"column":3}},"line":93},"7":{"name":"(anonymous_7)","decl":{"start":{"line":97,"column":12},"end":{"line":97,"column":13}},"loc":{"start":{"line":97,"column":18},"end":{"line":116,"column":3}},"line":97},"8":{"name":"(anonymous_8)","decl":{"start":{"line":105,"column":31},"end":{"line":105,"column":32}},"loc":{"start":{"line":105,"column":51},"end":{"line":111,"column":7}},"line":105},"9":{"name":"RootLayoutNav","decl":{"start":{"line":149,"column":9},"end":{"line":149,"column":22}},"loc":{"start":{"line":149,"column":25},"end":{"line":240,"column":1}},"line":149},"10":{"name":"(anonymous_10)","decl":{"start":{"line":157,"column":12},"end":{"line":157,"column":13}},"loc":{"start":{"line":157,"column":18},"end":{"line":159,"column":3}},"line":157},"11":{"name":"(anonymous_11)","decl":{"start":{"line":161,"column":12},"end":{"line":161,"column":13}},"loc":{"start":{"line":161,"column":18},"end":{"line":169,"column":3}},"line":161},"12":{"name":"(anonymous_12)","decl":{"start":{"line":162,"column":20},"end":{"line":162,"column":21}},"loc":{"start":{"line":162,"column":41},"end":{"line":164,"column":5}},"line":162},"13":{"name":"(anonymous_13)","decl":{"start":{"line":166,"column":11},"end":{"line":166,"column":12}},"loc":{"start":{"line":166,"column":17},"end":{"line":168,"column":5}},"line":166},"14":{"name":"(anonymous_14)","decl":{"start":{"line":172,"column":12},"end":{"line":172,"column":13}},"loc":{"start":{"line":172,"column":18},"end":{"line":182,"column":3}},"line":172},"15":{"name":"(anonymous_15)","decl":{"start":{"line":186,"column":12},"end":{"line":186,"column":13}},"loc":{"start":{"line":186,"column":18},"end":{"line":200,"column":3}},"line":186},"16":{"name":"(anonymous_16)","decl":{"start":{"line":188,"column":38},"end":{"line":188,"column":39}},"loc":{"start":{"line":188,"column":50},"end":{"line":197,"column":7}},"line":188},"17":{"name":"(anonymous_17)","decl":{"start":{"line":202,"column":41},"end":{"line":202,"column":42}},"loc":{"start":{"line":202,"column":53},"end":{"line":206,"column":3}},"line":202},"18":{"name":"(anonymous_18)","decl":{"start":{"line":208,"column":39},"end":{"line":208,"column":40}},"loc":{"start":{"line":208,"column":51},"end":{"line":211,"column":3}},"line":208}},"branchMap":{"0":{"loc":{"start":{"line":38,"column":8},"end":{"line":40,"column":9}},"type":"if","locations":[{"start":{"line":38,"column":8},"end":{"line":40,"column":9}},{"start":{},"end":{}}],"line":38},"1":{"loc":{"start":{"line":38,"column":12},"end":{"line":38,"column":83}},"type":"binary-expr","locations":[{"start":{"line":38,"column":12},"end":{"line":38,"column":33}},{"start":{"line":38,"column":37},"end":{"line":38,"column":58}},{"start":{"line":38,"column":62},"end":{"line":38,"column":83}}],"line":38},"2":{"loc":{"start":{"line":57,"column":6},"end":{"line":59,"column":7}},"type":"if","locations":[{"start":{"line":57,"column":6},"end":{"line":59,"column":7}},{"start":{},"end":{}}],"line":57},"3":{"loc":{"start":{"line":58,"column":34},"end":{"line":58,"column":71}},"type":"binary-expr","locations":[{"start":{"line":58,"column":34},"end":{"line":58,"column":47}},{"start":{"line":58,"column":51},"end":{"line":58,"column":71}}],"line":58},"4":{"loc":{"start":{"line":64,"column":6},"end":{"line":66,"column":7}},"type":"if","locations":[{"start":{"line":64,"column":6},"end":{"line":66,"column":7}},{"start":{},"end":{}}],"line":64},"5":{"loc":{"start":{"line":65,"column":34},"end":{"line":65,"column":71}},"type":"binary-expr","locations":[{"start":{"line":65,"column":34},"end":{"line":65,"column":47}},{"start":{"line":65,"column":51},"end":{"line":65,"column":71}}],"line":65},"6":{"loc":{"start":{"line":90,"column":4},"end":{"line":90,"column":26}},"type":"if","locations":[{"start":{"line":90,"column":4},"end":{"line":90,"column":26}},{"start":{},"end":{}}],"line":90},"7":{"loc":{"start":{"line":98,"column":4},"end":{"line":115,"column":5}},"type":"if","locations":[{"start":{"line":98,"column":4},"end":{"line":115,"column":5}},{"start":{},"end":{}}],"line":98},"8":{"loc":{"start":{"line":108,"column":14},"end":{"line":108,"column":35}},"type":"binary-expr","locations":[{"start":{"line":108,"column":14},"end":{"line":108,"column":29}},{"start":{"line":108,"column":33},"end":{"line":108,"column":35}}],"line":108},"9":{"loc":{"start":{"line":118,"column":2},"end":{"line":120,"column":3}},"type":"if","locations":[{"start":{"line":118,"column":2},"end":{"line":120,"column":3}},{"start":{},"end":{}}],"line":118},"10":{"loc":{"start":{"line":173,"column":4},"end":{"line":173,"column":39}},"type":"if","locations":[{"start":{"line":173,"column":4},"end":{"line":173,"column":39}},{"start":{},"end":{}}],"line":173},"11":{"loc":{"start":{"line":173,"column":8},"end":{"line":173,"column":31}},"type":"binary-expr","locations":[{"start":{"line":173,"column":8},"end":{"line":173,"column":18}},{"start":{"line":173,"column":22},"end":{"line":173,"column":31}}],"line":173},"12":{"loc":{"start":{"line":177,"column":4},"end":{"line":181,"column":5}},"type":"if","locations":[{"start":{"line":177,"column":4},"end":{"line":181,"column":5}},{"start":{"line":179,"column":11},"end":{"line":181,"column":5}}],"line":177},"13":{"loc":{"start":{"line":177,"column":8},"end":{"line":177,"column":36}},"type":"binary-expr","locations":[{"start":{"line":177,"column":8},"end":{"line":177,"column":24}},{"start":{"line":177,"column":28},"end":{"line":177,"column":36}}],"line":177},"14":{"loc":{"start":{"line":179,"column":11},"end":{"line":181,"column":5}},"type":"if","locations":[{"start":{"line":179,"column":11},"end":{"line":181,"column":5}},{"start":{},"end":{}}],"line":179},"15":{"loc":{"start":{"line":179,"column":15},"end":{"line":179,"column":41}},"type":"binary-expr","locations":[{"start":{"line":179,"column":15},"end":{"line":179,"column":30}},{"start":{"line":179,"column":34},"end":{"line":179,"column":41}}],"line":179},"16":{"loc":{"start":{"line":187,"column":4},"end":{"line":199,"column":5}},"type":"if","locations":[{"start":{"line":187,"column":4},"end":{"line":199,"column":5}},{"start":{},"end":{}}],"line":187},"17":{"loc":{"start":{"line":187,"column":8},"end":{"line":187,"column":37}},"type":"binary-expr","locations":[{"start":{"line":187,"column":8},"end":{"line":187,"column":23}},{"start":{"line":187,"column":27},"end":{"line":187,"column":37}}],"line":187},"18":{"loc":{"start":{"line":191,"column":10},"end":{"line":193,"column":11}},"type":"if","locations":[{"start":{"line":191,"column":10},"end":{"line":193,"column":11}},{"start":{},"end":{}}],"line":191},"19":{"loc":{"start":{"line":213,"column":2},"end":{"line":215,"column":3}},"type":"if","locations":[{"start":{"line":213,"column":2},"end":{"line":215,"column":3}},{"start":{},"end":{}}],"line":213},"20":{"loc":{"start":{"line":218,"column":2},"end":{"line":220,"column":3}},"type":"if","locations":[{"start":{"line":218,"column":2},"end":{"line":220,"column":3}},{"start":{},"end":{}}],"line":218},"21":{"loc":{"start":{"line":218,"column":6},"end":{"line":218,"column":34}},"type":"binary-expr","locations":[{"start":{"line":218,"column":6},"end":{"line":218,"column":22}},{"start":{"line":218,"column":26},"end":{"line":218,"column":34}}],"line":218},"22":{"loc":{"start":{"line":223,"column":26},"end":{"line":223,"column":75}},"type":"cond-expr","locations":[{"start":{"line":223,"column":51},"end":{"line":223,"column":60}},{"start":{"line":223,"column":63},"end":{"line":223,"column":75}}],"line":223},"23":{"loc":{"start":{"line":226,"column":9},"end":{"line":226,"column":97}},"type":"cond-expr","locations":[{"start":{"line":226,"column":27},"end":{"line":226,"column":90}},{"start":{"line":226,"column":93},"end":{"line":226,"column":97}}],"line":226}},"s":{"0":0,"1":0,"2":0,"3":0,"4":0,"5":0,"6":0,"7":0,"8":0,"9":0,"10":0,"11":0,"12":0,"13":0,"14":0,"15":0,"16":0,"17":0,"18":0,"19":0,"20":0,"21":0,"22":0,"23":0,"24":0,"25":0,"26":0,"27":0,"28":0,"29":0,"30":0,"31":0,"32":0,"33":0,"34":0,"35":0,"36":0,"37":0,"38":0,"39":0,"40":0,"41":0,"42":0,"43":0,"44":0,"45":0,"46":0,"47":0,"48":0,"49":0,"50":0,"51":0,"52":0,"53":0,"54":0,"55":0,"56":0,"57":0,"58":0,"59":0,"60":0,"61":0,"62":0,"63":0,"64":0,"65":0,"66":0,"67":0,"68":0,"69":0,"70":0,"71":0,"72":0,"73":0},"f":{"0":0,"1":0,"2":0,"3":0,"4":0,"5":0,"6":0,"7":0,"8":0,"9":0,"10":0,"11":0,"12":0,"13":0,"14":0,"15":0,"16":0,"17":0,"18":0},"b":{"0":[0,0],"1":[0,0,0],"2":[0,0],"3":[0,0],"4":[0,0],"5":[0,0],"6":[0,0],"7":[0,0],"8":[0,0],"9":[0,0],"10":[0,0],"11":[0,0],"12":[0,0],"13":[0,0],"14":[0,0],"15":[0,0],"16":[0,0],"17":[0,0],"18":[0,0],"19":[0,0],"20":[0,0],"21":[0,0],"22":[0,0],"23":[0,0]}}
,"/Users/iskandermac/Desktop/expogithub/expoapp/my-telegram-app-mobile/app/cart.tsx": {"path":"/Users/iskandermac/Desktop/expogithub/expoapp/my-telegram-app-mobile/app/cart.tsx","statementMap":{"0":{"start":{"line":15,"column":49},"end":{"line":15,"column":58}},"1":{"start":{"line":16,"column":28},"end":{"line":16,"column":41}},"2":{"start":{"line":17,"column":19},"end":{"line":17,"column":30}},"3":{"start":{"line":19,"column":4},"end":{"line":34,"column":5}},"4":{"start":{"line":20,"column":8},"end":{"line":33,"column":10}},"5":{"start":{"line":28,"column":39},"end":{"line":28,"column":52}},"6":{"start":{"line":36,"column":4},"end":{"line":105,"column":6}},"7":{"start":{"line":42,"column":53},"end":{"line":42,"column":68}},"8":{"start":{"line":47,"column":28},"end":{"line":85,"column":35}},"9":{"start":{"line":62,"column":59},"end":{"line":62,"column":100}},"10":{"start":{"line":70,"column":59},"end":{"line":70,"column":100}},"11":{"start":{"line":78,"column":55},"end":{"line":78,"column":90}},"12":{"start":{"line":97,"column":39},"end":{"line":97,"column":63}}},"fnMap":{"0":{"name":"CartScreen","decl":{"start":{"line":14,"column":24},"end":{"line":14,"column":34}},"loc":{"start":{"line":14,"column":37},"end":{"line":106,"column":1}},"line":14},"1":{"name":"(anonymous_1)","decl":{"start":{"line":28,"column":33},"end":{"line":28,"column":34}},"loc":{"start":{"line":28,"column":39},"end":{"line":28,"column":52}},"line":28},"2":{"name":"(anonymous_2)","decl":{"start":{"line":42,"column":38},"end":{"line":42,"column":39}},"loc":{"start":{"line":42,"column":53},"end":{"line":42,"column":68}},"line":42},"3":{"name":"(anonymous_3)","decl":{"start":{"line":46,"column":36},"end":{"line":46,"column":37}},"loc":{"start":{"line":47,"column":28},"end":{"line":85,"column":35}},"line":47},"4":{"name":"(anonymous_4)","decl":{"start":{"line":62,"column":53},"end":{"line":62,"column":54}},"loc":{"start":{"line":62,"column":59},"end":{"line":62,"column":100}},"line":62},"5":{"name":"(anonymous_5)","decl":{"start":{"line":70,"column":53},"end":{"line":70,"column":54}},"loc":{"start":{"line":70,"column":59},"end":{"line":70,"column":100}},"line":70},"6":{"name":"(anonymous_6)","decl":{"start":{"line":78,"column":49},"end":{"line":78,"column":50}},"loc":{"start":{"line":78,"column":55},"end":{"line":78,"column":90}},"line":78},"7":{"name":"(anonymous_7)","decl":{"start":{"line":97,"column":33},"end":{"line":97,"column":34}},"loc":{"start":{"line":97,"column":39},"end":{"line":97,"column":63}},"line":97}},"branchMap":{"0":{"loc":{"start":{"line":19,"column":4},"end":{"line":34,"column":5}},"type":"if","locations":[{"start":{"line":19,"column":4},"end":{"line":34,"column":5}},{"start":{},"end":{}}],"line":19}},"s":{"0":0,"1":0,"2":0,"3":0,"4":0,"5":0,"6":0,"7":0,"8":0,"9":0,"10":0,"11":0,"12":0},"f":{"0":0,"1":0,"2":0,"3":0,"4":0,"5":0,"6":0,"7":0},"b":{"0":[0,0]}}
,"/Users/iskandermac/Desktop/expogithub/expoapp/my-telegram-app-mobile/app/checkout.tsx": {"path":"/Users/iskandermac/Desktop/expogithub/expoapp/my-telegram-app-mobile/app/checkout.tsx","statementMap":{"0":{"start":{"line":18,"column":87},"end":{"line":18,"column":96}},"1":{"start":{"line":19,"column":40},"end":{"line":19,"column":49}},"2":{"start":{"line":20,"column":58},"end":{"line":20,"column":71}},"3":{"start":{"line":21,"column":26},"end":{"line":21,"column":36}},"4":{"start":{"line":22,"column":28},"end":{"line":22,"column":41}},"5":{"start":{"line":23,"column":19},"end":{"line":23,"column":30}},"6":{"start":{"line":25,"column":46},"end":{"line":25,"column":61}},"7":{"start":{"line":27,"column":4},"end":{"line":32,"column":41}},"8":{"start":{"line":28,"column":8},"end":{"line":31,"column":9}},"9":{"start":{"line":34,"column":29},"end":{"line":46,"column":5}},"10":{"start":{"line":35,"column":8},"end":{"line":35,"column":33}},"11":{"start":{"line":35,"column":26},"end":{"line":35,"column":33}},"12":{"start":{"line":37,"column":28},"end":{"line":43,"column":9}},"13":{"start":{"line":45,"column":8},"end":{"line":45,"column":54}},"14":{"start":{"line":48,"column":30},"end":{"line":75,"column":5}},"15":{"start":{"line":49,"column":28},"end":{"line":55,"column":9}},"16":{"start":{"line":57,"column":8},"end":{"line":74,"column":11}},"17":{"start":{"line":71,"column":16},"end":{"line":71,"column":39}},"18":{"start":{"line":77,"column":4},"end":{"line":83,"column":5}},"19":{"start":{"line":78,"column":8},"end":{"line":82,"column":10}},"20":{"start":{"line":85,"column":4},"end":{"line":98,"column":5}},"21":{"start":{"line":86,"column":8},"end":{"line":97,"column":10}},"22":{"start":{"line":93,"column":35},"end":{"line":93,"column":54}},"23":{"start":{"line":100,"column":23},"end":{"line":100,"column":70}},"24":{"start":{"line":102,"column":4},"end":{"line":209,"column":6}},"25":{"start":{"line":153,"column":43},"end":{"line":153,"column":66}},"26":{"start":{"line":197,"column":38},"end":{"line":197,"column":51}}},"fnMap":{"0":{"name":"CheckoutScreen","decl":{"start":{"line":17,"column":24},"end":{"line":17,"column":38}},"loc":{"start":{"line":17,"column":41},"end":{"line":210,"column":1}},"line":17},"1":{"name":"(anonymous_1)","decl":{"start":{"line":27,"column":14},"end":{"line":27,"column":15}},"loc":{"start":{"line":27,"column":20},"end":{"line":32,"column":5}},"line":27},"2":{"name":"(anonymous_2)","decl":{"start":{"line":34,"column":29},"end":{"line":34,"column":30}},"loc":{"start":{"line":34,"column":41},"end":{"line":46,"column":5}},"line":34},"3":{"name":"(anonymous_3)","decl":{"start":{"line":48,"column":30},"end":{"line":48,"column":31}},"loc":{"start":{"line":48,"column":36},"end":{"line":75,"column":5}},"line":48},"4":{"name":"(anonymous_4)","decl":{"start":{"line":59,"column":30},"end":{"line":59,"column":31}},"loc":{"start":{"line":59,"column":51},"end":{"line":72,"column":13}},"line":59},"5":{"name":"(anonymous_5)","decl":{"start":{"line":93,"column":29},"end":{"line":93,"column":30}},"loc":{"start":{"line":93,"column":35},"end":{"line":93,"column":54}},"line":93},"6":{"name":"(anonymous_6)","decl":{"start":{"line":153,"column":37},"end":{"line":153,"column":38}},"loc":{"start":{"line":153,"column":43},"end":{"line":153,"column":66}},"line":153},"7":{"name":"(anonymous_7)","decl":{"start":{"line":197,"column":32},"end":{"line":197,"column":33}},"loc":{"start":{"line":197,"column":38},"end":{"line":197,"column":51}},"line":197}},"branchMap":{"0":{"loc":{"start":{"line":28,"column":8},"end":{"line":31,"column":9}},"type":"if","locations":[{"start":{"line":28,"column":8},"end":{"line":31,"column":9}},{"start":{},"end":{}}],"line":28},"1":{"loc":{"start":{"line":28,"column":12},"end":{"line":28,"column":46}},"type":"binary-expr","locations":[{"start":{"line":28,"column":12},"end":{"line":28,"column":26}},{"start":{"line":28,"column":30},"end":{"line":28,"column":46}}],"line":28},"2":{"loc":{"start":{"line":35,"column":8},"end":{"line":35,"column":33}},"type":"if","locations":[{"start":{"line":35,"column":8},"end":{"line":35,"column":33}},{"start":{},"end":{}}],"line":35},"3":{"loc":{"start":{"line":42,"column":18},"end":{"line":42,"column":68}},"type":"binary-expr","locations":[{"start":{"line":42,"column":18},"end":{"line":42,"column":34}},{"start":{"line":42,"column":38},"end":{"line":42,"column":68}}],"line":42},"4":{"loc":{"start":{"line":54,"column":18},"end":{"line":54,"column":70}},"type":"binary-expr","locations":[{"start":{"line":54,"column":18},"end":{"line":54,"column":35}},{"start":{"line":54,"column":39},"end":{"line":54,"column":70}}],"line":54},"5":{"loc":{"start":{"line":77,"column":4},"end":{"line":83,"column":5}},"type":"if","locations":[{"start":{"line":77,"column":4},"end":{"line":83,"column":5}},{"start":{},"end":{}}],"line":77},"6":{"loc":{"start":{"line":85,"column":4},"end":{"line":98,"column":5}},"type":"if","locations":[{"start":{"line":85,"column":4},"end":{"line":98,"column":5}},{"start":{},"end":{}}],"line":85},"7":{"loc":{"start":{"line":100,"column":23},"end":{"line":100,"column":70}},"type":"binary-expr","locations":[{"start":{"line":100,"column":23},"end":{"line":100,"column":49}},{"start":{"line":100,"column":53},"end":{"line":100,"column":70}}],"line":100},"8":{"loc":{"start":{"line":113,"column":37},"end":{"line":113,"column":73}},"type":"cond-expr","locations":[{"start":{"line":113,"column":50},"end":{"line":113,"column":57}},{"start":{"line":113,"column":60},"end":{"line":113,"column":73}}],"line":113},"9":{"loc":{"start":{"line":123,"column":25},"end":{"line":142,"column":25}},"type":"cond-expr","locations":[{"start":{"line":124,"column":28},"end":{"line":133,"column":35}},{"start":{"line":135,"column":28},"end":{"line":141,"column":45}}],"line":123},"10":{"loc":{"start":{"line":130,"column":33},"end":{"line":132,"column":33}},"type":"binary-expr","locations":[{"start":{"line":130,"column":33},"end":{"line":130,"column":58}},{"start":{"line":131,"column":36},"end":{"line":131,"column":132}}],"line":130},"11":{"loc":{"start":{"line":155,"column":102},"end":{"line":155,"column":191}},"type":"cond-expr","locations":[{"start":{"line":155,"column":128},"end":{"line":155,"column":162}},{"start":{"line":155,"column":165},"end":{"line":155,"column":191}}],"line":155},"12":{"loc":{"start":{"line":159,"column":33},"end":{"line":159,"column":101}},"type":"binary-expr","locations":[{"start":{"line":159,"column":33},"end":{"line":159,"column":56}},{"start":{"line":159,"column":60},"end":{"line":159,"column":101}}],"line":159},"13":{"loc":{"start":{"line":161,"column":70},"end":{"line":161,"column":138}},"type":"cond-expr","locations":[{"start":{"line":161,"column":96},"end":{"line":161,"column":114}},{"start":{"line":161,"column":117},"end":{"line":161,"column":138}}],"line":161},"14":{"loc":{"start":{"line":188,"column":21},"end":{"line":193,"column":21}},"type":"binary-expr","locations":[{"start":{"line":188,"column":21},"end":{"line":188,"column":34}},{"start":{"line":189,"column":24},"end":{"line":192,"column":31}}],"line":188},"15":{"loc":{"start":{"line":200,"column":37},"end":{"line":200,"column":93}},"type":"cond-expr","locations":[{"start":{"line":200,"column":54},"end":{"line":200,"column":71}},{"start":{"line":200,"column":74},"end":{"line":200,"column":93}}],"line":200},"16":{"loc":{"start":{"line":203,"column":21},"end":{"line":205,"column":21}},"type":"binary-expr","locations":[{"start":{"line":203,"column":21},"end":{"line":203,"column":32}},{"start":{"line":204,"column":24},"end":{"line":204,"column":130}}],"line":203}},"s":{"0":0,"1":0,"2":0,"3":0,"4":0,"5":0,"6":0,"7":0,"8":0,"9":0,"10":0,"11":0,"12":0,"13":0,"14":0,"15":0,"16":0,"17":0,"18":0,"19":0,"20":0,"21":0,"22":0,"23":0,"24":0,"25":0,"26":0},"f":{"0":0,"1":0,"2":0,"3":0,"4":0,"5":0,"6":0,"7":0},"b":{"0":[0,0],"1":[0,0],"2":[0,0],"3":[0,0],"4":[0,0],"5":[0,0],"6":[0,0],"7":[0,0],"8":[0,0],"9":[0,0],"10":[0,0],"11":[0,0],"12":[0,0],"13":[0,0],"14":[0,0],"15":[0,0],"16":[0,0]}}
,"/Users/iskandermac/Desktop/expogithub/expoapp/my-telegram-app-mobile/app/login.tsx": {"path":"/Users/iskandermac/Desktop/expogithub/expoapp/my-telegram-app-mobile/app/login.tsx","statementMap":{"0":{"start":{"line":25,"column":14},"end":{"line":25,"column":31}},"1":{"start":{"line":28,"column":54},"end":{"line":28,"column":63}},"2":{"start":{"line":30,"column":26},"end":{"line":30,"column":60}},"3":{"start":{"line":31,"column":40},"end":{"line":31,"column":52}},"4":{"start":{"line":32,"column":24},"end":{"line":32,"column":36}},"5":{"start":{"line":33,"column":32},"end":{"line":33,"column":47}},"6":{"start":{"line":35,"column":2},"end":{"line":37,"column":3}},"7":{"start":{"line":36,"column":4},"end":{"line":36,"column":63}},"8":{"start":{"line":39,"column":2},"end":{"line":41,"column":3}},"9":{"start":{"line":40,"column":4},"end":{"line":40,"column":38}},"10":{"start":{"line":43,"column":24},"end":{"line":58,"column":3}},"11":{"start":{"line":44,"column":4},"end":{"line":47,"column":5}},"12":{"start":{"line":45,"column":6},"end":{"line":45,"column":52}},"13":{"start":{"line":46,"column":6},"end":{"line":46,"column":12}},"14":{"start":{"line":49,"column":4},"end":{"line":49,"column":20}},"15":{"start":{"line":50,"column":4},"end":{"line":57,"column":5}},"16":{"start":{"line":51,"column":6},"end":{"line":51,"column":44}},"17":{"start":{"line":52,"column":6},"end":{"line":52,"column":20}},"18":{"start":{"line":54,"column":6},"end":{"line":54,"column":70}},"19":{"start":{"line":56,"column":6},"end":{"line":56,"column":23}},"20":{"start":{"line":60,"column":26},"end":{"line":86,"column":3}},"21":{"start":{"line":61,"column":4},"end":{"line":64,"column":5}},"22":{"start":{"line":62,"column":6},"end":{"line":62,"column":62}},"23":{"start":{"line":63,"column":6},"end":{"line":63,"column":12}},"24":{"start":{"line":66,"column":4},"end":{"line":66,"column":20}},"25":{"start":{"line":67,"column":4},"end":{"line":85,"column":5}},"26":{"start":{"line":69,"column":19},"end":{"line":69,"column":64}},"27":{"start":{"line":71,"column":6},"end":{"line":80,"column":7}},"28":{"start":{"line":73,"column":8},"end":{"line":76,"column":10}},"29":{"start":{"line":79,"column":8},"end":{"line":79,"column":27}},"30":{"start":{"line":82,"column":6},"end":{"line":82,"column":64}},"31":{"start":{"line":84,"column":6},"end":{"line":84,"column":23}},"32":{"start":{"line":88,"column":2},"end":{"line":186,"column":3}},"33":{"start":{"line":174,"column":33},"end":{"line":174,"column":49}},"34":{"start":{"line":189,"column":15},"end":{"line":202,"column":2}}},"fnMap":{"0":{"name":"LoginScreen","decl":{"start":{"line":27,"column":24},"end":{"line":27,"column":35}},"loc":{"start":{"line":27,"column":38},"end":{"line":187,"column":1}},"line":27},"1":{"name":"(anonymous_1)","decl":{"start":{"line":43,"column":24},"end":{"line":43,"column":25}},"loc":{"start":{"line":43,"column":36},"end":{"line":58,"column":3}},"line":43},"2":{"name":"(anonymous_2)","decl":{"start":{"line":60,"column":26},"end":{"line":60,"column":27}},"loc":{"start":{"line":60,"column":38},"end":{"line":86,"column":3}},"line":60},"3":{"name":"(anonymous_3)","decl":{"start":{"line":174,"column":27},"end":{"line":174,"column":28}},"loc":{"start":{"line":174,"column":33},"end":{"line":174,"column":49}},"line":174}},"branchMap":{"0":{"loc":{"start":{"line":35,"column":2},"end":{"line":37,"column":3}},"type":"if","locations":[{"start":{"line":35,"column":2},"end":{"line":37,"column":3}},{"start":{},"end":{}}],"line":35},"1":{"loc":{"start":{"line":39,"column":2},"end":{"line":41,"column":3}},"type":"if","locations":[{"start":{"line":39,"column":2},"end":{"line":41,"column":3}},{"start":{},"end":{}}],"line":39},"2":{"loc":{"start":{"line":44,"column":4},"end":{"line":47,"column":5}},"type":"if","locations":[{"start":{"line":44,"column":4},"end":{"line":47,"column":5}},{"start":{},"end":{}}],"line":44},"3":{"loc":{"start":{"line":44,"column":8},"end":{"line":44,"column":46}},"type":"binary-expr","locations":[{"start":{"line":44,"column":8},"end":{"line":44,"column":20}},{"start":{"line":44,"column":24},"end":{"line":44,"column":46}}],"line":44},"4":{"loc":{"start":{"line":54,"column":25},"end":{"line":54,"column":69}},"type":"binary-expr","locations":[{"start":{"line":54,"column":25},"end":{"line":54,"column":38}},{"start":{"line":54,"column":42},"end":{"line":54,"column":69}}],"line":54},"5":{"loc":{"start":{"line":61,"column":4},"end":{"line":64,"column":5}},"type":"if","locations":[{"start":{"line":61,"column":4},"end":{"line":64,"column":5}},{"start":{},"end":{}}],"line":61},"6":{"loc":{"start":{"line":61,"column":8},"end":{"line":61,"column":30}},"type":"binary-expr","locations":[{"start":{"line":61,"column":8},"end":{"line":61,"column":12}},{"start":{"line":61,"column":16},"end":{"line":61,"column":30}}],"line":61},"7":{"loc":{"start":{"line":71,"column":6},"end":{"line":80,"column":7}},"type":"if","locations":[{"start":{"line":71,"column":6},"end":{"line":80,"column":7}},{"start":{"line":77,"column":13},"end":{"line":80,"column":7}}],"line":71},"8":{"loc":{"start":{"line":82,"column":25},"end":{"line":82,"column":63}},"type":"binary-expr","locations":[{"start":{"line":82,"column":25},"end":{"line":82,"column":38}},{"start":{"line":82,"column":42},"end":{"line":82,"column":63}}],"line":82},"9":{"loc":{"start":{"line":110,"column":20},"end":{"line":110,"column":64}},"type":"cond-expr","locations":[{"start":{"line":110,"column":44},"end":{"line":110,"column":53}},{"start":{"line":110,"column":56},"end":{"line":110,"column":64}}],"line":110},"10":{"loc":{"start":{"line":118,"column":15},"end":{"line":120,"column":53}},"type":"cond-expr","locations":[{"start":{"line":119,"column":18},"end":{"line":119,"column":67}},{"start":{"line":120,"column":18},"end":{"line":120,"column":53}}],"line":118},"11":{"loc":{"start":{"line":126,"column":13},"end":{"line":180,"column":13}},"type":"cond-expr","locations":[{"start":{"line":127,"column":14},"end":{"line":146,"column":17}},{"start":{"line":148,"column":14},"end":{"line":179,"column":17}}],"line":126},"12":{"loc":{"start":{"line":134,"column":29},"end":{"line":134,"column":63}},"type":"cond-expr","locations":[{"start":{"line":134,"column":37},"end":{"line":134,"column":49}},{"start":{"line":134,"column":52},"end":{"line":134,"column":63}}],"line":134},"13":{"loc":{"start":{"line":135,"column":28},"end":{"line":135,"column":107}},"type":"cond-expr","locations":[{"start":{"line":135,"column":37},"end":{"line":135,"column":95}},{"start":{"line":135,"column":98},"end":{"line":135,"column":107}}],"line":135},"14":{"loc":{"start":{"line":136,"column":29},"end":{"line":136,"column":107}},"type":"cond-expr","locations":[{"start":{"line":136,"column":37},"end":{"line":136,"column":95}},{"start":{"line":136,"column":98},"end":{"line":136,"column":107}}],"line":136},"15":{"loc":{"start":{"line":156,"column":29},"end":{"line":156,"column":63}},"type":"cond-expr","locations":[{"start":{"line":156,"column":37},"end":{"line":156,"column":49}},{"start":{"line":156,"column":52},"end":{"line":156,"column":63}}],"line":156},"16":{"loc":{"start":{"line":157,"column":70},"end":{"line":157,"column":94}},"type":"cond-expr","locations":[{"start":{"line":157,"column":78},"end":{"line":157,"column":85}},{"start":{"line":157,"column":88},"end":{"line":157,"column":94}}],"line":157},"17":{"loc":{"start":{"line":158,"column":28},"end":{"line":158,"column":109}},"type":"cond-expr","locations":[{"start":{"line":158,"column":37},"end":{"line":158,"column":97}},{"start":{"line":158,"column":100},"end":{"line":158,"column":109}}],"line":158},"18":{"loc":{"start":{"line":159,"column":29},"end":{"line":159,"column":109}},"type":"cond-expr","locations":[{"start":{"line":159,"column":37},"end":{"line":159,"column":97}},{"start":{"line":159,"column":100},"end":{"line":159,"column":109}}],"line":159}},"s":{"0":0,"1":0,"2":0,"3":0,"4":0,"5":0,"6":0,"7":0,"8":0,"9":0,"10":0,"11":0,"12":0,"13":0,"14":0,"15":0,"16":0,"17":0,"18":0,"19":0,"20":0,"21":0,"22":0,"23":0,"24":0,"25":0,"26":0,"27":0,"28":0,"29":0,"30":0,"31":0,"32":0,"33":0,"34":0},"f":{"0":0,"1":0,"2":0,"3":0},"b":{"0":[0,0],"1":[0,0],"2":[0,0],"3":[0,0],"4":[0,0],"5":[0,0],"6":[0,0],"7":[0,0],"8":[0,0],"9":[0,0],"10":[0,0],"11":[0,0],"12":[0,0],"13":[0,0],"14":[0,0],"15":[0,0],"16":[0,0],"17":[0,0],"18":[0,0]}}
,"/Users/iskandermac/Desktop/expogithub/expoapp/my-telegram-app-mobile/app/modal.tsx": {"path":"/Users/iskandermac/Desktop/expogithub/expoapp/my-telegram-app-mobile/app/modal.tsx","statementMap":{"0":{"start":{"line":8,"column":2},"end":{"line":17,"column":4}},"1":{"start":{"line":20,"column":15},"end":{"line":35,"column":2}}},"fnMap":{"0":{"name":"ModalScreen","decl":{"start":{"line":7,"column":24},"end":{"line":7,"column":35}},"loc":{"start":{"line":7,"column":38},"end":{"line":18,"column":1}},"line":7}},"branchMap":{"0":{"loc":{"start":{"line":15,"column":24},"end":{"line":15,"column":64}},"type":"cond-expr","locations":[{"start":{"line":15,"column":48},"end":{"line":15,"column":55}},{"start":{"line":15,"column":58},"end":{"line":15,"column":64}}],"line":15}},"s":{"0":0,"1":0},"f":{"0":0},"b":{"0":[0,0]}}
,"/Users/iskandermac/Desktop/expogithub/expoapp/my-telegram-app-mobile/app/register.tsx": {"path":"/Users/iskandermac/Desktop/expogithub/expoapp/my-telegram-app-mobile/app/register.tsx","statementMap":{"0":{"start":{"line":22,"column":14},"end":{"line":22,"column":31}},"1":{"start":{"line":25,"column":45},"end":{"line":25,"column":54}},"2":{"start":{"line":26,"column":34},"end":{"line":26,"column":56}},"3":{"start":{"line":28,"column":36},"end":{"line":28,"column":48}},"4":{"start":{"line":29,"column":28},"end":{"line":29,"column":40}},"5":{"start":{"line":30,"column":34},"end":{"line":30,"column":46}},"6":{"start":{"line":31,"column":34},"end":{"line":31,"column":49}},"7":{"start":{"line":33,"column":4},"end":{"line":35,"column":5}},"8":{"start":{"line":34,"column":8},"end":{"line":34,"column":42}},"9":{"start":{"line":37,"column":27},"end":{"line":71,"column":5}},"10":{"start":{"line":38,"column":8},"end":{"line":41,"column":9}},"11":{"start":{"line":39,"column":12},"end":{"line":39,"column":65}},"12":{"start":{"line":40,"column":12},"end":{"line":40,"column":18}},"13":{"start":{"line":43,"column":8},"end":{"line":43,"column":24}},"14":{"start":{"line":44,"column":8},"end":{"line":70,"column":9}},"15":{"start":{"line":45,"column":32},"end":{"line":50,"column":13}},"16":{"start":{"line":53,"column":12},"end":{"line":57,"column":13}},"17":{"start":{"line":60,"column":12},"end":{"line":60,"column":31}},"18":{"start":{"line":63,"column":12},"end":{"line":63,"column":37}},"19":{"start":{"line":66,"column":12},"end":{"line":66,"column":56}},"20":{"start":{"line":67,"column":12},"end":{"line":67,"column":85}},"21":{"start":{"line":69,"column":12},"end":{"line":69,"column":29}},"22":{"start":{"line":73,"column":4},"end":{"line":125,"column":5}},"23":{"start":{"line":128,"column":15},"end":{"line":139,"column":2}}},"fnMap":{"0":{"name":"RegisterScreen","decl":{"start":{"line":24,"column":24},"end":{"line":24,"column":38}},"loc":{"start":{"line":24,"column":41},"end":{"line":126,"column":1}},"line":24},"1":{"name":"(anonymous_1)","decl":{"start":{"line":37,"column":27},"end":{"line":37,"column":28}},"loc":{"start":{"line":37,"column":39},"end":{"line":71,"column":5}},"line":37}},"branchMap":{"0":{"loc":{"start":{"line":33,"column":4},"end":{"line":35,"column":5}},"type":"if","locations":[{"start":{"line":33,"column":4},"end":{"line":35,"column":5}},{"start":{},"end":{}}],"line":33},"1":{"loc":{"start":{"line":38,"column":8},"end":{"line":41,"column":9}},"type":"if","locations":[{"start":{"line":38,"column":8},"end":{"line":41,"column":9}},{"start":{},"end":{}}],"line":38},"2":{"loc":{"start":{"line":38,"column":12},"end":{"line":38,"column":42}},"type":"binary-expr","locations":[{"start":{"line":38,"column":12},"end":{"line":38,"column":21}},{"start":{"line":38,"column":25},"end":{"line":38,"column":30}},{"start":{"line":38,"column":34},"end":{"line":38,"column":42}}],"line":38},"3":{"loc":{"start":{"line":67,"column":39},"end":{"line":67,"column":84}},"type":"binary-expr","locations":[{"start":{"line":67,"column":39},"end":{"line":67,"column":52}},{"start":{"line":67,"column":56},"end":{"line":67,"column":84}}],"line":67},"4":{"loc":{"start":{"line":77,"column":30},"end":{"line":77,"column":74}},"type":"cond-expr","locations":[{"start":{"line":77,"column":54},"end":{"line":77,"column":63}},{"start":{"line":77,"column":66},"end":{"line":77,"column":74}}],"line":77},"5":{"loc":{"start":{"line":93,"column":43},"end":{"line":93,"column":77}},"type":"cond-expr","locations":[{"start":{"line":93,"column":51},"end":{"line":93,"column":63}},{"start":{"line":93,"column":66},"end":{"line":93,"column":77}}],"line":93},"6":{"loc":{"start":{"line":101,"column":43},"end":{"line":101,"column":77}},"type":"cond-expr","locations":[{"start":{"line":101,"column":51},"end":{"line":101,"column":63}},{"start":{"line":101,"column":66},"end":{"line":101,"column":77}}],"line":101},"7":{"loc":{"start":{"line":109,"column":43},"end":{"line":109,"column":77}},"type":"cond-expr","locations":[{"start":{"line":109,"column":51},"end":{"line":109,"column":63}},{"start":{"line":109,"column":66},"end":{"line":109,"column":77}}],"line":109}},"s":{"0":0,"1":0,"2":0,"3":0,"4":0,"5":0,"6":0,"7":0,"8":0,"9":0,"10":0,"11":0,"12":0,"13":0,"14":0,"15":0,"16":0,"17":0,"18":0,"19":0,"20":0,"21":0,"22":0,"23":0},"f":{"0":0,"1":0},"b":{"0":[0,0],"1":[0,0],"2":[0,0,0],"3":[0,0],"4":[0,0],"5":[0,0],"6":[0,0],"7":[0,0]}}
,"/Users/iskandermac/Desktop/expogithub/expoapp/my-telegram-app-mobile/app/(tabs)/_layout.tsx": {"path":"/Users/iskandermac/Desktop/expogithub/expoapp/my-telegram-app-mobile/app/(tabs)/_layout.tsx","statementMap":{"0":{"start":{"line":9,"column":2},"end":{"line":50,"column":4}},"1":{"start":{"line":12,"column":25},"end":{"line":12,"column":52}},"2":{"start":{"line":14,"column":24},"end":{"line":14,"column":34}},"3":{"start":{"line":23,"column":48},"end":{"line":23,"column":112}},"4":{"start":{"line":30,"column":48},"end":{"line":30,"column":113}},"5":{"start":{"line":37,"column":48},"end":{"line":37,"column":119}},"6":{"start":{"line":44,"column":48},"end":{"line":44,"column":116}}},"fnMap":{"0":{"name":"TabLayout","decl":{"start":{"line":8,"column":24},"end":{"line":8,"column":33}},"loc":{"start":{"line":8,"column":36},"end":{"line":51,"column":1}},"line":8},"1":{"name":"(anonymous_1)","decl":{"start":{"line":12,"column":16},"end":{"line":12,"column":17}},"loc":{"start":{"line":12,"column":25},"end":{"line":12,"column":52}},"line":12},"2":{"name":"(anonymous_2)","decl":{"start":{"line":14,"column":18},"end":{"line":14,"column":19}},"loc":{"start":{"line":14,"column":24},"end":{"line":14,"column":34}},"line":14},"3":{"name":"(anonymous_3)","decl":{"start":{"line":23,"column":24},"end":{"line":23,"column":25}},"loc":{"start":{"line":23,"column":48},"end":{"line":23,"column":112}},"line":23},"4":{"name":"(anonymous_4)","decl":{"start":{"line":30,"column":24},"end":{"line":30,"column":25}},"loc":{"start":{"line":30,"column":48},"end":{"line":30,"column":113}},"line":30},"5":{"name":"(anonymous_5)","decl":{"start":{"line":37,"column":24},"end":{"line":37,"column":25}},"loc":{"start":{"line":37,"column":48},"end":{"line":37,"column":119}},"line":37},"6":{"name":"(anonymous_6)","decl":{"start":{"line":44,"column":24},"end":{"line":44,"column":25}},"loc":{"start":{"line":44,"column":48},"end":{"line":44,"column":116}},"line":44}},"branchMap":{"0":{"loc":{"start":{"line":23,"column":91},"end":{"line":23,"column":108}},"type":"cond-expr","locations":[{"start":{"line":23,"column":101},"end":{"line":23,"column":104}},{"start":{"line":23,"column":107},"end":{"line":23,"column":108}}],"line":23},"1":{"loc":{"start":{"line":30,"column":92},"end":{"line":30,"column":109}},"type":"cond-expr","locations":[{"start":{"line":30,"column":102},"end":{"line":30,"column":105}},{"start":{"line":30,"column":108},"end":{"line":30,"column":109}}],"line":30},"2":{"loc":{"start":{"line":37,"column":98},"end":{"line":37,"column":115}},"type":"cond-expr","locations":[{"start":{"line":37,"column":108},"end":{"line":37,"column":111}},{"start":{"line":37,"column":114},"end":{"line":37,"column":115}}],"line":37},"3":{"loc":{"start":{"line":44,"column":95},"end":{"line":44,"column":112}},"type":"cond-expr","locations":[{"start":{"line":44,"column":105},"end":{"line":44,"column":108}},{"start":{"line":44,"column":111},"end":{"line":44,"column":112}}],"line":44}},"s":{"0":0,"1":0,"2":0,"3":0,"4":0,"5":0,"6":0},"f":{"0":0,"1":0,"2":0,"3":0,"4":0,"5":0,"6":0},"b":{"0":[0,0],"1":[0,0],"2":[0,0],"3":[0,0]}}
,"/Users/iskandermac/Desktop/expogithub/expoapp/my-telegram-app-mobile/app/(tabs)/favorites.tsx": {"path":"/Users/iskandermac/Desktop/expogithub/expoapp/my-telegram-app-mobile/app/(tabs)/favorites.tsx","statementMap":{"0":{"start":{"line":44,"column":26},"end":{"line":44,"column":35}},"1":{"start":{"line":45,"column":62},"end":{"line":45,"column":87}},"2":{"start":{"line":49,"column":4},"end":{"line":49,"column":42}},"3":{"start":{"line":53,"column":6},"end":{"line":53,"column":15}},"4":{"start":{"line":55,"column":24},"end":{"line":55,"column":34}},"5":{"start":{"line":57,"column":40},"end":{"line":57,"column":52}},"6":{"start":{"line":58,"column":46},"end":{"line":58,"column":61}},"7":{"start":{"line":60,"column":20},"end":{"line":60,"column":63}},"8":{"start":{"line":67,"column":40},"end":{"line":78,"column":24}},"9":{"start":{"line":68,"column":4},"end":{"line":68,"column":72}},"10":{"start":{"line":68,"column":63},"end":{"line":68,"column":72}},"11":{"start":{"line":70,"column":4},"end":{"line":77,"column":7}},"12":{"start":{"line":70,"column":45},"end":{"line":77,"column":5}},"13":{"start":{"line":83,"column":33},"end":{"line":99,"column":26}},"14":{"start":{"line":84,"column":4},"end":{"line":84,"column":87}},"15":{"start":{"line":84,"column":41},"end":{"line":84,"column":87}},"16":{"start":{"line":86,"column":16},"end":{"line":86,"column":41}},"17":{"start":{"line":88,"column":4},"end":{"line":92,"column":6}},"18":{"start":{"line":89,"column":6},"end":{"line":91,"column":7}},"19":{"start":{"line":90,"column":8},"end":{"line":90,"column":59}},"20":{"start":{"line":94,"column":18},"end":{"line":96,"column":5}},"21":{"start":{"line":95,"column":26},"end":{"line":95,"column":63}},"22":{"start":{"line":98,"column":4},"end":{"line":98,"column":84}},"23":{"start":{"line":104,"column":38},"end":{"line":121,"column":55}},"24":{"start":{"line":105,"column":16},"end":{"line":105,"column":39}},"25":{"start":{"line":107,"column":4},"end":{"line":109,"column":5}},"26":{"start":{"line":108,"column":6},"end":{"line":108,"column":64}},"27":{"start":{"line":108,"column":34},"end":{"line":108,"column":63}},"28":{"start":{"line":111,"column":4},"end":{"line":118,"column":5}},"29":{"start":{"line":112,"column":16},"end":{"line":112,"column":41}},"30":{"start":{"line":113,"column":6},"end":{"line":117,"column":7}},"31":{"start":{"line":115,"column":10},"end":{"line":116,"column":52}},"32":{"start":{"line":120,"column":4},"end":{"line":120,"column":16}},"33":{"start":{"line":123,"column":28},"end":{"line":125,"column":3}},"34":{"start":{"line":124,"column":4},"end":{"line":124,"column":43}},"35":{"start":{"line":130,"column":2},"end":{"line":136,"column":3}},"36":{"start":{"line":131,"column":4},"end":{"line":135,"column":5}},"37":{"start":{"line":141,"column":25},"end":{"line":162,"column":3}},"38":{"start":{"line":142,"column":4},"end":{"line":161,"column":11}},"39":{"start":{"line":145,"column":10},"end":{"line":158,"column":17}},"40":{"start":{"line":167,"column":2},"end":{"line":289,"column":3}},"41":{"start":{"line":185,"column":49},"end":{"line":185,"column":67}},"42":{"start":{"line":206,"column":48},"end":{"line":206,"column":55}},"43":{"start":{"line":208,"column":16},"end":{"line":235,"column":33}},"44":{"start":{"line":209,"column":33},"end":{"line":209,"column":59}},"45":{"start":{"line":253,"column":45},"end":{"line":253,"column":52}},"46":{"start":{"line":256,"column":14},"end":{"line":265,"column":16}}},"fnMap":{"0":{"name":"FavoritesScreen","decl":{"start":{"line":43,"column":24},"end":{"line":43,"column":39}},"loc":{"start":{"line":43,"column":42},"end":{"line":290,"column":1}},"line":43},"1":{"name":"(anonymous_1)","decl":{"start":{"line":67,"column":48},"end":{"line":67,"column":49}},"loc":{"start":{"line":67,"column":54},"end":{"line":78,"column":3}},"line":67},"2":{"name":"(anonymous_2)","decl":{"start":{"line":70,"column":32},"end":{"line":70,"column":33}},"loc":{"start":{"line":70,"column":45},"end":{"line":77,"column":5}},"line":70},"3":{"name":"(anonymous_3)","decl":{"start":{"line":83,"column":41},"end":{"line":83,"column":42}},"loc":{"start":{"line":83,"column":47},"end":{"line":99,"column":3}},"line":83},"4":{"name":"(anonymous_4)","decl":{"start":{"line":88,"column":31},"end":{"line":88,"column":32}},"loc":{"start":{"line":88,"column":38},"end":{"line":92,"column":5}},"line":88},"5":{"name":"(anonymous_5)","decl":{"start":{"line":95,"column":6},"end":{"line":95,"column":7}},"loc":{"start":{"line":95,"column":26},"end":{"line":95,"column":63}},"line":95},"6":{"name":"(anonymous_6)","decl":{"start":{"line":104,"column":46},"end":{"line":104,"column":47}},"loc":{"start":{"line":104,"column":52},"end":{"line":121,"column":3}},"line":104},"7":{"name":"(anonymous_7)","decl":{"start":{"line":108,"column":27},"end":{"line":108,"column":28}},"loc":{"start":{"line":108,"column":34},"end":{"line":108,"column":63}},"line":108},"8":{"name":"(anonymous_8)","decl":{"start":{"line":114,"column":8},"end":{"line":114,"column":9}},"loc":{"start":{"line":115,"column":10},"end":{"line":116,"column":52}},"line":115},"9":{"name":"(anonymous_9)","decl":{"start":{"line":123,"column":28},"end":{"line":123,"column":29}},"loc":{"start":{"line":123,"column":50},"end":{"line":125,"column":3}},"line":123},"10":{"name":"(anonymous_10)","decl":{"start":{"line":141,"column":25},"end":{"line":141,"column":26}},"loc":{"start":{"line":142,"column":4},"end":{"line":161,"column":11}},"line":142},"11":{"name":"(anonymous_11)","decl":{"start":{"line":144,"column":32},"end":{"line":144,"column":33}},"loc":{"start":{"line":145,"column":10},"end":{"line":158,"column":17}},"line":145},"12":{"name":"(anonymous_12)","decl":{"start":{"line":185,"column":43},"end":{"line":185,"column":44}},"loc":{"start":{"line":185,"column":49},"end":{"line":185,"column":67}},"line":185},"13":{"name":"(anonymous_13)","decl":{"start":{"line":206,"column":28},"end":{"line":206,"column":29}},"loc":{"start":{"line":206,"column":48},"end":{"line":206,"column":55}},"line":206},"14":{"name":"(anonymous_14)","decl":{"start":{"line":207,"column":26},"end":{"line":207,"column":27}},"loc":{"start":{"line":208,"column":16},"end":{"line":235,"column":33}},"line":208},"15":{"name":"(anonymous_15)","decl":{"start":{"line":209,"column":27},"end":{"line":209,"column":28}},"loc":{"start":{"line":209,"column":33},"end":{"line":209,"column":59}},"line":209},"16":{"name":"(anonymous_16)","decl":{"start":{"line":253,"column":26},"end":{"line":253,"column":27}},"loc":{"start":{"line":253,"column":45},"end":{"line":253,"column":52}},"line":253},"17":{"name":"(anonymous_17)","decl":{"start":{"line":255,"column":24},"end":{"line":255,"column":25}},"loc":{"start":{"line":256,"column":14},"end":{"line":265,"column":16}},"line":256}},"branchMap":{"0":{"loc":{"start":{"line":60,"column":20},"end":{"line":60,"column":63}},"type":"binary-expr","locations":[{"start":{"line":60,"column":20},"end":{"line":60,"column":38}},{"start":{"line":60,"column":42},"end":{"line":60,"column":63}}],"line":60},"1":{"loc":{"start":{"line":68,"column":4},"end":{"line":68,"column":72}},"type":"if","locations":[{"start":{"line":68,"column":4},"end":{"line":68,"column":72}},{"start":{},"end":{}}],"line":68},"2":{"loc":{"start":{"line":68,"column":8},"end":{"line":68,"column":61}},"type":"binary-expr","locations":[{"start":{"line":68,"column":8},"end":{"line":68,"column":25}},{"start":{"line":68,"column":29},"end":{"line":68,"column":61}}],"line":68},"3":{"loc":{"start":{"line":73,"column":20},"end":{"line":73,"column":32}},"type":"binary-expr","locations":[{"start":{"line":73,"column":20},"end":{"line":73,"column":27}},{"start":{"line":73,"column":31},"end":{"line":73,"column":32}}],"line":73},"4":{"loc":{"start":{"line":74,"column":38},"end":{"line":74,"column":68}},"type":"binary-expr","locations":[{"start":{"line":74,"column":38},"end":{"line":74,"column":63}},{"start":{"line":74,"column":67},"end":{"line":74,"column":68}}],"line":74},"5":{"loc":{"start":{"line":76,"column":17},"end":{"line":76,"column":47}},"type":"binary-expr","locations":[{"start":{"line":76,"column":17},"end":{"line":76,"column":28}},{"start":{"line":76,"column":32},"end":{"line":76,"column":39}},{"start":{"line":76,"column":43},"end":{"line":76,"column":47}}],"line":76},"6":{"loc":{"start":{"line":84,"column":4},"end":{"line":84,"column":87}},"type":"if","locations":[{"start":{"line":84,"column":4},"end":{"line":84,"column":87}},{"start":{},"end":{}}],"line":84},"7":{"loc":{"start":{"line":89,"column":6},"end":{"line":91,"column":7}},"type":"if","locations":[{"start":{"line":89,"column":6},"end":{"line":91,"column":7}},{"start":{},"end":{}}],"line":89},"8":{"loc":{"start":{"line":90,"column":29},"end":{"line":90,"column":53}},"type":"binary-expr","locations":[{"start":{"line":90,"column":29},"end":{"line":90,"column":48}},{"start":{"line":90,"column":52},"end":{"line":90,"column":53}}],"line":90},"9":{"loc":{"start":{"line":107,"column":4},"end":{"line":109,"column":5}},"type":"if","locations":[{"start":{"line":107,"column":4},"end":{"line":109,"column":5}},{"start":{},"end":{}}],"line":107},"10":{"loc":{"start":{"line":111,"column":4},"end":{"line":118,"column":5}},"type":"if","locations":[{"start":{"line":111,"column":4},"end":{"line":118,"column":5}},{"start":{},"end":{}}],"line":111},"11":{"loc":{"start":{"line":115,"column":10},"end":{"line":116,"column":52}},"type":"binary-expr","locations":[{"start":{"line":115,"column":10},"end":{"line":115,"column":42}},{"start":{"line":116,"column":10},"end":{"line":116,"column":52}}],"line":115},"12":{"loc":{"start":{"line":130,"column":2},"end":{"line":136,"column":3}},"type":"if","locations":[{"start":{"line":130,"column":2},"end":{"line":136,"column":3}},{"start":{},"end":{}}],"line":130},"13":{"loc":{"start":{"line":184,"column":16},"end":{"line":188,"column":24}},"type":"cond-expr","locations":[{"start":{"line":185,"column":18},"end":{"line":187,"column":35}},{"start":{"line":188,"column":20},"end":{"line":188,"column":24}}],"line":184},"14":{"loc":{"start":{"line":196,"column":11},"end":{"line":238,"column":11}},"type":"binary-expr","locations":[{"start":{"line":196,"column":11},"end":{"line":196,"column":21}},{"start":{"line":196,"column":25},"end":{"line":196,"column":46}},{"start":{"line":197,"column":12},"end":{"line":237,"column":14}}],"line":196},"15":{"loc":{"start":{"line":212,"column":20},"end":{"line":214,"column":50}},"type":"cond-expr","locations":[{"start":{"line":213,"column":24},"end":{"line":213,"column":53}},{"start":{"line":214,"column":24},"end":{"line":214,"column":50}}],"line":212},"16":{"loc":{"start":{"line":219,"column":22},"end":{"line":221,"column":41}},"type":"cond-expr","locations":[{"start":{"line":220,"column":26},"end":{"line":220,"column":38}},{"start":{"line":221,"column":26},"end":{"line":221,"column":41}}],"line":219},"17":{"loc":{"start":{"line":227,"column":24},"end":{"line":229,"column":43}},"type":"cond-expr","locations":[{"start":{"line":228,"column":28},"end":{"line":228,"column":43}},{"start":{"line":229,"column":28},"end":{"line":229,"column":43}}],"line":227},"18":{"loc":{"start":{"line":244,"column":9},"end":{"line":286,"column":9}},"type":"cond-expr","locations":[{"start":{"line":245,"column":10},"end":{"line":245,"column":26}},{"start":{"line":246,"column":12},"end":{"line":286,"column":9}}],"line":244},"19":{"loc":{"start":{"line":246,"column":12},"end":{"line":286,"column":9}},"type":"cond-expr","locations":[{"start":{"line":247,"column":10},"end":{"line":267,"column":12}},{"start":{"line":269,"column":10},"end":{"line":285,"column":17}}],"line":246},"20":{"loc":{"start":{"line":275,"column":15},"end":{"line":277,"column":39}},"type":"cond-expr","locations":[{"start":{"line":276,"column":18},"end":{"line":276,"column":33}},{"start":{"line":277,"column":18},"end":{"line":277,"column":39}}],"line":275},"21":{"loc":{"start":{"line":275,"column":15},"end":{"line":275,"column":54}},"type":"binary-expr","locations":[{"start":{"line":275,"column":15},"end":{"line":275,"column":26}},{"start":{"line":275,"column":30},"end":{"line":275,"column":54}}],"line":275},"22":{"loc":{"start":{"line":281,"column":15},"end":{"line":283,"column":72}},"type":"cond-expr","locations":[{"start":{"line":282,"column":18},"end":{"line":282,"column":52}},{"start":{"line":283,"column":18},"end":{"line":283,"column":72}}],"line":281},"23":{"loc":{"start":{"line":281,"column":15},"end":{"line":281,"column":54}},"type":"binary-expr","locations":[{"start":{"line":281,"column":15},"end":{"line":281,"column":26}},{"start":{"line":281,"column":30},"end":{"line":281,"column":54}}],"line":281}},"s":{"0":0,"1":0,"2":0,"3":0,"4":0,"5":0,"6":0,"7":0,"8":0,"9":0,"10":0,"11":0,"12":0,"13":0,"14":0,"15":0,"16":0,"17":0,"18":0,"19":0,"20":0,"21":0,"22":0,"23":0,"24":0,"25":0,"26":0,"27":0,"28":0,"29":0,"30":0,"31":0,"32":0,"33":0,"34":0,"35":0,"36":0,"37":0,"38":0,"39":0,"40":0,"41":0,"42":0,"43":0,"44":0,"45":0,"46":0},"f":{"0":0,"1":0,"2":0,"3":0,"4":0,"5":0,"6":0,"7":0,"8":0,"9":0,"10":0,"11":0,"12":0,"13":0,"14":0,"15":0,"16":0,"17":0},"b":{"0":[0,0],"1":[0,0],"2":[0,0],"3":[0,0],"4":[0,0],"5":[0,0,0],"6":[0,0],"7":[0,0],"8":[0,0],"9":[0,0],"10":[0,0],"11":[0,0],"12":[0,0],"13":[0,0],"14":[0,0,0],"15":[0,0],"16":[0,0],"17":[0,0],"18":[0,0],"19":[0,0],"20":[0,0],"21":[0,0],"22":[0,0],"23":[0,0]}}
,"/Users/iskandermac/Desktop/expogithub/expoapp/my-telegram-app-mobile/app/(tabs)/index.tsx": {"path":"/Users/iskandermac/Desktop/expogithub/expoapp/my-telegram-app-mobile/app/(tabs)/index.tsx","statementMap":{"0":{"start":{"line":29,"column":13},"end":{"line":33,"column":10}},"1":{"start":{"line":35,"column":18},"end":{"line":59,"column":1}},"2":{"start":{"line":45,"column":17},"end":{"line":45,"column":25}},"3":{"start":{"line":46,"column":4},"end":{"line":57,"column":5}},"4":{"start":{"line":62,"column":44},"end":{"line":62,"column":72}},"5":{"start":{"line":63,"column":46},"end":{"line":63,"column":67}},"6":{"start":{"line":64,"column":32},"end":{"line":64,"column":61}},"7":{"start":{"line":74,"column":6},"end":{"line":74,"column":42}},"8":{"start":{"line":76,"column":69},"end":{"line":76,"column":93}},"9":{"start":{"line":78,"column":85},"end":{"line":78,"column":113}},"10":{"start":{"line":80,"column":86},"end":{"line":80,"column":104}},"11":{"start":{"line":82,"column":24},"end":{"line":82,"column":34}},"12":{"start":{"line":83,"column":26},"end":{"line":83,"column":35}},"13":{"start":{"line":86,"column":6},"end":{"line":86,"column":15}},"14":{"start":{"line":88,"column":23},"end":{"line":88,"column":51}},"15":{"start":{"line":89,"column":74},"end":{"line":89,"column":100}},"16":{"start":{"line":92,"column":35},"end":{"line":97,"column":3}},"17":{"start":{"line":94,"column":6},"end":{"line":94,"column":45}},"18":{"start":{"line":99,"column":32},"end":{"line":101,"column":8}},"19":{"start":{"line":100,"column":4},"end":{"line":100,"column":45}},"20":{"start":{"line":103,"column":36},"end":{"line":105,"column":8}},"21":{"start":{"line":104,"column":4},"end":{"line":104,"column":53}},"22":{"start":{"line":107,"column":26},"end":{"line":112,"column":3}},"23":{"start":{"line":109,"column":6},"end":{"line":109,"column":24}},"24":{"start":{"line":114,"column":31},"end":{"line":119,"column":3}},"25":{"start":{"line":116,"column":6},"end":{"line":116,"column":24}},"26":{"start":{"line":121,"column":20},"end":{"line":126,"column":87}},"27":{"start":{"line":122,"column":4},"end":{"line":124,"column":62}},"28":{"start":{"line":122,"column":38},"end":{"line":122,"column":55}},"29":{"start":{"line":123,"column":9},"end":{"line":124,"column":62}},"30":{"start":{"line":123,"column":46},"end":{"line":123,"column":60}},"31":{"start":{"line":124,"column":9},"end":{"line":124,"column":62}},"32":{"start":{"line":124,"column":44},"end":{"line":124,"column":62}},"33":{"start":{"line":125,"column":4},"end":{"line":125,"column":21}},"34":{"start":{"line":128,"column":26},"end":{"line":128,"column":83}},"35":{"start":{"line":128,"column":54},"end":{"line":128,"column":68}},"36":{"start":{"line":130,"column":28},"end":{"line":141,"column":3}},"37":{"start":{"line":132,"column":6},"end":{"line":138,"column":8}},"38":{"start":{"line":143,"column":25},"end":{"line":150,"column":3}},"39":{"start":{"line":145,"column":6},"end":{"line":147,"column":13}},"40":{"start":{"line":152,"column":29},"end":{"line":159,"column":3}},"41":{"start":{"line":154,"column":6},"end":{"line":156,"column":13}},"42":{"start":{"line":161,"column":30},"end":{"line":161,"column":79}},"43":{"start":{"line":161,"column":57},"end":{"line":161,"column":74}},"44":{"start":{"line":162,"column":27},"end":{"line":162,"column":76}},"45":{"start":{"line":162,"column":54},"end":{"line":162,"column":71}},"46":{"start":{"line":163,"column":31},"end":{"line":163,"column":80}},"47":{"start":{"line":163,"column":58},"end":{"line":163,"column":75}},"48":{"start":{"line":165,"column":27},"end":{"line":178,"column":3}},"49":{"start":{"line":167,"column":6},"end":{"line":175,"column":7}},"50":{"start":{"line":168,"column":8},"end":{"line":168,"column":38}},"51":{"start":{"line":169,"column":13},"end":{"line":175,"column":7}},"52":{"start":{"line":170,"column":8},"end":{"line":170,"column":52}},"53":{"start":{"line":171,"column":13},"end":{"line":175,"column":7}},"54":{"start":{"line":172,"column":8},"end":{"line":172,"column":60}},"55":{"start":{"line":173,"column":13},"end":{"line":175,"column":7}},"56":{"start":{"line":174,"column":8},"end":{"line":174,"column":49}},"57":{"start":{"line":180,"column":21},"end":{"line":190,"column":3}},"58":{"start":{"line":182,"column":6},"end":{"line":187,"column":13}},"59":{"start":{"line":192,"column":21},"end":{"line":195,"column":3}},"60":{"start":{"line":193,"column":11},"end":{"line":193,"column":85}},"61":{"start":{"line":197,"column":30},"end":{"line":200,"column":3}},"62":{"start":{"line":198,"column":11},"end":{"line":198,"column":118}},"63":{"start":{"line":202,"column":34},"end":{"line":206,"column":3}},"64":{"start":{"line":204,"column":6},"end":{"line":204,"column":120}},"65":{"start":{"line":208,"column":33},"end":{"line":211,"column":3}},"66":{"start":{"line":209,"column":10},"end":{"line":209,"column":84}},"67":{"start":{"line":213,"column":30},"end":{"line":216,"column":3}},"68":{"start":{"line":214,"column":10},"end":{"line":214,"column":81}},"69":{"start":{"line":218,"column":34},"end":{"line":221,"column":3}},"70":{"start":{"line":219,"column":10},"end":{"line":219,"column":85}},"71":{"start":{"line":223,"column":25},"end":{"line":225,"column":8}},"72":{"start":{"line":224,"column":4},"end":{"line":224,"column":27}},"73":{"start":{"line":227,"column":24},"end":{"line":279,"column":3}},"74":{"start":{"line":228,"column":4},"end":{"line":246,"column":5}},"75":{"start":{"line":229,"column":6},"end":{"line":245,"column":7}},"76":{"start":{"line":248,"column":4},"end":{"line":262,"column":5}},"77":{"start":{"line":249,"column":6},"end":{"line":261,"column":7}},"78":{"start":{"line":264,"column":4},"end":{"line":278,"column":5}},"79":{"start":{"line":265,"column":6},"end":{"line":277,"column":7}},"80":{"start":{"line":281,"column":2},"end":{"line":301,"column":3}},"81":{"start":{"line":288,"column":14},"end":{"line":293,"column":16}},"82":{"start":{"line":292,"column":31},"end":{"line":292,"column":53}}},"fnMap":{"0":{"name":"(anonymous_0)","decl":{"start":{"line":36,"column":2},"end":{"line":36,"column":3}},"loc":{"start":{"line":44,"column":8},"end":{"line":58,"column":3}},"line":44},"1":{"name":"HomeScreen","decl":{"start":{"line":61,"column":24},"end":{"line":61,"column":34}},"loc":{"start":{"line":61,"column":37},"end":{"line":302,"column":1}},"line":61},"2":{"name":"(anonymous_2)","decl":{"start":{"line":93,"column":4},"end":{"line":93,"column":5}},"loc":{"start":{"line":93,"column":22},"end":{"line":95,"column":5}},"line":93},"3":{"name":"(anonymous_3)","decl":{"start":{"line":99,"column":44},"end":{"line":99,"column":45}},"loc":{"start":{"line":99,"column":64},"end":{"line":101,"column":3}},"line":99},"4":{"name":"(anonymous_4)","decl":{"start":{"line":103,"column":48},"end":{"line":103,"column":49}},"loc":{"start":{"line":103,"column":72},"end":{"line":105,"column":3}},"line":103},"5":{"name":"(anonymous_5)","decl":{"start":{"line":108,"column":4},"end":{"line":108,"column":5}},"loc":{"start":{"line":108,"column":22},"end":{"line":110,"column":5}},"line":108},"6":{"name":"(anonymous_6)","decl":{"start":{"line":115,"column":4},"end":{"line":115,"column":5}},"loc":{"start":{"line":115,"column":20},"end":{"line":117,"column":5}},"line":115},"7":{"name":"(anonymous_7)","decl":{"start":{"line":121,"column":32},"end":{"line":121,"column":33}},"loc":{"start":{"line":121,"column":38},"end":{"line":126,"column":3}},"line":121},"8":{"name":"(anonymous_8)","decl":{"start":{"line":128,"column":38},"end":{"line":128,"column":39}},"loc":{"start":{"line":128,"column":54},"end":{"line":128,"column":68}},"line":128},"9":{"name":"(anonymous_9)","decl":{"start":{"line":131,"column":4},"end":{"line":131,"column":5}},"loc":{"start":{"line":132,"column":6},"end":{"line":138,"column":8}},"line":132},"10":{"name":"(anonymous_10)","decl":{"start":{"line":144,"column":4},"end":{"line":144,"column":5}},"loc":{"start":{"line":145,"column":6},"end":{"line":147,"column":13}},"line":145},"11":{"name":"(anonymous_11)","decl":{"start":{"line":153,"column":4},"end":{"line":153,"column":5}},"loc":{"start":{"line":154,"column":6},"end":{"line":156,"column":13}},"line":154},"12":{"name":"(anonymous_12)","decl":{"start":{"line":161,"column":42},"end":{"line":161,"column":43}},"loc":{"start":{"line":161,"column":57},"end":{"line":161,"column":74}},"line":161},"13":{"name":"(anonymous_13)","decl":{"start":{"line":162,"column":39},"end":{"line":162,"column":40}},"loc":{"start":{"line":162,"column":54},"end":{"line":162,"column":71}},"line":162},"14":{"name":"(anonymous_14)","decl":{"start":{"line":163,"column":43},"end":{"line":163,"column":44}},"loc":{"start":{"line":163,"column":58},"end":{"line":163,"column
[...]
,"/Users/iskandermac/Desktop/expogithub/expoapp/my-telegram-app-mobile/utils/haptics.ts": {"path":"/Users/iskandermac/Desktop/expogithub/expoapp/my-telegram-app-mobile/utils/haptics.ts","statementMap":{"0":{"start":{"line":4,"column":23},"end":{"line":40,"column":1}},"1":{"start":{"line":6,"column":8},"end":{"line":8,"column":9}},"2":{"start":{"line":7,"column":12},"end":{"line":7,"column":67}},"3":{"start":{"line":11,"column":8},"end":{"line":13,"column":9}},"4":{"start":{"line":12,"column":12},"end":{"line":12,"column":68}},"5":{"start":{"line":16,"column":8},"end":{"line":18,"column":9}},"6":{"start":{"line":17,"column":12},"end":{"line":17,"column":67}},"7":{"start":{"line":21,"column":8},"end":{"line":23,"column":9}},"8":{"start":{"line":22,"column":12},"end":{"line":22,"column":80}},"9":{"start":{"line":26,"column":8},"end":{"line":28,"column":9}},"10":{"start":{"line":27,"column":12},"end":{"line":27,"column":78}},"11":{"start":{"line":31,"column":8},"end":{"line":33,"column":9}},"12":{"start":{"line":32,"column":12},"end":{"line":32,"column":80}},"13":{"start":{"line":36,"column":8},"end":{"line":38,"column":9}},"14":{"start":{"line":37,"column":12},"end":{"line":37,"column":37}}},"fnMap":{"0":{"name":"(anonymous_0)","decl":{"start":{"line":5,"column":11},"end":{"line":5,"column":12}},"loc":{"start":{"line":5,"column":17},"end":{"line":9,"column":5}},"line":5},"1":{"name":"(anonymous_1)","decl":{"start":{"line":10,"column":12},"end":{"line":10,"column":13}},"loc":{"start":{"line":10,"column":18},"end":{"line":14,"column":5}},"line":10},"2":{"name":"(anonymous_2)","decl":{"start":{"line":15,"column":11},"end":{"line":15,"column":12}},"loc":{"start":{"line":15,"column":17},"end":{"line":19,"column":5}},"line":15},"3":{"name":"(anonymous_3)","decl":{"start":{"line":20,"column":13},"end":{"line":20,"column":14}},"loc":{"start":{"line":20,"column":19},"end":{"line":24,"column":5}},"line":20},"4":{"name":"(anonymous_4)","decl":{"start":{"line":25,"column":11},"end":{"line":25,"column":12}},"loc":{"start":{"line":25,"column":17},"end":{"line":29,"column":5}},"line":25},"5":{"name":"(anonymous_5)","decl":{"start":{"line":30,"column":13},"end":{"line":30,"column":14}},"loc":{"start":{"line":30,"column":19},"end":{"line":34,"column":5}},"line":30},"6":{"name":"(anonymous_6)","decl":{"start":{"line":35,"column":15},"end":{"line":35,"column":16}},"loc":{"start":{"line":35,"column":21},"end":{"line":39,"column":5}},"line":35}},"branchMap":{"0":{"loc":{"start":{"line":6,"column":8},"end":{"line":8,"column":9}},"type":"if","locations":[{"start":{"line":6,"column":8},"end":{"line":8,"column":9}},{"start":{},"end":{}}],"line":6},"1":{"loc":{"start":{"line":11,"column":8},"end":{"line":13,"column":9}},"type":"if","locations":[{"start":{"line":11,"column":8},"end":{"line":13,"column":9}},{"start":{},"end":{}}],"line":11},"2":{"loc":{"start":{"line":16,"column":8},"end":{"line":18,"column":9}},"type":"if","locations":[{"start":{"line":16,"column":8},"end":{"line":18,"column":9}},{"start":{},"end":{}}],"line":16},"3":{"loc":{"start":{"line":21,"column":8},"end":{"line":23,"column":9}},"type":"if","locations":[{"start":{"line":21,"column":8},"end":{"line":23,"column":9}},{"start":{},"end":{}}],"line":21},"4":{"loc":{"start":{"line":26,"column":8},"end":{"line":28,"column":9}},"type":"if","locations":[{"start":{"line":26,"column":8},"end":{"line":28,"column":9}},{"start":{},"end":{}}],"line":26},"5":{"loc":{"start":{"line":31,"column":8},"end":{"line":33,"column":9}},"type":"if","locations":[{"start":{"line":31,"column":8},"end":{"line":33,"column":9}},{"start":{},"end":{}}],"line":31},"6":{"loc":{"start":{"line":36,"column":8},"end":{"line":38,"column":9}},"type":"if","locations":[{"start":{"line":36,"column":8},"end":{"line":38,"column":9}},{"start":{},"end":{}}],"line":36}},"s":{"0":1,"1":0,"2":0,"3":0,"4":0,"5":0,"6":0,"7":0,"8":0,"9":0,"10":0,"11":0,"12":0,"13":0,"14":0},"f":{"0":0,"1":0,"2":0,"3":0,"4":0,"5":0,"6":0},"b":{"0":[0,0],"1":[0,0],"2":[0,0],"3":[0,0],"4":[0,0],"5":[0,0],"6":[0,0]},"_coverageSchema":"1a1c01bbd47fc00a2c39e90264f33305004495a9","hash":"03fc6b33a11e2c823a24d7fa4c79ddfa49b34b34"}
,"/Users/iskandermac/Desktop/expogithub/expoapp/my-telegram-app-mobile/utils/logger.ts": {"path":"/Users/iskandermac/Desktop/expogithub/expoapp/my-telegram-app-mobile/utils/logger.ts","statementMap":{"0":{"start":{"line":2,"column":22},"end":{"line":24,"column":1}},"1":{"start":{"line":4,"column":8},"end":{"line":6,"column":9}},"2":{"start":{"line":5,"column":12},"end":{"line":5,"column":42}},"3":{"start":{"line":10,"column":8},"end":{"line":12,"column":9}},"4":{"start":{"line":11,"column":12},"end":{"line":11,"column":51}},"5":{"start":{"line":15,"column":8},"end":{"line":17,"column":9}},"6":{"start":{"line":16,"column":12},"end":{"line":16,"column":43}},"7":{"start":{"line":20,"column":8},"end":{"line":22,"column":9}},"8":{"start":{"line":21,"column":12},"end":{"line":21,"column":43}}},"fnMap":{"0":{"name":"(anonymous_0)","decl":{"start":{"line":3,"column":9},"end":{"line":3,"column":10}},"loc":{"start":{"line":3,"column":46},"end":{"line":7,"column":5}},"line":3},"1":{"name":"(anonymous_1)","decl":{"start":{"line":8,"column":11},"end":{"line":8,"column":12}},"loc":{"start":{"line":8,"column":60},"end":{"line":13,"column":5}},"line":8},"2":{"name":"(anonymous_2)","decl":{"start":{"line":14,"column":10},"end":{"line":14,"column":11}},"loc":{"start":{"line":14,"column":47},"end":{"line":18,"column":5}},"line":14},"3":{"name":"(anonymous_3)","decl":{"start":{"line":19,"column":10},"end":{"line":19,"column":11}},"loc":{"start":{"line":19,"column":47},"end":{"line":23,"column":5}},"line":19}},"branchMap":{"0":{"loc":{"start":{"line":4,"column":8},"end":{"line":6,"column":9}},"type":"if","locations":[{"start":{"line":4,"column":8},"end":{"line":6,"column":9}},{"start":{},"end":{}}],"line":4},"1":{"loc":{"start":{"line":10,"column":8},"end":{"line":12,"column":9}},"type":"if","locations":[{"start":{"line":10,"column":8},"end":{"line":12,"column":9}},{"start":{},"end":{}}],"line":10},"2":{"loc":{"start":{"line":15,"column":8},"end":{"line":17,"column":9}},"type":"if","locations":[{"start":{"line":15,"column":8},"end":{"line":17,"column":9}},{"start":{},"end":{}}],"line":15},"3":{"loc":{"start":{"line":20,"column":8},"end":{"line":22,"column":9}},"type":"if","locations":[{"start":{"line":20,"column":8},"end":{"line":22,"column":9}},{"start":{},"end":{}}],"line":20}},"s":{"0":2,"1":1,"2":1,"3":2,"4":2,"5":0,"6":0,"7":0,"8":0},"f":{"0":1,"1":2,"2":0,"3":0},"b":{"0":[1,0],"1":[2,0],"2":[0,0],"3":[0,0]},"_coverageSchema":"1a1c01bbd47fc00a2c39e90264f33305004495a9","hash":"86d5f66bb459ea5f89f781bf946b859bb8c2da23"}
,"/Users/iskandermac/Desktop/expogithub/expoapp/my-telegram-app-mobile/utils/performanceConfig.ts": {"path":"/Users/iskandermac/Desktop/expogithub/expoapp/my-telegram-app-mobile/utils/performanceConfig.ts","statementMap":{"0":{"start":{"line":9,"column":2},"end":{"line":9,"column":16}},"1":{"start":{"line":15,"column":32},"end":{"line":26,"column":10}},"2":{"start":{"line":31,"column":32},"end":{"line":42,"column":10}},"3":{"start":{"line":47,"column":34},"end":{"line":51,"column":10}}},"fnMap":{"0":{"name":"configureImageCache","decl":{"start":{"line":7,"column":16},"end":{"line":7,"column":35}},"loc":{"start":{"line":7,"column":38},"end":{"line":10,"column":1}},"line":7}},"branchMap":{},"s":{"0":0,"1":0,"2":0,"3":0},"f":{"0":0},"b":{}}
,"/Users/iskandermac/Desktop/expogithub/expoapp/my-telegram-app-mobile/utils/storage.ts": {"path":"/Users/iskandermac/Desktop/expogithub/expoapp/my-telegram-app-mobile/utils/storage.ts","statementMap":{"0":{"start":{"line":6,"column":20},"end":{"line":6,"column":51}},"1":{"start":{"line":8,"column":23},"end":{"line":57,"column":1}},"2":{"start":{"line":10,"column":8},"end":{"line":22,"column":9}},"3":{"start":{"line":11,"column":12},"end":{"line":19,"column":13}},"4":{"start":{"line":12,"column":16},"end":{"line":12,"column":49}},"5":{"start":{"line":14,"column":16},"end":{"line":18,"column":17}},"6":{"start":{"line":15,"column":20},"end":{"line":15,"column":63}},"7":{"start":{"line":17,"column":20},"end":{"line":17,"column":59}},"8":{"start":{"line":21,"column":12},"end":{"line":21,"column":52}},"9":{"start":{"line":26,"column":8},"end":{"line":39,"column":9}},"10":{"start":{"line":27,"column":12},"end":{"line":35,"column":13}},"11":{"start":{"line":28,"column":16},"end":{"line":28,"column":49}},"12":{"start":{"line":30,"column":16},"end":{"line":34,"column":17}},"13":{"start":{"line":31,"column":20},"end":{"line":31,"column":63}},"14":{"start":{"line":33,"column":20},"end":{"line":33,"column":59}},"15":{"start":{"line":37,"column":12},"end":{"line":37,"column":52}},"16":{"start":{"line":38,"column":12},"end":{"line":38,"column":24}},"17":{"start":{"line":43,"column":8},"end":{"line":55,"column":9}},"18":{"start":{"line":44,"column":12},"end":{"line":52,"column":13}},"19":{"start":{"line":45,"column":16},"end":{"line":45,"column":45}},"20":{"start":{"line":47,"column":16},"end":{"line":51,"column":17}},"21":{"start":{"line":48,"column":20},"end":{"line":48,"column":59}},"22":{"start":{"line":50,"column":20},"end":{"line":50,"column":55}},"23":{"start":{"line":54,"column":12},"end":{"line":54,"column":53}}},"fnMap":{"0":{"name":"(anonymous_0)","decl":{"start":{"line":9,"column":4},"end":{"line":9,"column":5}},"loc":{"start":{"line":9,"column":46},"end":{"line":23,"column":5}},"line":9},"1":{"name":"(anonymous_1)","decl":{"start":{"line":25,"column":4},"end":{"line":25,"column":5}},"loc":{"start":{"line":25,"column":31},"end":{"line":40,"column":5}},"line":25},"2":{"name":"(anonymous_2)","decl":{"start":{"line":42,"column":4},"end":{"line":42,"column":5}},"loc":{"start":{"line":42,"column":34},"end":{"line":56,"column":5}},"line":42}},"branchMap":{"0":{"loc":{"start":{"line":11,"column":12},"end":{"line":19,"column":13}},"type":"if","locations":[{"start":{"line":11,"column":12},"end":{"line":19,"column":13}},{"start":{"line":13,"column":19},"end":{"line":19,"column":13}}],"line":11},"1":{"loc":{"start":{"line":14,"column":16},"end":{"line":18,"column":17}},"type":"if","locations":[{"start":{"line":14,"column":16},"end":{"line":18,"column":17}},{"start":{"line":16,"column":23},"end":{"line":18,"column":17}}],"line":14},"2":{"loc":{"start":{"line":27,"column":12},"end":{"line":35,"column":13}},"type":"if","locations":[{"start":{"line":27,"column":12},"end":{"line":35,"column":13}},{"start":{"line":29,"column":19},"end":{"line":35,"column":13}}],"line":27},"3":{"loc":{"start":{"line":30,"column":16},"end":{"line":34,"column":17}},"type":"if","locations":[{"start":{"line":30,"column":16},"end":{"line":34,"column":17}},{"start":{"line":32,"column":23},"end":{"line":34,"column":17}}],"line":30},"4":{"loc":{"start":{"line":44,"column":12},"end":{"line":52,"column":13}},"type":"if","locations":[{"start":{"line":44,"column":12},"end":{"line":52,"column":13}},{"start":{"line":46,"column":19},"end":{"line":52,"column":13}}],"line":44},"5":{"loc":{"start":{"line":47,"column":16},"end":{"line":51,"column":17}},"type":"if","locations":[{"start":{"line":47,"column":16},"end":{"line":51,"column":17}},{"start":{"line":49,"column":23},"end":{"line":51,"column":17}}],"line":47}},"s":{"0":1,"1":1,"2":2,"3":2,"4":0,"5":2,"6":1,"7":1,"8":0,"9":1,"10":1,"11":0,"12":1,"13":1,"14":0,"15":0,"16":0,"17":0,"18":0,"19":0,"20":0,"21":0,"22":0,"23":0},"f":{"0":2,"1":1,"2":0},"b":{"0":[0,2],"1":[1,1],"2":[0,1],"3":[1,0],"4":[0,0],"5":[0,0]},"_coverageSchema":"1a1c01bbd47fc00a2c39e90264f33305004495a9","hash":"08014a4b55e9ddafc4363ac4e6755e80fbac3136"}
,"/Users/iskandermac/Desktop/expogithub/expoapp/my-telegram-app-mobile/utils/tokenManager.ts": {"path":"/Users/iskandermac/Desktop/expogithub/expoapp/my-telegram-app-mobile/utils/tokenManager.ts","statementMap":{"0":{"start":{"line":4,"column":21},"end":{"line":4,"column":57}},"1":{"start":{"line":5,"column":24},"end":{"line":5,"column":29}},"2":{"start":{"line":8,"column":27},"end":{"line":26,"column":1}},"3":{"start":{"line":9,"column":2},"end":{"line":9,"column":25}},"4":{"start":{"line":9,"column":14},"end":{"line":9,"column":25}},"5":{"start":{"line":11,"column":2},"end":{"line":25,"column":3}},"6":{"start":{"line":12,"column":22},"end":{"line":12,"column":41}},"7":{"start":{"line":13,"column":19},"end":{"line":13,"column":66}},"8":{"start":{"line":14,"column":24},"end":{"line":19,"column":5}},"9":{"start":{"line":17,"column":28},"end":{"line":17,"column":81}},"10":{"start":{"line":21,"column":4},"end":{"line":21,"column":34}},"11":{"start":{"line":23,"column":4},"end":{"line":23,"column":49}},"12":{"start":{"line":24,"column":4},"end":{"line":24,"column":15}},"13":{"start":{"line":29,"column":35},"end":{"line":37,"column":1}},"14":{"start":{"line":30,"column":18},"end":{"line":30,"column":36}},"15":{"start":{"line":31,"column":2},"end":{"line":31,"column":43}},"16":{"start":{"line":31,"column":32},"end":{"line":31,"column":43}},"17":{"start":{"line":33,"column":14},"end":{"line":33,"column":31}},"18":{"start":{"line":34,"column":21},"end":{"line":34,"column":27}},"19":{"start":{"line":36,"column":2},"end":{"line":36,"column":39}},"20":{"start":{"line":39,"column":25},"end":{"line":52,"column":1}},"21":{"start":{"line":40,"column":21},"end":{"line":40,"column":42}},"22":{"start":{"line":41,"column":20},"end":{"line":41,"column":65}},"23":{"start":{"line":41,"column":37},"end":{"line":41,"column":55}},"24":{"start":{"line":43,"column":2},"end":{"line":51,"column":3}},"25":{"start":{"line":44,"column":21},"end":{"line":47,"column":6}},"26":{"start":{"line":48,"column":4},"end":{"line":48,"column":19}},"27":{"start":{"line":50,"column":4},"end":{"line":50,"column":27}},"28":{"start":{"line":55,"column":32},"end":{"line":93,"column":1}},"29":{"start":{"line":56,"column":22},"end":{"line":56,"column":44}},"30":{"start":{"line":57,"column":23},"end":{"line":57,"column":46}},"31":{"start":{"line":59,"column":2},"end":{"line":61,"column":3}},"32":{"start":{"line":60,"column":4},"end":{"line":60,"column":49}},"33":{"start":{"line":63,"column":2},"end":{"line":65,"column":3}},"34":{"start":{"line":64,"column":4},"end":{"line":64,"column":22}},"35":{"start":{"line":67,"column":2},"end":{"line":92,"column":3}},"36":{"start":{"line":68,"column":44},"end":{"line":68,"column":82}},"37":{"start":{"line":69,"column":21},"end":{"line":77,"column":5}},"38":{"start":{"line":79,"column":4},"end":{"line":81,"column":5}},"39":{"start":{"line":80,"column":6},"end":{"line":80,"column":76}},"40":{"start":{"line":83,"column":17},"end":{"line":83,"column":38}},"41":{"start":{"line":84,"column":28},"end":{"line":84,"column":61}},"42":{"start":{"line":85,"column":4},"end":{"line":85,"column":54}},"43":{"start":{"line":87,"column":4},"end":{"line":87,"column":27}},"44":{"start":{"line":89,"column":4},"end":{"line":89,"column":56}},"45":{"start":{"line":90,"column":4},"end":{"line":90,"column":23}},"46":{"start":{"line":91,"column":4},"end":{"line":91,"column":13}},"47":{"start":{"line":96,"column":34},"end":{"line":101,"column":1}},"48":{"start":{"line":97,"column":22},"end":{"line":97,"column":44}},"49":{"start":{"line":98,"column":2},"end":{"line":98,"column":32}},"50":{"start":{"line":98,"column":20},"end":{"line":98,"column":32}},"51":{"start":{"line":100,"column":2},"end":{"line":100,"column":42}},"52":{"start":{"line":104,"column":35},"end":{"line":111,"column":1}},"53":{"start":{"line":105,"column":2},"end":{"line":110,"column":3}},"54":{"start":{"line":106,"column":4},"end":{"line":106,"column":35}},"55":{"start":{"line":108,"column":4},"end":{"line":108,"column":61}},"56":{"start":{"line":109,"column":4},"end":{"line":109,"column":15}}},"fnMap":{"0":{"name":"(anonymous_0)","decl":{"start":{"line":8,"column":27},"end":{"line":8,"column":28}},"loc":{"start":{"line":8,"column":53},"end":{"line":26,"column":1}},"line":8},"1":{"name":"(anonymous_1)","decl":{"start":{"line":17,"column":13},"end":{"line":17,"column":14}},"loc":{"start":{"line":17,"column":28},"end":{"line":17,"column":81}},"line":17},"2":{"name":"(anonymous_2)","decl":{"start":{"line":29,"column":35},"end":{"line":29,"column":36}},"loc":{"start":{"line":29,"column":61},"end":{"line":37,"column":1}},"line":29},"3":{"name":"(anonymous_3)","decl":{"start":{"line":39,"column":25},"end":{"line":39,"column":26}},"loc":{"start":{"line":39,"column":106},"end":{"line":52,"column":1}},"line":39},"4":{"name":"(anonymous_4)","decl":{"start":{"line":41,"column":31},"end":{"line":41,"column":32}},"loc":{"start":{"line":41,"column":37},"end":{"line":41,"column":55}},"line":41},"5":{"name":"(anonymous_5)","decl":{"start":{"line":55,"column":32},"end":{"line":55,"column":33}},"loc":{"start":{"line":55,"column":44},"end":{"line":93,"column":1}},"line":55},"6":{"name":"(anonymous_6)","decl":{"start":{"line":96,"column":34},"end":{"line":96,"column":35}},"loc":{"start":{"line":96,"column":46},"end":{"line":101,"column":1}},"line":96},"7":{"name":"(anonymous_7)","decl":{"start":{"line":104,"column":35},"end":{"line":104,"column":36}},"loc":{"start":{"line":104,"column":47},"end":{"line":111,"column":1}},"line":104}},"branchMap":{"0":{"loc":{"start":{"line":9,"column":2},"end":{"line":9,"column":25}},"type":"if","locations":[{"start":{"line":9,"column":2},"end":{"line":9,"column":25}},{"start":{},"end":{}}],"line":9},"1":{"loc":{"start":{"line":31,"column":2},"end":{"line":31,"column":43}},"type":"if","locations":[{"start":{"line":31,"column":2},"end":{"line":31,"column":43}},{"start":{},"end":{}}],"line":31},"2":{"loc":{"start":{"line":31,"column":6},"end":{"line":31,"column":30}},"type":"binary-expr","locations":[{"start":{"line":31,"column":6},"end":{"line":31,"column":14}},{"start":{"line":31,"column":18},"end":{"line":31,"column":30}}],"line":31},"3":{"loc":{"start":{"line":59,"column":2},"end":{"line":61,"column":3}},"type":"if","locations":[{"start":{"line":59,"column":2},"end":{"line":61,"column":3}},{"start":{},"end":{}}],"line":59},"4":{"loc":{"start":{"line":63,"column":2},"end":{"line":65,"column":3}},"type":"if","locations":[{"start":{"line":63,"column":2},"end":{"line":65,"column":3}},{"start":{},"end":{}}],"line":63},"5":{"loc":{"start":{"line":63,"column":6},"end":{"line":63,"column":54}},"type":"binary-expr","locations":[{"start":{"line":63,"column":6},"end":{"line":63,"column":17}},{"start":{"line":63,"column":21},"end":{"line":63,"column":54}}],"line":63},"6":{"loc":{"start":{"line":79,"column":4},"end":{"line":81,"column":5}},"type":"if","locations":[{"start":{"line":79,"column":4},"end":{"line":81,"column":5}},{"start":{},"end":{}}],"line":79},"7":{"loc":{"start":{"line":84,"column":28},"end":{"line":84,"column":61}},"type":"binary-expr","locations":[{"start":{"line":84,"column":28},"end":{"line":84,"column":45}},{"start":{"line":84,"column":49},"end":{"line":84,"column":61}}],"line":84},"8":{"loc":{"start":{"line":98,"column":2},"end":{"line":98,"column":32}},"type":"if","locations":[{"start":{"line":98,"column":2},"end":{"line":98,"column":32}},{"start":{},"end":{}}],"line":98}},"s":{"0":0,"1":0,"2":0,"3":0,"4":0,"5":0,"6":0,"7":0,"8":0,"9":0,"10":0,"11":0,"12":0,"13":0,"14":0,"15":0,"16":0,"17":0,"18":0,"19":0,"20":0,"21":0,"22":0,"23":0,"24":0,"25":0,"26":0,"27":0,"28":0,"29":0,"30":0,"31":0,"32":0,"33":0,"34":0,"35":0,"36":0,"37":0,"38":0,"39":0,"40":0,"41":0,"42":0,"43":0,"44":0,"45":0,"46":0,"47":0,"48":0,"49":0,"50":0,"51":0,"52":0,"53":0,"54":0,"55":0,"56":0},"f":{"0":0,"1":0,"2":0,"3":0,"4":0,"5":0,"6":0,"7":0},"b":{"0":[0,0],"1":[0,0],"2":[0,0],"3":[0,0],"4":[0,0],"5":[0,0],"6":[0,0],"7":[0,0],"8":[0,0]}}
}
