TN:
SF:expo-env.d.ts
FNF:0
FNH:0
LF:0
LH:0
BRF:0
BRH:0
end_of_record
TN:
SF:nativewind-env.d.ts
FNF:0
FNH:0
LF:0
LH:0
BRF:0
BRH:0
end_of_record
TN:
SF:.expo/types/router.d.ts
FNF:0
FNH:0
LF:0
LH:0
BRF:0
BRH:0
end_of_record
TN:
SF:api/apiClient.ts
FN:16,(anonymous_0)
FN:25,(anonymous_1)
FN:31,(anonymous_2)
FN:40,(anonymous_3)
FN:45,(anonymous_4)
FN:75,apiClient
FN:155,(anonymous_6)
FNF:7
FNH:0
FNDA:0,(anonymous_0)
FNDA:0,(anonymous_1)
FNDA:0,(anonymous_2)
FNDA:0,(anonymous_3)
FNDA:0,(anonymous_4)
FNDA:0,apiClient
FNDA:0,(anonymous_6)
DA:9,1
DA:10,1
DA:16,1
DA:21,0
DA:22,0
DA:23,0
DA:25,0
DA:26,0
DA:27,0
DA:31,0
DA:32,0
DA:34,0
DA:36,0
DA:37,0
DA:38,0
DA:40,0
DA:41,0
DA:45,0
DA:46,0
DA:47,0
DA:50,0
DA:51,0
DA:55,0
DA:57,0
DA:58,0
DA:59,0
DA:61,0
DA:63,0
DA:64,0
DA:65,0
DA:66,0
DA:79,0
DA:82,0
DA:83,0
DA:84,0
DA:87,0
DA:96,0
DA:98,0
DA:99,0
DA:101,0
DA:102,0
DA:105,0
DA:106,0
DA:107,0
DA:108,0
DA:109,0
DA:110,0
DA:111,0
DA:113,0
DA:118,0
DA:119,0
DA:120,0
DA:121,0
DA:122,0
DA:123,0
DA:124,0
DA:125,0
DA:129,0
DA:130,0
DA:131,0
DA:132,0
DA:133,0
DA:134,0
DA:136,0
DA:140,0
DA:141,0
DA:145,0
DA:148,0
DA:149,0
DA:150,0
DA:151,0
DA:155,0
DA:156,0
DA:157,0
DA:159,0
DA:160,0
DA:161,0
DA:163,0
DA:164,0
DA:166,0
DA:167,0
LF:81
LH:3
BRDA:26,0,0,0
BRDA:26,0,1,0
BRDA:36,1,0,0
BRDA:36,1,1,0
BRDA:37,2,0,0
BRDA:37,2,1,0
BRDA:58,3,0,0
BRDA:58,3,1,0
BRDA:65,4,0,0
BRDA:65,4,1,0
BRDA:65,5,0,0
BRDA:65,5,1,0
BRDA:77,6,0,0
BRDA:83,7,0,0
BRDA:83,7,1,0
BRDA:88,8,0,0
BRDA:88,8,1,0
BRDA:96,9,0,0
BRDA:96,9,1,0
BRDA:105,10,0,0
BRDA:105,10,1,0
BRDA:108,11,0,0
BRDA:108,11,1,0
BRDA:118,12,0,0
BRDA:118,12,1,0
BRDA:122,13,0,0
BRDA:122,13,1,0
BRDA:122,14,0,0
BRDA:122,14,1,0
BRDA:124,15,0,0
BRDA:124,15,1,0
BRDA:129,16,0,0
BRDA:129,16,1,0
BRDA:130,17,0,0
BRDA:130,17,1,0
BRDA:132,18,0,0
BRDA:132,18,1,0
BRDA:132,19,0,0
BRDA:132,19,1,0
BRDA:134,20,0,0
BRDA:134,20,1,0
BRDA:134,20,2,0
BRDA:145,21,0,0
BRDA:145,21,1,0
BRDA:149,22,0,0
BRDA:149,22,1,0
BRDA:149,23,0,0
BRDA:149,23,1,0
BRDA:160,24,0,0
BRDA:160,24,1,0
BRDA:160,25,0,0
BRDA:160,25,1,0
BRDA:163,26,0,0
BRDA:163,26,1,0
BRF:54
BRH:0
end_of_record
TN:
SF:app/+html.tsx
FN:7,Root
FNF:1
FNH:0
FNDA:0,Root
DA:8,0
DA:30,0
LF:2
LH:0
BRF:0
BRH:0
end_of_record
TN:
SF:app/+not-found.tsx
FN:6,NotFoundScreen
FNF:1
FNH:0
FNDA:0,NotFoundScreen
DA:7,0
DA:21,0
LF:2
LH:0
BRF:0
BRH:0
end_of_record
TN:
SF:app/_layout.tsx
FN:39,(anonymous_0)
FN:47,(anonymous_1)
FN:59,(anonymous_2)
FN:68,(anonymous_3)
FN:80,RootLayout
FN:95,(anonymous_5)
FN:99,(anonymous_6)
FN:103,(anonymous_7)
FN:111,(anonymous_8)
FN:153,RootLayoutNav
FN:161,(anonymous_10)
FN:165,(anonymous_11)
FN:166,(anonymous_12)
FN:170,(anonymous_13)
FN:177,(anonymous_14)
FN:192,(anonymous_15)
FN:194,(anonymous_16)
FN:208,(anonymous_17)
FN:214,(anonymous_18)
FNF:19
FNH:0
FNDA:0,(anonymous_0)
FNDA:0,(anonymous_1)
FNDA:0,(anonymous_2)
FNDA:0,(anonymous_3)
FNDA:0,RootLayout
FNDA:0,(anonymous_5)
FNDA:0,(anonymous_6)
FNDA:0,(anonymous_7)
FNDA:0,(anonymous_8)
FNDA:0,RootLayoutNav
FNDA:0,(anonymous_10)
FNDA:0,(anonymous_11)
FNDA:0,(anonymous_12)
FNDA:0,(anonymous_13)
FNDA:0,(anonymous_14)
FNDA:0,(anonymous_15)
FNDA:0,(anonymous_16)
FNDA:0,(anonymous_17)
FNDA:0,(anonymous_18)
DA:32,0
DA:33,0
DA:35,0
DA:41,0
DA:42,0
DA:43,0
DA:45,0
DA:47,0
DA:61,0
DA:62,0
DA:63,0
DA:69,0
DA:70,0
DA:71,0
DA:78,0
DA:81,0
DA:95,0
DA:96,0
DA:99,0
DA:100,0
DA:103,0
DA:104,0
DA:105,0
DA:108,0
DA:111,0
DA:112,0
DA:113,0
DA:119,0
DA:120,0
DA:124,0
DA:125,0
DA:128,0
DA:154,0
DA:155,0
DA:156,0
DA:157,0
DA:158,0
DA:159,0
DA:161,0
DA:162,0
DA:165,0
DA:166,0
DA:167,0
DA:169,0
DA:170,0
DA:171,0
DA:177,0
DA:178,0
DA:180,0
DA:181,0
DA:184,0
DA:185,0
DA:190,0
DA:192,0
DA:193,0
DA:194,0
DA:195,0
DA:196,0
DA:197,0
DA:198,0
DA:201,0
DA:204,0
DA:208,0
DA:209,0
DA:210,0
DA:211,0
DA:214,0
DA:215,0
DA:216,0
DA:219,0
DA:220,0
DA:223,0
DA:229,0
LF:73
LH:0
BRDA:42,0,0,0
BRDA:42,0,1,0
BRDA:42,1,0,0
BRDA:42,1,1,0
BRDA:42,1,2,0
BRDA:62,2,0,0
BRDA:62,2,1,0
BRDA:63,3,0,0
BRDA:63,3,1,0
BRDA:70,4,0,0
BRDA:70,4,1,0
BRDA:71,5,0,0
BRDA:71,5,1,0
BRDA:96,6,0,0
BRDA:96,6,1,0
BRDA:104,7,0,0
BRDA:104,7,1,0
BRDA:114,8,0,0
BRDA:114,8,1,0
BRDA:124,9,0,0
BRDA:124,9,1,0
BRDA:178,10,0,0
BRDA:178,10,1,0
BRDA:178,11,0,0
BRDA:178,11,1,0
BRDA:180,12,0,0
BRDA:180,12,1,0
BRDA:181,13,0,0
BRDA:181,13,1,0
BRDA:184,14,0,0
BRDA:184,14,1,0
BRDA:184,15,0,0
BRDA:184,15,1,0
BRDA:193,16,0,0
BRDA:193,16,1,0
BRDA:193,17,0,0
BRDA:193,17,1,0
BRDA:197,18,0,0
BRDA:197,18,1,0
BRDA:219,19,0,0
BRDA:219,19,1,0
BRDA:230,20,0,0
BRDA:230,20,1,0
BRF:43
BRH:0
end_of_record
TN:
SF:app/cart.tsx
FN:18,CartScreen
FN:25,(anonymous_1)
FN:33,(anonymous_2)
FN:53,(anonymous_3)
FN:62,(anonymous_4)
FN:71,(anonymous_5)
FN:91,(anonymous_6)
FN:105,(anonymous_7)
FN:123,(anonymous_8)
FNF:9
FNH:0
FNDA:0,CartScreen
FNDA:0,(anonymous_1)
FNDA:0,(anonymous_2)
FNDA:0,(anonymous_3)
FNDA:0,(anonymous_4)
FNDA:0,(anonymous_5)
FNDA:0,(anonymous_6)
FNDA:0,(anonymous_7)
FNDA:0,(anonymous_8)
DA:19,0
DA:20,0
DA:21,0
DA:22,0
DA:25,0
DA:26,0
DA:27,0
DA:31,0
DA:33,0
DA:34,0
DA:53,0
DA:62,0
DA:71,0
DA:82,0
DA:83,0
DA:91,0
DA:99,0
DA:105,0
DA:123,0
LF:19
LH:0
BRDA:26,0,0,0
BRDA:26,0,1,0
BRDA:31,1,0,0
BRDA:31,1,1,0
BRDA:82,2,0,0
BRDA:82,2,1,0
BRF:6
BRH:0
end_of_record
TN:
SF:app/checkout.tsx
FN:19,CheckoutScreen
FN:29,(anonymous_1)
FN:39,(anonymous_2)
FN:46,(anonymous_3)
FN:60,(anonymous_4)
FN:71,(anonymous_5)
FN:105,(anonymous_6)
FN:166,(anonymous_7)
FN:211,(anonymous_8)
FNF:9
FNH:0
FNDA:0,CheckoutScreen
FNDA:0,(anonymous_1)
FNDA:0,(anonymous_2)
FNDA:0,(anonymous_3)
FNDA:0,(anonymous_4)
FNDA:0,(anonymous_5)
FNDA:0,(anonymous_6)
FNDA:0,(anonymous_7)
FNDA:0,(anonymous_8)
DA:20,0
DA:21,0
DA:22,0
DA:23,0
DA:24,0
DA:25,0
DA:26,0
DA:29,0
DA:30,0
DA:31,0
DA:35,0
DA:37,0
DA:39,0
DA:40,0
DA:46,0
DA:47,0
DA:49,0
DA:57,0
DA:60,0
DA:61,0
DA:69,0
DA:83,0
DA:89,0
DA:90,0
DA:97,0
DA:98,0
DA:105,0
DA:112,0
DA:114,0
DA:166,0
DA:211,0
LF:31
LH:0
BRDA:30,0,0,0
BRDA:30,0,1,0
BRDA:35,1,0,0
BRDA:35,1,1,0
BRDA:40,2,0,0
BRDA:40,2,1,0
BRDA:40,3,0,0
BRDA:40,3,1,0
BRDA:47,4,0,0
BRDA:47,4,1,0
BRDA:50,5,0,0
BRDA:50,5,1,0
BRDA:51,6,0,0
BRDA:51,6,1,0
BRDA:52,7,0,0
BRDA:52,7,1,0
BRDA:53,8,0,0
BRDA:53,8,1,0
BRDA:54,9,0,0
BRDA:54,9,1,0
BRDA:54,9,2,0
BRDA:66,10,0,0
BRDA:66,10,1,0
BRDA:89,11,0,0
BRDA:89,11,1,0
BRDA:97,12,0,0
BRDA:97,12,1,0
BRDA:112,13,0,0
BRDA:112,13,1,0
BRDA:125,14,0,0
BRDA:125,14,1,0
BRDA:135,15,0,0
BRDA:135,15,1,0
BRDA:142,16,0,0
BRDA:142,16,1,0
BRDA:169,17,0,0
BRDA:169,17,1,0
BRDA:173,18,0,0
BRDA:173,18,1,0
BRDA:175,19,0,0
BRDA:175,19,1,0
BRDA:202,20,0,0
BRDA:202,20,1,0
BRDA:214,21,0,0
BRDA:214,21,1,0
BRDA:217,22,0,0
BRDA:217,22,1,0
BRF:47
BRH:0
end_of_record
TN:
SF:app/login.tsx
FN:29,LoginScreen
FN:45,(anonymous_1)
FN:62,(anonymous_2)
FN:153,(anonymous_3)
FN:186,(anonymous_4)
FN:196,(anonymous_5)
FNF:6
FNH:0
FNDA:0,LoginScreen
FNDA:0,(anonymous_1)
FNDA:0,(anonymous_2)
FNDA:0,(anonymous_3)
FNDA:0,(anonymous_4)
FNDA:0,(anonymous_5)
DA:27,0
DA:30,0
DA:32,0
DA:33,0
DA:34,0
DA:35,0
DA:37,0
DA:38,0
DA:41,0
DA:42,0
DA:45,0
DA:46,0
DA:47,0
DA:48,0
DA:51,0
DA:52,0
DA:53,0
DA:54,0
DA:56,0
DA:58,0
DA:62,0
DA:63,0
DA:64,0
DA:65,0
DA:68,0
DA:69,0
DA:71,0
DA:73,0
DA:75,0
DA:81,0
DA:84,0
DA:86,0
DA:90,0
DA:153,0
DA:186,0
DA:196,0
DA:211,0
LF:37
LH:0
BRDA:37,0,0,0
BRDA:37,0,1,0
BRDA:41,1,0,0
BRDA:41,1,1,0
BRDA:46,2,0,0
BRDA:46,2,1,0
BRDA:46,3,0,0
BRDA:46,3,1,0
BRDA:56,4,0,0
BRDA:56,4,1,0
BRDA:63,5,0,0
BRDA:63,5,1,0
BRDA:63,6,0,0
BRDA:63,6,1,0
BRDA:73,7,0,0
BRDA:73,7,1,0
BRDA:84,8,0,0
BRDA:84,8,1,0
BRDA:112,9,0,0
BRDA:112,9,1,0
BRDA:120,10,0,0
BRDA:120,10,1,0
BRDA:128,11,0,0
BRDA:128,11,1,0
BRDA:136,12,0,0
BRDA:136,12,1,0
BRDA:137,13,0,0
BRDA:137,13,1,0
BRDA:138,14,0,0
BRDA:138,14,1,0
BRDA:168,15,0,0
BRDA:168,15,1,0
BRDA:169,16,0,0
BRDA:169,16,1,0
BRDA:170,17,0,0
BRDA:170,17,1,0
BRDA:171,18,0,0
BRDA:171,18,1,0
BRF:38
BRH:0
end_of_record
TN:
SF:app/modal.tsx
FN:7,ModalScreen
FNF:1
FNH:0
FNDA:0,ModalScreen
DA:8,0
DA:20,0
LF:2
LH:0
BRDA:15,0,0,0
BRDA:15,0,1,0
BRF:2
BRH:0
end_of_record
TN:
SF:app/register.tsx
FN:24,RegisterScreen
FN:37,(anonymous_1)
FNF:2
FNH:0
FNDA:0,RegisterScreen
FNDA:0,(anonymous_1)
DA:22,0
DA:25,0
DA:26,0
DA:28,0
DA:29,0
DA:30,0
DA:31,0
DA:33,0
DA:34,0
DA:37,0
DA:38,0
DA:39,0
DA:40,0
DA:43,0
DA:44,0
DA:45,0
DA:53,0
DA:60,0
DA:63,0
DA:66,0
DA:67,0
DA:69,0
DA:73,0
DA:128,0
LF:24
LH:0
BRDA:33,0,0,0
BRDA:33,0,1,0
BRDA:38,1,0,0
BRDA:38,1,1,0
BRDA:38,2,0,0
BRDA:38,2,1,0
BRDA:38,2,2,0
BRDA:67,3,0,0
BRDA:67,3,1,0
BRDA:77,4,0,0
BRDA:77,4,1,0
BRDA:93,5,0,0
BRDA:93,5,1,0
BRDA:101,6,0,0
BRDA:101,6,1,0
BRDA:109,7,0,0
BRDA:109,7,1,0
BRF:17
BRH:0
end_of_record
TN:
SF:app/(tabs)/_layout.tsx
FN:8,TabLayout
FN:12,(anonymous_1)
FN:15,(anonymous_2)
FN:26,(anonymous_3)
FN:33,(anonymous_4)
FN:40,(anonymous_5)
FN:47,(anonymous_6)
FNF:7
FNH:0
FNDA:0,TabLayout
FNDA:0,(anonymous_1)
FNDA:0,(anonymous_2)
FNDA:0,(anonymous_3)
FNDA:0,(anonymous_4)
FNDA:0,(anonymous_5)
FNDA:0,(anonymous_6)
DA:9,0
DA:12,0
DA:15,0
DA:26,0
DA:33,0
DA:40,0
DA:47,0
LF:7
LH:0
BRDA:26,0,0,0
BRDA:26,0,1,0
BRDA:33,1,0,0
BRDA:33,1,1,0
BRDA:40,2,0,0
BRDA:40,2,1,0
BRDA:47,3,0,0
BRDA:47,3,1,0
BRF:8
BRH:0
end_of_record
TN:
SF:app/(tabs)/favorites.tsx
FN:36,FavoritesScreen
FN:64,(anonymous_1)
FN:97,(anonymous_2)
FN:100,(anonymous_3)
FN:113,(anonymous_4)
FN:118,(anonymous_5)
FN:125,(anonymous_6)
FN:134,(anonymous_7)
FN:138,(anonymous_8)
FN:144,(anonymous_9)
FN:153,(anonymous_10)
FN:157,(anonymous_11)
FN:160,(anonymous_12)
FN:189,(anonymous_13)
FN:192,(anonymous_14)
FN:234,(anonymous_15)
FN:259,(anonymous_16)
FN:260,(anonymous_17)
FN:262,(anonymous_18)
FN:269,(anonymous_19)
FNF:20
FNH:0
FNDA:0,FavoritesScreen
FNDA:0,(anonymous_1)
FNDA:0,(anonymous_2)
FNDA:0,(anonymous_3)
FNDA:0,(anonymous_4)
FNDA:0,(anonymous_5)
FNDA:0,(anonymous_6)
FNDA:0,(anonymous_7)
FNDA:0,(anonymous_8)
FNDA:0,(anonymous_9)
FNDA:0,(anonymous_10)
FNDA:0,(anonymous_11)
FNDA:0,(anonymous_12)
FNDA:0,(anonymous_13)
FNDA:0,(anonymous_14)
FNDA:0,(anonymous_15)
FNDA:0,(anonymous_16)
FNDA:0,(anonymous_17)
FNDA:0,(anonymous_18)
FNDA:0,(anonymous_19)
DA:37,0
DA:38,0
DA:41,0
DA:42,0
DA:64,0
DA:75,0
DA:79,0
DA:83,0
DA:85,0
DA:87,0
DA:88,0
DA:90,0
DA:97,0
DA:98,0
DA:100,0
DA:113,0
DA:114,0
DA:116,0
DA:118,0
DA:119,0
DA:120,0
DA:124,0
DA:125,0
DA:128,0
DA:134,0
DA:135,0
DA:137,0
DA:138,0
DA:141,0
DA:142,0
DA:143,0
DA:145,0
DA:150,0
DA:153,0
DA:154,0
DA:157,0
DA:159,0
DA:161,0
DA:178,0
DA:179,0
DA:189,0
DA:190,0
DA:193,0
DA:215,0
DA:234,0
DA:259,0
DA:261,0
DA:263,0
DA:264,0
DA:265,0
DA:269,0
LF:51
LH:0
BRDA:41,0,0,0
BRDA:41,0,1,0
BRDA:90,1,0,0
BRDA:90,1,1,0
BRDA:98,2,0,0
BRDA:98,2,1,0
BRDA:98,3,0,0
BRDA:98,3,1,0
BRDA:103,4,0,0
BRDA:103,4,1,0
BRDA:104,5,0,0
BRDA:104,5,1,0
BRDA:106,6,0,0
BRDA:106,6,1,0
BRDA:106,6,2,0
BRDA:114,7,0,0
BRDA:114,7,1,0
BRDA:119,8,0,0
BRDA:119,8,1,0
BRDA:120,9,0,0
BRDA:120,9,1,0
BRDA:137,10,0,0
BRDA:137,10,1,0
BRDA:141,11,0,0
BRDA:141,11,1,0
BRDA:145,12,0,0
BRDA:145,12,1,0
BRDA:178,13,0,0
BRDA:178,13,1,0
BRDA:233,14,0,0
BRDA:233,14,1,0
BRDA:245,15,0,0
BRDA:245,15,1,0
BRDA:245,15,2,0
BRDA:263,16,0,0
BRDA:263,16,1,0
BRDA:269,17,0,0
BRDA:269,17,1,0
BRDA:270,18,0,0
BRDA:270,18,1,0
BRDA:276,19,0,0
BRDA:276,19,1,0
BRDA:283,20,0,0
BRDA:283,20,1,0
BRDA:300,21,0,0
BRDA:300,21,1,0
BRDA:302,22,0,0
BRDA:302,22,1,0
BRDA:326,23,0,0
BRDA:326,23,1,0
BRDA:326,24,0,0
BRDA:326,24,1,0
BRDA:332,25,0,0
BRDA:332,25,1,0
BRDA:332,26,0,0
BRDA:332,26,1,0
BRF:56
BRH:0
end_of_record
TN:
SF:app/(tabs)/index.tsx
FN:30,(anonymous_0)
FN:62,HomeScreen
FN:90,(anonymous_2)
FN:97,(anonymous_3)
FN:104,(anonymous_4)
FN:111,(anonymous_5)
FN:118,(anonymous_6)
FN:124,(anonymous_7)
FN:131,(anonymous_8)
FN:134,(anonymous_9)
FN:147,(anonymous_10)
FN:156,(anonymous_11)
FN:164,(anonymous_12)
FN:165,(anonymous_13)
FN:166,(anonymous_14)
FN:169,(anonymous_15)
FN:185,(anonymous_16)
FN:197,(anonymous_17)
FN:202,(anonymous_18)
FN:207,(anonymous_19)
FN:213,(anonymous_20)
FN:218,(anonymous_21)
FN:223,(anonymous_22)
FN:227,(anonymous_23)
FN:231,(anonymous_24)
FN:307,(anonymous_25)
FN:312,(anonymous_26)
FNF:27
FNH:0
FNDA:0,(anonymous_0)
FNDA:0,HomeScreen
FNDA:0,(anonymous_2)
FNDA:0,(anonymous_3)
FNDA:0,(anonymous_4)
FNDA:0,(anonymous_5)
FNDA:0,(anonymous_6)
FNDA:0,(anonymous_7)
FNDA:0,(anonymous_8)
FNDA:0,(anonymous_9)
FNDA:0,(anonymous_10)
FNDA:0,(anonymous_11)
FNDA:0,(anonymous_12)
FNDA:0,(anonymous_13)
FNDA:0,(anonymous_14)
FNDA:0,(anonymous_15)
FNDA:0,(anonymous_16)
FNDA:0,(anonymous_17)
FNDA:0,(anonymous_18)
FNDA:0,(anonymous_19)
FNDA:0,(anonymous_20)
FNDA:0,(anonymous_21)
FNDA:0,(anonymous_22)
FNDA:0,(anonymous_23)
FNDA:0,(anonymous_24)
FNDA:0,(anonymous_25)
FNDA:0,(anonymous_26)
DA:23,0
DA:29,0
DA:39,0
DA:40,0
DA:60,0
DA:63,0
DA:64,0
DA:65,0
DA:73,0
DA:75,0
DA:77,0
DA:79,0
DA:81,0
DA:84,0
DA:86,0
DA:89,0
DA:91,0
DA:96,0
DA:98,0
DA:103,0
DA:105,0
DA:110,0
DA:112,0
DA:117,0
DA:119,0
DA:124,0
DA:125,0
DA:126,0
DA:127,0
DA:128,0
DA:131,0
DA:133,0
DA:135,0
DA:146,0
DA:148,0
DA:155,0
DA:157,0
DA:164,0
DA:165,0
DA:166,0
DA:168,0
DA:170,0
DA:171,0
DA:172,0
DA:173,0
DA:174,0
DA:175,0
DA:176,0
DA:177,0
DA:178,0
DA:184,0
DA:186,0
DA:196,0
DA:197,0
DA:201,0
DA:202,0
DA:206,0
DA:208,0
DA:212,0
DA:213,0
DA:217,0
DA:218,0
DA:222,0
DA:223,0
DA:227,0
DA:228,0
DA:231,0
DA:232,0
DA:233,0
DA:256,0
DA:257,0
DA:276,0
DA:277,0
DA:297,0
DA:308,0
DA:312,0
LF:76
LH:0
BRDA:45,0,0,0
BRDA:45,0,1,0
BRDA:49,1,0,0
BRDA:49,1,1,0
BRDA:52,2,0,0
BRDA:52,2,1,0
BRDA:125,3,0,0
BRDA:125,3,1,0
BRDA:126,4,0,0
BRDA:126,4,1,0
BRDA:127,5,0,0
BRDA:127,5,1,0
BRDA:171,6,0,0
BRDA:171,6,1,0
BRDA:173,7,0,0
BRDA:173,7,1,0
BRDA:175,8,0,0
BRDA:175,8,1,0
BRDA:177,9,0,0
BRDA:177,9,1,0
BRDA:188,10,0,0
BRDA:188,10,1,0
BRDA:197,11,0,0
BRDA:197,11,1,0
BRDA:202,12,0,0
BRDA:202,12,1,0
BRDA:208,13,0,0
BRDA:208,13,1,0
BRDA:232,14,0,0
BRDA:232,14,1,0
BRDA:256,15,0,0
BRDA:256,15,1,0
BRDA:276,16,0,0
BRDA:276,16,1,0
BRF:34
BRH:0
end_of_record
TN:
SF:app/(tabs)/orders.tsx
FN:24,(anonymous_0)
FN:50,(anonymous_1)
FN:67,(anonymous_2)
FN:71,(anonymous_3)
FN:86,(anonymous_4)
FN:97,(anonymous_5)
FN:98,(anonymous_6)
FN:130,(anonymous_7)
FN:150,(anonymous_8)
FN:166,OrdersScreen
FN:191,(anonymous_10)
FN:207,(anonymous_11)
FN:210,(anonymous_12)
FN:213,(anonymous_13)
FN:219,(anonymous_14)
FN:228,(anonymous_15)
FN:242,(anonymous_16)
FN:253,(anonymous_17)
FN:255,(anonymous_18)
FN:282,(anonymous_19)
FN:295,(anonymous_20)
FN:298,(anonymous_21)
FN:319,(anonymous_22)
FNF:23
FNH:0
FNDA:0,(anonymous_0)
FNDA:0,(anonymous_1)
FNDA:0,(anonymous_2)
FNDA:0,(anonymous_3)
FNDA:0,(anonymous_4)
FNDA:0,(anonymous_5)
FNDA:0,(anonymous_6)
FNDA:0,(anonymous_7)
FNDA:0,(anonymous_8)
FNDA:0,OrdersScreen
FNDA:0,(anonymous_10)
FNDA:0,(anonymous_11)
FNDA:0,(anonymous_12)
FNDA:0,(anonymous_13)
FNDA:0,(anonymous_14)
FNDA:0,(anonymous_15)
FNDA:0,(anonymous_16)
FNDA:0,(anonymous_17)
FNDA:0,(anonymous_18)
FNDA:0,(anonymous_19)
FNDA:0,(anonymous_20)
FNDA:0,(anonymous_21)
FNDA:0,(anonymous_22)
DA:24,0
DA:25,0
DA:26,0
DA:27,0
DA:29,0
DA:31,0
DA:33,0
DA:35,0
DA:37,0
DA:51,0
DA:67,0
DA:71,0
DA:86,0
DA:97,0
DA:98,0
DA:99,0
DA:100,0
DA:101,0
DA:102,0
DA:103,0
DA:107,0
DA:108,0
DA:110,0
DA:131,0
DA:150,0
DA:164,0
DA:167,0
DA:168,0
DA:171,0
DA:172,0
DA:191,0
DA:202,0
DA:203,0
DA:204,0
DA:205,0
DA:207,0
DA:208,0
DA:209,0
DA:210,0
DA:213,0
DA:214,0
DA:215,0
DA:216,0
DA:219,0
DA:220,0
DA:229,0
DA:230,0
DA:231,0
DA:233,0
DA:241,0
DA:242,0
DA:246,0
DA:253,0
DA:254,0
DA:256,0
DA:270,0
DA:282,0
DA:296,0
DA:298,0
DA:320,0
LF:60
LH:0
BRDA:33,0,0,0
BRDA:33,0,1,0
BRDA:33,1,0,0
BRDA:33,1,1,0
BRDA:68,2,0,0
BRDA:68,2,1,0
BRDA:85,3,0,0
BRDA:85,3,1,0
BRDA:99,4,0,0
BRDA:99,4,1,0
BRDA:99,4,2,0
BRDA:99,4,3,0
BRDA:122,5,0,0
BRDA:122,5,1,0
BRDA:122,5,2,0
BRDA:122,5,3,0
BRDA:147,6,0,0
BRDA:147,6,1,0
BRDA:171,7,0,0
BRDA:171,7,1,0
BRDA:208,8,0,0
BRDA:208,8,1,0
BRDA:209,9,0,0
BRDA:209,9,1,0
BRDA:233,10,0,0
BRDA:233,10,1,0
BRDA:282,11,0,0
BRDA:282,11,1,0
BRDA:282,11,2,0
BRDA:282,11,3,0
BRDA:301,12,0,0
BRDA:301,12,1,0
BRDA:306,13,0,0
BRDA:306,13,1,0
BRDA:313,14,0,0
BRDA:313,14,1,0
BRDA:317,15,0,0
BRDA:317,15,1,0
BRF:38
BRH:0
end_of_record
TN:
SF:app/(tabs)/settings.tsx
FN:24,(anonymous_0)
FN:28,(anonymous_1)
FN:45,SettingsScreen
FN:52,(anonymous_3)
FN:56,(anonymous_4)
FN:70,(anonymous_5)
FN:91,(anonymous_6)
FN:101,(anonymous_7)
FN:103,(anonymous_8)
FN:145,(anonymous_9)
FN:152,(anonymous_10)
FN:164,(anonymous_11)
FN:172,(anonymous_12)
FN:181,(anonymous_13)
FN:183,(anonymous_14)
FN:192,(anonymous_15)
FN:201,(anonymous_16)
FN:210,(anonymous_17)
FNF:18
FNH:0
FNDA:0,(anonymous_0)
FNDA:0,(anonymous_1)
FNDA:0,SettingsScreen
FNDA:0,(anonymous_3)
FNDA:0,(anonymous_4)
FNDA:0,(anonymous_5)
FNDA:0,(anonymous_6)
FNDA:0,(anonymous_7)
FNDA:0,(anonymous_8)
FNDA:0,(anonymous_9)
FNDA:0,(anonymous_10)
FNDA:0,(anonymous_11)
FNDA:0,(anonymous_12)
FNDA:0,(anonymous_13)
FNDA:0,(anonymous_14)
FNDA:0,(anonymous_15)
FNDA:0,(anonymous_16)
FNDA:0,(anonymous_17)
DA:24,0
DA:25,0
DA:28,0
DA:43,0
DA:46,0
DA:47,0
DA:48,0
DA:49,0
DA:50,0
DA:52,0
DA:53,0
DA:57,0
DA:61,0
DA:62,0
DA:67,0
DA:70,0
DA:91,0
DA:101,0
DA:103,0
DA:145,0
DA:152,0
DA:164,0
DA:172,0
DA:181,0
DA:183,0
DA:193,0
DA:202,0
DA:203,0
DA:210,0
LF:29
LH:0
BRDA:28,0,0,0
BRDA:28,0,1,0
BRDA:36,1,0,0
BRDA:36,1,1,0
BRDA:59,2,0,0
BRDA:59,2,1,0
BRDA:90,3,0,0
BRDA:90,3,1,0
BRDA:99,4,0,0
BRDA:99,4,1,0
BRDA:103,5,0,0
BRDA:103,5,1,0
BRDA:122,6,0,0
BRDA:122,6,1,0
BRDA:130,7,0,0
BRDA:130,7,1,0
BRDA:179,8,0,0
BRDA:179,8,1,0
BRDA:183,9,0,0
BRDA:183,9,1,0
BRDA:210,10,0,0
BRDA:210,10,1,0
BRF:22
BRH:0
end_of_record
TN:
SF:components/AIChatOverlay.tsx
FN:12,AIChatOverlay
FNF:1
FNH:0
FNDA:0,AIChatOverlay
DA:13,0
DA:15,0
DA:17,0
DA:46,0
LF:4
LH:0
BRDA:15,0,0,0
BRDA:15,0,1,0
BRF:2
BRH:0
end_of_record
TN:
SF:components/CheckoutSlider.tsx
FN:38,(anonymous_0)
FN:55,(anonymous_1)
FN:59,(anonymous_2)
FN:63,(anonymous_3)
FN:70,(anonymous_4)
FN:75,(anonymous_5)
FN:79,(anonymous_6)
FN:89,(anonymous_7)
FN:93,(anonymous_8)
FN:99,(anonymous_9)
FN:102,(anonymous_10)
FN:104,(anonymous_11)
FN:118,(anonymous_12)
FN:149,(anonymous_13)
FN:156,(anonymous_14)
FNF:15
FNH:0
FNDA:0,(anonymous_0)
FNDA:0,(anonymous_1)
FNDA:0,(anonymous_2)
FNDA:0,(anonymous_3)
FNDA:0,(anonymous_4)
FNDA:0,(anonymous_5)
FNDA:0,(anonymous_6)
FNDA:0,(anonymous_7)
FNDA:0,(anonymous_8)
FNDA:0,(anonymous_9)
FNDA:0,(anonymous_10)
FNDA:0,(anonymous_11)
FNDA:0,(anonymous_12)
FNDA:0,(anonymous_13)
FNDA:0,(anonymous_14)
DA:24,0
DA:25,0
DA:26,0
DA:27,0
DA:38,0
DA:46,0
DA:47,0
DA:48,0
DA:51,0
DA:52,0
DA:53,0
DA:55,0
DA:56,0
DA:59,0
DA:60,0
DA:63,0
DA:64,0
DA:65,0
DA:66,0
DA:67,0
DA:70,0
DA:71,0
DA:72,0
DA:75,0
DA:76,0
DA:79,0
DA:80,0
DA:81,0
DA:82,0
DA:83,0
DA:84,0
DA:88,0
DA:90,0
DA:91,0
DA:94,0
DA:95,0
DA:96,0
DA:97,0
DA:100,0
DA:101,0
DA:102,0
DA:103,0
DA:104,0
DA:105,0
DA:106,0
DA:107,0
DA:108,0
DA:114,0
DA:118,0
DA:119,0
DA:126,0
DA:128,0
DA:134,0
DA:140,0
DA:149,0
DA:150,0
DA:156,0
DA:157,0
DA:164,0
DA:169,0
DA:225,0
LF:61
LH:0
BRDA:42,0,0,0
BRDA:43,1,0,0
BRDA:44,2,0,0
BRDA:80,3,0,0
BRDA:80,3,1,0
BRDA:90,4,0,0
BRDA:90,4,1,0
BRDA:90,5,0,0
BRDA:90,5,1,0
BRDA:90,5,2,0
BRDA:94,6,0,0
BRDA:94,6,1,0
BRDA:94,7,0,0
BRDA:94,7,1,0
BRDA:94,7,2,0
BRDA:95,8,0,0
BRDA:95,8,1,0
BRDA:100,9,0,0
BRDA:100,9,1,0
BRDA:100,10,0,0
BRDA:100,10,1,0
BRDA:100,10,2,0
BRDA:101,11,0,0
BRDA:101,11,1,0
BRDA:103,12,0,0
BRDA:103,12,1,0
BRDA:105,13,0,0
BRDA:105,13,1,0
BRDA:141,14,0,0
BRDA:141,14,1,0
BRDA:145,15,0,0
BRDA:145,15,1,0
BRDA:151,16,0,0
BRDA:151,16,1,0
BRDA:152,17,0,0
BRDA:152,17,1,0
BRDA:165,18,0,0
BRDA:165,18,1,0
BRDA:180,19,0,0
BRDA:180,19,1,0
BRDA:183,20,0,0
BRDA:183,20,1,0
BRDA:213,21,0,0
BRDA:213,21,1,0
BRDA:214,22,0,0
BRDA:214,22,1,0
BRDA:217,23,0,0
BRDA:217,23,1,0
BRDA:268,24,0,0
BRDA:268,24,1,0
BRDA:269,25,0,0
BRDA:269,25,1,0
BRF:52
BRH:0
end_of_record
TN:
SF:components/CustomTabBar.tsx
FN:25,CustomTabBar
FN:31,(anonymous_1)
FN:41,(anonymous_2)
FNF:3
FNH:0
FNDA:0,CustomTabBar
FNDA:0,(anonymous_1)
FNDA:0,(anonymous_2)
DA:11,0
DA:18,0
DA:26,0
DA:28,0
DA:32,0
DA:33,0
DA:36,0
DA:38,0
DA:39,0
DA:41,0
DA:42,0
DA:43,0
DA:49,0
DA:50,0
DA:54,0
DA:85,0
LF:16
LH:0
BRDA:30,0,0,0
BRDA:30,0,1,0
BRDA:36,1,0,0
BRDA:36,1,1,0
BRDA:38,2,0,0
BRDA:38,2,1,0
BRDA:39,3,0,0
BRDA:39,3,1,0
BRDA:49,4,0,0
BRDA:49,4,1,0
BRDA:49,5,0,0
BRDA:49,5,1,0
BRDA:63,6,0,0
BRDA:63,6,1,0
BRDA:67,7,0,0
BRDA:67,7,1,0
BRDA:68,8,0,0
BRDA:68,8,1,0
BRDA:73,9,0,0
BRDA:73,9,1,0
BRF:20
BRH:0
end_of_record
TN:
SF:components/DealCard.tsx
FN:18,(anonymous_0)
FN:19,(anonymous_1)
FN:30,(anonymous_2)
FN:44,(anonymous_3)
FN:91,(anonymous_4)
FNF:5
FNH:0
FNDA:0,(anonymous_0)
FNDA:0,(anonymous_1)
FNDA:0,(anonymous_2)
FNDA:0,(anonymous_3)
FNDA:0,(anonymous_4)
DA:17,0
DA:19,0
DA:20,0
DA:23,0
DA:24,0
DA:25,0
DA:26,0
DA:28,0
DA:31,0
DA:32,0
DA:33,0
DA:34,0
DA:35,0
DA:38,0
DA:40,0
DA:44,0
DA:92,0
DA:93,0
DA:94,0
DA:95,0
DA:97,0
DA:105,0
LF:22
LH:0
BRDA:23,0,0,0
BRDA:23,0,1,0
BRDA:24,1,0,0
BRDA:24,1,1,0
BRDA:24,1,2,0
BRDA:25,2,0,0
BRDA:25,2,1,0
BRDA:26,3,0,0
BRDA:26,3,1,0
BRDA:28,4,0,0
BRDA:28,4,1,0
BRDA:28,5,0,0
BRDA:28,5,1,0
BRDA:31,6,0,0
BRDA:31,6,1,0
BRDA:33,7,0,0
BRDA:33,7,1,0
BRDA:38,8,0,0
BRDA:38,8,1,0
BRDA:44,9,0,0
BRDA:44,9,1,0
BRDA:48,10,0,0
BRDA:48,10,1,0
BRDA:92,11,0,0
BRDA:92,11,1,0
BRDA:92,11,2,0
BRDA:93,12,0,0
BRDA:93,12,1,0
BRDA:93,12,2,0
BRDA:94,13,0,0
BRDA:94,13,1,0
BRDA:94,13,2,0
BRDA:95,14,0,0
BRDA:95,14,1,0
BRDA:95,14,2,0
BRDA:98,15,0,0
BRDA:98,15,1,0
BRDA:98,15,2,0
BRF:38
BRH:0
end_of_record
TN:
SF:components/EditScreenInfo.tsx
FN:10,EditScreenInfo
FNF:1
FNH:0
FNDA:0,EditScreenInfo
DA:11,0
DA:49,0
LF:2
LH:0
BRF:0
BRH:0
end_of_record
TN:
SF:components/ErrorBoundary.tsx
FN:17,(anonymous_0)
FN:22,(anonymous_1)
FN:26,(anonymous_2)
FN:31,(anonymous_3)
FN:35,(anonymous_4)
FNF:5
FNH:0
FNDA:0,(anonymous_0)
FNDA:0,(anonymous_1)
FNDA:0,(anonymous_2)
FNDA:0,(anonymous_3)
FNDA:0,(anonymous_4)
DA:18,0
DA:19,0
DA:23,0
DA:28,0
DA:31,0
DA:32,0
DA:36,0
DA:37,0
DA:38,0
DA:41,0
DA:53,0
DA:57,0
LF:12
LH:0
BRDA:36,0,0,0
BRDA:36,0,1,0
BRDA:37,1,0,0
BRDA:37,1,1,0
BRF:4
BRH:0
end_of_record
TN:
SF:components/ExternalLink.tsx
FN:6,ExternalLink
FN:14,(anonymous_1)
FNF:2
FNH:0
FNDA:0,ExternalLink
FNDA:0,(anonymous_1)
DA:9,0
DA:15,0
DA:17,0
DA:19,0
LF:4
LH:0
BRDA:15,0,0,0
BRDA:15,0,1,0
BRF:2
BRH:0
end_of_record
TN:
SF:components/FeaturedSlider.tsx
FN:27,(anonymous_0)
FN:91,(anonymous_1)
FN:97,(anonymous_2)
FN:103,(anonymous_3)
FN:106,(anonymous_4)
FN:107,(anonymous_5)
FN:108,(anonymous_6)
FN:121,(anonymous_7)
FN:128,(anonymous_8)
FN:139,(anonymous_9)
FN:140,(anonymous_10)
FN:146,(anonymous_11)
FN:151,(anonymous_12)
FN:187,(anonymous_13)
FNF:14
FNH:0
FNDA:0,(anonymous_0)
FNDA:0,(anonymous_1)
FNDA:0,(anonymous_2)
FNDA:0,(anonymous_3)
FNDA:0,(anonymous_4)
FNDA:0,(anonymous_5)
FNDA:0,(anonymous_6)
FNDA:0,(anonymous_7)
FNDA:0,(anonymous_8)
FNDA:0,(anonymous_9)
FNDA:0,(anonymous_10)
FNDA:0,(anonymous_11)
FNDA:0,(anonymous_12)
FNDA:0,(anonymous_13)
DA:14,0
DA:15,0
DA:16,0
DA:17,0
DA:18,0
DA:26,0
DA:38,0
DA:89,0
DA:91,0
DA:92,0
DA:95,0
DA:97,0
DA:98,0
DA:99,0
DA:100,0
DA:103,0
DA:104,0
DA:106,0
DA:107,0
DA:108,0
DA:109,0
DA:110,0
DA:114,0
DA:119,0
DA:121,0
DA:122,0
DA:123,0
DA:128,0
DA:129,0
DA:130,0
DA:131,0
DA:133,0
DA:134,0
DA:138,0
DA:140,0
DA:145,0
DA:146,0
DA:150,0
DA:151,0
DA:159,0
DA:160,0
DA:163,0
DA:188,0
DA:195,0
DA:199,0
LF:45
LH:0
BRDA:38,0,0,0
BRDA:38,0,1,0
BRDA:40,1,0,0
BRDA:40,1,1,0
BRDA:40,2,0,0
BRDA:40,2,1,0
BRDA:42,3,0,0
BRDA:42,3,1,0
BRDA:48,4,0,0
BRDA:48,4,1,0
BRDA:72,5,0,0
BRDA:72,5,1,0
BRDA:79,6,0,0
BRDA:79,6,1,0
BRDA:79,6,2,0
BRDA:92,7,0,0
BRDA:92,7,1,0
BRDA:104,8,0,0
BRDA:104,8,1,0
BRDA:104,9,0,0
BRDA:104,9,1,0
BRDA:122,10,0,0
BRDA:122,10,1,0
BRDA:133,11,0,0
BRDA:133,11,1,0
BRDA:146,12,0,0
BRDA:146,12,1,0
BRDA:159,13,0,0
BRDA:159,13,1,0
BRDA:159,14,0,0
BRDA:159,14,1,0
BRDA:159,14,2,0
BRF:32
BRH:0
end_of_record
TN:
SF:components/Header.tsx
FN:20,Header
FN:27,(anonymous_1)
FN:29,(anonymous_2)
FN:33,(anonymous_3)
FN:43,(anonymous_4)
FN:44,(anonymous_5)
FN:46,(anonymous_6)
FN:82,(anonymous_7)
FNF:8
FNH:0
FNDA:0,Header
FNDA:0,(anonymous_1)
FNDA:0,(anonymous_2)
FNDA:0,(anonymous_3)
FNDA:0,(anonymous_4)
FNDA:0,(anonymous_5)
FNDA:0,(anonymous_6)
FNDA:0,(anonymous_7)
DA:18,0
DA:21,0
DA:22,0
DA:23,0
DA:24,0
DA:25,0
DA:26,0
DA:27,0
DA:29,0
DA:30,0
DA:34,0
DA:38,0
DA:43,0
DA:44,0
DA:46,0
DA:47,0
DA:48,0
DA:51,0
DA:82,0
LF:19
LH:0
BRDA:36,0,0,0
BRDA:36,0,1,0
BRDA:47,1,0,0
BRDA:47,1,1,0
BRDA:55,2,0,0
BRDA:55,2,1,0
BRDA:74,3,0,0
BRDA:74,3,1,0
BRDA:77,4,0,0
BRDA:77,4,1,0
BRDA:80,5,0,0
BRDA:80,5,1,0
BRDA:99,6,0,0
BRDA:99,6,1,0
BRDA:102,7,0,0
BRDA:102,7,1,0
BRF:16
BRH:0
end_of_record
TN:
SF:components/MiniCart.tsx
FN:16,(anonymous_0)
FN:40,MiniCart
FN:51,(anonymous_2)
FN:58,(anonymous_3)
FN:63,(anonymous_4)
FN:63,(anonymous_5)
FN:65,(anonymous_6)
FN:92,(anonymous_7)
FNF:8
FNH:0
FNDA:0,(anonymous_0)
FNDA:0,MiniCart
FNDA:0,(anonymous_2)
FNDA:0,(anonymous_3)
FNDA:0,(anonymous_4)
FNDA:0,(anonymous_5)
FNDA:0,(anonymous_6)
FNDA:0,(anonymous_7)
DA:16,0
DA:17,0
DA:38,0
DA:41,0
DA:42,0
DA:43,0
DA:44,0
DA:45,0
DA:47,0
DA:49,0
DA:51,0
DA:52,0
DA:58,0
DA:63,0
DA:65,0
DA:66,0
DA:69,0
DA:71,0
DA:93,0
LF:19
LH:0
BRDA:52,0,0,0
BRDA:52,0,1,0
BRDA:69,1,0,0
BRDA:69,1,1,0
BRDA:74,2,0,0
BRDA:74,2,1,0
BRDA:112,3,0,0
BRDA:112,3,1,0
BRDA:113,4,0,0
BRDA:113,4,1,0
BRF:10
BRH:0
end_of_record
TN:
SF:components/OfflineOverlay.tsx
FN:8,OfflineOverlay
FN:12,(anonymous_1)
FN:17,(anonymous_2)
FN:18,(anonymous_3)
FNF:4
FNH:0
FNDA:0,OfflineOverlay
FNDA:0,(anonymous_1)
FNDA:0,(anonymous_2)
FNDA:0,(anonymous_3)
DA:9,0
DA:10,0
DA:12,0
DA:13,0
DA:14,0
DA:17,0
DA:18,0
DA:22,0
DA:24,0
LF:9
LH:0
BRDA:13,0,0,0
BRDA:13,0,1,0
BRDA:22,1,0,0
BRDA:22,1,1,0
BRF:4
BRH:0
end_of_record
TN:
SF:components/ProductCard.tsx
FN:26,(anonymous_0)
FN:28,(anonymous_1)
FN:33,(anonymous_2)
FN:38,(anonymous_3)
FN:47,(anonymous_4)
FN:76,(anonymous_5)
FN:101,(anonymous_6)
FN:124,(anonymous_7)
FNF:8
FNH:4
FNDA:2,(anonymous_0)
FNDA:0,(anonymous_1)
FNDA:0,(anonymous_2)
FNDA:0,(anonymous_3)
FNDA:2,(anonymous_4)
FNDA:2,(anonymous_5)
FNDA:2,(anonymous_6)
FNDA:0,(anonymous_7)
DA:25,1
DA:27,2
DA:28,2
DA:29,0
DA:30,0
DA:33,2
DA:34,0
DA:35,0
DA:38,2
DA:39,0
DA:42,2
DA:47,2
DA:76,2
DA:101,2
DA:125,0
DA:134,1
LF:16
LH:10
BRDA:47,0,0,0
BRDA:47,0,1,2
BRDA:51,1,0,2
BRDA:51,1,1,0
BRDA:51,2,0,2
BRDA:51,2,1,2
BRDA:67,3,0,2
BRDA:67,3,1,2
BRDA:76,4,0,0
BRDA:76,4,1,2
BRDA:82,5,0,0
BRDA:82,5,1,2
BRDA:83,6,0,0
BRDA:83,6,1,2
BRDA:101,7,0,0
BRDA:101,7,1,2
BRDA:109,8,0,2
BRDA:109,8,1,2
BRDA:109,8,2,2
BRDA:126,9,0,0
BRDA:126,9,1,0
BRDA:126,9,2,0
BRDA:126,9,3,0
BRF:23
BRH:13
end_of_record
TN:
SF:components/ProductFilterBar.tsx
FN:14,ProductFilterBar
FN:20,(anonymous_1)
FN:50,(anonymous_2)
FN:58,(anonymous_3)
FNF:4
FNH:0
FNDA:0,ProductFilterBar
FNDA:0,(anonymous_1)
FNDA:0,(anonymous_2)
FNDA:0,(anonymous_3)
DA:15,0
DA:18,0
DA:20,0
DA:21,0
DA:23,0
DA:28,0
DA:31,0
DA:32,0
DA:39,0
DA:40,0
DA:43,0
DA:51,0
DA:52,0
DA:53,0
DA:55,0
DA:58,0
LF:16
LH:0
BRDA:21,0,0,0
BRDA:21,0,1,0
BRDA:31,1,0,0
BRDA:31,1,1,0
BRDA:39,2,0,0
BRDA:39,2,1,0
BRDA:51,3,0,0
BRDA:51,3,1,0
BRDA:51,3,2,0
BRDA:52,4,0,0
BRDA:52,4,1,0
BRDA:53,5,0,0
BRDA:53,5,1,0
BRDA:61,6,0,0
BRDA:61,6,1,0
BRDA:67,7,0,0
BRDA:67,7,1,0
BRF:17
BRH:0
end_of_record
TN:
SF:components/RelatedProductsSection.tsx
FN:18,(anonymous_0)
FN:28,(anonymous_1)
FN:32,(anonymous_2)
FN:33,(anonymous_3)
FN:34,(anonymous_4)
FN:42,(anonymous_5)
FNF:6
FNH:0
FNDA:0,(anonymous_0)
FNDA:0,(anonymous_1)
FNDA:0,(anonymous_2)
FNDA:0,(anonymous_3)
FNDA:0,(anonymous_4)
FNDA:0,(anonymous_5)
DA:18,0
DA:20,0
DA:22,0
DA:23,0
DA:25,0
DA:27,0
DA:29,0
DA:32,0
DA:33,0
DA:34,0
DA:42,0
DA:44,0
DA:46,0
LF:13
LH:0
BRDA:44,0,0,0
BRDA:44,0,1,0
BRDA:44,1,0,0
BRDA:44,1,1,0
BRDA:44,1,2,0
BRF:5
BRH:0
end_of_record
TN:
SF:components/StyledText.tsx
FN:3,MonoText
FNF:1
FNH:1
FNDA:1,MonoText
DA:4,1
LF:1
LH:1
BRF:0
BRH:0
end_of_record
TN:
SF:components/SupplierCard.tsx
FN:14,(anonymous_0)
FN:20,(anonymous_1)
FN:22,(anonymous_2)
FNF:3
FNH:0
FNDA:0,(anonymous_0)
FNDA:0,(anonymous_1)
FNDA:0,(anonymous_2)
DA:14,0
DA:15,0
DA:16,0
DA:18,0
DA:20,0
DA:22,0
DA:58,0
LF:7
LH:0
BRDA:15,0,0,0
BRDA:15,0,1,0
BRDA:15,0,2,0
BRDA:15,0,3,0
BRDA:15,0,4,0
BRDA:16,1,0,0
BRDA:16,1,1,0
BRDA:22,2,0,0
BRDA:22,2,1,0
BRDA:25,3,0,0
BRDA:25,3,1,0
BRDA:33,4,0,0
BRDA:33,4,1,0
BRF:13
BRH:0
end_of_record
TN:
SF:components/Themed.tsx
FN:20,useThemeColor
FN:35,Text
FN:46,View
FNF:3
FNH:2
FNDA:1,useThemeColor
FNDA:1,Text
FNDA:0,View
DA:24,1
DA:25,1
DA:26,1
DA:28,1
DA:29,0
DA:31,1
DA:36,1
DA:37,1
DA:38,1
DA:39,1
DA:43,1
DA:47,0
DA:48,0
DA:50,0
LF:14
LH:10
BRDA:25,0,0,1
BRDA:25,0,1,0
BRDA:28,1,0,0
BRDA:28,1,1,1
BRDA:39,2,0,0
BRDA:39,2,1,1
BRF:6
BRH:3
end_of_record
TN:
SF:components/ThemedText.tsx
FN:7,Text
FNF:1
FNH:1
FNDA:10,Text
DA:8,10
DA:9,10
DA:10,10
DA:18,1
LF:4
LH:4
BRDA:9,0,0,10
BRDA:9,0,1,0
BRF:2
BRH:1
end_of_record
TN:
SF:components/useClientOnlyValue.ts
FN:2,useClientOnlyValue
FNF:1
FNH:0
FNDA:0,useClientOnlyValue
DA:3,0
LF:1
LH:0
BRF:0
BRH:0
end_of_record
TN:
SF:components/useClientOnlyValue.web.ts
FN:5,useClientOnlyValue
FN:7,(anonymous_1)
FNF:2
FNH:0
FNDA:0,useClientOnlyValue
FNDA:0,(anonymous_1)
DA:6,0
DA:7,0
DA:8,0
DA:11,0
LF:4
LH:0
BRF:0
BRH:0
end_of_record
TN:
SF:components/useColorScheme.ts
FN:3,useColorScheme
FNF:1
FNH:1
FNDA:1,useColorScheme
DA:4,1
LF:1
LH:1
BRF:0
BRH:0
end_of_record
TN:
SF:components/useColorScheme.web.ts
FN:6,useColorScheme
FN:9,(anonymous_1)
FNF:2
FNH:0
FNDA:0,useColorScheme
FNDA:0,(anonymous_1)
DA:7,0
LF:1
LH:0
BRF:0
BRH:0
end_of_record
TN:
SF:components/modals/AddressConfirmationModal.tsx
FN:17,AddressConfirmationModal
FNF:1
FNH:0
FNDA:0,AddressConfirmationModal
DA:25,0
DA:27,0
LF:2
LH:0
BRDA:25,0,0,0
BRDA:25,0,1,0
BRDA:61,1,0,0
BRDA:61,1,1,0
BRF:4
BRH:0
end_of_record
TN:
SF:components/modals/AddressModal.tsx
FN:22,AddressModal
FN:45,(anonymous_1)
FN:47,(anonymous_2)
FN:51,(anonymous_3)
FN:57,(anonymous_4)
FN:58,(anonymous_5)
FN:60,(anonymous_6)
FN:64,(anonymous_7)
FN:79,(anonymous_8)
FN:94,(anonymous_9)
FN:140,(anonymous_10)
FN:155,(anonymous_11)
FN:169,(anonymous_12)
FN:174,(anonymous_13)
FN:188,(anonymous_14)
FN:202,(anonymous_15)
FNF:16
FNH:0
FNDA:0,AddressModal
FNDA:0,(anonymous_1)
FNDA:0,(anonymous_2)
FNDA:0,(anonymous_3)
FNDA:0,(anonymous_4)
FNDA:0,(anonymous_5)
FNDA:0,(anonymous_6)
FNDA:0,(anonymous_7)
FNDA:0,(anonymous_8)
FNDA:0,(anonymous_9)
FNDA:0,(anonymous_10)
FNDA:0,(anonymous_11)
FNDA:0,(anonymous_12)
FNDA:0,(anonymous_13)
FNDA:0,(anonymous_14)
FNDA:0,(anonymous_15)
DA:31,0
DA:32,0
DA:39,0
DA:40,0
DA:41,0
DA:43,0
DA:45,0
DA:46,0
DA:47,0
DA:51,0
DA:52,0
DA:53,0
DA:57,0
DA:58,0
DA:59,0
DA:60,0
DA:64,0
DA:65,0
DA:66,0
DA:67,0
DA:68,0
DA:69,0
DA:70,0
DA:72,0
DA:73,0
DA:75,0
DA:76,0
DA:79,0
DA:80,0
DA:82,0
DA:83,0
DA:84,0
DA:85,0
DA:88,0
DA:90,0
DA:94,0
DA:96,0
DA:140,0
DA:155,0
DA:169,0
DA:175,0
DA:188,0
DA:202,0
LF:43
LH:0
BRDA:25,0,0,0
BRDA:27,1,0,0
BRDA:28,2,0,0
BRDA:29,3,0,0
BRDA:43,4,0,0
BRDA:43,4,1,0
BRDA:46,5,0,0
BRDA:46,5,1,0
BRDA:46,6,0,0
BRDA:46,6,1,0
BRDA:52,7,0,0
BRDA:52,7,1,0
BRDA:59,8,0,0
BRDA:59,8,1,0
BRDA:66,9,0,0
BRDA:66,9,1,0
BRDA:67,10,0,0
BRDA:67,10,1,0
BRDA:69,11,0,0
BRDA:69,11,1,0
BRDA:72,12,0,0
BRDA:72,12,1,0
BRDA:73,13,0,0
BRDA:73,13,1,0
BRDA:80,14,0,0
BRDA:80,14,1,0
BRDA:88,15,0,0
BRDA:88,15,1,0
BRDA:94,16,0,0
BRDA:94,16,1,0
BRDA:106,17,0,0
BRDA:106,17,1,0
BRDA:126,18,0,0
BRDA:126,18,1,0
BRDA:166,19,0,0
BRDA:166,19,1,0
BRDA:171,20,0,0
BRDA:171,20,1,0
BRDA:179,21,0,0
BRDA:179,21,1,0
BRDA:215,22,0,0
BRDA:215,22,1,0
BRF:42
BRH:0
end_of_record
TN:
SF:components/modals/CitySelectionModal.tsx
FN:19,CitySelectionModal
FN:29,(anonymous_1)
FN:46,(anonymous_2)
FN:52,(anonymous_3)
FN:63,(anonymous_4)
FN:121,(anonymous_5)
FN:131,(anonymous_6)
FN:138,(anonymous_7)
FN:142,(anonymous_8)
FN:145,(anonymous_9)
FNF:10
FNH:0
FNDA:0,CitySelectionModal
FNDA:0,(anonymous_1)
FNDA:0,(anonymous_2)
FNDA:0,(anonymous_3)
FNDA:0,(anonymous_4)
FNDA:0,(anonymous_5)
FNDA:0,(anonymous_6)
FNDA:0,(anonymous_7)
FNDA:0,(anonymous_8)
FNDA:0,(anonymous_9)
DA:20,0
DA:21,0
DA:22,0
DA:23,0
DA:26,0
DA:27,0
DA:29,0
DA:30,0
DA:31,0
DA:32,0
DA:34,0
DA:42,0
DA:47,0
DA:52,0
DA:53,0
DA:54,0
DA:55,0
DA:57,0
DA:59,0
DA:63,0
DA:64,0
DA:65,0
DA:66,0
DA:67,0
DA:68,0
DA:69,0
DA:71,0
DA:73,0
DA:77,0
DA:79,0
DA:122,0
DA:131,0
DA:139,0
DA:140,0
DA:142,0
DA:145,0
LF:36
LH:0
BRDA:30,0,0,0
BRDA:30,0,1,0
BRDA:55,1,0,0
BRDA:55,1,1,0
BRDA:64,2,0,0
BRDA:64,2,1,0
BRDA:77,3,0,0
BRDA:77,3,1,0
BRDA:119,4,0,0
BRDA:119,4,1,0
BRDA:145,5,0,0
BRDA:145,5,1,0
BRDA:146,6,0,0
BRDA:146,6,1,0
BRDA:151,7,0,0
BRDA:151,7,1,0
BRDA:153,8,0,0
BRDA:153,8,1,0
BRDA:154,9,0,0
BRDA:154,9,1,0
BRDA:157,10,0,0
BRDA:157,10,1,0
BRDA:158,11,0,0
BRDA:158,11,1,0
BRF:24
BRH:0
end_of_record
TN:
SF:components/modals/DealDetailModal.tsx
FN:24,DealDetailModal
FN:31,(anonymous_1)
FN:32,(anonymous_2)
FN:52,(anonymous_3)
FN:59,(anonymous_4)
FN:66,(anonymous_5)
FN:166,(anonymous_6)
FNF:7
FNH:0
FNDA:0,DealDetailModal
FNDA:0,(anonymous_1)
FNDA:0,(anonymous_2)
FNDA:0,(anonymous_3)
FNDA:0,(anonymous_4)
FNDA:0,(anonymous_5)
FNDA:0,(anonymous_6)
DA:25,0
DA:26,0
DA:27,0
DA:28,0
DA:29,0
DA:31,0
DA:32,0
DA:33,0
DA:35,0
DA:36,0
DA:38,0
DA:39,0
DA:40,0
DA:42,0
DA:43,0
DA:45,0
DA:49,0
DA:52,0
DA:53,0
DA:54,0
DA:55,0
DA:59,0
DA:60,0
DA:61,0
DA:62,0
DA:66,0
DA:67,0
DA:68,0
DA:78,0
DA:79,0
DA:83,0
DA:85,0
DA:166,0
LF:33
LH:0
BRDA:33,0,0,0
BRDA:33,0,1,0
BRDA:33,1,0,0
BRDA:33,1,1,0
BRDA:43,2,0,0
BRDA:43,2,1,0
BRDA:53,3,0,0
BRDA:53,3,1,0
BRDA:53,4,0,0
BRDA:53,4,1,0
BRDA:60,5,0,0
BRDA:60,5,1,0
BRDA:60,6,0,0
BRDA:60,6,1,0
BRDA:67,7,0,0
BRDA:67,7,1,0
BRDA:67,8,0,0
BRDA:67,8,1,0
BRDA:70,9,0,0
BRDA:70,9,1,0
BRDA:71,10,0,0
BRDA:71,10,1,0
BRDA:72,11,0,0
BRDA:72,11,1,0
BRDA:73,12,0,0
BRDA:73,12,1,0
BRDA:74,13,0,0
BRDA:74,13,1,0
BRDA:75,14,0,0
BRDA:75,14,1,0
BRDA:83,15,0,0
BRDA:83,15,1,0
BRDA:97,16,0,0
BRDA:97,16,1,0
BRDA:97,17,0,0
BRDA:97,17,1,0
BRDA:111,18,0,0
BRDA:111,18,1,0
BRDA:159,19,0,0
BRDA:159,19,1,0
BRDA:176,20,0,0
BRDA:176,20,1,0
BRDA:176,20,2,0
BRDA:176,20,3,0
BRDA:181,21,0,0
BRDA:181,21,1,0
BRDA:195,22,0,0
BRDA:195,22,1,0
BRDA:206,23,0,0
BRDA:206,23,1,0
BRDA:213,24,0,0
BRDA:213,24,1,0
BRDA:222,25,0,0
BRDA:222,25,1,0
BRDA:233,26,0,0
BRDA:233,26,1,0
BRDA:248,27,0,0
BRDA:248,27,1,0
BRDA:262,28,0,0
BRDA:262,28,1,0
BRDA:274,29,0,0
BRDA:274,29,1,0
BRDA:274,29,2,0
BRDA:290,30,0,0
BRDA:290,30,1,0
BRDA:292,31,0,0
BRDA:292,31,1,0
BRDA:309,32,0,0
BRDA:309,32,1,0
BRDA:329,33,0,0
BRDA:329,33,1,0
BRDA:335,34,0,0
BRDA:335,34,1,0
BRDA:354,35,0,0
BRDA:354,35,1,0
BRF:75
BRH:0
end_of_record
TN:
SF:components/modals/EnhancedOnboardingModal.tsx
FN:21,EnhancedOnboardingModal
FN:44,(anonymous_1)
FN:52,(anonymous_2)
FN:76,(anonymous_3)
FN:82,(anonymous_4)
FN:83,(anonymous_5)
FN:86,(anonymous_6)
FN:113,(anonymous_7)
FN:116,(anonymous_8)
FN:134,(anonymous_9)
FN:136,(anonymous_10)
FN:140,(anonymous_11)
FN:142,(anonymous_12)
FN:158,(anonymous_13)
FN:163,(anonymous_14)
FN:172,(anonymous_15)
FN:183,(anonymous_16)
FN:200,(anonymous_17)
FN:203,(anonymous_18)
FN:223,(anonymous_19)
FNF:20
FNH:0
FNDA:0,EnhancedOnboardingModal
FNDA:0,(anonymous_1)
FNDA:0,(anonymous_2)
FNDA:0,(anonymous_3)
FNDA:0,(anonymous_4)
FNDA:0,(anonymous_5)
FNDA:0,(anonymous_6)
FNDA:0,(anonymous_7)
FNDA:0,(anonymous_8)
FNDA:0,(anonymous_9)
FNDA:0,(anonymous_10)
FNDA:0,(anonymous_11)
FNDA:0,(anonymous_12)
FNDA:0,(anonymous_13)
FNDA:0,(anonymous_14)
FNDA:0,(anonymous_15)
FNDA:0,(anonymous_16)
FNDA:0,(anonymous_17)
FNDA:0,(anonymous_18)
FNDA:0,(anonymous_19)
DA:22,0
DA:23,0
DA:24,0
DA:25,0
DA:26,0
DA:44,0
DA:45,0
DA:46,0
DA:49,0
DA:51,0
DA:52,0
DA:72,0
DA:76,0
DA:77,0
DA:78,0
DA:82,0
DA:83,0
DA:86,0
DA:87,0
DA:88,0
DA:89,0
DA:90,0
DA:92,0
DA:93,0
DA:94,0
DA:96,0
DA:97,0
DA:98,0
DA:99,0
DA:101,0
DA:102,0
DA:103,0
DA:105,0
DA:106,0
DA:107,0
DA:110,0
DA:113,0
DA:114,0
DA:115,0
DA:116,0
DA:120,0
DA:121,0
DA:122,0
DA:123,0
DA:124,0
DA:126,0
DA:127,0
DA:129,0
DA:134,0
DA:135,0
DA:136,0
DA:140,0
DA:141,0
DA:143,0
DA:158,0
DA:159,0
DA:163,0
DA:172,0
DA:173,0
DA:183,0
DA:184,0
DA:201,0
DA:203,0
DA:223,0
DA:224,0
DA:234,0
LF:66
LH:0
BRDA:49,0,0,0
BRDA:49,0,1,0
BRDA:51,1,0,0
BRDA:51,1,1,0
BRDA:54,2,0,0
BRDA:54,2,1,0
BRDA:55,3,0,0
BRDA:55,3,1,0
BRDA:56,4,0,0
BRDA:56,4,1,0
BRDA:57,5,0,0
BRDA:57,5,1,0
BRDA:58,6,0,0
BRDA:58,6,1,0
BRDA:59,7,0,0
BRDA:59,7,1,0
BRDA:60,8,0,0
BRDA:60,8,1,0
BRDA:61,9,0,0
BRDA:61,9,1,0
BRDA:62,10,0,0
BRDA:62,10,1,0
BRDA:63,11,0,0
BRDA:63,11,1,0
BRDA:64,12,0,0
BRDA:64,12,1,0
BRDA:65,13,0,0
BRDA:65,13,1,0
BRDA:66,14,0,0
BRDA:66,14,1,0
BRDA:67,15,0,0
BRDA:67,15,1,0
BRDA:68,16,0,0
BRDA:68,16,1,0
BRDA:77,17,0,0
BRDA:77,17,1,0
BRDA:87,18,0,0
BRDA:87,18,1,0
BRDA:88,19,0,0
BRDA:88,19,1,0
BRDA:92,20,0,0
BRDA:92,20,1,0
BRDA:96,21,0,0
BRDA:96,21,1,0
BRDA:97,22,0,0
BRDA:97,22,1,0
BRDA:101,23,0,0
BRDA:101,23,1,0
BRDA:105,24,0,0
BRDA:105,24,1,0
BRDA:114,25,0,0
BRDA:114,25,1,0
BRDA:115,26,0,0
BRDA:115,26,1,0
BRDA:135,27,0,0
BRDA:135,27,1,0
BRDA:144,28,0,0
BRDA:144,28,1,0
BRDA:146,29,0,0
BRDA:146,29,1,0
BRDA:146,30,0,0
BRDA:146,30,1,0
BRDA:147,31,0,0
BRDA:147,31,1,0
BRDA:147,32,0,0
BRDA:147,32,1,0
BRDA:148,33,0,0
BRDA:148,33,1,0
BRDA:148,34,0,0
BRDA:148,34,1,0
BRDA:150,35,0,0
BRDA:150,35,1,0
BRDA:151,36,0,0
BRDA:151,36,1,0
BRDA:158,37,0,0
BRDA:158,38,0,0
BRDA:160,39,0,0
BRDA:160,39,1,0
BRDA:206,40,0,0
BRDA:206,40,1,0
BRDA:211,41,0,0
BRDA:211,41,1,0
BRDA:243,42,0,0
BRDA:243,42,1,0
BRDA:261,43,0,0
BRDA:261,43,1,0
BRDA:262,44,0,0
BRDA:262,44,1,0
BRDA:263,45,0,0
BRDA:263,45,1,0
BRDA:270,46,0,0
BRDA:270,46,1,0
BRDA:281,47,0,0
BRDA:281,47,1,0
BRDA:286,48,0,0
BRDA:286,48,1,0
BRF:96
BRH:0
end_of_record
TN:
SF:components/modals/FeaturedListModal.tsx
FN:27,FeaturedListModal
FN:33,(anonymous_1)
FN:47,(anonymous_2)
FN:58,(anonymous_3)
FN:61,(anonymous_4)
FN:66,(anonymous_5)
FN:73,(anonymous_6)
FN:93,(anonymous_7)
FN:95,(anonymous_8)
FN:97,(anonymous_9)
FN:195,(anonymous_10)
FN:227,(anonymous_11)
FNF:12
FNH:0
FNDA:0,FeaturedListModal
FNDA:0,(anonymous_1)
FNDA:0,(anonymous_2)
FNDA:0,(anonymous_3)
FNDA:0,(anonymous_4)
FNDA:0,(anonymous_5)
FNDA:0,(anonymous_6)
FNDA:0,(anonymous_7)
FNDA:0,(anonymous_8)
FNDA:0,(anonymous_9)
FNDA:0,(anonymous_10)
FNDA:0,(anonymous_11)
DA:28,0
DA:29,0
DA:30,0
DA:31,0
DA:33,0
DA:34,0
DA:35,0
DA:36,0
DA:37,0
DA:38,0
DA:40,0
DA:41,0
DA:43,0
DA:47,0
DA:48,0
DA:49,0
DA:50,0
DA:52,0
DA:53,0
DA:54,0
DA:58,0
DA:59,0
DA:60,0
DA:61,0
DA:66,0
DA:67,0
DA:70,0
DA:73,0
DA:74,0
DA:75,0
DA:85,0
DA:86,0
DA:93,0
DA:94,0
DA:95,0
DA:97,0
DA:142,0
DA:144,0
DA:196,0
DA:227,0
LF:40
LH:0
BRDA:38,0,0,0
BRDA:38,0,1,0
BRDA:41,1,0,0
BRDA:41,1,1,0
BRDA:48,2,0,0
BRDA:48,2,1,0
BRDA:48,3,0,0
BRDA:48,3,1,0
BRDA:50,4,0,0
BRDA:50,4,1,0
BRDA:59,5,0,0
BRDA:59,5,1,0
BRDA:59,6,0,0
BRDA:59,6,1,0
BRDA:61,7,0,0
BRDA:61,7,1,0
BRDA:61,7,2,0
BRDA:67,8,0,0
BRDA:67,8,1,0
BRDA:74,9,0,0
BRDA:74,9,1,0
BRDA:85,10,0,0
BRDA:85,10,1,0
BRDA:97,11,0,0
BRDA:97,11,1,0
BRDA:112,12,0,0
BRDA:112,12,1,0
BRDA:117,13,0,0
BRDA:117,13,1,0
BRDA:119,14,0,0
BRDA:119,14,1,0
BRDA:130,15,0,0
BRDA:130,15,1,0
BRDA:142,16,0,0
BRDA:142,16,1,0
BRDA:155,17,0,0
BRDA:155,17,1,0
BRDA:155,18,0,0
BRDA:155,18,1,0
BRDA:157,19,0,0
BRDA:157,19,1,0
BRDA:183,20,0,0
BRDA:183,20,1,0
BRDA:193,21,0,0
BRDA:193,21,1,0
BRDA:210,22,0,0
BRDA:210,22,1,0
BRF:47
BRH:0
end_of_record
TN:
SF:components/modals/FeedbackModal.tsx
FN:15,FeedbackModal
FN:20,(anonymous_1)
FN:61,(anonymous_2)
FN:64,(anonymous_3)
FNF:4
FNH:0
FNDA:0,FeedbackModal
FNDA:0,(anonymous_1)
FNDA:0,(anonymous_2)
FNDA:0,(anonymous_3)
DA:16,0
DA:17,0
DA:18,0
DA:20,0
DA:21,0
DA:22,0
DA:23,0
DA:29,0
DA:30,0
DA:31,0
DA:32,0
DA:35,0
DA:37,0
DA:62,0
DA:64,0
LF:15
LH:0
BRDA:21,0,0,0
BRDA:21,0,1,0
BRDA:35,1,0,0
BRDA:35,1,1,0
BRDA:47,2,0,0
BRDA:47,2,1,0
BRDA:70,3,0,0
BRDA:70,3,1,0
BRDA:71,4,0,0
BRDA:71,4,1,0
BRF:10
BRH:0
end_of_record
TN:
SF:components/modals/ImageViewer.tsx
FN:23,ImageViewer
FN:31,(anonymous_1)
FN:40,(anonymous_2)
FN:45,(anonymous_3)
FN:46,(anonymous_4)
FN:52,(anonymous_5)
FN:57,(anonymous_6)
FN:58,(anonymous_7)
FN:61,(anonymous_8)
FN:70,(anonymous_9)
FN:72,(anonymous_10)
FN:81,(anonymous_11)
FNF:12
FNH:0
FNDA:0,ImageViewer
FNDA:0,(anonymous_1)
FNDA:0,(anonymous_2)
FNDA:0,(anonymous_3)
FNDA:0,(anonymous_4)
FNDA:0,(anonymous_5)
FNDA:0,(anonymous_6)
FNDA:0,(anonymous_7)
FNDA:0,(anonymous_8)
FNDA:0,(anonymous_9)
FNDA:0,(anonymous_10)
FNDA:0,(anonymous_11)
DA:21,0
DA:24,0
DA:25,0
DA:26,0
DA:27,0
DA:28,0
DA:29,0
DA:31,0
DA:32,0
DA:33,0
DA:34,0
DA:35,0
DA:36,0
DA:37,0
DA:40,0
DA:41,0
DA:42,0
DA:45,0
DA:47,0
DA:48,0
DA:49,0
DA:53,0
DA:54,0
DA:57,0
DA:59,0
DA:62,0
DA:63,0
DA:64,0
DA:66,0
DA:70,0
DA:73,0
DA:74,0
DA:76,0
DA:77,0
DA:81,0
DA:89,0
DA:91,0
DA:127,0
LF:38
LH:0
BRDA:47,0,0,0
BRDA:47,0,1,0
BRDA:62,1,0,0
BRDA:62,1,1,0
BRDA:73,2,0,0
BRDA:73,2,1,0
BRDA:89,3,0,0
BRDA:89,3,1,0
BRDA:104,4,0,0
BRDA:104,4,1,0
BRF:10
BRH:0
end_of_record
TN:
SF:components/modals/OrderConfirmationModal.tsx
FN:15,OrderConfirmationModal
FN:19,(anonymous_1)
FN:35,(anonymous_2)
FN:39,(anonymous_3)
FNF:4
FNH:0
FNDA:0,OrderConfirmationModal
FNDA:0,(anonymous_1)
FNDA:0,(anonymous_2)
FNDA:0,(anonymous_3)
DA:16,0
DA:17,0
DA:19,0
DA:20,0
DA:21,0
DA:35,0
DA:36,0
DA:39,0
DA:41,0
DA:42,0
DA:46,0
DA:48,0
LF:12
LH:0
BRDA:20,0,0,0
BRDA:20,0,1,0
BRDA:46,1,0,0
BRDA:46,1,1,0
BRDA:85,2,0,0
BRDA:85,2,1,0
BRDA:98,3,0,0
BRDA:98,3,1,0
BRF:8
BRH:0
end_of_record
TN:
SF:components/modals/ProductDetailModal.tsx
FN:32,ProductDetailModal
FN:47,(anonymous_1)
FN:51,(anonymous_2)
FN:56,(anonymous_3)
FN:62,(anonymous_4)
FN:68,(anonymous_5)
FN:71,(anonymous_6)
FN:81,(anonymous_7)
FN:151,(anonymous_8)
FN:216,(anonymous_9)
FN:245,(anonymous_10)
FN:272,(anonymous_11)
FN:287,(anonymous_12)
FN:300,(anonymous_13)
FN:325,(anonymous_14)
FNF:15
FNH:0
FNDA:0,ProductDetailModal
FNDA:0,(anonymous_1)
FNDA:0,(anonymous_2)
FNDA:0,(anonymous_3)
FNDA:0,(anonymous_4)
FNDA:0,(anonymous_5)
FNDA:0,(anonymous_6)
FNDA:0,(anonymous_7)
FNDA:0,(anonymous_8)
FNDA:0,(anonymous_9)
FNDA:0,(anonymous_10)
FNDA:0,(anonymous_11)
FNDA:0,(anonymous_12)
FNDA:0,(anonymous_13)
FNDA:0,(anonymous_14)
DA:33,0
DA:34,0
DA:35,0
DA:36,0
DA:37,0
DA:38,0
DA:40,0
DA:41,0
DA:44,0
DA:47,0
DA:51,0
DA:56,0
DA:57,0
DA:62,0
DA:63,0
DA:64,0
DA:65,0
DA:68,0
DA:69,0
DA:71,0
DA:76,0
DA:78,0
DA:79,0
DA:81,0
DA:82,0
DA:83,0
DA:84,0
DA:86,0
DA:87,0
DA:91,0
DA:151,0
DA:217,0
DA:218,0
DA:246,0
DA:247,0
DA:273,0
DA:274,0
DA:288,0
DA:289,0
DA:301,0
DA:302,0
DA:325,0
LF:42
LH:0
BRDA:57,0,0,0
BRDA:57,0,1,0
BRDA:63,1,0,0
BRDA:63,1,1,0
BRDA:76,2,0,0
BRDA:76,2,1,0
BRDA:78,3,0,0
BRDA:78,3,1,0
BRDA:79,4,0,0
BRDA:79,4,1,0
BRDA:82,5,0,0
BRDA:82,5,1,0
BRDA:102,6,0,0
BRDA:102,6,1,0
BRDA:123,7,0,0
BRDA:123,7,1,0
BRDA:172,8,0,0
BRDA:172,8,1,0
BRDA:193,9,0,0
BRDA:193,9,1,0
BRDA:200,10,0,0
BRDA:200,10,1,0
BRDA:208,11,0,0
BRDA:208,11,1,0
BRDA:221,12,0,0
BRDA:221,12,1,0
BRDA:228,13,0,0
BRDA:228,13,1,0
BRDA:229,14,0,0
BRDA:229,14,1,0
BRDA:240,15,0,0
BRDA:240,15,1,0
BRDA:242,16,0,0
BRDA:242,16,1,0
BRDA:263,17,0,0
BRDA:263,17,1,0
BRDA:265,18,0,0
BRDA:265,18,1,0
BRDA:323,19,0,0
BRDA:323,19,1,0
BRF:40
BRH:0
end_of_record
TN:
SF:components/modals/ProfileModal.tsx
FN:26,ProfileModal
FN:38,(anonymous_1)
FN:50,(anonymous_2)
FN:51,(anonymous_3)
FN:54,(anonymous_4)
FN:82,(anonymous_5)
FN:153,(anonymous_6)
FN:166,(anonymous_7)
FN:178,(anonymous_8)
FN:190,(anonymous_9)
FN:202,(anonymous_10)
FNF:11
FNH:0
FNDA:0,ProfileModal
FNDA:0,(anonymous_1)
FNDA:0,(anonymous_2)
FNDA:0,(anonymous_3)
FNDA:0,(anonymous_4)
FNDA:0,(anonymous_5)
FNDA:0,(anonymous_6)
FNDA:0,(anonymous_7)
FNDA:0,(anonymous_8)
FNDA:0,(anonymous_9)
FNDA:0,(anonymous_10)
DA:27,0
DA:28,0
DA:35,0
DA:36,0
DA:38,0
DA:39,0
DA:40,0
DA:50,0
DA:51,0
DA:54,0
DA:55,0
DA:56,0
DA:57,0
DA:58,0
DA:66,0
DA:67,0
DA:68,0
DA:69,0
DA:71,0
DA:74,0
DA:76,0
DA:78,0
DA:82,0
DA:84,0
DA:153,0
DA:166,0
DA:178,0
DA:190,0
DA:202,0
LF:29
LH:0
BRDA:39,0,0,0
BRDA:39,0,1,0
BRDA:39,1,0,0
BRDA:39,1,1,0
BRDA:41,2,0,0
BRDA:41,2,1,0
BRDA:42,3,0,0
BRDA:42,3,1,0
BRDA:43,4,0,0
BRDA:43,4,1,0
BRDA:44,5,0,0
BRDA:44,5,1,0
BRDA:45,6,0,0
BRDA:45,6,1,0
BRDA:45,6,2,0
BRDA:66,7,0,0
BRDA:66,7,1,0
BRDA:68,8,0,0
BRDA:68,8,1,0
BRDA:76,9,0,0
BRDA:76,9,1,0
BRDA:82,10,0,0
BRDA:82,10,1,0
BRDA:94,11,0,0
BRDA:94,11,1,0
BRDA:118,12,0,0
BRDA:118,12,1,0
BRDA:134,13,0,0
BRDA:134,13,1,0
BRDA:136,14,0,0
BRDA:136,14,1,0
BRDA:210,15,0,0
BRDA:210,15,1,0
BRDA:218,16,0,0
BRDA:218,16,1,0
BRF:35
BRH:0
end_of_record
TN:
SF:components/modals/SearchModal.tsx
FN:51,(anonymous_0)
FN:53,SearchModal
FN:74,(anonymous_2)
FN:86,(anonymous_3)
FN:97,(anonymous_4)
FN:106,(anonymous_5)
FN:118,(anonymous_6)
FN:123,(anonymous_7)
FN:131,(anonymous_8)
FN:134,(anonymous_9)
FN:135,(anonymous_10)
FN:139,(anonymous_11)
FN:154,(anonymous_12)
FN:161,(anonymous_13)
FN:166,(anonymous_14)
FN:169,(anonymous_15)
FN:177,(anonymous_16)
FN:180,(anonymous_17)
FN:190,(anonymous_18)
FN:194,(anonymous_19)
FN:197,(anonymous_20)
FN:208,(anonymous_21)
FN:212,(anonymous_22)
FN:215,(anonymous_23)
FN:225,(anonymous_24)
FN:263,(anonymous_25)
FN:266,(anonymous_26)
FN:276,(anonymous_27)
FN:289,(anonymous_28)
FN:324,(anonymous_29)
FN:345,(anonymous_30)
FN:364,(anonymous_31)
FN:410,(anonymous_32)
FN:428,(anonymous_33)
FN:438,(anonymous_34)
FNF:35
FNH:0
FNDA:0,(anonymous_0)
FNDA:0,SearchModal
FNDA:0,(anonymous_2)
FNDA:0,(anonymous_3)
FNDA:0,(anonymous_4)
FNDA:0,(anonymous_5)
FNDA:0,(anonymous_6)
FNDA:0,(anonymous_7)
FNDA:0,(anonymous_8)
FNDA:0,(anonymous_9)
FNDA:0,(anonymous_10)
FNDA:0,(anonymous_11)
FNDA:0,(anonymous_12)
FNDA:0,(anonymous_13)
FNDA:0,(anonymous_14)
FNDA:0,(anonymous_15)
FNDA:0,(anonymous_16)
FNDA:0,(anonymous_17)
FNDA:0,(anonymous_18)
FNDA:0,(anonymous_19)
FNDA:0,(anonymous_20)
FNDA:0,(anonymous_21)
FNDA:0,(anonymous_22)
FNDA:0,(anonymous_23)
FNDA:0,(anonymous_24)
FNDA:0,(anonymous_25)
FNDA:0,(anonymous_26)
FNDA:0,(anonymous_27)
FNDA:0,(anonymous_28)
FNDA:0,(anonymous_29)
FNDA:0,(anonymous_30)
FNDA:0,(anonymous_31)
FNDA:0,(anonymous_32)
FNDA:0,(anonymous_33)
FNDA:0,(anonymous_34)
DA:43,0
DA:49,0
DA:51,0
DA:54,0
DA:55,0
DA:56,0
DA:57,0
DA:58,0
DA:59,0
DA:60,0
DA:61,0
DA:62,0
DA:63,0
DA:64,0
DA:68,0
DA:69,0
DA:70,0
DA:71,0
DA:72,0
DA:74,0
DA:75,0
DA:76,0
DA:77,0
DA:78,0
DA:80,0
DA:82,0
DA:86,0
DA:87,0
DA:88,0
DA:89,0
DA:90,0
DA:91,0
DA:93,0
DA:97,0
DA:98,0
DA:99,0
DA:100,0
DA:102,0
DA:106,0
DA:107,0
DA:108,0
DA:109,0
DA:110,0
DA:112,0
DA:114,0
DA:118,0
DA:119,0
DA:122,0
DA:124,0
DA:125,0
DA:126,0
DA:131,0
DA:132,0
DA:133,0
DA:134,0
DA:135,0
DA:139,0
DA:140,0
DA:141,0
DA:144,0
DA:145,0
DA:148,0
DA:149,0
DA:150,0
DA:151,0
DA:154,0
DA:155,0
DA:156,0
DA:157,0
DA:161,0
DA:162,0
DA:165,0
DA:167,0
DA:168,0
DA:169,0
DA:170,0
DA:176,0
DA:178,0
DA:189,0
DA:191,0
DA:195,0
DA:196,0
DA:197,0
DA:198,0
DA:207,0
DA:209,0
DA:213,0
DA:214,0
DA:215,0
DA:216,0
DA:225,0
DA:226,0
DA:227,0
DA:235,0
DA:236,0
DA:244,0
DA:264,0
DA:266,0
DA:276,0
DA:289,0
DA:290,0
DA:291,0
DA:294,0
DA:295,0
DA:303,0
DA:304,0
DA:311,0
DA:312,0
DA:320,0
DA:321,0
DA:324,0
DA:341,0
DA:342,0
DA:345,0
DA:360,0
DA:361,0
DA:364,0
DA:380,0
DA:411,0
DA:412,0
DA:429,0
DA:430,0
DA:431,0
DA:433,0
DA:435,0
DA:438,0
LF:126
LH:0
BRDA:63,0,0,0
BRDA:63,0,1,0
BRDA:71,1,0,0
BRDA:71,1,1,0
BRDA:72,2,0,0
BRDA:72,2,1,0
BRDA:88,3,0,0
BRDA:88,3,1,0
BRDA:132,4,0,0
BRDA:132,4,1,0
BRDA:140,5,0,0
BRDA:140,5,1,0
BRDA:140,6,0,0
BRDA:140,6,1,0
BRDA:144,7,0,0
BRDA:144,7,1,0
BRDA:148,8,0,0
BRDA:148,8,1,0
BRDA:149,9,0,0
BRDA:149,9,1,0
BRDA:150,10,0,0
BRDA:150,10,1,0
BRDA:155,11,0,0
BRDA:155,11,1,0
BRDA:155,12,0,0
BRDA:155,12,1,0
BRDA:226,13,0,0
BRDA:226,13,1,0
BRDA:235,14,0,0
BRDA:235,14,1,0
BRDA:255,15,0,0
BRDA:255,15,1,0
BRDA:290,16,0,0
BRDA:290,16,1,0
BRDA:294,17,0,0
BRDA:294,17,1,0
BRDA:294,18,0,0
BRDA:294,18,1,0
BRDA:303,19,0,0
BRDA:303,19,1,0
BRDA:303,20,0,0
BRDA:303,20,1,0
BRDA:311,21,0,0
BRDA:311,21,1,0
BRDA:311,22,0,0
BRDA:311,22,1,0
BRDA:315,23,0,0
BRDA:315,23,1,0
BRDA:320,24,0,0
BRDA:320,24,1,0
BRDA:323,25,0,0
BRDA:323,25,1,0
BRDA:341,26,0,0
BRDA:341,26,1,0
BRDA:360,27,0,0
BRDA:360,27,1,0
BRDA:408,28,0,0
BRDA:408,28,1,0
BRDA:426,29,0,0
BRDA:426,29,1,0
BRDA:433,30,0,0
BRDA:433,30,1,0
BRDA:433,31,0,0
BRDA:433,31,1,0
BRDA:442,32,0,0
BRDA:442,32,1,0
BRDA:445,33,0,0
BRDA:445,33,1,0
BRDA:446,34,0,0
BRDA:446,34,1,0
BRDA:455,35,0,0
BRDA:455,35,1,0
BRDA:455,36,0,0
BRDA:455,36,1,0
BRDA:455,36,2,0
BRDA:462,37,0,0
BRDA:462,37,1,0
BRDA:462,38,0,0
BRDA:462,38,1,0
BRDA:462,38,2,0
BRF:80
BRH:0
end_of_record
TN:
SF:components/modals/SupplierDetailModal.tsx
FN:25,SupplierDetailModal
FN:34,(anonymous_1)
FN:35,(anonymous_2)
FN:56,(anonymous_3)
FN:62,(anonymous_4)
FN:66,(anonymous_5)
FN:69,(anonymous_6)
FN:73,(anonymous_7)
FN:77,(anonymous_8)
FN:90,(anonymous_9)
FN:135,(anonymous_10)
FN:149,(anonymous_11)
FNF:12
FNH:0
FNDA:0,SupplierDetailModal
FNDA:0,(anonymous_1)
FNDA:0,(anonymous_2)
FNDA:0,(anonymous_3)
FNDA:0,(anonymous_4)
FNDA:0,(anonymous_5)
FNDA:0,(anonymous_6)
FNDA:0,(anonymous_7)
FNDA:0,(anonymous_8)
FNDA:0,(anonymous_9)
FNDA:0,(anonymous_10)
FNDA:0,(anonymous_11)
DA:26,0
DA:27,0
DA:28,0
DA:29,0
DA:31,0
DA:32,0
DA:34,0
DA:35,0
DA:36,0
DA:38,0
DA:39,0
DA:41,0
DA:42,0
DA:43,0
DA:44,0
DA:46,0
DA:47,0
DA:49,0
DA:53,0
DA:56,0
DA:57,0
DA:58,0
DA:62,0
DA:63,0
DA:66,0
DA:67,0
DA:68,0
DA:69,0
DA:72,0
DA:74,0
DA:78,0
DA:79,0
DA:90,0
DA:92,0
DA:94,0
DA:136,0
DA:149,0
LF:37
LH:0
BRDA:36,0,0,0
BRDA:36,0,1,0
BRDA:36,1,0,0
BRDA:36,1,1,0
BRDA:47,2,0,0
BRDA:47,2,1,0
BRDA:57,3,0,0
BRDA:57,3,1,0
BRDA:57,4,0,0
BRDA:57,4,1,0
BRDA:67,5,0,0
BRDA:67,5,1,0
BRDA:68,6,0,0
BRDA:68,6,1,0
BRDA:79,7,0,0
BRDA:79,7,1,0
BRDA:90,8,0,0
BRDA:90,8,1,0
BRDA:92,9,0,0
BRDA:92,9,1,0
BRDA:106,10,0,0
BRDA:106,10,1,0
BRDA:106,11,0,0
BRDA:106,11,1,0
BRDA:119,12,0,0
BRDA:119,12,1,0
BRDA:142,13,0,0
BRDA:142,13,1,0
BRDA:157,14,0,0
BRDA:157,14,1,0
BRDA:174,15,0,0
BRDA:174,15,1,0
BRDA:199,16,0,0
BRDA:199,16,1,0
BRDA:208,17,0,0
BRDA:208,17,1,0
BRDA:217,18,0,0
BRDA:217,18,1,0
BRDA:228,19,0,0
BRDA:228,19,1,0
BRF:40
BRH:0
end_of_record
TN:
SF:components/modals/WelcomeOnboardingModal.tsx
FN:39,WelcomeOnboardingModal
FN:43,(anonymous_1)
FN:47,(anonymous_2)
FN:53,(anonymous_3)
FN:59,(anonymous_4)
FN:76,(anonymous_5)
FN:122,(anonymous_6)
FNF:7
FNH:0
FNDA:0,WelcomeOnboardingModal
FNDA:0,(anonymous_1)
FNDA:0,(anonymous_2)
FNDA:0,(anonymous_3)
FNDA:0,(anonymous_4)
FNDA:0,(anonymous_5)
FNDA:0,(anonymous_6)
DA:11,0
DA:32,0
DA:40,0
DA:41,0
DA:43,0
DA:44,0
DA:47,0
DA:48,0
DA:49,0
DA:53,0
DA:54,0
DA:55,0
DA:59,0
DA:60,0
DA:61,0
DA:62,0
DA:63,0
DA:65,0
DA:69,0
DA:71,0
DA:123,0
LF:21
LH:0
BRDA:48,0,0,0
BRDA:48,0,1,0
BRDA:54,1,0,0
BRDA:54,1,1,0
BRDA:63,2,0,0
BRDA:63,2,1,0
BRDA:69,3,0,0
BRDA:69,3,1,0
BRDA:125,4,0,0
BRDA:125,4,1,0
BRDA:133,5,0,0
BRDA:133,5,1,0
BRDA:135,6,0,0
BRDA:135,6,1,0
BRF:14
BRH:0
end_of_record
TN:
SF:components/ui/AnimatedScreen.tsx
FN:13,AnimatedScreen
FNF:1
FNH:0
FNDA:0,AnimatedScreen
DA:14,0
LF:1
LH:0
BRDA:13,0,0,0
BRDA:19,1,0,0
BRDA:19,1,1,0
BRF:3
BRH:0
end_of_record
TN:
SF:components/ui/Button.tsx
FN:19,(anonymous_0)
FNF:1
FNH:0
FNDA:0,(anonymous_0)
DA:19,0
DA:31,0
DA:32,0
DA:33,0
DA:35,0
DA:42,0
DA:48,0
DA:55,0
DA:61,0
DA:81,0
LF:10
LH:0
BRDA:21,0,0,0
BRDA:22,1,0,0
BRDA:23,2,0,0
BRDA:24,3,0,0
BRDA:25,4,0,0
BRDA:31,5,0,0
BRDA:31,5,1,0
BRDA:64,6,0,0
BRDA:64,6,1,0
BRDA:65,7,0,0
BRDA:65,7,1,0
BRDA:67,8,0,0
BRDA:67,8,1,0
BRDA:70,9,0,0
BRDA:70,9,1,0
BRDA:71,10,0,0
BRDA:71,10,1,0
BRDA:71,11,0,0
BRDA:71,11,1,0
BRDA:72,12,0,0
BRDA:72,12,1,0
BRDA:73,13,0,0
BRDA:73,13,1,0
BRDA:76,14,0,0
BRDA:76,14,1,0
BRDA:76,15,0,0
BRDA:76,15,1,0
BRDA:76,16,0,0
BRDA:76,16,1,0
BRF:29
BRH:0
end_of_record
TN:
SF:components/ui/Input.tsx
FN:20,(anonymous_0)
FNF:1
FNH:0
FNDA:0,(anonymous_0)
DA:20,0
DA:33,0
DA:34,0
DA:35,0
DA:36,0
DA:37,0
DA:39,0
DA:63,0
DA:65,0
LF:9
LH:0
BRDA:23,0,0,0
BRDA:24,1,0,0
BRDA:25,2,0,0
BRDA:34,3,0,0
BRDA:34,3,1,0
BRDA:36,4,0,0
BRDA:36,4,1,0
BRDA:36,5,0,0
BRDA:36,5,1,0
BRDA:37,6,0,0
BRDA:37,6,1,0
BRDA:37,7,0,0
BRDA:37,7,1,0
BRDA:41,8,0,0
BRDA:41,8,1,0
BRDA:44,9,0,0
BRDA:44,9,1,0
BRDA:44,10,0,0
BRDA:44,10,1,0
BRDA:47,11,0,0
BRDA:47,11,1,0
BRDA:47,12,0,0
BRDA:47,12,1,0
BRDA:55,13,0,0
BRDA:55,13,1,0
BRDA:55,14,0,0
BRDA:55,14,1,0
BRDA:58,15,0,0
BRDA:58,15,1,0
BRF:29
BRH:0
end_of_record
TN:
SF:components/ui/LoadingScreen.tsx
FN:12,LoadingScreen
FNF:1
FNH:0
FNDA:0,LoadingScreen
DA:16,0
LF:1
LH:0
BRDA:13,0,0,0
BRDA:14,1,0,0
BRF:2
BRH:0
end_of_record
TN:
SF:components/ui/PressableScale.tsx
FN:17,PressableScale
FN:32,(anonymous_1)
FN:41,(anonymous_2)
FN:50,(anonymous_3)
FNF:4
FNH:0
FNDA:0,PressableScale
FNDA:0,(anonymous_1)
FNDA:0,(anonymous_2)
FNDA:0,(anonymous_3)
DA:30,0
DA:32,0
DA:36,0
DA:42,0
DA:43,0
DA:44,0
DA:46,0
DA:48,0
DA:51,0
DA:52,0
DA:54,0
LF:11
LH:0
BRDA:19,0,0,0
BRDA:20,1,0,0
BRDA:42,2,0,0
BRDA:42,2,1,0
BRDA:43,3,0,0
BRDA:43,3,1,0
BRDA:51,4,0,0
BRDA:51,4,1,0
BRDA:58,5,0,0
BRDA:58,5,1,0
BRF:10
BRH:0
end_of_record
TN:
SF:components/ui/Skeleton.tsx
FN:20,(anonymous_0)
FN:29,(anonymous_1)
FN:40,(anonymous_2)
FNF:3
FNH:0
FNDA:0,(anonymous_0)
FNDA:0,(anonymous_1)
FNDA:0,(anonymous_2)
DA:20,0
DA:27,0
DA:29,0
DA:30,0
DA:40,0
DA:44,0
DA:46,0
LF:7
LH:0
BRDA:21,0,0,0
BRDA:22,1,0,0
BRDA:23,2,0,0
BRDA:25,3,0,0
BRDA:44,4,0,0
BRDA:44,4,1,0
BRF:6
BRH:0
end_of_record
TN:
SF:components/ui/Toast.tsx
FN:18,Toast
FN:28,(anonymous_1)
FN:40,(anonymous_2)
FN:45,(anonymous_3)
FN:60,(anonymous_4)
FN:64,(anonymous_5)
FN:72,(anonymous_6)
FN:80,(anonymous_7)
FN:88,(anonymous_8)
FNF:9
FNH:0
FNDA:0,Toast
FNDA:0,(anonymous_1)
FNDA:0,(anonymous_2)
FNDA:0,(anonymous_3)
FNDA:0,(anonymous_4)
FNDA:0,(anonymous_5)
FNDA:0,(anonymous_6)
FNDA:0,(anonymous_7)
FNDA:0,(anonymous_8)
DA:25,0
DA:26,0
DA:28,0
DA:29,0
DA:41,0
DA:45,0
DA:46,0
DA:47,0
DA:60,0
DA:61,0
DA:64,0
DA:66,0
DA:70,0
DA:72,0
DA:73,0
DA:74,0
DA:75,0
DA:76,0
DA:80,0
DA:81,0
DA:82,0
DA:83,0
DA:84,0
DA:88,0
DA:89,0
DA:90,0
DA:91,0
DA:92,0
DA:96,0
DA:123,0
LF:30
LH:0
BRDA:21,0,0,0
BRDA:23,1,0,0
BRDA:41,2,0,0
BRDA:41,2,1,0
BRDA:46,3,0,0
BRDA:46,3,1,0
BRDA:70,4,0,0
BRDA:70,4,1,0
BRDA:73,5,0,0
BRDA:73,5,1,0
BRDA:73,5,2,0
BRDA:81,6,0,0
BRDA:81,6,1,0
BRDA:81,6,2,0
BRDA:89,7,0,0
BRDA:89,7,1,0
BRDA:89,7,2,0
BRDA:107,8,0,0
BRDA:107,8,1,0
BRDA:108,9,0,0
BRDA:108,9,1,0
BRDA:114,10,0,0
BRDA:114,10,1,0
BRF:23
BRH:0
end_of_record
TN:
SF:constants/Colors.ts
FNF:0
FNH:0
DA:1,1
DA:2,1
LF:2
LH:2
BRF:0
BRH:0
end_of_record
TN:
SF:context/AIChatContext.tsx
FN:13,AIChatProvider
FN:17,(anonymous_1)
FN:37,useAIChat
FNF:3
FNH:0
FNDA:0,AIChatProvider
FNDA:0,(anonymous_1)
FNDA:0,useAIChat
DA:11,0
DA:14,0
DA:15,0
DA:17,0
DA:18,0
DA:19,0
DA:20,0
DA:25,0
DA:26,0
DA:30,0
DA:38,0
DA:39,0
DA:40,0
DA:42,0
LF:14
LH:0
BRDA:20,0,0,0
BRDA:20,0,1,0
BRDA:25,1,0,0
BRDA:25,1,1,0
BRDA:39,2,0,0
BRDA:39,2,1,0
BRF:6
BRH:0
end_of_record
TN:
SF:context/AuthContext.tsx
FN:22,(anonymous_0)
FN:30,(anonymous_1)
FN:35,(anonymous_2)
FN:45,(anonymous_3)
FN:51,(anonymous_4)
FN:52,(anonymous_5)
FN:80,(anonymous_6)
FN:101,(anonymous_7)
FNF:8
FNH:7
FNDA:6,(anonymous_0)
FNDA:6,(anonymous_1)
FNDA:1,(anonymous_2)
FNDA:1,(anonymous_3)
FNDA:3,(anonymous_4)
FNDA:3,(anonymous_5)
FNDA:0,(anonymous_6)
FNDA:6,(anonymous_7)
DA:20,1
DA:22,1
DA:23,6
DA:24,6
DA:25,0
DA:27,6
DA:30,1
DA:31,6
DA:32,6
DA:33,6
DA:35,6
DA:36,1
DA:37,1
DA:38,1
DA:40,0
DA:41,0
DA:45,6
DA:46,1
DA:47,1
DA:48,1
DA:51,6
DA:52,3
DA:53,3
DA:54,3
DA:56,3
DA:57,1
DA:58,1
DA:59,1
DA:62,2
DA:63,2
DA:64,1
DA:65,1
DA:67,1
DA:70,0
DA:72,3
DA:76,3
DA:80,6
DA:81,0
DA:82,0
DA:83,0
DA:84,0
DA:85,0
DA:86,0
DA:89,0
DA:90,0
DA:92,0
DA:98,6
DA:100,6
DA:101,6
DA:105,6
LF:50
LH:37
BRDA:24,0,0,0
BRDA:24,0,1,6
BRDA:56,1,0,1
BRDA:56,1,1,2
BRDA:84,2,0,0
BRDA:84,2,1,0
BRDA:98,3,0,6
BRDA:98,3,1,5
BRF:8
BRH:5
end_of_record
TN:
SF:context/CacheContext.tsx
FN:23,(anonymous_0)
FN:31,(anonymous_1)
FN:39,(anonymous_2)
FN:43,(anonymous_3)
FN:47,(anonymous_4)
FN:55,(anonymous_5)
FN:56,(anonymous_6)
FN:66,(anonymous_7)
FN:67,(anonymous_8)
FN:78,(anonymous_9)
FN:84,(anonymous_10)
FN:85,(anonymous_11)
FN:96,(anonymous_12)
FN:100,(anonymous_13)
FN:113,(anonymous_14)
FN:117,(anonymous_15)
FN:120,(anonymous_16)
FN:130,(anonymous_17)
FNF:18
FNH:15
FNDA:2,(anonymous_0)
FNDA:6,(anonymous_1)
FNDA:6,(anonymous_2)
FNDA:5,(anonymous_3)
FNDA:4,(anonymous_4)
FNDA:3,(anonymous_5)
FNDA:3,(anonymous_6)
FNDA:1,(anonymous_7)
FNDA:1,(anonymous_8)
FNDA:0,(anonymous_9)
FNDA:6,(anonymous_10)
FNDA:6,(anonymous_11)
FNDA:0,(anonymous_12)
FNDA:4,(anonymous_13)
FNDA:3,(anonymous_14)
FNDA:0,(anonymous_15)
FNDA:3,(anonymous_16)
FNDA:2,(anonymous_17)
DA:21,1
DA:23,1
DA:24,2
DA:25,2
DA:26,0
DA:28,2
DA:31,1
DA:32,6
DA:33,6
DA:35,6
DA:36,6
DA:37,6
DA:39,6
DA:40,6
DA:43,6
DA:44,5
DA:47,6
DA:48,4
DA:49,4
DA:50,1
DA:52,3
DA:55,6
DA:56,3
DA:57,3
DA:58,3
DA:62,3
DA:66,6
DA:67,1
DA:68,1
DA:69,1
DA:70,1
DA:71,1
DA:74,1
DA:78,6
DA:79,0
DA:80,0
DA:81,0
DA:84,6
DA:85,6
DA:86,6
DA:87,6
DA:88,3
DA:90,3
DA:92,6
DA:96,6
DA:97,0
DA:100,6
DA:101,4
DA:102,4
DA:103,1
DA:106,3
DA:107,0
DA:110,3
DA:112,3
DA:114,3
DA:115,3
DA:118,0
DA:121,3
DA:122,3
DA:125,3
DA:126,3
DA:130,6
DA:137,6
LF:63
LH:56
BRDA:25,0,0,0
BRDA:25,0,1,2
BRDA:49,1,0,1
BRDA:49,1,1,3
BRDA:49,2,0,4
BRDA:49,2,1,1
BRDA:55,3,0,0
BRDA:70,4,0,1
BRDA:70,4,1,0
BRDA:87,5,0,3
BRDA:87,5,1,3
BRDA:100,6,0,0
BRDA:102,7,0,1
BRDA:102,7,1,3
BRDA:106,8,0,0
BRDA:106,8,1,3
BRF:16
BRH:11
end_of_record
TN:
SF:context/CartContext.tsx
FN:41,(anonymous_0)
FN:51,(anonymous_1)
FN:58,(anonymous_2)
FN:59,(anonymous_3)
FN:74,(anonymous_4)
FN:80,(anonymous_5)
FN:90,(anonymous_6)
FN:91,(anonymous_7)
FN:93,(anonymous_8)
FN:109,(anonymous_9)
FN:110,(anonymous_10)
FN:110,(anonymous_11)
FN:113,(anonymous_12)
FN:114,(anonymous_13)
FN:115,(anonymous_14)
FN:117,(anonymous_15)
FN:119,(anonymous_16)
FN:123,(anonymous_17)
FN:124,(anonymous_18)
FN:124,(anonymous_19)
FN:128,(anonymous_20)
FN:133,(anonymous_21)
FN:133,(anonymous_22)
FN:134,(anonymous_23)
FN:134,(anonymous_24)
FN:136,(anonymous_25)
FNF:26
FNH:19
FNDA:8,(anonymous_0)
FNDA:8,(anonymous_1)
FNDA:2,(anonymous_2)
FNDA:2,(anonymous_3)
FNDA:8,(anonymous_4)
FNDA:2,(anonymous_5)
FNDA:2,(anonymous_6)
FNDA:1,(anonymous_7)
FNDA:1,(anonymous_8)
FNDA:0,(anonymous_9)
FNDA:0,(anonymous_10)
FNDA:0,(anonymous_11)
FNDA:2,(anonymous_12)
FNDA:2,(anonymous_13)
FNDA:2,(anonymous_14)
FNDA:1,(anonymous_15)
FNDA:1,(anonymous_16)
FNDA:0,(anonymous_17)
FNDA:0,(anonymous_18)
FNDA:0,(anonymous_19)
FNDA:0,(anonymous_20)
FNDA:8,(anonymous_21)
FNDA:4,(anonymous_22)
FNDA:8,(anonymous_23)
FNDA:4,(anonymous_24)
FNDA:8,(anonymous_25)
DA:40,1
DA:41,1
DA:42,8
DA:43,8
DA:44,0
DA:46,8
DA:49,1
DA:51,1
DA:52,8
DA:53,8
DA:54,8
DA:55,8
DA:56,8
DA:58,8
DA:59,2
DA:60,2
DA:61,2
DA:62,2
DA:63,1
DA:66,0
DA:68,2
DA:71,2
DA:74,8
DA:75,8
DA:76,6
DA:80,8
DA:82,2
DA:83,0
DA:84,0
DA:85,0
DA:88,2
DA:89,2
DA:90,2
DA:91,2
DA:92,2
DA:93,1
DA:94,1
DA:97,1
DA:105,1
DA:109,8
DA:110,0
DA:113,8
DA:114,2
DA:115,2
DA:116,2
DA:117,1
DA:119,1
DA:123,8
DA:124,0
DA:125,0
DA:128,8
DA:129,0
DA:130,0
DA:133,8
DA:134,8
DA:136,8
DA:144,8
LF:57
LH:47
BRDA:43,0,0,0
BRDA:43,0,1,8
BRDA:62,1,0,1
BRDA:62,1,1,1
BRDA:75,2,0,6
BRDA:75,2,1,2
BRDA:82,3,0,0
BRDA:82,3,1,2
BRDA:92,4,0,1
BRDA:92,4,1,1
BRDA:94,5,0,1
BRDA:94,5,1,0
BRDA:110,6,0,0
BRDA:110,6,1,0
BRDA:116,7,0,1
BRDA:116,7,1,1
BRDA:119,8,0,1
BRDA:119,8,1,0
BRF:18
BRH:12
end_of_record
TN:
SF:context/CheckoutContext.tsx
FN:30,(anonymous_0)
FN:40,(anonymous_1)
FN:46,(anonymous_2)
FN:52,(anonymous_3)
FN:96,(anonymous_4)
FN:127,(anonymous_5)
FN:137,(anonymous_6)
FN:144,(anonymous_7)
FN:173,(anonymous_8)
FN:174,(anonymous_9)
FN:182,(anonymous_10)
FNF:11
FNH:7
FNDA:3,(anonymous_0)
FNDA:4,(anonymous_1)
FNDA:1,(anonymous_2)
FNDA:1,(anonymous_3)
FNDA:0,(anonymous_4)
FNDA:1,(anonymous_5)
FNDA:0,(anonymous_6)
FNDA:2,(anonymous_7)
FNDA:0,(anonymous_8)
FNDA:0,(anonymous_9)
FNDA:4,(anonymous_10)
DA:29,1
DA:30,1
DA:31,3
DA:32,3
DA:33,0
DA:35,3
DA:38,1
DA:40,1
DA:41,4
DA:42,4
DA:43,4
DA:44,4
DA:46,4
DA:47,1
DA:48,1
DA:50,1
DA:51,1
DA:52,1
DA:68,1
DA:70,1
DA:72,1
DA:74,1
DA:80,0
DA:81,0
DA:82,0
DA:84,0
DA:85,0
DA:87,0
DA:88,0
DA:91,1
DA:96,4
DA:97,0
DA:98,0
DA:100,0
DA:101,0
DA:109,0
DA:110,0
DA:113,0
DA:114,0
DA:117,0
DA:118,0
DA:119,0
DA:120,0
DA:121,0
DA:123,0
DA:127,4
DA:133,1
DA:135,1
DA:137,0
DA:144,4
DA:149,2
DA:150,2
DA:151,0
DA:152,0
DA:155,2
DA:157,2
DA:165,2
DA:170,2
DA:171,1
DA:173,0
DA:174,0
DA:178,1
DA:182,4
DA:189,4
LF:64
LH:37
BRDA:32,0,0,0
BRDA:32,0,1,3
BRDA:82,1,0,0
BRDA:82,1,1,0
BRDA:84,2,0,0
BRDA:84,2,1,0
BRDA:84,3,0,0
BRDA:84,3,1,0
BRDA:109,4,0,0
BRDA:109,4,1,0
BRDA:119,5,0,0
BRDA:119,5,1,0
BRDA:130,6,0,1
BRDA:131,7,0,1
BRDA:149,8,0,2
BRDA:149,8,1,2
BRDA:149,8,2,2
BRDA:150,9,0,0
BRDA:150,9,1,2
BRDA:150,10,0,2
BRDA:150,10,1,2
BRDA:158,11,0,2
BRDA:158,11,1,0
BRDA:158,12,0,0
BRDA:158,12,1,0
BRDA:158,13,0,0
BRDA:158,13,1,0
BRDA:159,14,0,2
BRDA:159,14,1,0
BRDA:160,15,0,2
BRDA:160,15,1,1
BRDA:161,16,0,2
BRDA:161,16,1,2
BRDA:162,17,0,2
BRDA:162,17,1,1
BRDA:162,17,2,1
BRDA:165,18,0,2
BRDA:165,18,1,2
BRDA:165,18,2,2
BRDA:165,18,3,1
BRDA:170,19,0,1
BRDA:170,19,1,1
BRF:42
BRH:24
end_of_record
TN:
SF:context/CurrencyContext.tsx
FN:22,(anonymous_0)
FN:39,(anonymous_1)
FN:51,(anonymous_2)
FN:58,(anonymous_3)
FN:60,(anonymous_4)
FN:72,(anonymous_5)
FN:77,(anonymous_6)
FN:78,(anonymous_7)
FN:102,(anonymous_8)
FN:129,(anonymous_9)
FN:140,(anonymous_10)
FNF:11
FNH:10
FNDA:4,(anonymous_0)
FNDA:2,(anonymous_1)
FNDA:1,(anonymous_2)
FNDA:2,(anonymous_3)
FNDA:0,(anonymous_4)
FNDA:4,(anonymous_5)
FNDA:2,(anonymous_6)
FNDA:2,(anonymous_7)
FNDA:1,(anonymous_8)
FNDA:4,(anonymous_9)
FNDA:4,(anonymous_10)
DA:6,1
DA:7,1
DA:8,1
DA:9,1
DA:10,1
DA:20,1
DA:22,1
DA:23,4
DA:24,4
DA:25,0
DA:27,4
DA:39,1
DA:40,2
DA:41,2
DA:42,2
DA:43,0
DA:44,0
DA:45,0
DA:48,0
DA:51,1
DA:52,1
DA:53,1
DA:54,1
DA:58,1
DA:59,2
DA:60,2
DA:61,2
DA:62,2
DA:64,2
DA:72,1
DA:73,4
DA:74,4
DA:75,4
DA:77,4
DA:78,2
DA:80,2
DA:81,2
DA:82,0
DA:83,0
DA:84,0
DA:88,2
DA:90,2
DA:91,2
DA:92,1
DA:94,1
DA:95,1
DA:96,0
DA:99,1
DA:101,1
DA:102,1
DA:103,1
DA:104,1
DA:105,1
DA:106,0
DA:108,1
DA:109,1
DA:111,0
DA:114,0
DA:117,1
DA:118,1
DA:119,1
DA:120,1
DA:122,2
DA:126,2
DA:129,4
DA:130,4
DA:131,2
DA:134,2
DA:135,2
DA:137,2
DA:140,4
DA:148,4
LF:72
LH:60
BRDA:24,0,0,0
BRDA:24,0,1,4
BRDA:42,1,0,2
BRDA:42,1,1,0
BRDA:44,2,0,0
BRDA:44,2,1,0
BRDA:81,3,0,0
BRDA:81,3,1,2
BRDA:88,4,0,2
BRDA:88,4,1,2
BRDA:92,5,0,0
BRDA:92,5,1,1
BRDA:95,6,0,0
BRDA:95,6,1,1
BRDA:95,7,0,1
BRDA:95,7,1,1
BRDA:101,8,0,1
BRDA:101,8,1,0
BRDA:101,9,0,1
BRDA:101,9,1,1
BRDA:103,10,0,1
BRDA:103,10,1,0
BRDA:103,11,0,1
BRDA:103,11,1,1
BRDA:105,12,0,0
BRDA:105,12,1,1
BRDA:105,13,0,1
BRDA:105,13,1,1
BRDA:117,14,0,1
BRDA:117,14,1,0
BRDA:130,15,0,2
BRDA:130,15,1,2
BRDA:130,16,0,4
BRDA:130,16,1,2
BRDA:130,16,2,2
BRDA:130,16,3,2
BRF:36
BRH:25
end_of_record
TN:
SF:context/MiniCartContext.tsx
FN:13,(anonymous_0)
FN:21,(anonymous_1)
FN:24,(anonymous_2)
FN:28,(anonymous_3)
FN:32,(anonymous_4)
FNF:5
FNH:0
FNDA:0,(anonymous_0)
FNDA:0,(anonymous_1)
FNDA:0,(anonymous_2)
FNDA:0,(anonymous_3)
FNDA:0,(anonymous_4)
DA:11,0
DA:13,0
DA:14,0
DA:15,0
DA:16,0
DA:18,0
DA:21,0
DA:22,0
DA:24,0
DA:25,0
DA:28,0
DA:29,0
DA:32,0
DA:39,0
LF:14
LH:0
BRDA:15,0,0,0
BRDA:15,0,1,0
BRF:2
BRH:0
end_of_record
TN:
SF:context/ModalContext.tsx
FN:5,(anonymous_0)
FN:6,(anonymous_1)
FN:7,(anonymous_2)
FN:8,(anonymous_3)
FN:9,(anonymous_4)
FN:10,(anonymous_5)
FN:11,(anonymous_6)
FN:12,(anonymous_7)
FN:13,(anonymous_8)
FN:24,(anonymous_9)
FN:32,(anonymous_10)
FN:40,(anonymous_11)
FN:44,(anonymous_12)
FN:49,(anonymous_13)
FN:74,(anonymous_14)
FN:85,(anonymous_15)
FNF:16
FNH:0
FNDA:0,(anonymous_0)
FNDA:0,(anonymous_1)
FNDA:0,(anonymous_2)
FNDA:0,(anonymous_3)
FNDA:0,(anonymous_4)
FNDA:0,(anonymous_5)
FNDA:0,(anonymous_6)
FNDA:0,(anonymous_7)
FNDA:0,(anonymous_8)
FNDA:0,(anonymous_9)
FNDA:0,(anonymous_10)
FNDA:0,(anonymous_11)
FNDA:0,(anonymous_12)
FNDA:0,(anonymous_13)
FNDA:0,(anonymous_14)
FNDA:0,(anonymous_15)
DA:5,0
DA:6,0
DA:7,0
DA:8,0
DA:9,0
DA:10,0
DA:11,0
DA:12,0
DA:13,0
DA:22,0
DA:24,0
DA:25,0
DA:26,0
DA:27,0
DA:29,0
DA:32,0
DA:34,0
DA:40,0
DA:41,0
DA:44,0
DA:45,0
DA:49,0
DA:50,0
DA:52,0
DA:54,0
DA:56,0
DA:58,0
DA:60,0
DA:62,0
DA:64,0
DA:66,0
DA:68,0
DA:70,0
DA:74,0
DA:75,0
DA:76,0
DA:78,0
DA:85,0
DA:87,0
LF:39
LH:0
BRDA:26,0,0,0
BRDA:26,0,1,0
BRDA:40,1,0,0
BRDA:50,2,0,0
BRDA:50,2,1,0
BRDA:50,2,2,0
BRDA:50,2,3,0
BRDA:50,2,4,0
BRDA:50,2,5,0
BRDA:50,2,6,0
BRDA:50,2,7,0
BRDA:50,2,8,0
BRDA:50,2,9,0
BRDA:76,3,0,0
BRDA:76,3,1,0
BRF:15
BRH:0
end_of_record
TN:
SF:context/SearchContext.tsx
FN:15,(anonymous_0)
FN:23,(anonymous_1)
FN:27,(anonymous_2)
FN:31,(anonymous_3)
FN:36,(anonymous_4)
FNF:5
FNH:5
FNDA:7,(anonymous_0)
FNDA:7,(anonymous_1)
FNDA:2,(anonymous_2)
FNDA:1,(anonymous_3)
FNDA:7,(anonymous_4)
DA:13,1
DA:15,1
DA:16,7
DA:17,7
DA:18,0
DA:20,7
DA:23,1
DA:24,7
DA:25,7
DA:27,7
DA:28,2
DA:31,7
DA:32,1
DA:33,1
DA:36,7
DA:44,7
LF:16
LH:15
BRDA:17,0,0,0
BRDA:17,0,1,7
BRF:2
BRH:1
end_of_record
TN:
SF:context/ToastContext.tsx
FN:11,(anonymous_0)
FN:17,(anonymous_1)
FN:24,(anonymous_2)
FN:42,(anonymous_3)
FNF:4
FNH:0
FNDA:0,(anonymous_0)
FNDA:0,(anonymous_1)
FNDA:0,(anonymous_2)
FNDA:0,(anonymous_3)
DA:9,0
DA:11,0
DA:12,0
DA:13,0
DA:14,0
DA:15,0
DA:17,0
DA:18,0
DA:19,0
DA:20,0
DA:21,0
DA:24,0
DA:25,0
DA:28,0
DA:42,0
DA:43,0
DA:44,0
DA:45,0
DA:47,0
LF:19
LH:0
BRDA:17,0,0,0
BRDA:17,1,0,0
BRDA:44,2,0,0
BRDA:44,2,1,0
BRF:4
BRH:0
end_of_record
TN:
SF:hooks/useAuthGate.ts
FN:15,(anonymous_0)
FN:24,(anonymous_1)
FNF:2
FNH:0
FNDA:0,(anonymous_0)
FNDA:0,(anonymous_1)
DA:15,0
DA:16,0
DA:17,0
DA:23,0
DA:25,0
DA:26,0
DA:27,0
DA:31,0
DA:32,0
DA:37,0
LF:10
LH:0
BRDA:25,0,0,0
BRDA:25,0,1,0
BRF:2
BRH:0
end_of_record
TN:
SF:hooks/useCategories.ts
FN:4,(anonymous_0)
FN:7,(anonymous_1)
FNF:2
FNH:0
FNDA:0,(anonymous_0)
FNDA:0,(anonymous_1)
DA:4,0
DA:5,0
DA:8,0
DA:9,0
DA:15,0
LF:5
LH:0
BRDA:8,0,0,0
BRDA:8,0,1,0
BRDA:16,1,0,0
BRDA:16,1,1,0
BRDA:18,2,0,0
BRDA:18,2,1,0
BRF:6
BRH:0
end_of_record
TN:
SF:hooks/useDeals.ts
FN:7,(anonymous_0)
FN:10,(anonymous_1)
FN:15,(anonymous_2)
FN:18,(anonymous_3)
FNF:4
FNH:0
FNDA:0,(anonymous_0)
FNDA:0,(anonymous_1)
FNDA:0,(anonymous_2)
FNDA:0,(anonymous_3)
DA:7,0
DA:8,0
DA:10,0
DA:15,0
DA:16,0
DA:17,0
DA:18,0
DA:23,0
LF:8
LH:0
BRDA:16,0,0,0
BRDA:16,0,1,0
BRDA:16,1,0,0
BRDA:16,1,1,0
BRDA:18,2,0,0
BRDA:18,2,1,0
BRDA:24,3,0,0
BRDA:24,3,1,0
BRDA:26,4,0,0
BRDA:26,4,1,0
BRF:10
BRH:0
end_of_record
TN:
SF:hooks/useDebounce.ts
FN:3,useDebounce
FN:6,(anonymous_1)
FN:7,(anonymous_2)
FN:11,(anonymous_3)
FNF:4
FNH:0
FNDA:0,useDebounce
FNDA:0,(anonymous_1)
FNDA:0,(anonymous_2)
FNDA:0,(anonymous_3)
DA:4,0
DA:6,0
DA:7,0
DA:8,0
DA:11,0
DA:12,0
DA:16,0
LF:7
LH:0
BRF:0
BRH:0
end_of_record
TN:
SF:hooks/useFavoriteProducts.ts
FN:7,(anonymous_0)
FN:8,(anonymous_1)
FN:9,(anonymous_2)
FN:13,(anonymous_3)
FN:18,(anonymous_4)
FN:20,(anonymous_5)
FN:23,(anonymous_6)
FNF:7
FNH:0
FNDA:0,(anonymous_0)
FNDA:0,(anonymous_1)
FNDA:0,(anonymous_2)
FNDA:0,(anonymous_3)
FNDA:0,(anonymous_4)
FNDA:0,(anonymous_5)
FNDA:0,(anonymous_6)
DA:7,0
DA:8,0
DA:9,0
DA:11,0
DA:13,0
DA:18,0
DA:20,0
DA:21,0
DA:22,0
DA:23,0
DA:28,0
LF:11
LH:0
BRDA:14,0,0,0
BRDA:14,0,1,0
BRDA:18,1,0,0
BRDA:18,1,1,0
BRDA:21,2,0,0
BRDA:21,2,1,0
BRDA:23,3,0,0
BRDA:23,3,1,0
BRDA:31,4,0,0
BRDA:31,4,1,0
BRF:10
BRH:0
end_of_record
TN:
SF:hooks/useFavorites.ts
FN:7,(anonymous_0)
FN:19,(anonymous_1)
FN:27,(anonymous_2)
FN:29,(anonymous_3)
FN:36,(anonymous_4)
FN:37,(anonymous_5)
FN:41,(anonymous_6)
FN:48,(anonymous_7)
FN:51,(anonymous_8)
FN:55,(anonymous_9)
FN:62,(anonymous_10)
FN:63,(anonymous_11)
FN:67,(anonymous_12)
FN:74,(anonymous_13)
FN:77,(anonymous_14)
FN:81,(anonymous_15)
FN:86,(anonymous_16)
FN:89,(anonymous_17)
FN:93,(anonymous_18)
FNF:19
FNH:0
FNDA:0,(anonymous_0)
FNDA:0,(anonymous_1)
FNDA:0,(anonymous_2)
FNDA:0,(anonymous_3)
FNDA:0,(anonymous_4)
FNDA:0,(anonymous_5)
FNDA:0,(anonymous_6)
FNDA:0,(anonymous_7)
FNDA:0,(anonymous_8)
FNDA:0,(anonymous_9)
FNDA:0,(anonymous_10)
FNDA:0,(anonymous_11)
FNDA:0,(anonymous_12)
FNDA:0,(anonymous_13)
FNDA:0,(anonymous_14)
FNDA:0,(anonymous_15)
FNDA:0,(anonymous_16)
FNDA:0,(anonymous_17)
FNDA:0,(anonymous_18)
DA:7,0
DA:19,0
DA:20,0
DA:21,0
DA:22,0
DA:25,0
DA:28,0
DA:29,0
DA:35,0
DA:36,0
DA:38,0
DA:39,0
DA:40,0
DA:41,0
DA:42,0
DA:43,0
DA:44,0
DA:46,0
DA:49,0
DA:52,0
DA:53,0
DA:56,0
DA:61,0
DA:62,0
DA:64,0
DA:65,0
DA:66,0
DA:67,0
DA:68,0
DA:69,0
DA:70,0
DA:72,0
DA:75,0
DA:78,0
DA:79,0
DA:82,0
DA:86,0
DA:88,0
DA:89,0
DA:93,0
DA:94,0
DA:95,0
DA:96,0
DA:98,0
DA:102,0
LF:45
LH:0
BRDA:29,0,0,0
BRDA:29,0,1,0
BRDA:42,1,0,0
BRDA:42,1,1,0
BRDA:53,2,0,0
BRDA:53,2,1,0
BRDA:68,3,0,0
BRDA:68,3,1,0
BRDA:79,4,0,0
BRDA:79,4,1,0
BRDA:86,5,0,0
BRDA:86,5,1,0
BRDA:95,6,0,0
BRDA:95,6,1,0
BRF:14
BRH:0
end_of_record
TN:
SF:hooks/useFeaturedItems.ts
FN:7,(anonymous_0)
FN:10,(anonymous_1)
FN:14,(anonymous_2)
FN:17,(anonymous_3)
FNF:4
FNH:0
FNDA:0,(anonymous_0)
FNDA:0,(anonymous_1)
FNDA:0,(anonymous_2)
FNDA:0,(anonymous_3)
DA:7,0
DA:8,0
DA:10,0
DA:14,0
DA:15,0
DA:16,0
DA:17,0
DA:22,0
LF:8
LH:0
BRDA:15,0,0,0
BRDA:15,0,1,0
BRDA:15,1,0,0
BRDA:15,1,1,0
BRDA:17,2,0,0
BRDA:17,2,1,0
BRDA:23,3,0,0
BRDA:23,3,1,0
BRDA:25,4,0,0
BRDA:25,4,1,0
BRF:10
BRH:0
end_of_record
TN:
SF:hooks/useNetworkStatus.ts
FN:7,useNetworkStatus
FN:11,(anonymous_1)
FN:23,(anonymous_2)
FN:28,(anonymous_3)
FN:35,(anonymous_4)
FN:41,(anonymous_5)
FN:50,(anonymous_6)
FNF:7
FNH:0
FNDA:0,useNetworkStatus
FNDA:0,(anonymous_1)
FNDA:0,(anonymous_2)
FNDA:0,(anonymous_3)
FNDA:0,(anonymous_4)
FNDA:0,(anonymous_5)
FNDA:0,(anonymous_6)
DA:5,0
DA:8,0
DA:9,0
DA:11,0
DA:12,0
DA:13,0
DA:15,0
DA:16,0
DA:19,0
DA:23,0
DA:24,0
DA:25,0
DA:28,0
DA:29,0
DA:30,0
DA:31,0
DA:35,0
DA:37,0
DA:38,0
DA:41,0
DA:42,0
DA:43,0
DA:44,0
DA:46,0
DA:50,0
DA:51,0
DA:52,0
DA:56,0
LF:28
LH:0
BRDA:15,0,0,0
BRDA:15,0,1,0
BRDA:15,0,2,0
BRDA:24,1,0,0
BRDA:24,1,1,0
BRDA:29,2,0,0
BRDA:29,2,1,0
BRDA:42,3,0,0
BRDA:42,3,1,0
BRF:9
BRH:0
end_of_record
TN:
SF:hooks/useOrders.ts
FN:11,(anonymous_0)
FN:16,(anonymous_1)
FN:25,(anonymous_2)
FN:26,(anonymous_3)
FN:30,(anonymous_4)
FNF:5
FNH:0
FNDA:0,(anonymous_0)
FNDA:0,(anonymous_1)
FNDA:0,(anonymous_2)
FNDA:0,(anonymous_3)
FNDA:0,(anonymous_4)
DA:11,0
DA:12,0
DA:14,0
DA:17,0
DA:18,0
DA:19,0
DA:25,0
DA:26,0
DA:27,0
DA:29,0
DA:30,0
DA:31,0
DA:35,0
LF:13
LH:0
BRDA:18,0,0,0
BRDA:18,0,1,0
BRDA:36,1,0,0
BRDA:36,1,1,0
BRDA:38,2,0,0
BRDA:38,2,1,0
BRF:6
BRH:0
end_of_record
TN:
SF:hooks/useProducts.ts
FN:18,(anonymous_0)
FN:19,(anonymous_1)
FN:49,(anonymous_2)
FN:61,(anonymous_3)
FN:71,(anonymous_4)
FN:82,(anonymous_5)
FN:83,(anonymous_6)
FN:88,(anonymous_7)
FN:88,(anonymous_8)
FN:92,(anonymous_9)
FNF:10
FNH:0
FNDA:0,(anonymous_0)
FNDA:0,(anonymous_1)
FNDA:0,(anonymous_2)
FNDA:0,(anonymous_3)
FNDA:0,(anonymous_4)
FNDA:0,(anonymous_5)
FNDA:0,(anonymous_6)
FNDA:0,(anonymous_7)
FNDA:0,(anonymous_8)
FNDA:0,(anonymous_9)
DA:18,0
DA:19,0
DA:35,0
DA:47,0
DA:50,0
DA:52,0
DA:60,0
DA:62,0
DA:63,0
DA:64,0
DA:68,0
DA:72,0
DA:73,0
DA:74,0
DA:76,0
DA:82,0
DA:83,0
DA:87,0
DA:88,0
DA:92,0
DA:93,0
DA:94,0
DA:97,0
LF:23
LH:0
BRDA:18,0,0,0
BRDA:20,1,0,0
BRDA:20,1,1,0
BRDA:21,2,0,0
BRDA:21,2,1,0
BRDA:22,3,0,0
BRDA:22,3,1,0
BRDA:23,4,0,0
BRDA:23,4,1,0
BRDA:24,5,0,0
BRDA:24,5,1,0
BRDA:25,6,0,0
BRDA:25,6,1,0
BRDA:49,7,0,0
BRDA:50,8,0,0
BRDA:50,8,1,0
BRDA:62,9,0,0
BRDA:62,9,1,0
BRDA:62,10,0,0
BRDA:62,10,1,0
BRDA:63,11,0,0
BRDA:63,11,1,0
BRDA:63,12,0,0
BRDA:63,12,1,0
BRDA:73,13,0,0
BRDA:73,13,1,0
BRDA:73,14,0,0
BRDA:73,14,1,0
BRDA:73,14,2,0
BRDA:83,15,0,0
BRDA:83,15,1,0
BRDA:83,16,0,0
BRDA:83,16,1,0
BRDA:93,17,0,0
BRDA:93,17,1,0
BRDA:100,18,0,0
BRDA:100,18,1,0
BRF:37
BRH:0
end_of_record
TN:
SF:hooks/useRelatedProducts.ts
FN:8,(anonymous_0)
FN:11,(anonymous_1)
FN:18,(anonymous_2)
FN:23,(anonymous_3)
FN:30,(anonymous_4)
FN:33,(anonymous_5)
FNF:6
FNH:0
FNDA:0,(anonymous_0)
FNDA:0,(anonymous_1)
FNDA:0,(anonymous_2)
FNDA:0,(anonymous_3)
FNDA:0,(anonymous_4)
FNDA:0,(anonymous_5)
DA:8,0
DA:9,0
DA:12,0
DA:16,0
DA:17,0
DA:18,0
DA:21,0
DA:22,0
DA:23,0
DA:30,0
DA:31,0
DA:32,0
DA:33,0
DA:38,0
LF:14
LH:0
BRDA:12,0,0,0
BRDA:12,0,1,0
BRDA:18,1,0,0
BRDA:18,1,1,0
BRDA:21,2,0,0
BRDA:21,2,1,0
BRDA:23,3,0,0
BRDA:23,3,1,0
BRDA:31,4,0,0
BRDA:31,4,1,0
BRDA:31,5,0,0
BRDA:31,5,1,0
BRDA:33,6,0,0
BRDA:33,6,1,0
BRF:14
BRH:0
end_of_record
TN:
SF:hooks/useSearchResults.ts
FN:62,(anonymous_0)
FN:64,(anonymous_1)
FN:69,(anonymous_2)
FN:81,(anonymous_3)
FN:110,(anonymous_4)
FN:125,(anonymous_5)
FN:143,(anonymous_6)
FN:144,(anonymous_7)
FN:145,(anonymous_8)
FN:150,(anonymous_9)
FN:156,(anonymous_10)
FN:161,(anonymous_11)
FN:164,(anonymous_12)
FN:165,(anonymous_13)
FN:166,(anonymous_14)
FN:170,(anonymous_15)
FN:177,(anonymous_16)
FN:183,(anonymous_17)
FNF:18
FNH:0
FNDA:0,(anonymous_0)
FNDA:0,(anonymous_1)
FNDA:0,(anonymous_2)
FNDA:0,(anonymous_3)
FNDA:0,(anonymous_4)
FNDA:0,(anonymous_5)
FNDA:0,(anonymous_6)
FNDA:0,(anonymous_7)
FNDA:0,(anonymous_8)
FNDA:0,(anonymous_9)
FNDA:0,(anonymous_10)
FNDA:0,(anonymous_11)
FNDA:0,(anonymous_12)
FNDA:0,(anonymous_13)
FNDA:0,(anonymous_14)
FNDA:0,(anonymous_15)
FNDA:0,(anonymous_16)
FNDA:0,(anonymous_17)
DA:6,0
DA:7,0
DA:56,0
DA:62,0
DA:64,0
DA:65,0
DA:66,0
DA:69,0
DA:70,0
DA:71,0
DA:72,0
DA:73,0
DA:81,0
DA:82,0
DA:83,0
DA:84,0
DA:86,0
DA:88,0
DA:92,0
DA:93,0
DA:94,0
DA:95,0
DA:96,0
DA:97,0
DA:98,0
DA:102,0
DA:110,0
DA:111,0
DA:114,0
DA:116,0
DA:125,0
DA:126,0
DA:127,0
DA:129,0
DA:130,0
DA:131,0
DA:133,0
DA:143,0
DA:144,0
DA:145,0
DA:146,0
DA:148,0
DA:150,0
DA:156,0
DA:159,0
DA:161,0
DA:162,0
DA:164,0
DA:165,0
DA:166,0
DA:167,0
DA:170,0
DA:171,0
DA:172,0
DA:173,0
DA:174,0
DA:177,0
DA:183,0
DA:184,0
DA:187,0
LF:60
LH:0
BRDA:65,0,0,0
BRDA:65,0,1,0
BRDA:65,1,0,0
BRDA:65,1,1,0
BRDA:70,2,0,0
BRDA:70,2,1,0
BRDA:71,3,0,0
BRDA:71,3,1,0
BRDA:71,3,2,0
BRDA:71,3,3,0
BRDA:82,4,0,0
BRDA:82,4,1,0
BRDA:84,5,0,0
BRDA:84,5,1,0
BRDA:86,6,0,0
BRDA:86,6,1,0
BRDA:88,7,0,0
BRDA:88,7,1,0
BRDA:88,8,0,0
BRDA:88,8,1,0
BRDA:88,8,2,0
BRDA:92,9,0,0
BRDA:92,9,1,0
BRDA:93,10,0,0
BRDA:93,10,1,0
BRDA:94,11,0,0
BRDA:94,11,1,0
BRDA:94,12,0,0
BRDA:94,12,1,0
BRDA:94,12,2,0
BRDA:96,13,0,0
BRDA:96,13,1,0
BRDA:106,14,0,0
BRDA:106,14,1,0
BRDA:111,15,0,0
BRDA:111,15,1,0
BRDA:114,16,0,0
BRDA:114,16,1,0
BRDA:114,16,2,0
BRDA:114,16,3,0
BRDA:114,16,4,0
BRDA:114,16,5,0
BRDA:121,17,0,0
BRDA:121,17,1,0
BRDA:121,17,2,0
BRDA:126,18,0,0
BRDA:126,18,1,0
BRDA:127,19,0,0
BRDA:127,19,1,0
BRDA:129,20,0,0
BRDA:129,20,1,0
BRDA:130,21,0,0
BRDA:130,21,1,0
BRDA:131,22,0,0
BRDA:131,22,1,0
BRDA:136,23,0,0
BRDA:136,23,1,0
BRDA:136,24,0,0
BRDA:136,24,1,0
BRDA:152,25,0,0
BRDA:152,25,1,0
BRDA:159,26,0,0
BRDA:159,26,1,0
BRDA:162,27,0,0
BRDA:162,27,1,0
BRDA:164,28,0,0
BRDA:164,28,1,0
BRDA:164,29,0,0
BRDA:164,29,1,0
BRDA:164,29,2,0
BRDA:165,30,0,0
BRDA:165,30,1,0
BRDA:165,31,0,0
BRDA:165,31,1,0
BRDA:165,31,2,0
BRDA:166,32,0,0
BRDA:166,32,1,0
BRDA:166,33,0,0
BRDA:166,33,1,0
BRDA:166,33,2,0
BRDA:172,34,0,0
BRDA:172,34,1,0
BRDA:173,35,0,0
BRDA:173,35,1,0
BRDA:174,36,0,0
BRDA:174,36,1,0
BRDA:178,37,0,0
BRDA:178,37,1,0
BRDA:179,38,0,0
BRDA:179,38,1,0
BRDA:180,39,0,0
BRDA:180,39,1,0
BRDA:184,40,0,0
BRDA:184,40,1,0
BRDA:184,40,2,0
BRDA:191,41,0,0
BRDA:191,41,1,0
BRF:97
BRH:0
end_of_record
TN:
SF:hooks/useSuppliers.ts
FN:7,(anonymous_0)
FN:10,(anonymous_1)
FN:15,(anonymous_2)
FN:18,(anonymous_3)
FNF:4
FNH:0
FNDA:0,(anonymous_0)
FNDA:0,(anonymous_1)
FNDA:0,(anonymous_2)
FNDA:0,(anonymous_3)
DA:7,0
DA:8,0
DA:10,0
DA:15,0
DA:16,0
DA:17,0
DA:18,0
DA:23,0
LF:8
LH:0
BRDA:16,0,0,0
BRDA:16,0,1,0
BRDA:16,1,0,0
BRDA:16,1,1,0
BRDA:18,2,0,0
BRDA:18,2,1,0
BRDA:18,2,2,0
BRDA:24,3,0,0
BRDA:24,3,1,0
BRDA:26,4,0,0
BRDA:26,4,1,0
BRF:11
BRH:0
end_of_record
TN:
SF:hooks/useUser.ts
FN:4,(anonymous_0)
FN:13,(anonymous_1)
FN:17,(anonymous_2)
FNF:3
FNH:0
FNDA:0,(anonymous_0)
FNDA:0,(anonymous_1)
FNDA:0,(anonymous_2)
DA:4,0
DA:5,0
DA:13,0
DA:14,0
DA:15,0
DA:18,0
LF:6
LH:0
BRDA:4,0,0,0
BRF:1
BRH:0
end_of_record
TN:
SF:services/authService.ts
FN:12,(anonymous_0)
FN:19,(anonymous_1)
FN:29,(anonymous_2)
FN:38,(anonymous_3)
FN:48,(anonymous_4)
FN:53,(anonymous_5)
FNF:6
FNH:1
FNDA:0,(anonymous_0)
FNDA:0,(anonymous_1)
FNDA:0,(anonymous_2)
FNDA:0,(anonymous_3)
FNDA:0,(anonymous_4)
FNDA:1,(anonymous_5)
DA:7,1
DA:9,1
DA:13,0
DA:20,0
DA:26,0
DA:30,0
DA:34,0
DA:39,0
DA:40,0
DA:41,0
DA:43,0
DA:49,0
DA:54,1
DA:55,1
DA:56,0
DA:57,0
DA:58,0
DA:61,0
DA:67,1
DA:69,1
LF:20
LH:6
BRDA:56,0,0,0
BRDA:56,0,1,0
BRDA:56,1,0,0
BRDA:56,1,1,0
BRF:4
BRH:0
end_of_record
TN:
SF:services/cityService.ts
FN:4,(anonymous_0)
FN:7,(anonymous_1)
FN:10,(anonymous_2)
FN:13,(anonymous_3)
FN:16,(anonymous_4)
FNF:5
FNH:0
FNDA:0,(anonymous_0)
FNDA:0,(anonymous_1)
FNDA:0,(anonymous_2)
FNDA:0,(anonymous_3)
FNDA:0,(anonymous_4)
DA:3,0
DA:5,0
DA:8,0
DA:11,0
DA:14,0
DA:17,0
LF:6
LH:0
BRF:0
BRH:0
end_of_record
TN:
SF:services/orderService.ts
FN:4,(anonymous_0)
FN:8,(anonymous_1)
FN:11,(anonymous_2)
FN:21,(anonymous_3)
FNF:4
FNH:0
FNDA:0,(anonymous_0)
FNDA:0,(anonymous_1)
FNDA:0,(anonymous_2)
FNDA:0,(anonymous_3)
DA:4,0
DA:5,0
DA:7,0
DA:9,0
DA:12,0
DA:13,0
DA:22,0
LF:7
LH:0
BRF:0
BRH:0
end_of_record
TN:
SF:services/productService.ts
FN:10,(anonymous_0)
FN:29,(anonymous_1)
FN:67,(anonymous_2)
FN:94,(anonymous_3)
FN:114,(anonymous_4)
FN:118,(anonymous_5)
FN:122,(anonymous_6)
FN:126,(anonymous_7)
FN:131,(anonymous_8)
FN:134,(anonymous_9)
FN:137,(anonymous_10)
FN:142,(anonymous_11)
FN:146,(anonymous_12)
FN:149,(anonymous_13)
FN:152,(anonymous_14)
FN:156,(anonymous_15)
FN:159,(anonymous_16)
FN:163,(anonymous_17)
FNF:18
FNH:0
FNDA:0,(anonymous_0)
FNDA:0,(anonymous_1)
FNDA:0,(anonymous_2)
FNDA:0,(anonymous_3)
FNDA:0,(anonymous_4)
FNDA:0,(anonymous_5)
FNDA:0,(anonymous_6)
FNDA:0,(anonymous_7)
FNDA:0,(anonymous_8)
FNDA:0,(anonymous_9)
FNDA:0,(anonymous_10)
FNDA:0,(anonymous_11)
FNDA:0,(anonymous_12)
FNDA:0,(anonymous_13)
FNDA:0,(anonymous_14)
FNDA:0,(anonymous_15)
FNDA:0,(anonymous_16)
FNDA:0,(anonymous_17)
DA:10,0
DA:11,0
DA:12,0
DA:13,0
DA:29,0
DA:30,0
DA:32,0
DA:33,0
DA:35,0
DA:37,0
DA:41,0
DA:42,0
DA:43,0
DA:44,0
DA:45,0
DA:46,0
DA:47,0
DA:51,0
DA:67,0
DA:68,0
DA:71,0
DA:73,0
DA:93,0
DA:95,0
DA:98,0
DA:99,0
DA:100,0
DA:103,0
DA:104,0
DA:105,0
DA:106,0
DA:110,0
DA:111,0
DA:115,0
DA:119,0
DA:123,0
DA:127,0
DA:128,0
DA:130,0
DA:131,0
DA:134,0
DA:138,0
DA:139,0
DA:143,0
DA:147,0
DA:148,0
DA:149,0
DA:153,0
DA:154,0
DA:155,0
DA:156,0
DA:160,0
DA:161,0
DA:162,0
DA:163,0
LF:55
LH:0
BRDA:11,0,0,0
BRDA:11,0,1,0
BRDA:12,1,0,0
BRDA:12,1,1,0
BRDA:12,1,2,0
BRDA:30,2,0,0
BRDA:30,2,1,0
BRDA:33,3,0,0
BRDA:33,3,1,0
BRDA:35,4,0,0
BRDA:35,4,1,0
BRDA:37,5,0,0
BRDA:37,5,1,0
BRDA:37,6,0,0
BRDA:37,6,1,0
BRDA:37,6,2,0
BRDA:41,7,0,0
BRDA:41,7,1,0
BRDA:42,8,0,0
BRDA:42,8,1,0
BRDA:43,9,0,0
BRDA:43,9,1,0
BRDA:43,10,0,0
BRDA:43,10,1,0
BRDA:43,10,2,0
BRDA:45,11,0,0
BRDA:45,11,1,0
BRDA:53,12,0,0
BRDA:53,12,1,0
BRDA:54,13,0,0
BRDA:54,13,1,0
BRDA:55,14,0,0
BRDA:55,14,1,0
BRDA:68,15,0,0
BRDA:68,15,1,0
BRDA:71,16,0,0
BRDA:71,16,1,0
BRDA:71,16,2,0
BRDA:71,16,3,0
BRDA:71,16,4,0
BRDA:71,16,5,0
BRDA:78,17,0,0
BRDA:78,17,1,0
BRDA:79,18,0,0
BRDA:79,18,1,0
BRDA:79,18,2,0
BRDA:94,19,0,0
BRDA:95,20,0,0
BRDA:95,20,1,0
BRDA:98,21,0,0
BRDA:98,21,1,0
BRDA:98,22,0,0
BRDA:98,22,1,0
BRDA:105,23,0,0
BRDA:105,23,1,0
BRDA:126,24,0,0
BRDA:130,25,0,0
BRDA:130,25,1,0
BRDA:134,26,0,0
BRDA:134,26,1,0
BRDA:148,27,0,0
BRDA:148,27,1,0
BRDA:148,28,0,0
BRDA:148,28,1,0
BRDA:153,29,0,0
BRDA:153,29,1,0
BRDA:155,30,0,0
BRDA:155,30,1,0
BRDA:155,31,0,0
BRDA:155,31,1,0
BRDA:160,32,0,0
BRDA:160,32,1,0
BRDA:162,33,0,0
BRDA:162,33,1,0
BRDA:162,34,0,0
BRDA:162,34,1,0
BRF:76
BRH:0
end_of_record
TN:
SF:services/searchService.ts
FN:8,(anonymous_0)
FN:9,(anonymous_1)
FN:11,(anonymous_2)
FN:18,(anonymous_3)
FN:19,(anonymous_4)
FN:27,(anonymous_5)
FN:36,(anonymous_6)
FN:45,(anonymous_7)
FN:50,(anonymous_8)
FN:59,(anonymous_9)
FN:66,(anonymous_10)
FN:70,(anonymous_11)
FN:76,(anonymous_12)
FNF:13
FNH:13
FNDA:17,(anonymous_0)
FNDA:7,(anonymous_1)
FNDA:4,(anonymous_2)
FNDA:8,(anonymous_3)
FNDA:8,(anonymous_4)
FNDA:2,(anonymous_5)
FNDA:1,(anonymous_6)
FNDA:4,(anonymous_7)
FNDA:2,(anonymous_8)
FNDA:2,(anonymous_9)
FNDA:1,(anonymous_10)
FNDA:3,(anonymous_11)
FNDA:1,(anonymous_12)
DA:4,1
DA:5,1
DA:6,1
DA:8,17
DA:9,7
DA:11,1
DA:12,4
DA:14,4
DA:15,4
DA:16,4
DA:17,4
DA:18,8
DA:19,8
DA:23,0
DA:27,1
DA:28,2
DA:29,0
DA:30,0
DA:32,2
DA:35,1
DA:37,1
DA:42,1
DA:46,4
DA:47,4
DA:51,2
DA:52,2
DA:53,1
DA:56,1
DA:57,1
DA:58,1
DA:59,2
DA:61,1
DA:62,1
DA:63,1
DA:67,1
DA:68,1
DA:69,1
DA:70,3
DA:72,1
DA:73,1
DA:77,1
DA:78,1
LF:42
LH:39
BRDA:12,0,0,0
BRDA:12,0,1,4
BRDA:16,1,0,0
BRDA:16,1,1,4
BRDA:28,2,0,0
BRDA:28,2,1,2
BRDA:36,3,0,0
BRDA:36,4,0,0
BRDA:52,5,0,1
BRDA:52,5,1,1
BRF:10
BRH:5
end_of_record
TN:
SF:services/userService.ts
FN:5,(anonymous_0)
FN:8,(anonymous_1)
FN:14,(anonymous_2)
FN:19,(anonymous_3)
FN:25,(anonymous_4)
FNF:5
FNH:0
FNDA:0,(anonymous_0)
FNDA:0,(anonymous_1)
FNDA:0,(anonymous_2)
FNDA:0,(anonymous_3)
FNDA:0,(anonymous_4)
DA:4,0
DA:6,0
DA:9,0
DA:15,0
DA:20,0
DA:26,0
LF:6
LH:0
BRF:0
BRH:0
end_of_record
TN:
SF:types/assets.d.ts
FNF:0
FNH:0
LF:0
LH:0
BRF:0
BRH:0
end_of_record
TN:
SF:types/flash-list.d.ts
FNF:0
FNH:0
LF:0
LH:0
BRF:0
BRH:0
end_of_record
TN:
SF:types/index.ts
FNF:0
FNH:0
LF:0
LH:0
BRF:0
BRH:0
end_of_record
TN:
SF:utils/constants.ts
FN:7,(anonymous_0)
FN:9,(anonymous_1)
FN:24,(anonymous_2)
FN:31,(anonymous_3)
FNF:4
FNH:2
FNDA:0,(anonymous_0)
FNDA:1,(anonymous_1)
FNDA:0,(anonymous_2)
FNDA:1,(anonymous_3)
DA:4,1
DA:5,1
DA:7,1
DA:9,1
DA:10,1
DA:12,1
DA:16,1
DA:18,0
DA:19,0
DA:20,0
DA:21,0
DA:24,1
DA:25,0
DA:31,1
DA:33,1
DA:34,1
DA:35,1
DA:37,1
DA:38,0
DA:39,0
DA:40,0
DA:42,0
DA:45,1
DA:46,0
DA:49,1
DA:52,1
DA:58,1
DA:63,1
DA:73,1
DA:81,1
DA:89,1
LF:31
LH:21
BRDA:12,0,0,1
BRDA:12,0,1,1
BRDA:12,0,2,1
BRDA:16,1,0,1
BRDA:16,1,1,0
BRDA:21,2,0,0
BRDA:21,2,1,0
BRDA:34,3,0,1
BRDA:34,3,1,1
BRDA:35,4,0,1
BRDA:35,4,1,0
BRDA:37,5,0,0
BRDA:37,5,1,1
BRDA:39,6,0,0
BRDA:39,6,1,0
BRDA:39,7,0,0
BRDA:39,7,1,0
BRDA:45,8,0,0
BRDA:45,8,1,1
BRF:19
BRH:9
end_of_record
TN:
SF:utils/devDiagnostics.ts
FN:15,logDevDiagnostics
FNF:1
FNH:1
FNDA:4,logDevDiagnostics
DA:13,1
DA:16,4
DA:18,3
DA:20,3
DA:21,3
DA:25,3
DA:30,3
DA:32,3
DA:36,3
DA:40,3
DA:45,3
DA:46,3
DA:51,3
DA:52,1
DA:55,2
DA:56,1
LF:16
LH:16
BRDA:16,0,0,1
BRDA:16,0,1,3
BRDA:20,1,0,3
BRDA:20,1,1,3
BRDA:21,2,0,2
BRDA:21,2,1,1
BRDA:25,3,0,3
BRDA:25,3,1,3
BRDA:25,3,2,2
BRDA:25,3,3,2
BRDA:32,4,0,3
BRDA:32,4,1,0
BRDA:32,4,2,0
BRDA:36,5,0,3
BRDA:36,5,1,0
BRDA:36,5,2,0
BRDA:51,6,0,1
BRDA:51,6,1,2
BRDA:55,7,0,1
BRDA:55,7,1,1
BRDA:55,8,0,2
BRDA:55,8,1,1
BRF:22
BRH:18
end_of_record
TN:
SF:utils/emitter.ts
FN:6,(anonymous_0)
FN:13,(anonymous_1)
FN:15,(anonymous_2)
FN:18,(anonymous_3)
FN:20,(anonymous_4)
FNF:5
FNH:0
FNDA:0,(anonymous_0)
FNDA:0,(anonymous_1)
FNDA:0,(anonymous_2)
FNDA:0,(anonymous_3)
FNDA:0,(anonymous_4)
DA:4,0
DA:7,0
DA:8,0
DA:10,0
DA:14,0
DA:15,0
DA:19,0
DA:20,0
DA:24,0
LF:9
LH:0
BRDA:7,0,0,0
BRDA:7,0,1,0
BRDA:14,1,0,0
BRDA:14,1,1,0
BRDA:19,2,0,0
BRDA:19,2,1,0
BRF:6
BRH:0
end_of_record
TN:
SF:utils/fonts.ts
FN:27,resolveFontStyle
FNF:1
FNH:1
FNDA:11,resolveFontStyle
DA:3,2
DA:9,2
DA:28,11
DA:30,11
DA:31,1
DA:34,10
DA:35,10
DA:37,10
DA:38,0
DA:41,10
LF:10
LH:9
BRDA:28,0,0,11
BRDA:28,0,1,10
BRDA:30,1,0,1
BRDA:30,1,1,10
BRDA:34,2,0,0
BRDA:34,2,1,10
BRDA:35,3,0,0
BRDA:35,3,1,10
BRDA:35,4,0,0
BRDA:35,4,1,0
BRDA:37,5,0,0
BRDA:37,5,1,10
BRF:12
BRH:7
end_of_record
TN:
SF:utils/haptics.ts
FN:5,(anonymous_0)
FN:10,(anonymous_1)
FN:15,(anonymous_2)
FN:20,(anonymous_3)
FN:25,(anonymous_4)
FN:30,(anonymous_5)
FN:35,(anonymous_6)
FNF:7
FNH:0
FNDA:0,(anonymous_0)
FNDA:0,(anonymous_1)
FNDA:0,(anonymous_2)
FNDA:0,(anonymous_3)
FNDA:0,(anonymous_4)
FNDA:0,(anonymous_5)
FNDA:0,(anonymous_6)
DA:4,1
DA:6,0
DA:7,0
DA:11,0
DA:12,0
DA:16,0
DA:17,0
DA:21,0
DA:22,0
DA:26,0
DA:27,0
DA:31,0
DA:32,0
DA:36,0
DA:37,0
LF:15
LH:1
BRDA:6,0,0,0
BRDA:6,0,1,0
BRDA:11,1,0,0
BRDA:11,1,1,0
BRDA:16,2,0,0
BRDA:16,2,1,0
BRDA:21,3,0,0
BRDA:21,3,1,0
BRDA:26,4,0,0
BRDA:26,4,1,0
BRDA:31,5,0,0
BRDA:31,5,1,0
BRDA:36,6,0,0
BRDA:36,6,1,0
BRF:14
BRH:0
end_of_record
TN:
SF:utils/image.ts
FN:8,(anonymous_0)
FN:16,(anonymous_1)
FN:22,(anonymous_2)
FN:23,(anonymous_3)
FNF:4
FNH:0
FNDA:0,(anonymous_0)
FNDA:0,(anonymous_1)
FNDA:0,(anonymous_2)
FNDA:0,(anonymous_3)
DA:4,1
DA:6,1
DA:8,1
DA:12,0
DA:14,0
DA:16,0
DA:20,0
DA:22,0
DA:23,0
LF:9
LH:3
BRDA:10,0,0,0
BRDA:12,1,0,0
BRDA:12,1,1,0
BRDA:16,2,0,0
BRDA:16,2,1,0
BRDA:20,3,0,0
BRDA:20,3,1,0
BRF:7
BRH:0
end_of_record
TN:
SF:utils/logger.ts
FN:4,(anonymous_0)
FN:10,(anonymous_1)
FN:16,(anonymous_2)
FN:21,(anonymous_3)
FNF:4
FNH:3
FNDA:1,(anonymous_0)
FNDA:2,(anonymous_1)
FNDA:1,(anonymous_2)
FNDA:0,(anonymous_3)
DA:2,5
DA:5,1
DA:7,1
DA:12,2
DA:13,2
DA:17,1
DA:18,1
DA:22,0
DA:24,0
LF:9
LH:7
BRDA:5,0,0,1
BRDA:5,0,1,0
BRDA:12,1,0,2
BRDA:12,1,1,0
BRDA:17,2,0,1
BRDA:17,2,1,0
BRDA:22,3,0,0
BRDA:22,3,1,0
BRF:8
BRH:3
end_of_record
TN:
SF:utils/motion.ts
FNF:0
FNH:0
DA:1,0
LF:1
LH:0
BRF:0
BRH:0
end_of_record
TN:
SF:utils/performanceConfig.ts
FNF:0
FNH:0
DA:5,0
DA:21,0
DA:37,0
LF:3
LH:0
BRF:0
BRH:0
end_of_record
TN:
SF:utils/storage.ts
FN:16,(anonymous_0)
FN:19,(anonymous_1)
FN:39,(anonymous_2)
FN:59,(anonymous_3)
FNF:4
FNH:3
FNDA:6,(anonymous_0)
FNDA:3,(anonymous_1)
FNDA:3,(anonymous_2)
FNDA:0,(anonymous_3)
DA:14,2
DA:16,6
DA:18,2
DA:20,3
DA:21,3
DA:22,0
DA:23,0
DA:25,0
DA:28,3
DA:29,1
DA:31,2
DA:35,0
DA:40,3
DA:41,3
DA:42,0
DA:43,0
DA:45,0
DA:47,3
DA:48,1
DA:50,2
DA:54,0
DA:55,0
DA:60,0
DA:61,0
DA:62,0
DA:63,0
DA:65,0
DA:68,0
DA:69,0
DA:71,0
DA:75,0
LF:31
LH:13
BRDA:21,0,0,0
BRDA:21,0,1,3
BRDA:22,1,0,0
BRDA:22,1,1,0
BRDA:28,2,0,1
BRDA:28,2,1,2
BRDA:41,3,0,0
BRDA:41,3,1,3
BRDA:42,4,0,0
BRDA:42,4,1,0
BRDA:47,5,0,1
BRDA:47,5,1,2
BRDA:61,6,0,0
BRDA:61,6,1,0
BRDA:62,7,0,0
BRDA:62,7,1,0
BRDA:68,8,0,0
BRDA:68,8,1,0
BRF:18
BRH:6
end_of_record
TN:
SF:utils/tokenManager.ts
FN:12,(anonymous_0)
FN:15,(anonymous_1)
FN:18,(anonymous_2)
FN:26,(anonymous_3)
FN:35,(anonymous_4)
FN:44,(anonymous_5)
FN:55,(anonymous_6)
FN:73,(anonymous_7)
FN:79,(anonymous_8)
FN:99,(anonymous_9)
FN:102,(anonymous_10)
FN:109,(anonymous_11)
FN:155,(anonymous_12)
FN:166,(anonymous_13)
FN:173,(anonymous_14)
FNF:15
FNH:0
FNDA:0,(anonymous_0)
FNDA:0,(anonymous_1)
FNDA:0,(anonymous_2)
FNDA:0,(anonymous_3)
FNDA:0,(anonymous_4)
FNDA:0,(anonymous_5)
FNDA:0,(anonymous_6)
FNDA:0,(anonymous_7)
FNDA:0,(anonymous_8)
FNDA:0,(anonymous_9)
FNDA:0,(anonymous_10)
FNDA:0,(anonymous_11)
FNDA:0,(anonymous_12)
FNDA:0,(anonymous_13)
FNDA:0,(anonymous_14)
DA:5,0
DA:6,0
DA:12,0
DA:13,0
DA:15,0
DA:16,0
DA:18,0
DA:22,0
DA:23,0
DA:26,0
DA:27,0
DA:28,0
DA:35,0
DA:36,0
DA:38,0
DA:39,0
DA:40,0
DA:41,0
DA:44,0
DA:47,0
DA:49,0
DA:50,0
DA:55,0
DA:56,0
DA:57,0
DA:59,0
DA:60,0
DA:62,0
DA:73,0
DA:78,0
DA:79,0
DA:81,0
DA:82,0
DA:86,0
DA:88,0
DA:93,0
DA:100,0
DA:102,0
DA:103,0
DA:106,0
DA:110,0
DA:111,0
DA:112,0
DA:113,0
DA:116,0
DA:117,0
DA:127,0
DA:128,0
DA:131,0
DA:132,0
DA:133,0
DA:135,0
DA:137,0
DA:138,0
DA:139,0
DA:145,0
DA:155,0
DA:156,0
DA:158,0
DA:159,0
DA:162,0
DA:166,0
DA:167,0
DA:168,0
DA:169,0
DA:173,0
DA:174,0
DA:175,0
DA:177,0
DA:178,0
LF:70
LH:0
BRDA:36,0,0,0
BRDA:36,0,1,0
BRDA:57,1,0,0
BRDA:57,1,1,0
BRDA:57,2,0,0
BRDA:57,2,1,0
BRDA:100,3,0,0
BRDA:100,3,1,0
BRDA:111,4,0,0
BRDA:111,4,1,0
BRDA:127,5,0,0
BRDA:127,5,1,0
BRDA:132,6,0,0
BRDA:132,6,1,0
BRDA:158,7,0,0
BRDA:158,7,1,0
BRDA:158,8,0,0
BRDA:158,8,1,0
BRDA:168,9,0,0
BRDA:168,9,1,0
BRF:20
BRH:0
end_of_record
