{"/Users/iskandermac/Desktop/expogithub/expoapp/telegram-app-backend/middleware/authAdmin.js": {"path":"/Users/iskandermac/Desktop/expogithub/expoapp/telegram-app-backend/middleware/authAdmin.js","statementMap":{"0":{"start":{"line":2,"column":22},"end":{"line":2,"column":55}},"1":{"start":{"line":4,"column":13},"end":{"line":8,"column":2}},"2":{"start":{"line":10,"column":21},"end":{"line":10,"column":30}},"3":{"start":{"line":11,"column":26},"end":{"line":11,"column":34}},"4":{"start":{"line":12,"column":19},"end":{"line":12,"column":26}},"5":{"start":{"line":14,"column":27},"end":{"line":20,"column":1}},"6":{"start":{"line":15,"column":4},"end":{"line":17,"column":5}},"7":{"start":{"line":16,"column":8},"end":{"line":16,"column":20}},"8":{"start":{"line":18,"column":18},"end":{"line":18,"column":62}},"9":{"start":{"line":19,"column":4},"end":{"line":19,"column":25}},"10":{"start":{"line":22,"column":31},"end":{"line":36,"column":1}},"11":{"start":{"line":23,"column":19},"end":{"line":23,"column":47}},"12":{"start":{"line":24,"column":4},"end":{"line":26,"column":5}},"13":{"start":{"line":25,"column":8},"end":{"line":25,"column":110}},"14":{"start":{"line":28,"column":20},"end":{"line":28,"column":44}},"15":{"start":{"line":29,"column":4},"end":{"line":31,"column":5}},"16":{"start":{"line":30,"column":8},"end":{"line":30,"column":96}},"17":{"start":{"line":32,"column":4},"end":{"line":34,"column":5}},"18":{"start":{"line":33,"column":8},"end":{"line":33,"column":110}},"19":{"start":{"line":35,"column":4},"end":{"line":35,"column":23}},"20":{"start":{"line":38,"column":29},"end":{"line":46,"column":1}},"21":{"start":{"line":39,"column":4},"end":{"line":41,"column":5}},"22":{"start":{"line":40,"column":8},"end":{"line":40,"column":90}},"23":{"start":{"line":42,"column":4},"end":{"line":44,"column":5}},"24":{"start":{"line":43,"column":8},"end":{"line":43,"column":86}},"25":{"start":{"line":45,"column":4},"end":{"line":45,"column":111}},"26":{"start":{"line":48,"column":18},"end":{"line":67,"column":1}},"27":{"start":{"line":49,"column":18},"end":{"line":49,"column":63}},"28":{"start":{"line":50,"column":4},"end":{"line":52,"column":5}},"29":{"start":{"line":51,"column":8},"end":{"line":51,"column":139}},"30":{"start":{"line":54,"column":4},"end":{"line":66,"column":5}},"31":{"start":{"line":55,"column":29},"end":{"line":55,"column":58}},"32":{"start":{"line":56,"column":8},"end":{"line":58,"column":9}},"33":{"start":{"line":57,"column":12},"end":{"line":57,"column":103}},"34":{"start":{"line":60,"column":8},"end":{"line":60,"column":41}},"35":{"start":{"line":61,"column":8},"end":{"line":61,"column":15}},"36":{"start":{"line":63,"column":8},"end":{"line":63,"column":70}},"37":{"start":{"line":64,"column":28},"end":{"line":64,"column":55}},"38":{"start":{"line":65,"column":8},"end":{"line":65,"column":85}},"39":{"start":{"line":69,"column":0},"end":{"line":69,"column":27}}},"fnMap":{"0":{"name":"(anonymous_0)","decl":{"start":{"line":14,"column":27},"end":{"line":14,"column":28}},"loc":{"start":{"line":14,"column":43},"end":{"line":20,"column":1}},"line":14},"1":{"name":"(anonymous_1)","decl":{"start":{"line":22,"column":31},"end":{"line":22,"column":32}},"loc":{"start":{"line":22,"column":42},"end":{"line":36,"column":1}},"line":22},"2":{"name":"(anonymous_2)","decl":{"start":{"line":38,"column":29},"end":{"line":38,"column":30}},"loc":{"start":{"line":38,"column":40},"end":{"line":46,"column":1}},"line":38},"3":{"name":"(anonymous_3)","decl":{"start":{"line":48,"column":18},"end":{"line":48,"column":19}},"loc":{"start":{"line":48,"column":38},"end":{"line":67,"column":1}},"line":48}},"branchMap":{"0":{"loc":{"start":{"line":15,"column":4},"end":{"line":17,"column":5}},"type":"if","locations":[{"start":{"line":15,"column":4},"end":{"line":17,"column":5}},{"start":{},"end":{}}],"line":15},"1":{"loc":{"start":{"line":15,"column":8},"end":{"line":15,"column":59}},"type":"binary-expr","locations":[{"start":{"line":15,"column":8},"end":{"line":15,"column":19}},{"start":{"line":15,"column":23},"end":{"line":15,"column":59}}],"line":15},"2":{"loc":{"start":{"line":19,"column":11},"end":{"line":19,"column":24}},"type":"binary-expr","locations":[{"start":{"line":19,"column":11},"end":{"line":19,"column":16}},{"start":{"line":19,"column":20},"end":{"line":19,"column":24}}],"line":19},"3":{"loc":{"start":{"line":24,"column":4},"end":{"line":26,"column":5}},"type":"if","locations":[{"start":{"line":24,"column":4},"end":{"line":26,"column":5}},{"start":{},"end":{}}],"line":24},"4":{"loc":{"start":{"line":29,"column":4},"end":{"line":31,"column":5}},"type":"if","locations":[{"start":{"line":29,"column":4},"end":{"line":31,"column":5}},{"start":{},"end":{}}],"line":29},"5":{"loc":{"start":{"line":32,"column":4},"end":{"line":34,"column":5}},"type":"if","locations":[{"start":{"line":32,"column":4},"end":{"line":34,"column":5}},{"start":{},"end":{}}],"line":32},"6":{"loc":{"start":{"line":39,"column":4},"end":{"line":41,"column":5}},"type":"if","locations":[{"start":{"line":39,"column":4},"end":{"line":41,"column":5}},{"start":{},"end":{}}],"line":39},"7":{"loc":{"start":{"line":42,"column":4},"end":{"line":44,"column":5}},"type":"if","locations":[{"start":{"line":42,"column":4},"end":{"line":44,"column":5}},{"start":{},"end":{}}],"line":42},"8":{"loc":{"start":{"line":50,"column":4},"end":{"line":52,"column":5}},"type":"if","locations":[{"start":{"line":50,"column":4},"end":{"line":52,"column":5}},{"start":{},"end":{}}],"line":50},"9":{"loc":{"start":{"line":56,"column":8},"end":{"line":58,"column":9}},"type":"if","locations":[{"start":{"line":56,"column":8},"end":{"line":58,"column":9}},{"start":{},"end":{}}],"line":56}},"s":{"0":1,"1":1,"2":1,"3":1,"4":1,"5":1,"6":9,"7":2,"8":7,"9":7,"10":1,"11":7,"12":7,"13":1,"14":6,"15":3,"16":1,"17":2,"18":1,"19":1,"20":1,"21":3,"22":1,"23":2,"24":1,"25":1,"26":1,"27":9,"28":9,"29":2,"30":7,"31":7,"32":4,"33":3,"34":1,"35":1,"36":3,"37":3,"38":3,"39":1},"f":{"0":9,"1":7,"2":3,"3":9},"b":{"0":[2,7],"1":[9,8],"2":[7,0],"3":[1,6],"4":[1,2],"5":[1,1],"6":[1,2],"7":[1,1],"8":[2,7],"9":[3,1]},"_coverageSchema":"1a1c01bbd47fc00a2c39e90264f33305004495a9","hash":"05923636f1b5f6d56961558f4e225e7302b6cbe8"}
,"/Users/iskandermac/Desktop/expogithub/expoapp/telegram-app-backend/middleware/authDeliveryAgent.js": {"path":"/Users/iskandermac/Desktop/expogithub/expoapp/telegram-app-backend/middleware/authDeliveryAgent.js","statementMap":{"0":{"start":{"line":2,"column":22},"end":{"line":2,"column":55}},"1":{"start":{"line":3,"column":11},"end":{"line":3,"column":34}},"2":{"start":{"line":5,"column":13},"end":{"line":9,"column":2}},"3":{"start":{"line":11,"column":23},"end":{"line":12,"column":74}},"4":{"start":{"line":12,"column":2},"end":{"line":12,"column":74}},"5":{"start":{"line":14,"column":23},"end":{"line":20,"column":1}},"6":{"start":{"line":15,"column":24},"end":{"line":15,"column":51}},"7":{"start":{"line":16,"column":2},"end":{"line":18,"column":3}},"8":{"start":{"line":17,"column":4},"end":{"line":17,"column":16}},"9":{"start":{"line":19,"column":2},"end":{"line":19,"column":39}},"10":{"start":{"line":22,"column":35},"end":{"line":22,"column":87}},"11":{"start":{"line":22,"column":41},"end":{"line":22,"column":87}},"12":{"start":{"line":24,"column":32},"end":{"line":25,"column":66}},"13":{"start":{"line":25,"column":2},"end":{"line":25,"column":66}},"14":{"start":{"line":27,"column":30},"end":{"line":34,"column":1}},"15":{"start":{"line":28,"column":17},"end":{"line":31,"column":3}},"16":{"start":{"line":33,"column":2},"end":{"line":33,"column":69}},"17":{"start":{"line":36,"column":26},"end":{"line":67,"column":1}},"18":{"start":{"line":37,"column":16},"end":{"line":37,"column":35}},"19":{"start":{"line":38,"column":2},"end":{"line":40,"column":3}},"20":{"start":{"line":39,"column":4},"end":{"line":39,"column":112}},"21":{"start":{"line":42,"column":17},"end":{"line":42,"column":48}},"22":{"start":{"line":43,"column":2},"end":{"line":45,"column":3}},"23":{"start":{"line":44,"column":4},"end":{"line":44,"column":105}},"24":{"start":{"line":47,"column":2},"end":{"line":66,"column":3}},"25":{"start":{"line":48,"column":20},"end":{"line":48,"column":44}},"26":{"start":{"line":50,"column":4},"end":{"line":52,"column":5}},"27":{"start":{"line":51,"column":6},"end":{"line":51,"column":98}},"28":{"start":{"line":54,"column":4},"end":{"line":59,"column":5}},"29":{"start":{"line":55,"column":23},"end":{"line":55,"column":75}},"30":{"start":{"line":56,"column":6},"end":{"line":58,"column":7}},"31":{"start":{"line":57,"column":8},"end":{"line":57,"column":97}},"32":{"start":{"line":61,"column":4},"end":{"line":61,"column":32}},"33":{"start":{"line":62,"column":4},"end":{"line":62,"column":18}},"34":{"start":{"line":64,"column":4},"end":{"line":64,"column":75}},"35":{"start":{"line":65,"column":4},"end":{"line":65,"column":95}},"36":{"start":{"line":69,"column":0},"end":{"line":69,"column":35}}},"fnMap":{"0":{"name":"(anonymous_0)","decl":{"start":{"line":11,"column":23},"end":{"line":11,"column":24}},"loc":{"start":{"line":12,"column":2},"end":{"line":12,"column":74}},"line":12},"1":{"name":"(anonymous_1)","decl":{"start":{"line":14,"column":23},"end":{"line":14,"column":24}},"loc":{"start":{"line":14,"column":32},"end":{"line":20,"column":1}},"line":14},"2":{"name":"(anonymous_2)","decl":{"start":{"line":22,"column":35},"end":{"line":22,"column":36}},"loc":{"start":{"line":22,"column":41},"end":{"line":22,"column":87}},"line":22},"3":{"name":"(anonymous_3)","decl":{"start":{"line":24,"column":32},"end":{"line":24,"column":33}},"loc":{"start":{"line":25,"column":2},"end":{"line":25,"column":66}},"line":25},"4":{"name":"(anonymous_4)","decl":{"start":{"line":27,"column":30},"end":{"line":27,"column":31}},"loc":{"start":{"line":27,"column":57},"end":{"line":34,"column":1}},"line":27},"5":{"name":"(anonymous_5)","decl":{"start":{"line":36,"column":26},"end":{"line":36,"column":27}},"loc":{"start":{"line":36,"column":52},"end":{"line":67,"column":1}},"line":36}},"branchMap":{"0":{"loc":{"start":{"line":12,"column":2},"end":{"line":12,"column":74}},"type":"binary-expr","locations":[{"start":{"line":12,"column":2},"end":{"line":12,"column":35}},{"start":{"line":12,"column":39},"end":{"line":12,"column":74}}],"line":12},"1":{"loc":{"start":{"line":16,"column":2},"end":{"line":18,"column":3}},"type":"if","locations":[{"start":{"line":16,"column":2},"end":{"line":18,"column":3}},{"start":{},"end":{}}],"line":16},"2":{"loc":{"start":{"line":25,"column":2},"end":{"line":25,"column":66}},"type":"binary-expr","locations":[{"start":{"line":25,"column":2},"end":{"line":25,"column":36}},{"start":{"line":25,"column":40},"end":{"line":25,"column":66}}],"line":25},"3":{"loc":{"start":{"line":33,"column":9},"end":{"line":33,"column":68}},"type":"binary-expr","locations":[{"start":{"line":33,"column":9},"end":{"line":33,"column":31}},{"start":{"line":33,"column":35},"end":{"line":33,"column":68}}],"line":33},"4":{"loc":{"start":{"line":38,"column":2},"end":{"line":40,"column":3}},"type":"if","locations":[{"start":{"line":38,"column":2},"end":{"line":40,"column":3}},{"start":{},"end":{}}],"line":38},"5":{"loc":{"start":{"line":43,"column":2},"end":{"line":45,"column":3}},"type":"if","locations":[{"start":{"line":43,"column":2},"end":{"line":45,"column":3}},{"start":{},"end":{}}],"line":43},"6":{"loc":{"start":{"line":50,"column":4},"end":{"line":52,"column":5}},"type":"if","locations":[{"start":{"line":50,"column":4},"end":{"line":52,"column":5}},{"start":{},"end":{}}],"line":50},"7":{"loc":{"start":{"line":54,"column":4},"end":{"line":59,"column":5}},"type":"if","locations":[{"start":{"line":54,"column":4},"end":{"line":59,"column":5}},{"start":{},"end":{}}],"line":54},"8":{"loc":{"start":{"line":56,"column":6},"end":{"line":58,"column":7}},"type":"if","locations":[{"start":{"line":56,"column":6},"end":{"line":58,"column":7}},{"start":{},"end":{}}],"line":56}},"s":{"0":2,"1":2,"2":2,"3":2,"4":3,"5":2,"6":3,"7":3,"8":0,"9":3,"10":2,"11":3,"12":2,"13":3,"14":2,"15":3,"16":3,"17":2,"18":3,"19":3,"20":0,"21":3,"22":3,"23":0,"24":3,"25":3,"26":3,"27":0,"28":3,"29":3,"30":3,"31":1,"32":2,"33":2,"34":0,"35":0,"36":2},"f":{"0":3,"1":3,"2":3,"3":3,"4":3,"5":3},"b":{"0":[3,3],"1":[0,3],"2":[3,3],"3":[3,3],"4":[0,3],"5":[0,3],"6":[0,3],"7":[3,0],"8":[1,2]},"_coverageSchema":"1a1c01bbd47fc00a2c39e90264f33305004495a9","hash":"605a8b26d482e7a726463ebe09dfa863e247a751"}
,"/Users/iskandermac/Desktop/expogithub/expoapp/telegram-app-backend/middleware/authMiddleware.js": {"path":"/Users/iskandermac/Desktop/expogithub/expoapp/telegram-app-backend/middleware/authMiddleware.js","statementMap":{"0":{"start":{"line":1,"column":22},"end":{"line":1,"column":55}},"1":{"start":{"line":3,"column":29},"end":{"line":39,"column":1}},"2":{"start":{"line":8,"column":21},"end":{"line":8,"column":46}},"3":{"start":{"line":9,"column":2},"end":{"line":11,"column":3}},"4":{"start":{"line":10,"column":4},"end":{"line":10,"column":71}},"5":{"start":{"line":13,"column":16},"end":{"line":13,"column":40}},"6":{"start":{"line":15,"column":2},"end":{"line":37,"column":3}},"7":{"start":{"line":17,"column":19},"end":{"line":17,"column":76}},"8":{"start":{"line":18,"column":4},"end":{"line":20,"column":5}},"9":{"start":{"line":19,"column":6},"end":{"line":19,"column":77}},"10":{"start":{"line":21,"column":20},"end":{"line":21,"column":44}},"11":{"start":{"line":24,"column":4},"end":{"line":26,"column":5}},"12":{"start":{"line":25,"column":6},"end":{"line":25,"column":81}},"13":{"start":{"line":27,"column":4},"end":{"line":29,"column":5}},"14":{"start":{"line":28,"column":6},"end":{"line":28,"column":81}},"15":{"start":{"line":32,"column":4},"end":{"line":32,"column":23}},"16":{"start":{"line":33,"column":4},"end":{"line":33,"column":11}},"17":{"start":{"line":35,"column":4},"end":{"line":35,"column":60}},"18":{"start":{"line":36,"column":4},"end":{"line":36,"column":74}},"19":{"start":{"line":41,"column":0},"end":{"line":41,"column":42}}},"fnMap":{"0":{"name":"(anonymous_0)","decl":{"start":{"line":3,"column":29},"end":{"line":3,"column":30}},"loc":{"start":{"line":3,"column":49},"end":{"line":39,"column":1}},"line":3}},"branchMap":{"0":{"loc":{"start":{"line":9,"column":2},"end":{"line":11,"column":3}},"type":"if","locations":[{"start":{"line":9,"column":2},"end":{"line":11,"column":3}},{"start":{},"end":{}}],"line":9},"1":{"loc":{"start":{"line":9,"column":6},"end":{"line":9,"column":54}},"type":"binary-expr","locations":[{"start":{"line":9,"column":6},"end":{"line":9,"column":17}},{"start":{"line":9,"column":21},"end":{"line":9,"column":54}}],"line":9},"2":{"loc":{"start":{"line":17,"column":19},"end":{"line":17,"column":76}},"type":"binary-expr","locations":[{"start":{"line":17,"column":19},"end":{"line":17,"column":50}},{"start":{"line":17,"column":54},"end":{"line":17,"column":76}}],"line":17},"3":{"loc":{"start":{"line":18,"column":4},"end":{"line":20,"column":5}},"type":"if","locations":[{"start":{"line":18,"column":4},"end":{"line":20,"column":5}},{"start":{},"end":{}}],"line":18},"4":{"loc":{"start":{"line":24,"column":4},"end":{"line":26,"column":5}},"type":"if","locations":[{"start":{"line":24,"column":4},"end":{"line":26,"column":5}},{"start":{},"end":{}}],"line":24},"5":{"loc":{"start":{"line":27,"column":4},"end":{"line":29,"column":5}},"type":"if","locations":[{"start":{"line":27,"column":4},"end":{"line":29,"column":5}},{"start":{},"end":{}}],"line":27}},"s":{"0":2,"1":2,"2":8,"3":8,"4":3,"5":5,"6":5,"7":5,"8":5,"9":0,"10":5,"11":4,"12":1,"13":3,"14":1,"15":2,"16":2,"17":1,"18":1,"19":2},"f":{"0":8},"b":{"0":[3,5],"1":[8,6],"2":[5,5],"3":[0,5],"4":[1,3],"5":[1,2]},"_coverageSchema":"1a1c01bbd47fc00a2c39e90264f33305004495a9","hash":"f218b357a10a1615bb32f5ab27850081044cd49c"}
,"/Users/iskandermac/Desktop/expogithub/expoapp/telegram-app-backend/middleware/authSupplier.js": {"path":"/Users/iskandermac/Desktop/expogithub/expoapp/telegram-app-backend/middleware/authSupplier.js","statementMap":{"0":{"start":{"line":2,"column":22},"end":{"line":2,"column":55}},"1":{"start":{"line":3,"column":11},"end":{"line":3,"column":34}},"2":{"start":{"line":5,"column":13},"end":{"line":9,"column":2}},"3":{"start":{"line":11,"column":23},"end":{"line":12,"column":74}},"4":{"start":{"line":12,"column":2},"end":{"line":12,"column":74}},"5":{"start":{"line":14,"column":23},"end":{"line":20,"column":1}},"6":{"start":{"line":15,"column":24},"end":{"line":15,"column":51}},"7":{"start":{"line":16,"column":2},"end":{"line":18,"column":3}},"8":{"start":{"line":17,"column":4},"end":{"line":17,"column":16}},"9":{"start":{"line":19,"column":2},"end":{"line":19,"column":39}},"10":{"start":{"line":22,"column":35},"end":{"line":22,"column":87}},"11":{"start":{"line":22,"column":41},"end":{"line":22,"column":87}},"12":{"start":{"line":24,"column":32},"end":{"line":25,"column":60}},"13":{"start":{"line":25,"column":2},"end":{"line":25,"column":60}},"14":{"start":{"line":27,"column":25},"end":{"line":34,"column":1}},"15":{"start":{"line":28,"column":17},"end":{"line":31,"column":3}},"16":{"start":{"line":33,"column":2},"end":{"line":33,"column":69}},"17":{"start":{"line":36,"column":21},"end":{"line":67,"column":1}},"18":{"start":{"line":37,"column":16},"end":{"line":37,"column":35}},"19":{"start":{"line":38,"column":2},"end":{"line":40,"column":3}},"20":{"start":{"line":39,"column":4},"end":{"line":39,"column":103}},"21":{"start":{"line":42,"column":17},"end":{"line":42,"column":48}},"22":{"start":{"line":43,"column":2},"end":{"line":45,"column":3}},"23":{"start":{"line":44,"column":4},"end":{"line":44,"column":105}},"24":{"start":{"line":47,"column":2},"end":{"line":66,"column":3}},"25":{"start":{"line":48,"column":20},"end":{"line":48,"column":44}},"26":{"start":{"line":50,"column":4},"end":{"line":52,"column":5}},"27":{"start":{"line":51,"column":6},"end":{"line":51,"column":98}},"28":{"start":{"line":54,"column":4},"end":{"line":59,"column":5}},"29":{"start":{"line":55,"column":23},"end":{"line":55,"column":65}},"30":{"start":{"line":56,"column":6},"end":{"line":58,"column":7}},"31":{"start":{"line":57,"column":8},"end":{"line":57,"column":91}},"32":{"start":{"line":61,"column":4},"end":{"line":61,"column":27}},"33":{"start":{"line":62,"column":4},"end":{"line":62,"column":18}},"34":{"start":{"line":64,"column":4},"end":{"line":64,"column":60}},"35":{"start":{"line":65,"column":4},"end":{"line":65,"column":86}},"36":{"start":{"line":69,"column":0},"end":{"line":69,"column":30}}},"fnMap":{"0":{"name":"(anonymous_0)","decl":{"start":{"line":11,"column":23},"end":{"line":11,"column":24}},"loc":{"start":{"line":12,"column":2},"end":{"line":12,"column":74}},"line":12},"1":{"name":"(anonymous_1)","decl":{"start":{"line":14,"column":23},"end":{"line":14,"column":24}},"loc":{"start":{"line":14,"column":32},"end":{"line":20,"column":1}},"line":14},"2":{"name":"(anonymous_2)","decl":{"start":{"line":22,"column":35},"end":{"line":22,"column":36}},"loc":{"start":{"line":22,"column":41},"end":{"line":22,"column":87}},"line":22},"3":{"name":"(anonymous_3)","decl":{"start":{"line":24,"column":32},"end":{"line":24,"column":33}},"loc":{"start":{"line":25,"column":2},"end":{"line":25,"column":60}},"line":25},"4":{"name":"(anonymous_4)","decl":{"start":{"line":27,"column":25},"end":{"line":27,"column":26}},"loc":{"start":{"line":27,"column":47},"end":{"line":34,"column":1}},"line":27},"5":{"name":"(anonymous_5)","decl":{"start":{"line":36,"column":21},"end":{"line":36,"column":22}},"loc":{"start":{"line":36,"column":47},"end":{"line":67,"column":1}},"line":36}},"branchMap":{"0":{"loc":{"start":{"line":12,"column":2},"end":{"line":12,"column":74}},"type":"binary-expr","locations":[{"start":{"line":12,"column":2},"end":{"line":12,"column":35}},{"start":{"line":12,"column":39},"end":{"line":12,"column":74}}],"line":12},"1":{"loc":{"start":{"line":16,"column":2},"end":{"line":18,"column":3}},"type":"if","locations":[{"start":{"line":16,"column":2},"end":{"line":18,"column":3}},{"start":{},"end":{}}],"line":16},"2":{"loc":{"start":{"line":25,"column":2},"end":{"line":25,"column":60}},"type":"binary-expr","locations":[{"start":{"line":25,"column":2},"end":{"line":25,"column":30}},{"start":{"line":25,"column":34},"end":{"line":25,"column":60}}],"line":25},"3":{"loc":{"start":{"line":33,"column":9},"end":{"line":33,"column":68}},"type":"binary-expr","locations":[{"start":{"line":33,"column":9},"end":{"line":33,"column":31}},{"start":{"line":33,"column":35},"end":{"line":33,"column":68}}],"line":33},"4":{"loc":{"start":{"line":38,"column":2},"end":{"line":40,"column":3}},"type":"if","locations":[{"start":{"line":38,"column":2},"end":{"line":40,"column":3}},{"start":{},"end":{}}],"line":38},"5":{"loc":{"start":{"line":43,"column":2},"end":{"line":45,"column":3}},"type":"if","locations":[{"start":{"line":43,"column":2},"end":{"line":45,"column":3}},{"start":{},"end":{}}],"line":43},"6":{"loc":{"start":{"line":50,"column":4},"end":{"line":52,"column":5}},"type":"if","locations":[{"start":{"line":50,"column":4},"end":{"line":52,"column":5}},{"start":{},"end":{}}],"line":50},"7":{"loc":{"start":{"line":54,"column":4},"end":{"line":59,"column":5}},"type":"if","locations":[{"start":{"line":54,"column":4},"end":{"line":59,"column":5}},{"start":{},"end":{}}],"line":54},"8":{"loc":{"start":{"line":56,"column":6},"end":{"line":58,"column":7}},"type":"if","locations":[{"start":{"line":56,"column":6},"end":{"line":58,"column":7}},{"start":{},"end":{}}],"line":56}},"s":{"0":4,"1":4,"2":4,"3":4,"4":3,"5":4,"6":3,"7":3,"8":1,"9":2,"10":4,"11":2,"12":4,"13":2,"14":4,"15":2,"16":2,"17":4,"18":3,"19":3,"20":1,"21":2,"22":2,"23":0,"24":2,"25":2,"26":2,"27":0,"28":2,"29":2,"30":2,"31":1,"32":1,"33":1,"34":0,"35":0,"36":4},"f":{"0":3,"1":3,"2":2,"3":2,"4":2,"5":3},"b":{"0":[3,2],"1":[1,2],"2":[2,2],"3":[2,2],"4":[1,2],"5":[0,2],"6":[0,2],"7":[2,0],"8":[1,1]},"_coverageSchema":"1a1c01bbd47fc00a2c39e90264f33305004495a9","hash":"b94f8f6171bcda3817275ce6f9adee266d82337c"}
,"/Users/iskandermac/Desktop/expogithub/expoapp/telegram-app-backend/middleware/authUploader.js": {"path":"/Users/iskandermac/Desktop/expogithub/expoapp/telegram-app-backend/middleware/authUploader.js","statementMap":{"0":{"start":{"line":4,"column":22},"end":{"line":4,"column":55}},"1":{"start":{"line":5,"column":11},"end":{"line":5,"column":34}},"2":{"start":{"line":7,"column":13},"end":{"line":10,"column":2}},"3":{"start":{"line":12,"column":25},"end":{"line":18,"column":1}},"4":{"start":{"line":13,"column":21},"end":{"line":13,"column":48}},"5":{"start":{"line":14,"column":2},"end":{"line":16,"column":3}},"6":{"start":{"line":15,"column":4},"end":{"line":15,"column":16}},"7":{"start":{"line":17,"column":2},"end":{"line":17,"column":42}},"8":{"start":{"line":20,"column":20},"end":{"line":27,"column":1}},"9":{"start":{"line":21,"column":2},"end":{"line":21,"column":37}},"10":{"start":{"line":21,"column":25},"end":{"line":21,"column":37}},"11":{"start":{"line":22,"column":2},"end":{"line":26,"column":3}},"12":{"start":{"line":23,"column":4},"end":{"line":23,"column":36}},"13":{"start":{"line":25,"column":4},"end":{"line":25,"column":16}},"14":{"start":{"line":29,"column":24},"end":{"line":30,"column":54}},"15":{"start":{"line":30,"column":2},"end":{"line":30,"column":54}},"16":{"start":{"line":32,"column":35},"end":{"line":32,"column":87}},"17":{"start":{"line":32,"column":41},"end":{"line":32,"column":87}},"18":{"start":{"line":34,"column":25},"end":{"line":37,"column":1}},"19":{"start":{"line":35,"column":17},"end":{"line":35,"column":94}},"20":{"start":{"line":36,"column":2},"end":{"line":36,"column":69}},"21":{"start":{"line":39,"column":26},"end":{"line":46,"column":1}},"22":{"start":{"line":40,"column":18},"end":{"line":40,"column":66}},"23":{"start":{"line":41,"column":2},"end":{"line":43,"column":3}},"24":{"start":{"line":42,"column":4},"end":{"line":42,"column":16}},"25":{"start":{"line":45,"column":2},"end":{"line":45,"column":36}},"26":{"start":{"line":48,"column":29},"end":{"line":64,"column":1}},"27":{"start":{"line":49,"column":18},"end":{"line":49,"column":69}},"28":{"start":{"line":50,"column":2},"end":{"line":52,"column":3}},"29":{"start":{"line":51,"column":4},"end":{"line":51,"column":16}},"30":{"start":{"line":54,"column":2},"end":{"line":56,"column":3}},"31":{"start":{"line":55,"column":4},"end":{"line":55,"column":41}},"32":{"start":{"line":58,"column":17},"end":{"line":58,"column":59}},"33":{"start":{"line":59,"column":2},"end":{"line":61,"column":3}},"34":{"start":{"line":60,"column":4},"end":{"line":60,"column":30}},"35":{"start":{"line":63,"column":2},"end":{"line":63,"column":39}},"36":{"start":{"line":66,"column":21},"end":{"line":89,"column":1}},"37":{"start":{"line":67,"column":16},"end":{"line":67,"column":37}},"38":{"start":{"line":68,"column":2},"end":{"line":70,"column":3}},"39":{"start":{"line":69,"column":4},"end":{"line":69,"column":103}},"40":{"start":{"line":72,"column":21},"end":{"line":72,"column":45}},"41":{"start":{"line":73,"column":2},"end":{"line":76,"column":3}},"42":{"start":{"line":74,"column":4},"end":{"line":74,"column":27}},"43":{"start":{"line":75,"column":4},"end":{"line":75,"column":18}},"44":{"start":{"line":78,"column":25},"end":{"line":78,"column":58}},"45":{"start":{"line":79,"column":2},"end":{"line":81,"column":3}},"46":{"start":{"line":80,"column":4},"end":{"line":80,"column":87}},"47":{"start":{"line":83,"column":2},"end":{"line":86,"column":3}},"48":{"start":{"line":84,"column":4},"end":{"line":84,"column":31}},"49":{"start":{"line":85,"column":4},"end":{"line":85,"column":18}},"50":{"start":{"line":88,"column":2},"end":{"line":88,"column":87}},"51":{"start":{"line":91,"column":0},"end":{"line":91,"column":30}}},"fnMap":{"0":{"name":"(anonymous_0)","decl":{"start":{"line":12,"column":25},"end":{"line":12,"column":26}},"loc":{"start":{"line":12,"column":34},"end":{"line":18,"column":1}},"line":12},"1":{"name":"(anonymous_1)","decl":{"start":{"line":20,"column":20},"end":{"line":20,"column":21}},"loc":{"start":{"line":20,"column":39},"end":{"line":27,"column":1}},"line":20},"2":{"name":"(anonymous_2)","decl":{"start":{"line":29,"column":24},"end":{"line":29,"column":25}},"loc":{"start":{"line":30,"column":2},"end":{"line":30,"column":54}},"line":30},"3":{"name":"(anonymous_3)","decl":{"start":{"line":32,"column":35},"end":{"line":32,"column":36}},"loc":{"start":{"line":32,"column":41},"end":{"line":32,"column":87}},"line":32},"4":{"name":"(anonymous_4)","decl":{"start":{"line":34,"column":25},"end":{"line":34,"column":26}},"loc":{"start":{"line":34,"column":47},"end":{"line":37,"column":1}},"line":34},"5":{"name":"(anonymous_5)","decl":{"start":{"line":39,"column":26},"end":{"line":39,"column":27}},"loc":{"start":{"line":39,"column":37},"end":{"line":46,"column":1}},"line":39},"6":{"name":"(anonymous_6)","decl":{"start":{"line":48,"column":29},"end":{"line":48,"column":30}},"loc":{"start":{"line":48,"column":46},"end":{"line":64,"column":1}},"line":48},"7":{"name":"(anonymous_7)","decl":{"start":{"line":66,"column":21},"end":{"line":66,"column":22}},"loc":{"start":{"line":66,"column":47},"end":{"line":89,"column":1}},"line":66}},"branchMap":{"0":{"loc":{"start":{"line":14,"column":2},"end":{"line":16,"column":3}},"type":"if","locations":[{"start":{"line":14,"column":2},"end":{"line":16,"column":3}},{"start":{},"end":{}}],"line":14},"1":{"loc":{"start":{"line":14,"column":6},"end":{"line":14,"column":54}},"type":"binary-expr","locations":[{"start":{"line":14,"column":6},"end":{"line":14,"column":17}},{"start":{"line":14,"column":21},"end":{"line":14,"column":54}}],"line":14},"2":{"loc":{"start":{"line":17,"column":9},"end":{"line":17,"column":41}},"type":"binary-expr","locations":[{"start":{"line":17,"column":9},"end":{"line":17,"column":33}},{"start":{"line":17,"column":37},"end":{"line":17,"column":41}}],"line":17},"3":{"loc":{"start":{"line":21,"column":2},"end":{"line":21,"column":37}},"type":"if","locations":[{"start":{"line":21,"column":2},"end":{"line":21,"column":37}},{"start":{},"end":{}}],"line":21},"4":{"loc":{"start":{"line":21,"column":6},"end":{"line":21,"column":23}},"type":"binary-expr","locations":[{"start":{"line":21,"column":6},"end":{"line":21,"column":12}},{"start":{"line":21,"column":16},"end":{"line":21,"column":23}}],"line":21},"5":{"loc":{"start":{"line":30,"column":2},"end":{"line":30,"column":54}},"type":"binary-expr","locations":[{"start":{"line":30,"column":2},"end":{"line":30,"column":24}},{"start":{"line":30,"column":28},"end":{"line":30,"column":54}}],"line":30},"6":{"loc":{"start":{"line":36,"column":9},"end":{"line":36,"column":68}},"type":"binary-expr","locations":[{"start":{"line":36,"column":9},"end":{"line":36,"column":31}},{"start":{"line":36,"column":35},"end":{"line":36,"column":68}}],"line":36},"7":{"loc":{"start":{"line":41,"column":2},"end":{"line":43,"column":3}},"type":"if","locations":[{"start":{"line":41,"column":2},"end":{"line":43,"column":3}},{"start":{},"end":{}}],"line":41},"8":{"loc":{"start":{"line":50,"column":2},"end":{"line":52,"column":3}},"type":"if","locations":[{"start":{"line":50,"column":2},"end":{"line":52,"column":3}},{"start":{},"end":{}}],"line":50},"9":{"loc":{"start":{"line":54,"column":2},"end":{"line":56,"column":3}},"type":"if","locations":[{"start":{"line":54,"column":2},"end":{"line":56,"column":3}},{"start":{},"end":{}}],"line":54},"10":{"loc":{"start":{"line":59,"column":2},"end":{"line":61,"column":3}},"type":"if","locations":[{"start":{"line":59,"column":2},"end":{"line":61,"column":3}},{"start":{},"end":{}}],"line":59},"11":{"loc":{"start":{"line":68,"column":2},"end":{"line":70,"column":3}},"type":"if","locations":[{"start":{"line":68,"column":2},"end":{"line":70,"column":3}},{"start":{},"end":{}}],"line":68},"12":{"loc":{"start":{"line":73,"column":2},"end":{"line":76,"column":3}},"type":"if","locations":[{"start":{"line":73,"column":2},"end":{"line":76,"column":3}},{"start":{},"end":{}}],"line":73},"13":{"loc":{"start":{"line":79,"column":2},"end":{"line":81,"column":3}},"type":"if","locations":[{"start":{"line":79,"column":2},"end":{"line":81,"column":3}},{"start":{},"end":{}}],"line":79},"14":{"loc":{"start":{"line":83,"column":2},"end":{"line":86,"column":3}},"type":"if","locations":[{"start":{"line":83,"column":2},"end":{"line":86,"column":3}},{"start":{},"end":{}}],"line":83}},"s":{"0":1,"1":1,"2":1,"3":1,"4":7,"5":7,"6":1,"7":6,"8":1,"9":11,"10":0,"11":11,"12":11,"13":5,"14":1,"15":11,"16":1,"17":3,"18":1,"19":2,"20":2,"21":1,"22":6,"23":6,"24":5,"25":1,"26":1,"27":5,"28":5,"29":2,"30":3,"31":1,"32":2,"33":2,"34":1,"35":1,"36":1,"37":7,"38":7,"39":1,"40":6,"41":6,"42":1,"43":1,"44":5,"45":5,"46":1,"47":4,"48":2,"49":2,"50":2,"51":1},"f":{"0":7,"1":11,"2":11,"3":3,"4":2,"5":6,"6":5,"7":7},"b":{"0":[1,6],"1":[7,6],"2":[6,0],"3":[0,11],"4":[11,11],"5":[11,4],"6":[2,2],"7":[5,1],"8":[2,3],"9":[1,2],"10":[1,1],"11":[1,6],"12":[1,5],"13":[1,4],"14":[2,2]},"_coverageSchema":"1a1c01bbd47fc00a2c39e90264f33305004495a9","hash":"f312b4ee81395ba25720ef7cec6c3fd2addf3ee2"}
,"/Users/iskandermac/Desktop/expogithub/expoapp/telegram-app-backend/middleware/cache.js": {"path":"/Users/iskandermac/Desktop/expogithub/expoapp/telegram-app-backend/middleware/cache.js","statementMap":{"0":{"start":{"line":4,"column":27},"end":{"line":4,"column":53}},"1":{"start":{"line":5,"column":15},"end":{"line":5,"column":44}},"2":{"start":{"line":7,"column":22},"end":{"line":10,"column":1}},"3":{"start":{"line":8,"column":16},"end":{"line":8,"column":82}},"4":{"start":{"line":9,"column":2},"end":{"line":9,"column":48}},"5":{"start":{"line":12,"column":25},"end":{"line":12,"column":59}},"6":{"start":{"line":12,"column":37},"end":{"line":12,"column":59}},"7":{"start":{"line":14,"column":22},"end":{"line":52,"column":1}},"8":{"start":{"line":14,"column":46},"end":{"line":52,"column":1}},"9":{"start":{"line":15,"column":16},"end":{"line":15,"column":32}},"10":{"start":{"line":16,"column":2},"end":{"line":16,"column":28}},"11":{"start":{"line":16,"column":14},"end":{"line":16,"column":28}},"12":{"start":{"line":18,"column":14},"end":{"line":18,"column":51}},"13":{"start":{"line":19,"column":17},"end":{"line":19,"column":52}},"14":{"start":{"line":21,"column":2},"end":{"line":29,"column":3}},"15":{"start":{"line":22,"column":19},"end":{"line":22,"column":39}},"16":{"start":{"line":23,"column":4},"end":{"line":26,"column":5}},"17":{"start":{"line":24,"column":6},"end":{"line":24,"column":32}},"18":{"start":{"line":25,"column":6},"end":{"line":25,"column":42}},"19":{"start":{"line":28,"column":4},"end":{"line":28,"column":63}},"20":{"start":{"line":31,"column":2},"end":{"line":31,"column":29}},"21":{"start":{"line":32,"column":2},"end":{"line":34,"column":3}},"22":{"start":{"line":33,"column":4},"end":{"line":33,"column":62}},"23":{"start":{"line":35,"column":2},"end":{"line":35,"column":30}},"24":{"start":{"line":36,"column":23},"end":{"line":36,"column":41}},"25":{"start":{"line":38,"column":2},"end":{"line":49,"column":4}},"26":{"start":{"line":39,"column":4},"end":{"line":47,"column":5}},"27":{"start":{"line":40,"column":6},"end":{"line":46,"column":11}},"28":{"start":{"line":42,"column":20},"end":{"line":42,"column":43}},"29":{"start":{"line":43,"column":20},"end":{"line":43,"column":70}},"30":{"start":{"line":45,"column":10},"end":{"line":45,"column":70}},"31":{"start":{"line":48,"column":4},"end":{"line":48,"column":30}},"32":{"start":{"line":51,"column":2},"end":{"line":51,"column":16}},"33":{"start":{"line":54,"column":24},"end":{"line":72,"column":1}},"34":{"start":{"line":55,"column":16},"end":{"line":55,"column":32}},"35":{"start":{"line":56,"column":2},"end":{"line":56,"column":21}},"36":{"start":{"line":56,"column":14},"end":{"line":56,"column":21}},"37":{"start":{"line":58,"column":21},"end":{"line":58,"column":68}},"38":{"start":{"line":60,"column":2},"end":{"line":71,"column":3}},"39":{"start":{"line":61,"column":19},"end":{"line":61,"column":43}},"40":{"start":{"line":62,"column":4},"end":{"line":70,"column":5}},"41":{"start":{"line":63,"column":19},"end":{"line":63,"column":47}},"42":{"start":{"line":64,"column":6},"end":{"line":66,"column":7}},"43":{"start":{"line":65,"column":8},"end":{"line":65,"column":30}},"44":{"start":{"line":67,"column":6},"end":{"line":67,"column":30}},"45":{"start":{"line":69,"column":6},"end":{"line":69,"column":81}},"46":{"start":{"line":74,"column":0},"end":{"line":74,"column":52}}},"fnMap":{"0":{"name":"(anonymous_0)","decl":{"start":{"line":7,"column":22},"end":{"line":7,"column":23}},"loc":{"start":{"line":7,"column":39},"end":{"line":10,"column":1}},"line":7},"1":{"name":"(anonymous_1)","decl":{"start":{"line":12,"column":25},"end":{"line":12,"column":26}},"loc":{"start":{"line":12,"column":37},"end":{"line":12,"column":59}},"line":12},"2":{"name":"(anonymous_2)","decl":{"start":{"line":14,"column":22},"end":{"line":14,"column":23}},"loc":{"start":{"line":14,"column":46},"end":{"line":52,"column":1}},"line":14},"3":{"name":"(anonymous_3)","decl":{"start":{"line":14,"column":46},"end":{"line":14,"column":47}},"loc":{"start":{"line":14,"column":72},"end":{"line":52,"column":1}},"line":14},"4":{"name":"(anonymous_4)","decl":{"start":{"line":38,"column":13},"end":{"line":38,"column":14}},"loc":{"start":{"line":38,"column":23},"end":{"line":49,"column":3}},"line":38},"5":{"name":"(anonymous_5)","decl":{"start":{"line":42,"column":14},"end":{"line":42,"column":15}},"loc":{"start":{"line":42,"column":20},"end":{"line":42,"column":43}},"line":42},"6":{"name":"(anonymous_6)","decl":{"start":{"line":43,"column":14},"end":{"line":43,"column":15}},"loc":{"start":{"line":43,"column":20},"end":{"line":43,"column":70}},"line":43},"7":{"name":"(anonymous_7)","decl":{"start":{"line":44,"column":15},"end":{"line":44,"column":16}},"loc":{"start":{"line":44,"column":26},"end":{"line":46,"column":9}},"line":44},"8":{"name":"(anonymous_8)","decl":{"start":{"line":54,"column":24},"end":{"line":54,"column":25}},"loc":{"start":{"line":54,"column":44},"end":{"line":72,"column":1}},"line":54}},"branchMap":{"0":{"loc":{"start":{"line":8,"column":16},"end":{"line":8,"column":82}},"type":"cond-expr","locations":[{"start":{"line":8,"column":48},"end":{"line":8,"column":77}},{"start":{"line":8,"column":80},"end":{"line":8,"column":82}}],"line":8},"1":{"loc":{"start":{"line":16,"column":2},"end":{"line":16,"column":28}},"type":"if","locations":[{"start":{"line":16,"column":2},"end":{"line":16,"column":28}},{"start":{},"end":{}}],"line":16},"2":{"loc":{"start":{"line":18,"column":33},"end":{"line":18,"column":50}},"type":"binary-expr","locations":[{"start":{"line":18,"column":33},"end":{"line":18,"column":39}},{"start":{"line":18,"column":43},"end":{"line":18,"column":50}}],"line":18},"3":{"loc":{"start":{"line":19,"column":34},"end":{"line":19,"column":51}},"type":"binary-expr","locations":[{"start":{"line":19,"column":34},"end":{"line":19,"column":40}},{"start":{"line":19,"column":44},"end":{"line":19,"column":51}}],"line":19},"4":{"loc":{"start":{"line":23,"column":4},"end":{"line":26,"column":5}},"type":"if","locations":[{"start":{"line":23,"column":4},"end":{"line":26,"column":5}},{"start":{},"end":{}}],"line":23},"5":{"loc":{"start":{"line":32,"column":2},"end":{"line":34,"column":3}},"type":"if","locations":[{"start":{"line":32,"column":2},"end":{"line":34,"column":3}},{"start":{},"end":{}}],"line":32},"6":{"loc":{"start":{"line":39,"column":4},"end":{"line":47,"column":5}},"type":"if","locations":[{"start":{"line":39,"column":4},"end":{"line":47,"column":5}},{"start":{},"end":{}}],"line":39},"7":{"loc":{"start":{"line":39,"column":8},"end":{"line":39,"column":53}},"type":"binary-expr","locations":[{"start":{"line":39,"column":8},"end":{"line":39,"column":29}},{"start":{"line":39,"column":33},"end":{"line":39,"column":53}}],"line":39},"8":{"loc":{"start":{"line":56,"column":2},"end":{"line":56,"column":21}},"type":"if","locations":[{"start":{"line":56,"column":2},"end":{"line":56,"column":21}},{"start":{},"end":{}}],"line":56},"9":{"loc":{"start":{"line":58,"column":21},"end":{"line":58,"column":68}},"type":"cond-expr","locations":[{"start":{"line":58,"column":47},"end":{"line":58,"column":55}},{"start":{"line":58,"column":58},"end":{"line":58,"column":68}}],"line":58},"10":{"loc":{"start":{"line":64,"column":6},"end":{"line":66,"column":7}},"type":"if","locations":[{"start":{"line":64,"column":6},"end":{"line":66,"column":7}},{"start":{},"end":{}}],"line":64}},"s":{"0":15,"1":15,"2":15,"3":3,"4":3,"5":15,"6":6,"7":15,"8":24,"9":29,"10":29,"11":26,"12":3,"13":3,"14":3,"15":3,"16":3,"17":1,"18":1,"19":0,"20":2,"21":2,"22":2,"23":2,"24":2,"25":2,"26":2,"27":1,"28":1,"29":1,"30":0,"31":2,"32":2,"33":15,"34":3,"35":3,"36":1,"37":2,"38":2,"39":3,"40":3,"41":3,"42":2,"43":1,"44":2,"45":1,"46":15},"f":{"0":3,"1":6,"2":24,"3":29,"4":2,"5":1,"6":1,"7":0,"8":3},"b":{"0":[1,2],"1":[26,3],"2":[3,0],"3":[3,0],"4":[1,2],"5":[2,0],"6":[1,1],"7":[2,2],"8":[1,2],"9":[1,1],"10":[1,1]},"_coverageSchema":"1a1c01bbd47fc00a2c39e90264f33305004495a9","hash":"04c8ebf9465386c1fbd9a551f1b1ec9153bd77a6"}
,"/Users/iskandermac/Desktop/expogithub/expoapp/telegram-app-backend/middleware/idempotency.js": {"path":"/Users/iskandermac/Desktop/expogithub/expoapp/telegram-app-backend/middleware/idempotency.js","statementMap":{"0":{"start":{"line":4,"column":15},"end":{"line":4,"column":32}},"1":{"start":{"line":5,"column":11},"end":{"line":5,"column":34}},"2":{"start":{"line":6,"column":15},"end":{"line":6,"column":44}},"3":{"start":{"line":8,"column":13},"end":{"line":14,"column":2}},"4":{"start":{"line":16,"column":13},"end":{"line":22,"column":2}},"5":{"start":{"line":24,"column":28},"end":{"line":27,"column":1}},"6":{"start":{"line":28,"column":25},"end":{"line":31,"column":1}},"7":{"start":{"line":33,"column":24},"end":{"line":42,"column":1}},"8":{"start":{"line":34,"column":2},"end":{"line":34,"column":59}},"9":{"start":{"line":34,"column":45},"end":{"line":34,"column":59}},"10":{"start":{"line":35,"column":2},"end":{"line":35,"column":62}},"11":{"start":{"line":35,"column":33},"end":{"line":35,"column":62}},"12":{"start":{"line":36,"column":2},"end":{"line":38,"column":3}},"13":{"start":{"line":37,"column":4},"end":{"line":37,"column":71}},"14":{"start":{"line":37,"column":35},"end":{"line":37,"column":56}},"15":{"start":{"line":39,"column":15},"end":{"line":39,"column":40}},"16":{"start":{"line":40,"column":18},"end":{"line":40,"column":92}},"17":{"start":{"line":40,"column":36},"end":{"line":40,"column":91}},"18":{"start":{"line":41,"column":2},"end":{"line":41,"column":34}},"19":{"start":{"line":44,"column":20},"end":{"line":47,"column":1}},"20":{"start":{"line":45,"column":18},"end":{"line":45,"column":87}},"21":{"start":{"line":46,"column":2},"end":{"line":46,"column":67}},"22":{"start":{"line":49,"column":23},"end":{"line":52,"column":1}},"23":{"start":{"line":50,"column":2},"end":{"line":50,"column":56}},"24":{"start":{"line":50,"column":25},"end":{"line":50,"column":56}},"25":{"start":{"line":51,"column":2},"end":{"line":51,"column":14}},"26":{"start":{"line":54,"column":32},"end":{"line":60,"column":1}},"27":{"start":{"line":55,"column":2},"end":{"line":55,"column":38}},"28":{"start":{"line":55,"column":26},"end":{"line":55,"column":38}},"29":{"start":{"line":56,"column":2},"end":{"line":58,"column":3}},"30":{"start":{"line":57,"column":4},"end":{"line":57,"column":65}},"31":{"start":{"line":59,"column":2},"end":{"line":59,"column":14}},"32":{"start":{"line":62,"column":20},"end":{"line":225,"column":1}},"33":{"start":{"line":63,"column":2},"end":{"line":65,"column":3}},"34":{"start":{"line":64,"column":4},"end":{"line":64,"column":63}},"35":{"start":{"line":67,"column":2},"end":{"line":224,"column":4}},"36":{"start":{"line":68,"column":19},"end":{"line":68,"column":75}},"37":{"start":{"line":69,"column":16},"end":{"line":69,"column":76}},"38":{"start":{"line":71,"column":4},"end":{"line":76,"column":5}},"39":{"start":{"line":72,"column":6},"end":{"line":74,"column":7}},"40":{"start":{"line":73,"column":8},"end":{"line":73,"column":98}},"41":{"start":{"line":75,"column":6},"end":{"line":75,"column":20}},"42":{"start":{"line":78,"column":19},"end":{"line":78,"column":38}},"43":{"start":{"line":79,"column":4},"end":{"line":81,"column":5}},"44":{"start":{"line":80,"column":6},"end":{"line":80,"column":114}},"45":{"start":{"line":83,"column":24},"end":{"line":83,"column":40}},"46":{"start":{"line":84,"column":16},"end":{"line":84,"column":26}},"47":{"start":{"line":86,"column":4},"end":{"line":163,"column":5}},"48":{"start":{"line":87,"column":29},"end":{"line":96,"column":7}},"49":{"start":{"line":98,"column":6},"end":{"line":159,"column":7}},"50":{"start":{"line":99,"column":25},"end":{"line":99,"column":47}},"51":{"start":{"line":100,"column":26},"end":{"line":100,"column":65}},"52":{"start":{"line":101,"column":24},"end":{"line":103,"column":17}},"53":{"start":{"line":105,"column":32},"end":{"line":120,"column":9}},"54":{"start":{"line":106,"column":10},"end":{"line":118,"column":12}},"55":{"start":{"line":119,"column":10},"end":{"line":119,"column":42}},"56":{"start":{"line":122,"column":8},"end":{"line":124,"column":9}},"57":{"start":{"line":123,"column":10},"end":{"line":123,"column":115}},"58":{"start":{"line":126,"column":8},"end":{"line":132,"column":9}},"59":{"start":{"line":127,"column":10},"end":{"line":127,"column":48}},"60":{"start":{"line":128,"column":10},"end":{"line":130,"column":11}},"61":{"start":{"line":129,"column":12},"end":{"line":129,"column":49}},"62":{"start":{"line":131,"column":10},"end":{"line":131,"column":58}},"63":{"start":{"line":134,"column":8},"end":{"line":140,"column":9}},"64":{"start":{"line":135,"column":10},"end":{"line":135,"column":45}},"65":{"start":{"line":136,"column":15},"end":{"line":140,"column":9}},"66":{"start":{"line":137,"column":10},"end":{"line":137,"column":93}},"67":{"start":{"line":139,"column":10},"end":{"line":139,"column":45}},"68":{"start":{"line":142,"column":8},"end":{"line":148,"column":10}},"69":{"start":{"line":150,"column":29},"end":{"line":157,"column":9}},"70":{"start":{"line":158,"column":8},"end":{"line":158,"column":56}},"71":{"start":{"line":161,"column":6},"end":{"line":161,"column":73}},"72":{"start":{"line":162,"column":6},"end":{"line":162,"column":108}},"73":{"start":{"line":165,"column":29},"end":{"line":165,"column":49}},"74":{"start":{"line":166,"column":4},"end":{"line":168,"column":5}},"75":{"start":{"line":167,"column":6},"end":{"line":167,"column":20}},"76":{"start":{"line":170,"column":20},"end":{"line":170,"column":25}},"77":{"start":{"line":171,"column":21},"end":{"line":209,"column":5}},"78":{"start":{"line":172,"column":6},"end":{"line":172,"column":28}},"79":{"start":{"line":172,"column":21},"end":{"line":172,"column":28}},"80":{"start":{"line":173,"column":6},"end":{"line":173,"column":23}},"81":{"start":{"line":175,"column":29},"end":{"line":175,"column":62}},"82":{"start":{"line":177,"column":6},"end":{"line":208,"column":7}},"83":{"start":{"line":178,"column":8},"end":{"line":192,"column":9}},"84":{"start":{"line":179,"column":10},"end":{"line":190,"column":12}},"85":{"start":{"line":191,"column":10},"end":{"line":191,"column":17}},"86":{"start":{"line":194,"column":8},"end":{"line":205,"column":10}},"87":{"start":{"line":207,"column":8},"end":{"line":207,"column":77}},"88":{"start":{"line":211,"column":25},"end":{"line":211,"column":43}},"89":{"start":{"line":212,"column":4},"end":{"line":215,"column":6}},"90":{"start":{"line":213,"column":6},"end":{"line":213,"column":26}},"91":{"start":{"line":214,"column":6},"end":{"line":214,"column":32}},"92":{"start":{"line":217,"column":25},"end":{"line":217,"column":43}},"93":{"start":{"line":218,"column":4},"end":{"line":221,"column":6}},"94":{"start":{"line":219,"column":6},"end":{"line":219,"column":26}},"95":{"start":{"line":220,"column":6},"end":{"line":220,"column":32}},"96":{"start":{"line":223,"column":4},"end":{"line":223,"column":18}},"97":{"start":{"line":227,"column":0},"end":{"line":227,"column":33}}},"fnMap":{"0":{"name":"(anonymous_0)","decl":{"start":{"line":33,"column":24},"end":{"line":33,"column":25}},"loc":{"start":{"line":33,"column":41},"end":{"line":42,"column":1}},"line":33},"1":{"name":"(anonymous_1)","decl":{"start":{"line":37,"column":25},"end":{"line":37,"column":26}},"loc":{"start":{"line":37,"column":35},"end":{"line":37,"column":56}},"line":37},"2":{"name":"(anonymous_2)","decl":{"start":{"line":40,"column":27},"end":{"line":40,"column":28}},"loc":{"start":{"line":40,"column":36},"end":{"line":40,"column":91}},"line":40},"3":{"name":"(anonymous_3)","decl":{"start":{"line":44,"column":20},"end":{"line":44,"column":21}},"loc":{"start":{"line":44,"column":35},"end":{"line":47,"column":1}},"line":44},"4":{"name":"(anonymous_4)","decl":{"start":{"line":49,"column":23},"end":{"line":49,"column":24}},"loc":{"start":{"line":49,"column":38},"end":{"line":52,"column":1}},"line":49},"5":{"name":"(anonymous_5)","decl":{"start":{"line":54,"column":32},"end":{"line":54,"column":33}},"loc":{"start":{"line":54,"column":48},"end":{"line":60,"column":1}},"line":54},"6":{"name":"(anonymous_6)","decl":{"start":{"line":62,"column":20},"end":{"line":62,"column":21}},"loc":{"start":{"line":62,"column":100},"end":{"line":225,"column":1}},"line":62},"7":{"name":"(anonymous_7)","decl":{"start":{"line":67,"column":9},"end":{"line":67,"column":10}},"loc":{"start":{"line":67,"column":35},"end":{"line":224,"column":3}},"line":67},"8":{"name":"(anonymous_8)","decl":{"start":{"line":105,"column":32},"end":{"line":105,"column":33}},"loc":{"start":{"line":105,"column":58},"end":{"line":120,"column":9}},"line":105},"9":{"name":"(anonymous_9)","decl":{"start":{"line":171,"column":21},"end":{"line":171,"column":22}},"loc":{"start":{"line":171,"column":43},"end":{"line":209,"column":5}},"line":171},"10":{"name":"(anonymous_10)","decl":{"start":{"line":212,"column":15},"end":{"line":212,"column":16}},"loc":{"start":{"line":212,"column":25},"end":{"line":215,"column":5}},"line":212},"11":{"name":"(anonymous_11)","decl":{"start":{"line":218,"column":15},"end":{"line":218,"column":16}},"loc":{"start":{"line":218,"column":25},"end":{"line":221,"column":5}},"line":218}},"branchMap":{"0":{"loc":{"start":{"line":25,"column":2},"end":{"line":26,"column":73}},"type":"binary-expr","locations":[{"start":{"line":25,"column":2},"end":{"line":25,"column":37}},{"start":{"line":26,"column":5},"end":{"line":26,"column":73}}],"line":25},"1":{"loc":{"start":{"line":29,"column":2},"end":{"line":30,"column":87}},"type":"binary-expr","locations":[{"start":{"line":29,"column":2},"end":{"line":29,"column":34}},{"start":{"line":30,"column":5},"end":{"line":30,"column":87}}],"line":29},"2":{"loc":{"start":{"line":34,"column":2},"end":{"line":34,"column":59}},"type":"if","locations":[{"start":{"line":34,"column":2},"end":{"line":34,"column":59}},{"start":{},"end":{}}],"line":34},"3":{"loc":{"start":{"line":34,"column":6},"end":{"line":34,"column":43}},"type":"binary-expr","locations":[{"start":{"line":34,"column":6},"end":{"line":34,"column":20}},{"start":{"line":34,"column":24},"end":{"line":34,"column":43}}],"line":34},"4":{"loc":{"start":{"line":35,"column":2},"end":{"line":35,"column":62}},"type":"if","locations":[{"start":{"line":35,"column":2},"end":{"line":35,"column":62}},{"start":{},"end":{}}],"line":35},"5":{"loc":{"start":{"line":36,"column":2},"end":{"line":38,"column":3}},"type":"if","locations":[{"start":{"line":36,"column":2},"end":{"line":38,"column":3}},{"start":{},"end":{}}],"line":36},"6":{"loc":{"start":{"line":45,"column":70},"end":{"line":45,"column":84}},"type":"binary-expr","locations":[{"start":{"line":45,"column":70},"end":{"line":45,"column":78}},{"start":{"line":45,"column":82},"end":{"line":45,"column":84}}],"line":45},"7":{"loc":{"start":{"line":50,"column":2},"end":{"line":50,"column":56}},"type":"if","locations":[{"start":{"line":50,"column":2},"end":{"line":50,"column":56}},{"start":{},"end":{}}],"line":50},"8":{"loc":{"start":{"line":55,"column":2},"end":{"line":55,"column":38}},"type":"if","locations":[{"start":{"line":55,"column":2},"end":{"line":55,"column":38}},{"start":{},"end":{}}],"line":55},"9":{"loc":{"start":{"line":56,"column":2},"end":{"line":58,"column":3}},"type":"if","locations":[{"start":{"line":56,"column":2},"end":{"line":58,"column":3}},{"start":{},"end":{}}],"line":56},"10":{"loc":{"start":{"line":62,"column":30},"end":{"line":62,"column":98}},"type":"default-arg","locations":[{"start":{"line":62,"column":96},"end":{"line":62,"column":98}}],"line":62},"11":{"loc":{"start":{"line":62,"column":39},"end":{"line":62,"column":57}},"type":"default-arg","locations":[{"start":{"line":62,"column":52},"end":{"line":62,"column":57}}],"line":62},"12":{"loc":{"start":{"line":62,"column":59},"end":{"line":62,"column":91}},"type":"default-arg","locations":[{"start":{"line":62,"column":72},"end":{"line":62,"column":91}}],"line":62},"13":{"loc":{"start":{"line":63,"column":2},"end":{"line":65,"column":3}},"type":"if","locations":[{"start":{"line":63,"column":2},"end":{"line":65,"column":3}},{"start":{},"end":{}}],"line":63},"14":{"loc":{"start":{"line":68,"column":19},"end":{"line":68,"column":75}},"type":"binary-expr","locations":[{"start":{"line":68,"column":19},"end":{"line":68,"column":45}},{"start":{"line":68,"column":49},"end":{"line":68,"column":75}}],"line":68},"15":{"loc":{"start":{"line":69,"column":16},"end":{"line":69,"column":76}},"type":"cond-expr","locations":[{"start":{"line":69,"column":25},"end":{"line":69,"column":64}},{"start":{"line":69,"column":67},"end":{"line":69,"column":76}}],"line":69},"16":{"loc":{"start":{"line":71,"column":4},"end":{"line":76,"column":5}},"type":"if","locations":[{"start":{"line":71,"column":4},"end":{"line":76,"column":5}},{"start":{},"end":{}}],"line":71},"17":{"loc":{"start":{"line":72,"column":6},"end":{"line":74,"column":7}},"type":"if","locations":[{"start":{"line":72,"column":6},"end":{"line":74,"column":7}},{"start":{},"end":{}}],"line":72},"18":{"loc":{"start":{"line":79,"column":4},"end":{"line":81,"column":5}},"type":"if","locations":[{"start":{"line":79,"column":4},"end":{"line":81,"column":5}},{"start":{},"end":{}}],"line":79},"19":{"loc":{"start":{"line":98,"column":6},"end":{"line":159,"column":7}},"type":"if","locations":[{"start":{"line":98,"column":6},"end":{"line":159,"column":7}},{"start":{"line":141,"column":13},"end":{"line":159,"column":7}}],"line":98},"20":{"loc":{"start":{"line":101,"column":24},"end":{"line":103,"column":17}},"type":"cond-expr","locations":[{"start":{"line":102,"column":12},"end":{"line":102,"column":46}},{"start":{"line":103,"column":12},"end":{"line":103,"column":17}}],"line":101},"21":{"loc":{"start":{"line":101,"column":24},"end":{"line":101,"column":87}},"type":"binary-expr","locations":[{"start":{"line":101,"column":24},"end":{"line":101,"column":57}},{"start":{"line":101,"column":61},"end":{"line":101,"column":87}}],"line":101},"22":{"loc":{"start":{"line":122,"column":8},"end":{"line":124,"column":9}},"type":"if","locations":[{"start":{"line":122,"column":8},"end":{"line":124,"column":9}},{"start":{},"end":{}}],"line":122},"23":{"loc":{"start":{"line":126,"column":8},"end":{"line":132,"column":9}},"type":"if","locations":[{"start":{"line":126,"column":8},"end":{"line":132,"column":9}},{"start":{},"end":{}}],"line":126},"24":{"loc":{"start":{"line":128,"column":10},"end":{"line":130,"column":11}},"type":"if","locations":[{"start":{"line":128,"column":10},"end":{"line":130,"column":11}},{"start":{},"end":{}}],"line":128},"25":{"loc":{"start":{"line":131,"column":26},"end":{"line":131,"column":56}},"type":"binary-expr","locations":[{"start":{"line":131,"column":26},"end":{"line":131,"column":48}},{"start":{"line":131,"column":52},"end":{"line":131,"column":56}}],"line":131},"26":{"loc":{"start":{"line":134,"column":8},"end":{"line":140,"column":9}},"type":"if","locations":[{"start":{"line":134,"column":8},"end":{"line":140,"column":9}},{"start":{"line":136,"column":15},"end":{"line":140,"column":9}}],"line":134},"27":{"loc":{"start":{"line":136,"column":15},"end":{"line":140,"column":9}},"type":"if","locations":[{"start":{"line":136,"column":15},"end":{"line":140,"column":9}},{"start":{"line":138,"column":15},"end":{"line":140,"column":9}}],"line":136},"28":{"loc":{"start":{"line":166,"column":4},"end":{"line":168,"column":5}},"type":"if","locations":[{"start":{"line":166,"column":4},"end":{"line":168,"column":5}},{"start":{},"end":{}}],"line":166},"29":{"loc":{"start":{"line":172,"column":6},"end":{"line":172,"column":28}},"type":"if","locations":[{"start":{"line":172,"column":6},"end":{"line":172,"column":28}},{"start":{},"end":{}}],"line":172},"30":{"loc":{"start":{"line":175,"column":29},"end":{"line":175,"column":62}},"type":"binary-expr","locations":[{"start":{"line":175,"column":29},"end":{"line":175,"column":51}},{"start":{"line":175,"column":55},"end":{"line":175,"column":62}}],"line":175},"31":{"loc":{"start":{"line":178,"column":8},"end":{"line":192,"column":9}},"type":"if","locations":[{"start":{"line":178,"column":8},"end":{"line":192,"column":9}},{"start":{},"end":{}}],"line":178}},"s":{"0":3,"1":3,"2":3,"3":3,"4":3,"5":3,"6":3,"7":3,"8":23,"9":0,"10":23,"11":12,"12":11,"13":1,"14":3,"15":10,"16":10,"17":13,"18":10,"19":3,"20":7,"21":7,"22":3,"23":7,"24":7,"25":0,"26":3,"27":3,"28":0,"29":3,"30":0,"31":3,"32":3,"33":11,"34":0,"35":11,"36":9,"37":9,"38":9,"39":2,"40":2,"41":0,"42":7,"43":7,"44":0,"45":7,"46":7,"47":7,"48":7,"49":7,"50":4,"51":4,"52":4,"53":4,"54":1,"55":1,"56":4,"57":1,"58":3,"59":1,"60":1,"61":1,"62":1,"63":2,"64":1,"65":1,"66":1,"67":0,"68":3,"69":3,"70":3,"71":0,"72":0,"73":4,"74":4,"75":0,"76":4,"77":4,"78":8,"79":4,"80":4,"81":4,"82":4,"83":4,"84":1,"85":1,"86":3,"87":0,"88":4,"89":4,"90":4,"91":4,"92":4,"93":4,"94":4,"95":4,"96":4,"97":3},"f":{"0":23,"1":3,"2":13,"3":7,"4":7,"5":3,"6":11,"7":9,"8":1,"9":8,"10":4,"11":4},"b":{"0":[3,3],"1":[3,3],"2":[0,23],"3":[23,23],"4":[12,11],"5":[1,10],"6":[7,0],"7":[7,0],"8":[0,3],"9":[0,3],"10":[0],"11":[0],"12":[11],"13":[0,11],"14":[9,2],"15":[7,2],"16":[2,7],"17":[2,0],"18":[0,7],"19":[4,3],"20":[1,3],"21":[4,1],"22":[1,3],"23":[1,2],"24":[1,0],"25":[1,0],"26":[1,1],"27":[1,0],"28":[0,4],"29":[4,4],"30":[4,0],"31":[1,3]},"_coverageSchema":"1a1c01bbd47fc00a2c39e90264f33305004495a9","hash":"31f2f6fb3af63d8528f84baf80b960b413cee183"}
,"/Users/iskandermac/Desktop/expogithub/expoapp/telegram-app-backend/middleware/rateLimiters.js": {"path":"/Users/iskandermac/Desktop/expogithub/expoapp/telegram-app-backend/middleware/rateLimiters.js","statementMap":{"0":{"start":{"line":2,"column":18},"end":{"line":2,"column":47}},"1":{"start":{"line":3,"column":23},"end":{"line":3,"column":50}},"2":{"start":{"line":4,"column":27},"end":{"line":4,"column":53}},"3":{"start":{"line":6,"column":19},"end":{"line":6,"column":59}},"4":{"start":{"line":7,"column":23},"end":{"line":7,"column":63}},"5":{"start":{"line":7,"column":60},"end":{"line":7,"column":62}},"6":{"start":{"line":9,"column":17},"end":{"line":13,"column":1}},"7":{"start":{"line":10,"column":16},"end":{"line":10,"column":32}},"8":{"start":{"line":11,"column":2},"end":{"line":11,"column":31}},"9":{"start":{"line":11,"column":14},"end":{"line":11,"column":31}},"10":{"start":{"line":12,"column":2},"end":{"line":12,"column":79}},"11":{"start":{"line":12,"column":52},"end":{"line":12,"column":75}},"12":{"start":{"line":15,"column":14},"end":{"line":15,"column":52}},"13":{"start":{"line":17,"column":26},"end":{"line":23,"column":4}},"14":{"start":{"line":18,"column":2},"end":{"line":23,"column":4}},"15":{"start":{"line":25,"column":22},"end":{"line":29,"column":2}},"16":{"start":{"line":31,"column":27},"end":{"line":39,"column":2}},"17":{"start":{"line":36,"column":4},"end":{"line":36,"column":60}},"18":{"start":{"line":36,"column":27},"end":{"line":36,"column":60}},"19":{"start":{"line":37,"column":4},"end":{"line":37,"column":69}},"20":{"start":{"line":41,"column":0},"end":{"line":45,"column":2}}},"fnMap":{"0":{"name":"(anonymous_0)","decl":{"start":{"line":7,"column":52},"end":{"line":7,"column":53}},"loc":{"start":{"line":7,"column":60},"end":{"line":7,"column":62}},"line":7},"1":{"name":"(anonymous_1)","decl":{"start":{"line":9,"column":17},"end":{"line":9,"column":18}},"loc":{"start":{"line":9,"column":23},"end":{"line":13,"column":1}},"line":9},"2":{"name":"(anonymous_2)","decl":{"start":{"line":12,"column":39},"end":{"line":12,"column":40}},"loc":{"start":{"line":12,"column":52},"end":{"line":12,"column":75}},"line":12},"3":{"name":"(anonymous_3)","decl":{"start":{"line":17,"column":26},"end":{"line":17,"column":27}},"loc":{"start":{"line":18,"column":2},"end":{"line":23,"column":4}},"line":18},"4":{"name":"(anonymous_4)","decl":{"start":{"line":35,"column":16},"end":{"line":35,"column":17}},"loc":{"start":{"line":35,"column":25},"end":{"line":38,"column":3}},"line":35}},"branchMap":{"0":{"loc":{"start":{"line":6,"column":19},"end":{"line":6,"column":59}},"type":"binary-expr","locations":[{"start":{"line":6,"column":19},"end":{"line":6,"column":41}},{"start":{"line":6,"column":45},"end":{"line":6,"column":59}}],"line":6},"1":{"loc":{"start":{"line":7,"column":23},"end":{"line":7,"column":63}},"type":"binary-expr","locations":[{"start":{"line":7,"column":23},"end":{"line":7,"column":47}},{"start":{"line":7,"column":52},"end":{"line":7,"column":62}}],"line":7},"2":{"loc":{"start":{"line":11,"column":2},"end":{"line":11,"column":31}},"type":"if","locations":[{"start":{"line":11,"column":2},"end":{"line":11,"column":31}},{"start":{},"end":{}}],"line":11},"3":{"loc":{"start":{"line":27,"column":7},"end":{"line":27,"column":23}},"type":"cond-expr","locations":[{"start":{"line":27,"column":15},"end":{"line":27,"column":18}},{"start":{"line":27,"column":21},"end":{"line":27,"column":23}}],"line":27},"4":{"loc":{"start":{"line":33,"column":7},"end":{"line":33,"column":23}},"type":"cond-expr","locations":[{"start":{"line":33,"column":15},"end":{"line":33,"column":18}},{"start":{"line":33,"column":21},"end":{"line":33,"column":23}}],"line":33},"5":{"loc":{"start":{"line":36,"column":4},"end":{"line":36,"column":60}},"type":"if","locations":[{"start":{"line":36,"column":4},"end":{"line":36,"column":60}},{"start":{},"end":{}}],"line":36},"6":{"loc":{"start":{"line":37,"column":26},"end":{"line":37,"column":67}},"type":"binary-expr","locations":[{"start":{"line":37,"column":26},"end":{"line":37,"column":32}},{"start":{"line":37,"column":36},"end":{"line":37,"column":61}},{"start":{"line":37,"column":65},"end":{"line":37,"column":67}}],"line":37}},"s":{"0":3,"1":3,"2":3,"3":3,"4":3,"5":0,"6":3,"7":6,"8":6,"9":6,"10":0,"11":0,"12":3,"13":3,"14":6,"15":3,"16":3,"17":2,"18":2,"19":0,"20":3},"f":{"0":0,"1":6,"2":0,"3":6,"4":2},"b":{"0":[3,0],"1":[3,0],"2":[6,0],"3":[0,3],"4":[0,3],"5":[2,0],"6":[0,0,0]},"_coverageSchema":"1a1c01bbd47fc00a2c39e90264f33305004495a9","hash":"dab04a45198dbca5cae8505721b2143c3d221443"}
,"/Users/iskandermac/Desktop/expogithub/expoapp/telegram-app-backend/middleware/requestId.js": {"path":"/Users/iskandermac/Desktop/expogithub/expoapp/telegram-app-backend/middleware/requestId.js","statementMap":{"0":{"start":{"line":8,"column":15},"end":{"line":8,"column":32}},"1":{"start":{"line":10,"column":28},"end":{"line":21,"column":1}},"2":{"start":{"line":12,"column":21},"end":{"line":12,"column":44}},"3":{"start":{"line":13,"column":22},"end":{"line":15,"column":27}},"4":{"start":{"line":17,"column":4},"end":{"line":17,"column":30}},"5":{"start":{"line":18,"column":4},"end":{"line":18,"column":39}},"6":{"start":{"line":20,"column":4},"end":{"line":20,"column":11}},"7":{"start":{"line":23,"column":0},"end":{"line":23,"column":37}}},"fnMap":{"0":{"name":"(anonymous_0)","decl":{"start":{"line":10,"column":28},"end":{"line":10,"column":29}},"loc":{"start":{"line":10,"column":48},"end":{"line":21,"column":1}},"line":10}},"branchMap":{"0":{"loc":{"start":{"line":13,"column":22},"end":{"line":15,"column":27}},"type":"cond-expr","locations":[{"start":{"line":14,"column":8},"end":{"line":14,"column":16}},{"start":{"line":15,"column":8},"end":{"line":15,"column":27}}],"line":13},"1":{"loc":{"start":{"line":13,"column":23},"end":{"line":13,"column":73}},"type":"binary-expr","locations":[{"start":{"line":13,"column":23},"end":{"line":13,"column":31}},{"start":{"line":13,"column":35},"end":{"line":13,"column":73}}],"line":13}},"s":{"0":1,"1":1,"2":3,"3":3,"4":3,"5":3,"6":3,"7":1},"f":{"0":3},"b":{"0":[1,2],"1":[3,2]},"_coverageSchema":"1a1c01bbd47fc00a2c39e90264f33305004495a9","hash":"e624481b2ea282bf7cd30185ed2395173ee42e10"}
,"/Users/iskandermac/Desktop/expogithub/expoapp/telegram-app-backend/middleware/requireCustomer.js": {"path":"/Users/iskandermac/Desktop/expogithub/expoapp/telegram-app-backend/middleware/requireCustomer.js","statementMap":{"0":{"start":{"line":4,"column":24},"end":{"line":12,"column":1}},"1":{"start":{"line":5,"column":2},"end":{"line":7,"column":3}},"2":{"start":{"line":6,"column":4},"end":{"line":6,"column":71}},"3":{"start":{"line":8,"column":2},"end":{"line":10,"column":3}},"4":{"start":{"line":9,"column":4},"end":{"line":9,"column":76}},"5":{"start":{"line":11,"column":2},"end":{"line":11,"column":16}},"6":{"start":{"line":14,"column":0},"end":{"line":14,"column":33}}},"fnMap":{"0":{"name":"(anonymous_0)","decl":{"start":{"line":4,"column":24},"end":{"line":4,"column":25}},"loc":{"start":{"line":4,"column":44},"end":{"line":12,"column":1}},"line":4}},"branchMap":{"0":{"loc":{"start":{"line":5,"column":2},"end":{"line":7,"column":3}},"type":"if","locations":[{"start":{"line":5,"column":2},"end":{"line":7,"column":3}},{"start":{},"end":{}}],"line":5},"1":{"loc":{"start":{"line":5,"column":6},"end":{"line":5,"column":35}},"type":"binary-expr","locations":[{"start":{"line":5,"column":6},"end":{"line":5,"column":15}},{"start":{"line":5,"column":19},"end":{"line":5,"column":35}}],"line":5},"2":{"loc":{"start":{"line":8,"column":2},"end":{"line":10,"column":3}},"type":"if","locations":[{"start":{"line":8,"column":2},"end":{"line":10,"column":3}},{"start":{},"end":{}}],"line":8},"3":{"loc":{"start":{"line":8,"column":6},"end":{"line":8,"column":51}},"type":"binary-expr","locations":[{"start":{"line":8,"column":6},"end":{"line":8,"column":19}},{"start":{"line":8,"column":23},"end":{"line":8,"column":51}}],"line":8}},"s":{"0":6,"1":17,"2":2,"3":15,"4":2,"5":13,"6":6},"f":{"0":17},"b":{"0":[2,15],"1":[17,15],"2":[2,13],"3":[15,15]},"_coverageSchema":"1a1c01bbd47fc00a2c39e90264f33305004495a9","hash":"c76f3f4f494efeab547b793a23dbe8aa16b8e48c"}
,"/Users/iskandermac/Desktop/expogithub/expoapp/telegram-app-backend/middleware/validateRequest.js": {"path":"/Users/iskandermac/Desktop/expogithub/expoapp/telegram-app-backend/middleware/validateRequest.js","statementMap":{"0":{"start":{"line":1,"column":29},"end":{"line":1,"column":57}},"1":{"start":{"line":3,"column":24},"end":{"line":12,"column":1}},"2":{"start":{"line":4,"column":19},"end":{"line":4,"column":40}},"3":{"start":{"line":5,"column":4},"end":{"line":10,"column":5}},"4":{"start":{"line":6,"column":8},"end":{"line":9,"column":11}},"5":{"start":{"line":8,"column":48},"end":{"line":8,"column":85}},"6":{"start":{"line":11,"column":4},"end":{"line":11,"column":11}},"7":{"start":{"line":14,"column":0},"end":{"line":14,"column":33}}},"fnMap":{"0":{"name":"(anonymous_0)","decl":{"start":{"line":3,"column":24},"end":{"line":3,"column":25}},"loc":{"start":{"line":3,"column":44},"end":{"line":12,"column":1}},"line":3},"1":{"name":"(anonymous_1)","decl":{"start":{"line":8,"column":40},"end":{"line":8,"column":41}},"loc":{"start":{"line":8,"column":48},"end":{"line":8,"column":85}},"line":8}},"branchMap":{"0":{"loc":{"start":{"line":5,"column":4},"end":{"line":10,"column":5}},"type":"if","locations":[{"start":{"line":5,"column":4},"end":{"line":10,"column":5}},{"start":{},"end":{}}],"line":5}},"s":{"0":20,"1":20,"2":84,"3":84,"4":23,"5":24,"6":61,"7":20},"f":{"0":84,"1":24},"b":{"0":[23,61]},"_coverageSchema":"1a1c01bbd47fc00a2c39e90264f33305004495a9","hash":"1ec936a95be131f9c3ddd1fce434cc439b6f81fa"}
,"/Users/iskandermac/Desktop/expogithub/expoapp/telegram-app-backend/routes/admin.helpers.js": {"path":"/Users/iskandermac/Desktop/expogithub/expoapp/telegram-app-backend/routes/admin.helpers.js","statementMap":{"0":{"start":{"line":1,"column":11},"end":{"line":1,"column":34}},"1":{"start":{"line":2,"column":32},"end":{"line":2,"column":67}},"2":{"start":{"line":4,"column":31},"end":{"line":17,"column":1}},"3":{"start":{"line":5,"column":2},"end":{"line":7,"column":3}},"4":{"start":{"line":6,"column":4},"end":{"line":6,"column":10}},"5":{"start":{"line":9,"column":2},"end":{"line":9,"column":51}},"6":{"start":{"line":10,"column":17},"end":{"line":10,"column":102}},"7":{"start":{"line":12,"column":2},"end":{"line":14,"column":3}},"8":{"start":{"line":13,"column":4},"end":{"line":13,"column":10}},"9":{"start":{"line":16,"column":2},"end":{"line":16,"column":92}},"10":{"start":{"line":16,"column":45},"end":{"line":16,"column":90}},"11":{"start":{"line":19,"column":0},"end":{"line":21,"column":1}}},"fnMap":{"0":{"name":"(anonymous_0)","decl":{"start":{"line":4,"column":31},"end":{"line":4,"column":32}},"loc":{"start":{"line":4,"column":53},"end":{"line":17,"column":1}},"line":4},"1":{"name":"(anonymous_1)","decl":{"start":{"line":16,"column":36},"end":{"line":16,"column":37}},"loc":{"start":{"line":16,"column":45},"end":{"line":16,"column":90}},"line":16}},"branchMap":{"0":{"loc":{"start":{"line":5,"column":2},"end":{"line":7,"column":3}},"type":"if","locations":[{"start":{"line":5,"column":2},"end":{"line":7,"column":3}},{"start":{},"end":{}}],"line":5},"1":{"loc":{"start":{"line":12,"column":2},"end":{"line":14,"column":3}},"type":"if","locations":[{"start":{"line":12,"column":2},"end":{"line":14,"column":3}},{"start":{},"end":{}}],"line":12}},"s":{"0":1,"1":1,"2":1,"3":3,"4":1,"5":2,"6":2,"7":2,"8":1,"9":1,"10":3,"11":1},"f":{"0":3,"1":3},"b":{"0":[1,2],"1":[1,1]},"_coverageSchema":"1a1c01bbd47fc00a2c39e90264f33305004495a9","hash":"c695962b76a66f12b23ce3a8c6bde58567a3a249"}
,"/Users/iskandermac/Desktop/expogithub/expoapp/telegram-app-backend/routes/admin.js": {"path":"/Users/iskandermac/Desktop/expogithub/expoapp/telegram-app-backend/routes/admin.js","statementMap":{"0":{"start":{"line":2,"column":16},"end":{"line":2,"column":34}},"1":{"start":{"line":3,"column":15},"end":{"line":3,"column":31}},"2":{"start":{"line":4,"column":18},"end":{"line":4,"column":52}},"3":{"start":{"line":6,"column":0},"end":{"line":6,"column":22}},"4":{"start":{"line":8,"column":0},"end":{"line":8,"column":58}},"5":{"start":{"line":9,"column":0},"end":{"line":9,"column":57}},"6":{"start":{"line":10,"column":0},"end":{"line":10,"column":52}},"7":{"start":{"line":12,"column":0},"end":{"line":12,"column":24}}},"fnMap":{},"branchMap":{},"s":{"0":1,"1":1,"2":1,"3":1,"4":1,"5":1,"6":1,"7":1},"f":{},"b":{},"_coverageSchema":"1a1c01bbd47fc00a2c39e90264f33305004495a9","hash":"ed890d76485633bf10c879569c0631812592d248"}
,"/Users/iskandermac/Desktop/expogithub/expoapp/telegram-app-backend/routes/auth.js": {"path":"/Users/iskandermac/Desktop/expogithub/expoapp/telegram-app-backend/routes/auth.js","statementMap":{"0":{"start":{"line":1,"column":16},"end":{"line":1,"column":34}},"1":{"start":{"line":2,"column":15},"end":{"line":2,"column":31}},"2":{"start":{"line":4,"column":0},"end":{"line":4,"column":55}},"3":{"start":{"line":5,"column":0},"end":{"line":5,"column":52}},"4":{"start":{"line":6,"column":0},"end":{"line":6,"column":55}},"5":{"start":{"line":7,"column":0},"end":{"line":7,"column":55}},"6":{"start":{"line":8,"column":0},"end":{"line":8,"column":53}},"7":{"start":{"line":10,"column":0},"end":{"line":10,"column":24}}},"fnMap":{},"branchMap":{},"s":{"0":1,"1":1,"2":1,"3":1,"4":1,"5":1,"6":1,"7":1},"f":{},"b":{},"_coverageSchema":"1a1c01bbd47fc00a2c39e90264f33305004495a9","hash":"a7aff4b124b8326132b48cfe5640e78e06f3d542"}
,"/Users/iskandermac/Desktop/expogithub/expoapp/telegram-app-backend/routes/cart.js": {"path":"/Users/iskandermac/Desktop/expogithub/expoapp/telegram-app-backend/routes/cart.js","statementMap":{"0":{"start":{"line":2,"column":16},"end":{"line":2,"column":34}},"1":{"start":{"line":3,"column":42},"end":{"line":3,"column":70}},"2":{"start":{"line":4,"column":15},"end":{"line":4,"column":31}},"3":{"start":{"line":5,"column":11},"end":{"line":5,"column":34}},"4":{"start":{"line":6,"column":15},"end":{"line":6,"column":44}},"5":{"start":{"line":7,"column":24},"end":{"line":7,"column":64}},"6":{"start":{"line":8,"column":32},"end":{"line":8,"column":59}},"7":{"start":{"line":10,"column":0},"end":{"line":10,"column":28}},"8":{"start":{"line":12,"column":13},"end":{"line":18,"column":2}},"9":{"start":{"line":20,"column":20},"end":{"line":22,"column":2}},"10":{"start":{"line":25,"column":26},"end":{"line":31,"column":1}},"11":{"start":{"line":33,"column":27},"end":{"line":38,"column":1}},"12":{"start":{"line":40,"column":27},"end":{"line":42,"column":1}},"13":{"start":{"line":45,"column":0},"end":{"line":69,"column":3}},"14":{"start":{"line":46,"column":4},"end":{"line":68,"column":5}},"15":{"start":{"line":47,"column":27},"end":{"line":47,"column":35}},"16":{"start":{"line":49,"column":22},"end":{"line":60,"column":9}},"17":{"start":{"line":62,"column":23},"end":{"line":62,"column":54}},"18":{"start":{"line":63,"column":8},"end":{"line":63,"column":30}},"19":{"start":{"line":66,"column":8},"end":{"line":66,"column":51}},"20":{"start":{"line":67,"column":8},"end":{"line":67,"column":87}},"21":{"start":{"line":72,"column":0},"end":{"line":102,"column":3}},"22":{"start":{"line":73,"column":4},"end":{"line":101,"column":5}},"23":{"start":{"line":74,"column":23},"end":{"line":74,"column":44}},"24":{"start":{"line":75,"column":8},"end":{"line":77,"column":9}},"25":{"start":{"line":76,"column":12},"end":{"line":76,"column":110}},"26":{"start":{"line":79,"column":27},"end":{"line":79,"column":35}},"27":{"start":{"line":80,"column":44},"end":{"line":80,"column":52}},"28":{"start":{"line":82,"column":8},"end":{"line":84,"column":9}},"29":{"start":{"line":83,"column":12},"end":{"line":83,"column":90}},"30":{"start":{"line":86,"column":22},"end":{"line":93,"column":9}},"31":{"start":{"line":95,"column":23},"end":{"line":95,"column":75}},"32":{"start":{"line":96,"column":8},"end":{"line":96,"column":49}},"33":{"start":{"line":99,"column":8},"end":{"line":99,"column":52}},"34":{"start":{"line":100,"column":8},"end":{"line":100,"column":93}},"35":{"start":{"line":105,"column":0},"end":{"line":136,"column":3}},"36":{"start":{"line":106,"column":4},"end":{"line":135,"column":5}},"37":{"start":{"line":107,"column":23},"end":{"line":107,"column":44}},"38":{"start":{"line":108,"column":8},"end":{"line":110,"column":9}},"39":{"start":{"line":109,"column":12},"end":{"line":109,"column":110}},"40":{"start":{"line":112,"column":27},"end":{"line":112,"column":35}},"41":{"start":{"line":113,"column":30},"end":{"line":113,"column":40}},"42":{"start":{"line":114,"column":29},"end":{"line":114,"column":37}},"43":{"start":{"line":116,"column":8},"end":{"line":118,"column":9}},"44":{"start":{"line":117,"column":12},"end":{"line":117,"column":110}},"45":{"start":{"line":120,"column":8},"end":{"line":131,"column":9}},"46":{"start":{"line":121,"column":12},"end":{"line":121,"column":113}},"47":{"start":{"line":122,"column":12},"end":{"line":122,"column":47}},"48":{"start":{"line":124,"column":26},"end":{"line":124,"column":114}},"49":{"start":{"line":125,"column":27},"end":{"line":125,"column":79}},"50":{"start":{"line":127,"column":12},"end":{"line":129,"column":13}},"51":{"start":{"line":128,"column":16},"end":{"line":128,"column":102}},"52":{"start":{"line":130,"column":12},"end":{"line":130,"column":53}},"53":{"start":{"line":133,"column":8},"end":{"line":133,"column":51}},"54":{"start":{"line":134,"column":8},"end":{"line":134,"column":88}},"55":{"start":{"line":139,"column":0},"end":{"line":156,"column":3}},"56":{"start":{"line":140,"column":4},"end":{"line":155,"column":5}},"57":{"start":{"line":141,"column":23},"end":{"line":141,"column":44}},"58":{"start":{"line":142,"column":8},"end":{"line":144,"column":9}},"59":{"start":{"line":143,"column":12},"end":{"line":143,"column":110}},"60":{"start":{"line":146,"column":27},"end":{"line":146,"column":35}},"61":{"start":{"line":147,"column":30},"end":{"line":147,"column":40}},"62":{"start":{"line":149,"column":8},"end":{"line":149,"column":109}},"63":{"start":{"line":150,"column":8},"end":{"line":150,"column":43}},"64":{"start":{"line":153,"column":8},"end":{"line":153,"column":56}},"65":{"start":{"line":154,"column":8},"end":{"line":154,"column":98}},"66":{"start":{"line":158,"column":0},"end":{"line":158,"column":24}}},"fnMap":{"0":{"name":"(anonymous_0)","decl":{"start":{"line":45,"column":16},"end":{"line":45,"column":17}},"loc":{"start":{"line":45,"column":36},"end":{"line":69,"column":1}},"line":45},"1":{"name":"(anonymous_1)","decl":{"start":{"line":72,"column":41},"end":{"line":72,"column":42}},"loc":{"start":{"line":72,"column":61},"end":{"line":102,"column":1}},"line":72},"2":{"name":"(anonymous_2)","decl":{"start":{"line":105,"column":52},"end":{"line":105,"column":53}},"loc":{"start":{"line":105,"column":72},"end":{"line":136,"column":1}},"line":105},"3":{"name":"(anonymous_3)","decl":{"start":{"line":139,"column":55},"end":{"line":139,"column":56}},"loc":{"start":{"line":139,"column":75},"end":{"line":156,"column":1}},"line":139}},"branchMap":{"0":{"loc":{"start":{"line":75,"column":8},"end":{"line":77,"column":9}},"type":"if","locations":[{"start":{"line":75,"column":8},"end":{"line":77,"column":9}},{"start":{},"end":{}}],"line":75},"1":{"loc":{"start":{"line":80,"column":27},"end":{"line":80,"column":39}},"type":"default-arg","locations":[{"start":{"line":80,"column":38},"end":{"line":80,"column":39}}],"line":80},"2":{"loc":{"start":{"line":82,"column":8},"end":{"line":84,"column":9}},"type":"if","locations":[{"start":{"line":82,"column":8},"end":{"line":84,"column":9}},{"start":{},"end":{}}],"line":82},"3":{"loc":{"start":{"line":108,"column":8},"end":{"line":110,"column":9}},"type":"if","locations":[{"start":{"line":108,"column":8},"end":{"line":110,"column":9}},{"start":{},"end":{}}],"line":108},"4":{"loc":{"start":{"line":116,"column":8},"end":{"line":118,"column":9}},"type":"if","locations":[{"start":{"line":116,"column":8},"end":{"line":118,"column":9}},{"start":{},"end":{}}],"line":116},"5":{"loc":{"start":{"line":116,"column":12},"end":{"line":116,"column":56}},"type":"binary-expr","locations":[{"start":{"line":116,"column":12},"end":{"line":116,"column":40}},{"start":{"line":116,"column":44},"end":{"line":116,"column":56}}],"line":116},"6":{"loc":{"start":{"line":120,"column":8},"end":{"line":131,"column":9}},"type":"if","locations":[{"start":{"line":120,"column":8},"end":{"line":131,"column":9}},{"start":{"line":123,"column":15},"end":{"line":131,"column":9}}],"line":120},"7":{"loc":{"start":{"line":127,"column":12},"end":{"line":129,"column":13}},"type":"if","locations":[{"start":{"line":127,"column":12},"end":{"line":129,"column":13}},{"start":{},"end":{}}],"line":127},"8":{"loc":{"start":{"line":142,"column":8},"end":{"line":144,"column":9}},"type":"if","locations":[{"start":{"line":142,"column":8},"end":{"line":144,"column":9}},{"start":{},"end":{}}],"line":142}},"s":{"0":1,"1":1,"2":1,"3":1,"4":1,"5":1,"6":1,"7":1,"8":1,"9":1,"10":1,"11":1,"12":1,"13":1,"14":1,"15":1,"16":1,"17":1,"18":1,"19":0,"20":0,"21":1,"22":0,"23":0,"24":0,"25":0,"26":0,"27":0,"28":0,"29":0,"30":0,"31":0,"32":0,"33":0,"34":0,"35":1,"36":0,"37":0,"38":0,"39":0,"40":0,"41":0,"42":0,"43":0,"44":0,"45":0,"46":0,"47":0,"48":0,"49":0,"50":0,"51":0,"52":0,"53":0,"54":0,"55":1,"56":0,"57":0,"58":0,"59":0,"60":0,"61":0,"62":0,"63":0,"64":0,"65":0,"66":1},"f":{"0":1,"1":0,"2":0,"3":0},"b":{"0":[0,0],"1":[0],"2":[0,0],"3":[0,0],"4":[0,0],"5":[0,0],"6":[0,0],"7":[0,0],"8":[0,0]},"_coverageSchema":"1a1c01bbd47fc00a2c39e90264f33305004495a9","hash":"2265bb319d4a81e9542ffbd3a1a05918dd699e28"}
[...]
e":382,"column":4}},"112":{"start":{"line":384,"column":52},"end":{"line":389,"column":4}},"113":{"start":{"line":391,"column":2},"end":{"line":400,"column":5}},"114":{"start":{"line":402,"column":2},"end":{"line":402,"column":39}},"115":{"start":{"line":406,"column":17},"end":{"line":406,"column":40}},"116":{"start":{"line":407,"column":2},"end":{"line":417,"column":3}},"117":{"start":{"line":408,"column":4},"end":{"line":408,"column":32}},"118":{"start":{"line":409,"column":19},"end":{"line":409,"column":39}},"119":{"start":{"line":410,"column":4},"end":{"line":410,"column":33}},"120":{"start":{"line":411,"column":4},"end":{"line":411,"column":18}},"121":{"start":{"line":413,"column":4},"end":{"line":413,"column":35}},"122":{"start":{"line":414,"column":4},"end":{"line":414,"column":16}},"123":{"start":{"line":416,"column":4},"end":{"line":416,"column":21}},"124":{"start":{"line":421,"column":2},"end":{"line":423,"column":3}},"125":{"start":{"line":422,"column":4},"end":{"line":422,"column":46}},"126":{"start":{"line":425,"column":21},"end":{"line":425,"column":57}},"127":{"start":{"line":426,"column":18},"end":{"line":426,"column":46}},"128":{"start":{"line":427,"column":24},"end":{"line":427,"column":49}},"129":{"start":{"line":428,"column":2},"end":{"line":430,"column":3}},"130":{"start":{"line":429,"column":4},"end":{"line":429,"column":57}},"131":{"start":{"line":432,"column":18},"end":{"line":432,"column":65}},"132":{"start":{"line":433,"column":20},"end":{"line":433,"column":56}},"133":{"start":{"line":435,"column":2},"end":{"line":444,"column":4}},"134":{"start":{"line":436,"column":4},"end":{"line":443,"column":6}},"135":{"start":{"line":447,"column":0},"end":{"line":453,"column":2}}},"fnMap":{"0":{"name":"(anonymous_0)","decl":{"start":{"line":12,"column":18},"end":{"line":12,"column":19}},"loc":{"start":{"line":13,"column":2},"end":{"line":13,"column":57}},"line":13},"1":{"name":"(anonymous_1)","decl":{"start":{"line":15,"column":25},"end":{"line":15,"column":26}},"loc":{"start":{"line":16,"column":2},"end":{"line":16,"column":58}},"line":16},"2":{"name":"(anonymous_2)","decl":{"start":{"line":18,"column":27},"end":{"line":18,"column":28}},"loc":{"start":{"line":19,"column":2},"end":{"line":19,"column":34}},"line":19},"3":{"name":"(anonymous_3)","decl":{"start":{"line":21,"column":24},"end":{"line":21,"column":25}},"loc":{"start":{"line":22,"column":2},"end":{"line":22,"column":64}},"line":22},"4":{"name":"(anonymous_4)","decl":{"start":{"line":24,"column":25},"end":{"line":24,"column":26}},"loc":{"start":{"line":25,"column":2},"end":{"line":27,"column":26}},"line":25},"5":{"name":"(anonymous_5)","decl":{"start":{"line":29,"column":25},"end":{"line":29,"column":26}},"loc":{"start":{"line":30,"column":2},"end":{"line":34,"column":13}},"line":30},"6":{"name":"(anonymous_6)","decl":{"start":{"line":36,"column":27},"end":{"line":36,"column":28}},"loc":{"start":{"line":36,"column":40},"end":{"line":39,"column":1}},"line":36},"7":{"name":"(anonymous_7)","decl":{"start":{"line":41,"column":20},"end":{"line":41,"column":21}},"loc":{"start":{"line":41,"column":79},"end":{"line":85,"column":1}},"line":41},"8":{"name":"(anonymous_8)","decl":{"start":{"line":87,"column":28},"end":{"line":87,"column":29}},"loc":{"start":{"line":87,"column":70},"end":{"line":97,"column":1}},"line":87},"9":{"name":"(anonymous_9)","decl":{"start":{"line":99,"column":27},"end":{"line":99,"column":28}},"loc":{"start":{"line":99,"column":59},"end":{"line":110,"column":1}},"line":99},"10":{"name":"cleanupExpiredTokens","decl":{"start":{"line":112,"column":15},"end":{"line":112,"column":35}},"loc":{"start":{"line":112,"column":51},"end":{"line":127,"column":1}},"line":112},"11":{"name":"getRoleFromUnsafeRefreshToken","decl":{"start":{"line":129,"column":9},"end":{"line":129,"column":38}},"loc":{"start":{"line":129,"column":46},"end":{"line":135,"column":1}},"line":129},"12":{"name":"verifyRefreshTokenOrThrow","decl":{"start":{"line":137,"column":9},"end":{"line":137,"column":34}},"loc":{"start":{"line":137,"column":57},"end":{"line":143,"column":1}},"line":137},"13":{"name":"validateDecodedRefreshToken","decl":{"start":{"line":145,"column":9},"end":{"line":145,"column":36}},"loc":{"start":{"line":145,"column":46},"end":{"line":156,"column":1}},"line":145},"14":{"name":"fetchStoredRefreshToken","decl":{"start":{"line":158,"column":15},"end":{"line":158,"column":38}},"loc":{"start":{"line":158,"column":58},"end":{"line":170,"column":1}},"line":158},"15":{"name":"(anonymous_15)","decl":{"start":{"line":172,"column":29},"end":{"line":172,"column":30}},"loc":{"start":{"line":173,"column":2},"end":{"line":174,"column":49}},"line":173},"16":{"name":"(anonymous_16)","decl":{"start":{"line":176,"column":28},"end":{"line":176,"column":29}},"loc":{"start":{"line":176,"column":55},"end":{"line":186,"column":1}},"line":176},"17":{"name":"(anonymous_17)","decl":{"start":{"line":188,"column":35},"end":{"line":188,"column":36}},"loc":{"start":{"line":188,"column":69},"end":{"line":198,"column":1}},"line":188},"18":{"name":"throwRefreshTokenReuseDetected","decl":{"start":{"line":200,"column":15},"end":{"line":200,"column":45}},"loc":{"start":{"line":200,"column":77},"end":{"line":203,"column":1}},"line":200},"19":{"name":"enforceRefreshTokenBinding","decl":{"start":{"line":205,"column":15},"end":{"line":205,"column":41}},"loc":{"start":{"line":213,"column":3},"end":{"line":234,"column":1}},"line":213},"20":{"name":"getLegacyTokenMeta","decl":{"start":{"line":236,"column":9},"end":{"line":236,"column":27}},"loc":{"start":{"line":236,"column":37},"end":{"line":243,"column":1}},"line":236},"21":{"name":"updateExistingTokenRecord","decl":{"start":{"line":245,"column":15},"end":{"line":245,"column":40}},"loc":{"start":{"line":251,"column":3},"end":{"line":260,"column":1}},"line":251},"22":{"name":"insertReplacedTokenRecord","decl":{"start":{"line":262,"column":15},"end":{"line":262,"column":40}},"loc":{"start":{"line":270,"column":3},"end":{"line":298,"column":1}},"line":270},"23":{"name":"upsertRotatedTokenRecord","decl":{"start":{"line":300,"column":15},"end":{"line":300,"column":39}},"loc":{"start":{"line":309,"column":3},"end":{"line":330,"column":1}},"line":309},"24":{"name":"prepareRotationContext","decl":{"start":{"line":332,"column":15},"end":{"line":332,"column":37}},"loc":{"start":{"line":339,"column":3},"end":{"line":354,"column":1}},"line":339},"25":{"name":"issueRotatedTokens","decl":{"start":{"line":356,"column":15},"end":{"line":356,"column":33}},"loc":{"start":{"line":356,"column":72},"end":{"line":365,"column":1}},"line":356},"26":{"name":"rotateRefreshTokenInTransaction","decl":{"start":{"line":367,"column":15},"end":{"line":367,"column":46}},"loc":{"start":{"line":374,"column":3},"end":{"line":403,"column":1}},"line":374},"27":{"name":"withTransaction","decl":{"start":{"line":405,"column":15},"end":{"line":405,"column":30}},"loc":{"start":{"line":405,"column":39},"end":{"line":418,"column":1}},"line":405},"28":{"name":"rotateRefreshToken","decl":{"start":{"line":420,"column":15},"end":{"line":420,"column":33}},"loc":{"start":{"line":420,"column":60},"end":{"line":445,"column":1}},"line":420},"29":{"name":"(anonymous_29)","decl":{"start":{"line":435,"column":25},"end":{"line":435,"column":26}},"loc":{"start":{"line":436,"column":4},"end":{"line":443,"column":6}},"line":436}},"branchMap":{"0":{"loc":{"start":{"line":16,"column":9},"end":{"line":16,"column":19}},"type":"binary-expr","locations":[{"start":{"line":16,"column":9},"end":{"line":16,"column":13}},{"start":{"line":16,"column":17},"end":{"line":16,"column":19}}],"line":16},"1":{"loc":{"start":{"line":19,"column":9},"end":{"line":19,"column":19}},"type":"binary-expr","locations":[{"start":{"line":19,"column":9},"end":{"line":19,"column":13}},{"start":{"line":19,"column":17},"end":{"line":19,"column":19}}],"line":19},"2":{"loc":{"start":{"line":22,"column":2},"end":{"line":22,"column":64}},"type":"binary-expr","locations":[{"start":{"line":22,"column":2},"end":{"line":22,"column":38}},{"start":{"line":22,"column":42},"end":{"line":22,"column":64}}],"line":22},"3":{"loc":{"start":{"line":25,"column":2},"end":{"line":27,"column":26}},"type":"binary-expr","locations":[{"start":{"line":25,"column":2},"end":{"line":25,"column":46}},{"start":{"line":26,"column":2},"end":{"line":26,"column":32}},{"start":{"line":27,"column":2},"end":{"line":27,"column":26}}],"line":25},"4":{"loc":{"start":{"line":30,"column":2},"end":{"line":34,"column":13}},"type":"binary-expr","locations":[{"start":{"line":30,"column":2},"end":{"line":30,"column":16}},{"start":{"line":31,"column":2},"end":{"line":31,"column":17}},{"start":{"line":32,"column":2},"end":{"line":32,"column":20}},{"start":{"line":33,"column":2},"end":{"line":33,"column":25}},{"start":{"line":34,"column":2},"end":{"line":34,"column":13}}],"line":30},"5":{"loc":{"start":{"line":41,"column":59},"end":{"line":41,"column":72}},"type":"default-arg","locations":[{"start":{"line":41,"column":70},"end":{"line":41,"column":72}}],"line":41},"6":{"loc":{"start":{"line":42,"column":35},"end":{"line":42,"column":55}},"type":"binary-expr","locations":[{"start":{"line":42,"column":35},"end":{"line":42,"column":39}},{"start":{"line":42,"column":43},"end":{"line":42,"column":55}}],"line":42},"7":{"loc":{"start":{"line":46,"column":2},"end":{"line":48,"column":3}},"type":"if","locations":[{"start":{"line":46,"column":2},"end":{"line":48,"column":3}},{"start":{},"end":{}}],"line":46},"8":{"loc":{"start":{"line":46,"column":6},"end":{"line":46,"column":37}},"type":"binary-expr","locations":[{"start":{"line":46,"column":6},"end":{"line":46,"column":19}},{"start":{"line":46,"column":23},"end":{"line":46,"column":37}}],"line":46},"9":{"loc":{"start":{"line":57,"column":20},"end":{"line":59,"column":52}},"type":"cond-expr","locations":[{"start":{"line":58,"column":6},"end":{"line":58,"column":34}},{"start":{"line":59,"column":6},"end":{"line":59,"column":52}}],"line":57},"10":{"loc":{"start":{"line":62,"column":2},"end":{"line":64,"column":3}},"type":"if","locations":[{"start":{"line":62,"column":2},"end":{"line":64,"column":3}},{"start":{},"end":{}}],"line":62},"11":{"loc":{"start":{"line":75,"column":25},"end":{"line":75,"column":45}},"type":"binary-expr","locations":[{"start":{"line":75,"column":25},"end":{"line":75,"column":37}},{"start":{"line":75,"column":41},"end":{"line":75,"column":45}}],"line":75},"12":{"loc":{"start":{"line":79,"column":6},"end":{"line":79,"column":16}},"type":"binary-expr","locations":[{"start":{"line":79,"column":6},"end":{"line":79,"column":8}},{"start":{"line":79,"column":12},"end":{"line":79,"column":16}}],"line":79},"13":{"loc":{"start":{"line":80,"column":6},"end":{"line":80,"column":23}},"type":"binary-expr","locations":[{"start":{"line":80,"column":6},"end":{"line":80,"column":15}},{"start":{"line":80,"column":19},"end":{"line":80,"column":23}}],"line":80},"14":{"loc":{"start":{"line":87,"column":52},"end":{"line":87,"column":65}},"type":"default-arg","locations":[{"start":{"line":87,"column":63},"end":{"line":87,"column":65}}],"line":87},"15":{"loc":{"start":{"line":88,"column":2},"end":{"line":88,"column":34}},"type":"if","locations":[{"start":{"line":88,"column":2},"end":{"line":88,"column":34}},{"start":{},"end":{}}],"line":88},"16":{"loc":{"start":{"line":88,"column":6},"end":{"line":88,"column":25}},"type":"binary-expr","locations":[{"start":{"line":88,"column":6},"end":{"line":88,"column":16}},{"start":{"line":88,"column":20},"end":{"line":88,"column":25}}],"line":88},"17":{"loc":{"start":{"line":99,"column":41},"end":{"line":99,"column":54}},"type":"default-arg","locations":[{"start":{"line":99,"column":52},"end":{"line":99,"column":54}}],"line":99},"18":{"loc":{"start":{"line":100,"column":2},"end":{"line":100,"column":21}},"type":"if","locations":[{"start":{"line":100,"column":2},"end":{"line":100,"column":21}},{"start":{},"end":{}}],"line":100},"19":{"loc":{"start":{"line":112,"column":36},"end":{"line":112,"column":49}},"type":"default-arg","locations":[{"start":{"line":112,"column":47},"end":{"line":112,"column":49}}],"line":112},"20":{"loc":{"start":{"line":119,"column":4},"end":{"line":122,"column":5}},"type":"if","locations":[{"start":{"line":119,"column":4},"end":{"line":122,"column":5}},{"start":{},"end":{}}],"line":119},"21":{"loc":{"start":{"line":131,"column":2},"end":{"line":133,"column":3}},"type":"if","locations":[{"start":{"line":131,"column":2},"end":{"line":133,"column":3}},{"start":{},"end":{}}],"line":131},"22":{"loc":{"start":{"line":131,"column":6},"end":{"line":131,"column":43}},"type":"binary-expr","locations":[{"start":{"line":131,"column":6},"end":{"line":131,"column":20}},{"start":{"line":131,"column":24},"end":{"line":131,"column":43}}],"line":131},"23":{"loc":{"start":{"line":146,"column":2},"end":{"line":148,"column":3}},"type":"if","locations":[{"start":{"line":146,"column":2},"end":{"line":148,"column":3}},{"start":{},"end":{}}],"line":146},"24":{"loc":{"start":{"line":151,"column":2},"end":{"line":153,"column":3}},"type":"if","locations":[{"start":{"line":151,"column":2},"end":{"line":153,"column":3}},{"start":{},"end":{}}],"line":151},"25":{"loc":{"start":{"line":169,"column":9},"end":{"line":169,"column":33}},"type":"binary-expr","locations":[{"start":{"line":169,"column":9},"end":{"line":169,"column":25}},{"start":{"line":169,"column":29},"end":{"line":169,"column":33}}],"line":169},"26":{"loc":{"start":{"line":173,"column":2},"end":{"line":174,"column":49}},"type":"binary-expr","locations":[{"start":{"line":173,"column":2},"end":{"line":173,"column":35}},{"start":{"line":174,"column":2},"end":{"line":174,"column":49}}],"line":173},"27":{"loc":{"start":{"line":177,"column":2},"end":{"line":179,"column":3}},"type":"if","locations":[{"start":{"line":177,"column":2},"end":{"line":179,"column":3}},{"start":{},"end":{}}],"line":177},"28":{"loc":{"start":{"line":181,"column":2},"end":{"line":183,"column":3}},"type":"if","locations":[{"start":{"line":181,"column":2},"end":{"line":183,"column":3}},{"start":{},"end":{}}],"line":181},"29":{"loc":{"start":{"line":181,"column":6},"end":{"line":181,"column":30}},"type":"binary-expr","locations":[{"start":{"line":181,"column":6},"end":{"line":181,"column":23}},{"start":{"line":181,"column":27},"end":{"line":181,"column":30}}],"line":181},"30":{"loc":{"start":{"line":189,"column":2},"end":{"line":191,"column":3}},"type":"if","locations":[{"start":{"line":189,"column":2},"end":{"line":191,"column":3}},{"start":{},"end":{}}],"line":189},"31":{"loc":{"start":{"line":193,"column":2},"end":{"line":195,"column":3}},"type":"if","locations":[{"start":{"line":193,"column":2},"end":{"line":195,"column":3}},{"start":{},"end":{}}],"line":193},"32":{"loc":{"start":{"line":193,"column":6},"end":{"line":193,"column":45}},"type":"binary-expr","locations":[{"start":{"line":193,"column":6},"end":{"line":193,"column":31}},{"start":{"line":193,"column":35},"end":{"line":193,"column":45}}],"line":193},"33":{"loc":{"start":{"line":214,"column":2},"end":{"line":216,"column":3}},"type":"if","locations":[{"start":{"line":214,"column":2},"end":{"line":216,"column":3}},{"start":{},"end":{}}],"line":214},"34":{"loc":{"start":{"line":218,"column":2},"end":{"line":220,"column":3}},"type":"if","locations":[{"start":{"line":218,"column":2},"end":{"line":220,"column":3}},{"start":{},"end":{}}],"line":218},"35":{"loc":{"start":{"line":222,"column":2},"end":{"line":225,"column":3}},"type":"if","locations":[{"start":{"line":222,"column":2},"end":{"line":225,"column":3}},{"start":{},"end":{}}],"line":222},"36":{"loc":{"start":{"line":227,"column":2},"end":{"line":229,"column":3}},"type":"if","locations":[{"start":{"line":227,"column":2},"end":{"line":229,"column":3}},{"start":{},"end":{}}],"line":227},"37":{"loc":{"start":{"line":231,"column":2},"end":{"line":233,"column":3}},"type":"if","locations":[{"start":{"line":231,"column":2},"end":{"line":233,"column":3}},{"start":{},"end":{}}],"line":231},"38":{"loc":{"start":{"line":238,"column":15},"end":{"line":238,"column":49}},"type":"binary-expr","locations":[{"start":{"line":238,"column":15},"end":{"line":238,"column":26}},{"start":{"line":238,"column":30},"end":{"line":238,"column":49}}],"line":238},"39":{"loc":{"start":{"line":239,"column":21},"end":{"line":241,"column":54}},"type":"cond-expr","locations":[{"start":{"line":240,"column":8},"end":{"line":240,"column":36}},{"start":{"line":241,"column":8},"end":{"line":241,"column":54}}],"line":239},"40":{"loc":{"start":{"line":258,"column":28},"end":{"line":258,"column":38}},"type":"binary-expr","locations":[{"start":{"line":258,"column":28},"end":{"line":258,"column":30}},{"start":{"line":258,"column":34},"end":{"line":258,"column":38}}],"line":258},"41":{"loc":{"start":{"line":258,"column":40},"end":{"line":258,"column":57}},"type":"binary-expr","locations":[{"start":{"line":258,"column":40},"end":{"line":258,"column":49}},{"start":{"line":258,"column":53},"end":{"line":258,"column":57}}],"line":258},"42":{"loc":{"start":{"line":294,"column":6},"end":{"line":294,"column":16}},"type":"binary-expr","locations":[{"start":{"line":294,"column":6},"end":{"line":294,"column":8}},{"start":{"line":294,"column":12},"end":{"line":294,"column":16}}],"line":294},"43":{"loc":{"start":{"line":295,"column":6},"end":{"line":295,"column":23}},"type":"binary-expr","locations":[{"start":{"line":295,"column":6},"end":{"line":295,"column":15}},{"start":{"line":295,"column":19},"end":{"line":295,"column":23}}],"line":295},"44":{"loc":{"start":{"line":310,"column":2},"end":{"line":319,"column":3}},"type":"if","locations":[{"start":{"line":310,"column":2},"end":{"line":319,"column":3}},{"start":{},"end":{}}],"line":310},"45":{"loc":{"start":{"line":421,"column":2},"end":{"line":423,"column":3}},"type":"if","locations":[{"start":{"line":421,"column":2},"end":{"line":423,"column":3}},{"start":{},"end":{}}],"line":421},"46":{"loc":{"start":{"line":428,"column":2},"end":{"line":430,"column":3}},"type":"if","locations":[{"start":{"line":428,"column":2},"end":{"line":430,"column":3}},{"start":{},"end":{}}],"line":428}},"s":{"0":4,"1":4,"2":4,"3":4,"4":4,"5":4,"6":4,"7":11,"8":4,"9":10,"10":4,"11":10,"12":4,"13":17,"14":4,"15":10,"16":4,"17":10,"18":4,"19":2,"20":2,"21":4,"22":7,"23":7,"24":7,"25":7,"26":0,"27":7,"28":7,"29":7,"30":7,"31":7,"32":7,"33":7,"34":7,"35":7,"36":0,"37":7,"38":7,"39":4,"40":1,"41":0,"42":1,"43":4,"44":1,"45":0,"46":1,"47":1,"48":0,"49":0,"50":0,"51":0,"52":0,"53":0,"54":0,"55":3,"56":3,"57":0,"58":3,"59":3,"60":3,"61":0,"62":3,"63":0,"64":3,"65":3,"66":0,"67":3,"68":3,"69":3,"70":4,"71":0,"72":4,"73":0,"74":0,"75":0,"76":0,"77":0,"78":4,"79":0,"80":0,"81":0,"82":0,"83":0,"84":1,"85":1,"86":3,"87":2,"88":1,"89":1,"90":0,"91":0,"92":0,"93":0,"94":0,"95":0,"96":0,"97":2,"98":0,"99":2,"100":2,"101":2,"102":0,"103":0,"104":2,"105":3,"106":3,"107":3,"108":2,"109":2,"110":2,"111":3,"112":2,"113":2,"114":2,"115":3,"116":3,"117":3,"118":3,"119":2,"120":2,"121":1,"122":1,"123":3,"124":3,"125":0,"126":3,"127":3,"128":3,"129":3,"130":0,"131":3,"132":3,"133":3,"134":3,"135":4},"f":{"0":11,"1":10,"2":10,"3":17,"4":10,"5":10,"6":2,"7":7,"8":1,"9":1,"10":0,"11":3,"12":3,"13":3,"14":3,"15":0,"16":0,"17":0,"18":1,"19":3,"20":2,"21":0,"22":2,"23":2,"24":3,"25":2,"26":3,"27":3,"28":3,"29":3},"b":{"0":[10,0],"1":[10,0],"2":[17,13],"3":[10,10,10],"4":[10,3,2,0,0],"5":[5],"6":[7,0],"7":[0,7],"8":[7,7],"9":[7,0],"10":[0,7],"11":[7,0],"12":[7,0],"13":[7,7],"14":[0],"15":[0,1],"16":[1,1],"17":[1],"18":[0,1],"19":[0],"20":[0,0],"21":[0,3],"22":[3,3],"23":[0,3],"24":[0,3],"25":[3,2],"26":[0,0],"27":[0,0],"28":[0,0],"29":[0,0],"30":[0,0],"31":[0,0],"32":[0,0],"33":[2,1],"34":[1,0],"35":[0,0],"36":[0,0],"37":[0,0],"38":[2,0],"39":[2,0],"40":[0,0],"41":[0,0],"42":[2,0],"43":[2,2],"44":[0,2],"45":[0,3],"46":[0,3]},"_coverageSchema":"1a1c01bbd47fc00a2c39e90264f33305004495a9","hash":"e032b4a174fed3d5a7611e8e4b09b67170d7d486"}
}
