TN:
SF:middleware/authAdmin.js
FN:14,(anonymous_0)
FN:22,(anonymous_1)
FN:38,(anonymous_2)
FN:48,(anonymous_3)
FNF:4
FNH:4
FNDA:9,(anonymous_0)
FNDA:7,(anonymous_1)
FNDA:3,(anonymous_2)
FNDA:9,(anonymous_3)
DA:2,1
DA:4,1
DA:10,1
DA:11,1
DA:12,1
DA:14,1
DA:15,9
DA:16,2
DA:18,7
DA:19,7
DA:22,1
DA:23,7
DA:24,7
DA:25,1
DA:28,6
DA:29,3
DA:30,1
DA:32,2
DA:33,1
DA:35,1
DA:38,1
DA:39,3
DA:40,1
DA:42,2
DA:43,1
DA:45,1
DA:48,1
DA:49,9
DA:50,9
DA:51,2
DA:54,7
DA:55,7
DA:56,4
DA:57,3
DA:60,1
DA:61,1
DA:63,3
DA:64,3
DA:65,3
DA:69,1
LF:40
LH:40
BRDA:15,0,0,2
BRDA:15,0,1,7
BRDA:15,1,0,9
BRDA:15,1,1,8
BRDA:19,2,0,7
BRDA:19,2,1,0
BRDA:24,3,0,1
BRDA:24,3,1,6
BRDA:29,4,0,1
BRDA:29,4,1,2
BRDA:32,5,0,1
BRDA:32,5,1,1
BRDA:39,6,0,1
BRDA:39,6,1,2
BRDA:42,7,0,1
BRDA:42,7,1,1
BRDA:50,8,0,2
BRDA:50,8,1,7
BRDA:56,9,0,3
BRDA:56,9,1,1
BRF:20
BRH:19
end_of_record
TN:
SF:middleware/authDeliveryAgent.js
FN:11,(anonymous_0)
FN:14,(anonymous_1)
FN:22,(anonymous_2)
FN:24,(anonymous_3)
FN:27,(anonymous_4)
FN:36,(anonymous_5)
FNF:6
FNH:6
FNDA:3,(anonymous_0)
FNDA:3,(anonymous_1)
FNDA:3,(anonymous_2)
FNDA:3,(anonymous_3)
FNDA:3,(anonymous_4)
FNDA:3,(anonymous_5)
DA:2,2
DA:3,2
DA:5,2
DA:11,2
DA:12,3
DA:14,2
DA:15,3
DA:16,3
DA:17,0
DA:19,3
DA:22,3
DA:24,2
DA:25,3
DA:27,2
DA:28,3
DA:33,3
DA:36,2
DA:37,3
DA:38,3
DA:39,0
DA:42,3
DA:43,3
DA:44,0
DA:47,3
DA:48,3
DA:50,3
DA:51,0
DA:54,3
DA:55,3
DA:56,3
DA:57,1
DA:61,2
DA:62,2
DA:64,0
DA:65,0
DA:69,2
LF:36
LH:30
BRDA:12,0,0,3
BRDA:12,0,1,3
BRDA:16,1,0,0
BRDA:16,1,1,3
BRDA:25,2,0,3
BRDA:25,2,1,3
BRDA:33,3,0,3
BRDA:33,3,1,3
BRDA:38,4,0,0
BRDA:38,4,1,3
BRDA:43,5,0,0
BRDA:43,5,1,3
BRDA:50,6,0,0
BRDA:50,6,1,3
BRDA:54,7,0,3
BRDA:54,7,1,0
BRDA:56,8,0,1
BRDA:56,8,1,2
BRF:18
BRH:13
end_of_record
TN:
SF:middleware/authMiddleware.js
FN:3,(anonymous_0)
FNF:1
FNH:1
FNDA:8,(anonymous_0)
DA:1,2
DA:3,2
DA:8,8
DA:9,8
DA:10,3
DA:13,5
DA:15,5
DA:17,5
DA:18,5
DA:19,0
DA:21,5
DA:24,4
DA:25,1
DA:27,3
DA:28,1
DA:32,2
DA:33,2
DA:35,1
DA:36,1
DA:41,2
LF:20
LH:19
BRDA:9,0,0,3
BRDA:9,0,1,5
BRDA:9,1,0,8
BRDA:9,1,1,6
BRDA:17,2,0,5
BRDA:17,2,1,5
BRDA:18,3,0,0
BRDA:18,3,1,5
BRDA:24,4,0,1
BRDA:24,4,1,3
BRDA:27,5,0,1
BRDA:27,5,1,2
BRF:12
BRH:11
end_of_record
TN:
SF:middleware/authSupplier.js
FN:11,(anonymous_0)
FN:14,(anonymous_1)
FN:22,(anonymous_2)
FN:24,(anonymous_3)
FN:27,(anonymous_4)
FN:36,(anonymous_5)
FNF:6
FNH:6
FNDA:3,(anonymous_0)
FNDA:3,(anonymous_1)
FNDA:2,(anonymous_2)
FNDA:2,(anonymous_3)
FNDA:2,(anonymous_4)
FNDA:3,(anonymous_5)
DA:2,4
DA:3,4
DA:5,4
DA:11,4
DA:12,3
DA:14,4
DA:15,3
DA:16,3
DA:17,1
DA:19,2
DA:22,4
DA:24,4
DA:25,2
DA:27,4
DA:28,2
DA:33,2
DA:36,4
DA:37,3
DA:38,3
DA:39,1
DA:42,2
DA:43,2
DA:44,0
DA:47,2
DA:48,2
DA:50,2
DA:51,0
DA:54,2
DA:55,2
DA:56,2
DA:57,1
DA:61,1
DA:62,1
DA:64,0
DA:65,0
DA:69,4
LF:36
LH:32
BRDA:12,0,0,3
BRDA:12,0,1,2
BRDA:16,1,0,1
BRDA:16,1,1,2
BRDA:25,2,0,2
BRDA:25,2,1,2
BRDA:33,3,0,2
BRDA:33,3,1,2
BRDA:38,4,0,1
BRDA:38,4,1,2
BRDA:43,5,0,0
BRDA:43,5,1,2
BRDA:50,6,0,0
BRDA:50,6,1,2
BRDA:54,7,0,2
BRDA:54,7,1,0
BRDA:56,8,0,1
BRDA:56,8,1,1
BRF:18
BRH:15
end_of_record
TN:
SF:middleware/authUploader.js
FN:12,(anonymous_0)
FN:20,(anonymous_1)
FN:29,(anonymous_2)
FN:32,(anonymous_3)
FN:34,(anonymous_4)
FN:39,(anonymous_5)
FN:48,(anonymous_6)
FN:66,(anonymous_7)
FNF:8
FNH:8
FNDA:7,(anonymous_0)
FNDA:11,(anonymous_1)
FNDA:11,(anonymous_2)
FNDA:3,(anonymous_3)
FNDA:2,(anonymous_4)
FNDA:6,(anonymous_5)
FNDA:5,(anonymous_6)
FNDA:7,(anonymous_7)
DA:4,1
DA:5,1
DA:7,1
DA:12,1
DA:13,7
DA:14,7
DA:15,1
DA:17,6
DA:20,1
DA:21,11
DA:22,11
DA:23,11
DA:25,5
DA:29,1
DA:30,11
DA:32,3
DA:34,1
DA:35,2
DA:36,2
DA:39,1
DA:40,6
DA:41,6
DA:42,5
DA:45,1
DA:48,1
DA:49,5
DA:50,5
DA:51,2
DA:54,3
DA:55,1
DA:58,2
DA:59,2
DA:60,1
DA:63,1
DA:66,1
DA:67,7
DA:68,7
DA:69,1
DA:72,6
DA:73,6
DA:74,1
DA:75,1
DA:78,5
DA:79,5
DA:80,1
DA:83,4
DA:84,2
DA:85,2
DA:88,2
DA:91,1
LF:50
LH:50
BRDA:14,0,0,1
BRDA:14,0,1,6
BRDA:14,1,0,7
BRDA:14,1,1,6
BRDA:17,2,0,6
BRDA:17,2,1,0
BRDA:21,3,0,0
BRDA:21,3,1,11
BRDA:21,4,0,11
BRDA:21,4,1,11
BRDA:30,5,0,11
BRDA:30,5,1,4
BRDA:36,6,0,2
BRDA:36,6,1,2
BRDA:41,7,0,5
BRDA:41,7,1,1
BRDA:50,8,0,2
BRDA:50,8,1,3
BRDA:54,9,0,1
BRDA:54,9,1,2
BRDA:59,10,0,1
BRDA:59,10,1,1
BRDA:68,11,0,1
BRDA:68,11,1,6
BRDA:73,12,0,1
BRDA:73,12,1,5
BRDA:79,13,0,1
BRDA:79,13,1,4
BRDA:83,14,0,2
BRDA:83,14,1,2
BRF:30
BRH:28
end_of_record
TN:
SF:middleware/cache.js
FN:7,(anonymous_0)
FN:12,(anonymous_1)
FN:14,(anonymous_2)
FN:14,(anonymous_3)
FN:38,(anonymous_4)
FN:42,(anonymous_5)
FN:43,(anonymous_6)
FN:44,(anonymous_7)
FN:54,(anonymous_8)
FNF:9
FNH:8
FNDA:3,(anonymous_0)
FNDA:6,(anonymous_1)
FNDA:24,(anonymous_2)
FNDA:29,(anonymous_3)
FNDA:2,(anonymous_4)
FNDA:1,(anonymous_5)
FNDA:1,(anonymous_6)
FNDA:0,(anonymous_7)
FNDA:3,(anonymous_8)
DA:4,15
DA:5,15
DA:7,15
DA:8,3
DA:9,3
DA:12,15
DA:14,24
DA:15,29
DA:16,29
DA:18,3
DA:19,3
DA:21,3
DA:22,3
DA:23,3
DA:24,1
DA:25,1
DA:28,0
DA:31,2
DA:32,2
DA:33,2
DA:35,2
DA:36,2
DA:38,2
DA:39,2
DA:40,1
DA:42,1
DA:43,1
DA:45,0
DA:48,2
DA:51,2
DA:54,15
DA:55,3
DA:56,3
DA:58,2
DA:60,2
DA:61,3
DA:62,3
DA:63,3
DA:64,2
DA:65,1
DA:67,2
DA:69,1
DA:74,15
LF:43
LH:41
BRDA:8,0,0,1
BRDA:8,0,1,2
BRDA:16,1,0,26
BRDA:16,1,1,3
BRDA:18,2,0,3
BRDA:18,2,1,0
BRDA:19,3,0,3
BRDA:19,3,1,0
BRDA:23,4,0,1
BRDA:23,4,1,2
BRDA:32,5,0,2
BRDA:32,5,1,0
BRDA:39,6,0,1
BRDA:39,6,1,1
BRDA:39,7,0,2
BRDA:39,7,1,2
BRDA:56,8,0,1
BRDA:56,8,1,2
BRDA:58,9,0,1
BRDA:58,9,1,1
BRDA:64,10,0,1
BRDA:64,10,1,1
BRF:22
BRH:19
end_of_record
TN:
SF:middleware/idempotency.js
FN:33,(anonymous_0)
FN:37,(anonymous_1)
FN:40,(anonymous_2)
FN:44,(anonymous_3)
FN:49,(anonymous_4)
FN:54,(anonymous_5)
FN:62,(anonymous_6)
FN:67,(anonymous_7)
FN:105,(anonymous_8)
FN:171,(anonymous_9)
FN:212,(anonymous_10)
FN:218,(anonymous_11)
FNF:12
FNH:12
FNDA:23,(anonymous_0)
FNDA:3,(anonymous_1)
FNDA:13,(anonymous_2)
FNDA:7,(anonymous_3)
FNDA:7,(anonymous_4)
FNDA:3,(anonymous_5)
FNDA:11,(anonymous_6)
FNDA:9,(anonymous_7)
FNDA:1,(anonymous_8)
FNDA:8,(anonymous_9)
FNDA:4,(anonymous_10)
FNDA:4,(anonymous_11)
DA:4,3
DA:5,3
DA:6,3
DA:8,3
DA:16,3
DA:24,3
DA:28,3
DA:33,3
DA:34,23
DA:35,23
DA:36,11
DA:37,3
DA:39,10
DA:40,13
DA:41,10
DA:44,3
DA:45,7
DA:46,7
DA:49,3
DA:50,7
DA:51,0
DA:54,3
DA:55,3
DA:56,3
DA:57,0
DA:59,3
DA:62,3
DA:63,11
DA:64,0
DA:67,11
DA:68,9
DA:69,9
DA:71,9
DA:72,2
DA:73,2
DA:75,0
DA:78,7
DA:79,7
DA:80,0
DA:83,7
DA:84,7
DA:86,7
DA:87,7
DA:98,7
DA:99,4
DA:100,4
DA:101,4
DA:105,4
DA:106,1
DA:119,1
DA:122,4
DA:123,1
DA:126,3
DA:127,1
DA:128,1
DA:129,1
DA:131,1
DA:134,2
DA:135,1
DA:136,1
DA:137,1
DA:139,0
DA:142,3
DA:150,3
DA:158,3
DA:161,0
DA:162,0
DA:165,4
DA:166,4
DA:167,0
DA:170,4
DA:171,4
DA:172,8
DA:173,4
DA:175,4
DA:177,4
DA:178,4
DA:179,1
DA:191,1
DA:194,3
DA:207,0
DA:211,4
DA:212,4
DA:213,4
DA:214,4
DA:217,4
DA:218,4
DA:219,4
DA:220,4
DA:223,4
DA:227,3
LF:91
LH:81
BRDA:25,0,0,3
BRDA:25,0,1,3
BRDA:29,1,0,3
BRDA:29,1,1,3
BRDA:34,2,0,0
BRDA:34,2,1,23
BRDA:34,3,0,23
BRDA:34,3,1,23
BRDA:35,4,0,12
BRDA:35,4,1,11
BRDA:36,5,0,1
BRDA:36,5,1,10
BRDA:45,6,0,7
BRDA:45,6,1,0
BRDA:50,7,0,7
BRDA:50,7,1,0
BRDA:55,8,0,0
BRDA:55,8,1,3
BRDA:56,9,0,0
BRDA:56,9,1,3
BRDA:62,10,0,0
BRDA:62,11,0,0
BRDA:62,12,0,11
BRDA:63,13,0,0
BRDA:63,13,1,11
BRDA:68,14,0,9
BRDA:68,14,1,2
BRDA:69,15,0,7
BRDA:69,15,1,2
BRDA:71,16,0,2
BRDA:71,16,1,7
BRDA:72,17,0,2
BRDA:72,17,1,0
BRDA:79,18,0,0
BRDA:79,18,1,7
BRDA:98,19,0,4
BRDA:98,19,1,3
BRDA:101,20,0,1
BRDA:101,20,1,3
BRDA:101,21,0,4
BRDA:101,21,1,1
BRDA:122,22,0,1
BRDA:122,22,1,3
BRDA:126,23,0,1
BRDA:126,23,1,2
BRDA:128,24,0,1
BRDA:128,24,1,0
BRDA:131,25,0,1
BRDA:131,25,1,0
BRDA:134,26,0,1
BRDA:134,26,1,1
BRDA:136,27,0,1
BRDA:136,27,1,0
BRDA:166,28,0,0
BRDA:166,28,1,4
BRDA:172,29,0,4
BRDA:172,29,1,4
BRDA:175,30,0,4
BRDA:175,30,1,0
BRDA:178,31,0,1
BRDA:178,31,1,3
BRF:61
BRH:46
end_of_record
TN:
SF:middleware/rateLimiters.js
FN:7,(anonymous_0)
FN:9,(anonymous_1)
FN:12,(anonymous_2)
FN:17,(anonymous_3)
FN:35,(anonymous_4)
FNF:5
FNH:3
FNDA:0,(anonymous_0)
FNDA:6,(anonymous_1)
FNDA:0,(anonymous_2)
FNDA:6,(anonymous_3)
FNDA:2,(anonymous_4)
DA:2,3
DA:3,3
DA:4,3
DA:6,3
DA:7,3
DA:9,3
DA:10,6
DA:11,6
DA:12,0
DA:15,3
DA:17,3
DA:18,6
DA:25,3
DA:31,3
DA:36,2
DA:37,0
DA:41,3
LF:17
LH:15
BRDA:6,0,0,3
BRDA:6,0,1,0
BRDA:7,1,0,3
BRDA:7,1,1,0
BRDA:11,2,0,6
BRDA:11,2,1,0
BRDA:27,3,0,0
BRDA:27,3,1,3
BRDA:33,4,0,0
BRDA:33,4,1,3
BRDA:36,5,0,2
BRDA:36,5,1,0
BRDA:37,6,0,0
BRDA:37,6,1,0
BRDA:37,6,2,0
BRF:15
BRH:6
end_of_record
TN:
SF:middleware/requestId.js
FN:10,(anonymous_0)
FNF:1
FNH:1
FNDA:3,(anonymous_0)
DA:8,1
DA:10,1
DA:12,3
DA:13,3
DA:17,3
DA:18,3
DA:20,3
DA:23,1
LF:8
LH:8
BRDA:13,0,0,1
BRDA:13,0,1,2
BRDA:13,1,0,3
BRDA:13,1,1,2
BRF:4
BRH:4
end_of_record
TN:
SF:middleware/requireCustomer.js
FN:4,(anonymous_0)
FNF:1
FNH:1
FNDA:17,(anonymous_0)
DA:4,6
DA:5,17
DA:6,2
DA:8,15
DA:9,2
DA:11,13
DA:14,6
LF:7
LH:7
BRDA:5,0,0,2
BRDA:5,0,1,15
BRDA:5,1,0,17
BRDA:5,1,1,15
BRDA:8,2,0,2
BRDA:8,2,1,13
BRDA:8,3,0,15
BRDA:8,3,1,15
BRF:8
BRH:8
end_of_record
TN:
SF:middleware/validateRequest.js
FN:3,(anonymous_0)
FN:8,(anonymous_1)
FNF:2
FNH:2
FNDA:84,(anonymous_0)
FNDA:24,(anonymous_1)
DA:1,20
DA:3,20
DA:4,84
DA:5,84
DA:6,23
DA:8,24
DA:11,61
DA:14,20
LF:8
LH:8
BRDA:5,0,0,23
BRDA:5,0,1,61
BRF:2
BRH:2
end_of_record
TN:
SF:routes/admin.helpers.js
FN:4,(anonymous_0)
FN:16,(anonymous_1)
FNF:2
FNH:2
FNDA:3,(anonymous_0)
FNDA:3,(anonymous_1)
DA:1,1
DA:2,1
DA:4,1
DA:5,3
DA:6,1
DA:9,2
DA:10,2
DA:12,2
DA:13,1
DA:16,3
DA:19,1
LF:11
LH:11
BRDA:5,0,0,1
BRDA:5,0,1,2
BRDA:12,1,0,1
BRDA:12,1,1,1
BRF:4
BRH:4
end_of_record
TN:
SF:routes/admin.js
FNF:0
FNH:0
DA:2,1
DA:3,1
DA:4,1
DA:6,1
DA:8,1
DA:9,1
DA:10,1
DA:12,1
LF:8
LH:8
BRF:0
BRH:0
end_of_record
TN:
SF:routes/auth.js
FNF:0
FNH:0
DA:1,1
DA:2,1
DA:4,1
DA:5,1
DA:6,1
DA:7,1
DA:8,1
DA:10,1
LF:8
LH:8
BRF:0
BRH:0
end_of_record
TN:
SF:routes/cart.js
FN:45,(anonymous_0)
FN:72,(anonymous_1)
FN:105,(anonymous_2)
FN:139,(anonymous_3)
FNF:4
FNH:1
FNDA:1,(anonymous_0)
FNDA:0,(anonymous_1)
FNDA:0,(anonymous_2)
FNDA:0,(anonymous_3)
DA:2,1
DA:3,1
DA:4,1
DA:5,1
DA:6,1
DA:7,1
DA:8,1
DA:10,1
DA:12,1
DA:20,1
DA:25,1
DA:33,1
DA:40,1
DA:45,1
DA:46,1
DA:47,1
DA:49,1
DA:62,1
DA:63,1
DA:66,0
DA:67,0
DA:72,1
DA:73,0
DA:74,0
DA:75,0
DA:76,0
DA:79,0
DA:80,0
DA:82,0
DA:83,0
DA:86,0
DA:95,0
DA:96,0
DA:99,0
DA:100,0
DA:105,1
DA:106,0
DA:107,0
DA:108,0
DA:109,0
DA:112,0
DA:113,0
DA:114,0
DA:116,0
DA:117,0
DA:120,0
DA:121,0
DA:122,0
DA:124,0
DA:125,0
DA:127,0
DA:128,0
DA:130,0
DA:133,0
DA:134,0
DA:139,1
DA:140,0
DA:141,0
DA:142,0
DA:143,0
DA:146,0
DA:147,0
DA:149,0
DA:150,0
DA:153,0
DA:154,0
DA:158,1
LF:67
LH:23
BRDA:75,0,0,0
BRDA:75,0,1,0
BRDA:80,1,0,0
BRDA:82,2,0,0
BRDA:82,2,1,0
BRDA:108,3,0,0
BRDA:108,3,1,0
BRDA:116,4,0,0
BRDA:116,4,1,0
BRDA:116,5,0,0
BRDA:116,5,1,0
BRDA:120,6,0,0
BRDA:120,6,1,0
BRDA:127,7,0,0
BRDA:127,7,1,0
BRDA:142,8,0,0
BRDA:142,8,1,0
BRF:17
BRH:0
end_of_record
TN:
SF:routes/cities.js
FN:11,(anonymous_0)
FN:26,(anonymous_1)
FN:65,(anonymous_2)
FNF:3
FNH:3
FNDA:2,(anonymous_0)
FNDA:2,(anonymous_1)
FNDA:2,(anonymous_2)
DA:2,2
DA:3,2
DA:4,2
DA:5,2
DA:6,2
DA:7,2
DA:8,2
DA:11,2
DA:12,2
DA:13,2
DA:14,2
DA:15,1
DA:17,1
DA:18,1
DA:23,2
DA:27,2
DA:28,2
DA:32,2
DA:53,2
DA:54,2
DA:56,0
DA:57,0
DA:62,2
DA:66,2
DA:67,2
DA:70,2
DA:88,2
DA:89,1
DA:91,1
DA:92,1
DA:96,2
LF:31
LH:29
BRF:0
BRH:0
end_of_record
TN:
SF:routes/deals.helpers.js
FN:3,(anonymous_0)
FN:3,(anonymous_1)
FN:5,(anonymous_2)
FNF:3
FNH:1
FNDA:0,(anonymous_0)
FNDA:0,(anonymous_1)
FNDA:2,(anonymous_2)
DA:1,2
DA:3,2
DA:5,2
DA:6,2
DA:7,2
DA:11,2
DA:14,2
LF:7
LH:7
BRDA:6,0,0,0
BRDA:6,0,1,2
BRDA:6,1,0,2
BRDA:6,1,1,2
BRF:4
BRH:3
end_of_record
TN:
SF:routes/deals.js
FN:42,(anonymous_0)
FN:65,(anonymous_1)
FN:94,(anonymous_2)
FN:144,(anonymous_3)
FN:177,(anonymous_4)
FN:201,(anonymous_5)
FN:248,(anonymous_6)
FN:291,(anonymous_7)
FN:292,(anonymous_8)
FN:293,(anonymous_9)
FN:294,(anonymous_10)
FN:296,(anonymous_11)
FN:335,(anonymous_12)
FNF:13
FNH:3
FNDA:3,(anonymous_0)
FNDA:0,(anonymous_1)
FNDA:1,(anonymous_2)
FNDA:0,(anonymous_3)
FNDA:0,(anonymous_4)
FNDA:2,(anonymous_5)
FNDA:0,(anonymous_6)
FNDA:0,(anonymous_7)
FNDA:0,(anonymous_8)
FNDA:0,(anonymous_9)
FNDA:0,(anonymous_10)
FNDA:0,(anonymous_11)
FNDA:0,(anonymous_12)
DA:2,2
DA:3,2
DA:4,2
DA:5,2
DA:6,2
DA:7,2
DA:8,2
DA:9,2
DA:10,2
DA:11,2
DA:12,2
DA:13,2
DA:14,2
DA:15,2
DA:17,2
DA:25,2
DA:33,2
DA:43,3
DA:44,0
DA:45,0
DA:46,0
DA:47,0
DA:50,3
DA:55,2
DA:66,0
DA:67,0
DA:68,0
DA:69,0
DA:70,0
DA:73,0
DA:78,2
DA:84,2
DA:95,1
DA:96,1
DA:98,1
DA:111,1
DA:113,1
DA:114,1
DA:122,1
DA:125,1
DA:127,1
DA:128,1
DA:130,0
DA:131,0
DA:137,2
DA:145,0
DA:146,0
DA:148,0
DA:162,0
DA:164,0
DA:165,0
DA:168,0
DA:170,0
DA:171,0
DA:177,2
DA:178,0
DA:179,0
DA:181,0
DA:191,0
DA:192,0
DA:195,0
DA:196,0
DA:201,2
DA:202,2
DA:203,2
DA:207,2
DA:209,2
DA:210,2
DA:211,1
DA:214,1
DA:222,1
DA:228,1
DA:229,1
DA:230,1
DA:239,1
DA:242,0
DA:243,0
DA:248,2
DA:249,0
DA:250,0
DA:251,0
DA:255,0
DA:258,0
DA:259,0
DA:261,0
DA:262,0
DA:265,0
DA:275,0
DA:276,0
DA:279,0
DA:280,0
DA:281,0
DA:282,0
DA:286,0
DA:291,0
DA:292,0
DA:293,0
DA:294,0
DA:296,0
DA:300,0
DA:301,0
DA:304,0
DA:305,0
DA:307,0
DA:314,0
DA:315,0
DA:316,0
DA:317,0
DA:326,0
DA:329,0
DA:330,0
DA:335,2
DA:336,0
DA:337,0
DA:338,0
DA:341,0
DA:342,0
DA:344,0
DA:345,0
DA:348,0
DA:349,0
DA:351,0
DA:352,0
DA:353,0
DA:361,0
DA:364,0
DA:365,0
DA:369,2
LF:128
LH:50
BRDA:43,0,0,0
BRDA:43,0,1,3
BRDA:43,1,0,3
BRDA:43,1,1,0
BRDA:46,2,0,0
BRDA:46,2,1,0
BRDA:46,3,0,0
BRDA:46,3,1,0
BRDA:46,3,2,0
BRDA:66,4,0,0
BRDA:66,4,1,0
BRDA:66,5,0,0
BRDA:66,5,1,0
BRDA:69,6,0,0
BRDA:69,6,1,0
BRDA:69,7,0,0
BRDA:69,7,1,0
BRDA:69,7,2,0
BRDA:96,8,0,1
BRDA:96,8,1,0
BRDA:113,9,0,1
BRDA:113,9,1,0
BRDA:164,10,0,0
BRDA:164,10,1,0
BRDA:206,11,0,1
BRDA:209,12,0,2
BRDA:209,12,1,0
BRDA:210,13,0,1
BRDA:210,13,1,1
BRDA:210,14,0,2
BRDA:210,14,1,2
BRDA:223,15,0,0
BRDA:223,15,1,1
BRDA:224,16,0,1
BRDA:224,16,1,1
BRDA:224,17,0,1
BRDA:224,17,1,1
BRDA:261,18,0,0
BRDA:261,18,1,0
BRDA:275,19,0,0
BRDA:275,19,1,0
BRDA:279,20,0,0
BRDA:279,20,1,0
BRDA:279,21,0,0
BRDA:279,21,1,0
BRDA:281,22,0,0
BRDA:281,22,1,0
BRDA:291,23,0,0
BRDA:291,23,1,0
BRDA:292,24,0,0
BRDA:292,24,1,0
BRDA:293,25,0,0
BRDA:293,25,1,0
BRDA:294,26,0,0
BRDA:294,26,1,0
BRDA:300,27,0,0
BRDA:300,27,1,0
BRDA:344,28,0,0
BRDA:344,28,1,0
BRF:59
BRH:15
end_of_record
TN:
SF:routes/delivery.js
FN:29,(anonymous_0)
FN:39,(anonymous_1)
FN:41,(anonymous_2)
FN:103,(anonymous_3)
FNF:4
FNH:4
FNDA:3,(anonymous_0)
FNDA:6,(anonymous_1)
FNDA:6,(anonymous_2)
FNDA:4,(anonymous_3)
DA:2,2
DA:3,2
DA:4,2
DA:5,2
DA:6,2
DA:7,2
DA:9,2
DA:11,2
DA:12,2
DA:14,2
DA:20,2
DA:29,2
DA:30,3
DA:31,3
DA:32,3
DA:33,3
DA:34,3
DA:35,3
DA:37,3
DA:39,6
DA:41,6
DA:42,3
DA:43,1
DA:45,2
DA:47,2
DA:74,2
DA:77,1
DA:84,1
DA:85,1
DA:87,1
DA:96,1
DA:97,1
DA:98,1
DA:103,2
DA:104,4
DA:105,4
DA:106,4
DA:107,4
DA:109,4
DA:111,4
DA:112,4
DA:115,4
DA:121,4
DA:123,3
DA:124,1
DA:125,1
DA:128,2
DA:129,2
DA:131,2
DA:132,1
DA:133,1
DA:137,1
DA:148,1
DA:155,1
DA:156,1
DA:159,1
DA:160,1
DA:162,4
DA:166,1
DA:167,1
DA:168,1
DA:172,2
LF:62
LH:62
BRDA:31,0,0,2
BRDA:31,1,0,1
BRDA:34,2,0,3
BRDA:34,2,1,0
BRDA:42,3,0,1
BRDA:42,3,1,2
BRDA:45,4,0,2
BRDA:45,4,1,0
BRDA:123,5,0,1
BRDA:123,5,1,2
BRDA:131,6,0,1
BRDA:131,6,1,1
BRDA:150,7,0,1
BRDA:150,7,1,0
BRF:14
BRH:11
end_of_record
TN:
SF:routes/favorites.js
FN:23,(anonymous_0)
FN:32,(anonymous_1)
FN:42,(anonymous_2)
FN:62,(anonymous_3)
FNF:4
FNH:4
FNDA:2,(anonymous_0)
FNDA:2,(anonymous_1)
FNDA:2,(anonymous_2)
FNDA:2,(anonymous_3)
DA:2,1
DA:3,1
DA:4,1
DA:5,1
DA:6,1
DA:7,1
DA:8,1
DA:10,1
DA:12,1
DA:17,1
DA:23,1
DA:24,2
DA:26,2
DA:28,2
DA:29,2
DA:32,2
DA:33,1
DA:36,1
DA:37,1
DA:42,1
DA:43,2
DA:45,2
DA:46,2
DA:50,2
DA:51,2
DA:53,1
DA:56,1
DA:57,1
DA:62,1
DA:63,2
DA:65,2
DA:66,2
DA:68,2
DA:69,2
DA:72,1
DA:76,1
DA:77,1
DA:81,1
LF:38
LH:38
BRF:0
BRH:0
end_of_record
TN:
SF:routes/featuredItems.js
FN:11,(anonymous_0)
FN:54,(anonymous_1)
FN:76,(anonymous_2)
FN:117,(anonymous_3)
FNF:4
FNH:4
FNDA:2,(anonymous_0)
FNDA:3,(anonymous_1)
FNDA:2,(anonymous_2)
FNDA:2,(anonymous_3)
DA:2,1
DA:3,1
DA:4,1
DA:5,1
DA:6,1
DA:7,1
DA:8,1
DA:11,1
DA:12,2
DA:14,2
DA:51,2
DA:54,3
DA:62,1
DA:65,1
DA:66,1
DA:70,1
DA:76,1
DA:77,2
DA:78,2
DA:80,2
DA:115,2
DA:117,2
DA:127,1
DA:129,1
DA:130,1
DA:134,1
LF:26
LH:26
BRDA:57,0,0,3
BRDA:57,0,1,2
BRDA:57,0,2,1
BRDA:58,1,0,3
BRDA:58,1,1,2
BRDA:58,1,2,1
BRDA:59,2,0,3
BRDA:59,2,1,2
BRDA:59,2,2,1
BRF:9
BRH:9
end_of_record
TN:
SF:routes/orders.js
FN:54,(anonymous_0)
FN:92,(anonymous_1)
FN:93,(anonymous_2)
FN:98,(anonymous_3)
FN:132,(anonymous_4)
FN:133,(anonymous_5)
FN:135,(anonymous_6)
FN:140,(anonymous_7)
FN:163,(anonymous_8)
FN:176,(anonymous_9)
FN:257,(anonymous_10)
FN:304,(anonymous_11)
FN:317,(anonymous_12)
FN:318,(anonymous_13)
FN:319,(anonymous_14)
FN:344,(anonymous_15)
FN:422,(anonymous_16)
FN:447,(anonymous_17)
FN:484,(anonymous_18)
FN:485,(anonymous_19)
FNF:20
FNH:8
FNDA:1,(anonymous_0)
FNDA:0,(anonymous_1)
FNDA:0,(anonymous_2)
FNDA:3,(anonymous_3)
FNDA:3,(anonymous_4)
FNDA:3,(anonymous_5)
FNDA:3,(anonymous_6)
FNDA:3,(anonymous_7)
FNDA:3,(anonymous_8)
FNDA:3,(anonymous_9)
FNDA:0,(anonymous_10)
FNDA:0,(anonymous_11)
FNDA:0,(anonymous_12)
FNDA:0,(anonymous_13)
FNDA:0,(anonymous_14)
FNDA:0,(anonymous_15)
FNDA:0,(anonymous_16)
FNDA:0,(anonymous_17)
FNDA:0,(anonymous_18)
FNDA:0,(anonymous_19)
DA:2,2
DA:3,2
DA:4,2
DA:5,2
DA:6,2
DA:7,2
DA:8,2
DA:12,2
DA:13,2
DA:14,2
DA:15,2
DA:16,2
DA:18,2
DA:26,2
DA:34,2
DA:35,2
DA:37,2
DA:40,2
DA:48,2
DA:54,2
DA:55,1
DA:56,1
DA:57,1
DA:58,0
DA:61,1
DA:62,1
DA:64,1
DA:65,0
DA:68,1
DA:70,1
DA:71,1
DA:74,1
DA:75,1
DA:76,3
DA:77,3
DA:80,1
DA:81,1
DA:89,1
DA:91,1
DA:92,0
DA:93,0
DA:94,0
DA:95,0
DA:98,3
DA:99,1
DA:100,3
DA:101,3
DA:102,0
DA:103,0
DA:105,3
DA:106,0
DA:107,0
DA:112,1
DA:116,1
DA:117,1
DA:118,0
DA:119,0
DA:123,1
DA:124,1
DA:125,1
DA:126,3
DA:127,3
DA:128,3
DA:131,1
DA:132,3
DA:133,3
DA:135,3
DA:136,0
DA:137,0
DA:140,1
DA:141,3
DA:142,3
DA:144,1
DA:147,1
DA:152,1
DA:153,1
DA:156,1
DA:160,1
DA:162,1
DA:163,3
DA:164,1
DA:172,1
DA:174,1
DA:176,1
DA:177,3
DA:178,3
DA:180,3
DA:181,3
DA:183,3
DA:184,3
DA:185,3
DA:187,3
DA:192,3
DA:193,3
DA:196,1
DA:197,1
DA:198,2
DA:199,2
DA:216,1
DA:217,1
DA:218,1
DA:219,1
DA:222,1
DA:224,1
DA:225,1
DA:226,1
DA:227,2
DA:228,2
DA:229,2
DA:233,0
DA:236,0
DA:242,1
DA:245,0
DA:246,0
DA:247,0
DA:249,1
DA:252,0
DA:257,2
DA:258,0
DA:259,0
DA:260,0
DA:262,0
DA:263,0
DA:267,0
DA:277,0
DA:279,0
DA:280,0
DA:281,0
DA:285,0
DA:286,0
DA:287,0
DA:288,0
DA:293,0
DA:297,0
DA:298,0
DA:299,0
DA:300,0
DA:304,0
DA:305,0
DA:308,0
DA:313,0
DA:314,0
DA:317,0
DA:318,0
DA:319,0
DA:321,0
DA:322,0
DA:326,0
DA:328,0
DA:336,0
DA:340,0
DA:342,0
DA:344,0
DA:345,0
DA:346,0
DA:348,0
DA:349,0
DA:351,0
DA:356,0
DA:357,0
DA:360,0
DA:361,0
DA:362,0
DA:363,0
DA:380,0
DA:381,0
DA:382,0
DA:383,0
DA:386,0
DA:388,0
DA:389,0
DA:390,0
DA:391,0
DA:392,0
DA:393,0
DA:397,0
DA:400,0
DA:406,0
DA:409,0
DA:410,0
DA:411,0
DA:413,0
DA:416,0
DA:417,0
DA:422,2
DA:423,0
DA:424,0
DA:425,0
DA:438,0
DA:439,0
DA:441,0
DA:442,0
DA:447,2
DA:448,0
DA:449,0
DA:450,0
DA:451,0
DA:454,0
DA:455,0
DA:456,0
DA:459,0
DA:460,0
DA:463,0
DA:464,0
DA:465,0
DA:468,0
DA:472,0
DA:474,0
DA:475,0
DA:476,0
DA:480,0
DA:481,0
DA:482,0
DA:483,0
DA:484,0
DA:485,0
DA:486,0
DA:494,0
DA:499,0
DA:500,0
DA:502,0
DA:503,0
DA:506,0
DA:507,0
DA:508,0
DA:510,0
DA:513,0
DA:514,0
DA:518,2
LF:229
LH:101
BRDA:57,0,0,0
BRDA:57,0,1,1
BRDA:64,1,0,0
BRDA:64,1,1,1
BRDA:64,2,0,1
BRDA:64,2,1,1
BRDA:64,2,2,1
BRDA:76,3,0,3
BRDA:76,3,1,3
BRDA:91,4,0,0
BRDA:91,4,1,1
BRDA:101,5,0,0
BRDA:101,5,1,3
BRDA:105,6,0,0
BRDA:105,6,1,3
BRDA:117,7,0,0
BRDA:117,7,1,1
BRDA:117,8,0,1
BRDA:117,8,1,1
BRDA:127,9,0,3
BRDA:127,9,1,0
BRDA:135,10,0,0
BRDA:135,10,1,1
BRDA:141,11,0,3
BRDA:141,11,1,0
BRDA:178,12,0,0
BRDA:178,12,1,3
BRDA:181,13,0,0
BRDA:181,13,1,3
BRDA:181,14,0,3
BRDA:181,14,1,3
BRDA:183,15,0,3
BRDA:183,15,1,0
BRDA:184,16,0,3
BRDA:184,16,1,0
BRDA:185,17,0,3
BRDA:185,17,1,2
BRDA:188,18,0,3
BRDA:188,18,1,0
BRDA:206,19,0,2
BRDA:206,19,1,0
BRDA:207,20,0,2
BRDA:207,20,1,0
BRDA:208,21,0,2
BRDA:208,21,1,0
BRDA:210,22,0,2
BRDA:210,22,1,0
BRDA:217,23,0,1
BRDA:217,23,1,0
BRDA:225,24,0,1
BRDA:225,24,1,0
BRDA:228,25,0,2
BRDA:228,25,1,0
BRDA:279,26,0,0
BRDA:279,26,1,0
BRDA:286,27,0,0
BRDA:286,27,1,0
BRDA:298,28,0,0
BRDA:298,28,1,0
BRDA:298,29,0,0
BRDA:298,29,1,0
BRDA:321,30,0,0
BRDA:321,30,1,0
BRDA:346,31,0,0
BRDA:346,31,1,0
BRDA:346,32,0,0
BRDA:346,32,1,0
BRDA:348,33,0,0
BRDA:348,33,1,0
BRDA:349,34,0,0
BRDA:349,34,1,0
BRDA:352,35,0,0
BRDA:352,35,1,0
BRDA:370,36,0,0
BRDA:370,36,1,0
BRDA:371,37,0,0
BRDA:371,37,1,0
BRDA:372,38,0,0
BRDA:372,38,1,0
BRDA:374,39,0,0
BRDA:374,39,1,0
BRDA:381,40,0,0
BRDA:381,40,1,0
BRDA:389,41,0,0
BRDA:389,41,1,0
BRDA:392,42,0,0
BRDA:392,42,1,0
BRDA:450,43,0,0
BRDA:450,43,1,0
BRDA:459,44,0,0
BRDA:459,44,1,0
BRDA:459,45,0,0
BRDA:459,45,1,0
BRDA:474,46,0,0
BRDA:474,46,1,0
BRDA:480,47,0,0
BRDA:480,47,1,0
BRDA:483,48,0,0
BRDA:483,48,1,0
BRF:99
BRH:32
end_of_record
TN:
SF:routes/products.js
FN:54,(anonymous_0)
FN:124,(anonymous_1)
FN:155,(anonymous_2)
FN:161,(anonymous_3)
FN:162,(anonymous_4)
FN:168,(anonymous_5)
FN:190,(anonymous_6)
FN:272,(anonymous_7)
FN:289,(anonymous_8)
FNF:9
FNH:9
FNDA:4,(anonymous_0)
FNDA:1,(anonymous_1)
FNDA:2,(anonymous_2)
FNDA:2,(anonymous_3)
FNDA:2,(anonymous_4)
FNDA:2,(anonymous_5)
FNDA:2,(anonymous_6)
FNDA:1,(anonymous_7)
FNDA:3,(anonymous_8)
DA:2,1
DA:3,1
DA:4,1
DA:5,1
DA:6,1
DA:7,1
DA:8,1
DA:9,1
DA:10,1
DA:12,1
DA:18,1
DA:24,1
DA:33,1
DA:55,4
DA:58,4
DA:59,4
DA:60,4
DA:61,4
DA:63,4
DA:64,4
DA:65,4
DA:67,4
DA:68,4
DA:69,4
DA:71,4
DA:72,1
DA:73,1
DA:75,4
DA:76,0
DA:77,0
DA:78,0
DA:80,4
DA:81,1
DA:82,1
DA:84,4
DA:85,1
DA:86,1
DA:88,4
DA:89,1
DA:92,4
DA:94,4
DA:105,4
DA:106,4
DA:108,4
DA:114,0
DA:115,0
DA:120,1
DA:125,1
DA:126,1
DA:127,1
DA:133,1
DA:134,1
DA:135,0
DA:136,0
DA:138,1
DA:143,1
DA:144,1
DA:146,0
DA:147,0
DA:152,1
DA:156,2
DA:157,2
DA:158,2
DA:160,1
DA:161,2
DA:162,2
DA:164,1
DA:165,0
DA:168,2
DA:169,1
DA:177,1
DA:178,1
DA:180,0
DA:181,0
DA:187,1
DA:191,2
DA:192,2
DA:195,2
DA:203,2
DA:206,2
DA:208,2
DA:209,0
DA:212,2
DA:213,2
DA:215,2
DA:217,2
DA:218,1
DA:219,1
DA:221,1
DA:222,0
DA:230,0
DA:231,1
DA:232,1
DA:240,1
DA:243,1
DA:244,1
DA:245,1
DA:249,2
DA:258,2
DA:261,0
DA:262,0
DA:268,1
DA:273,1
DA:274,1
DA:275,1
DA:276,1
DA:277,1
DA:279,0
DA:280,0
DA:285,1
DA:290,3
DA:291,3
DA:293,3
DA:301,3
DA:303,3
DA:305,2
DA:306,2
DA:307,1
DA:308,1
DA:311,1
DA:313,0
DA:314,0
DA:318,1
LF:123
LH:102
BRDA:58,0,0,3
BRDA:58,1,0,3
BRDA:67,2,0,4
BRDA:67,2,1,0
BRDA:71,3,0,1
BRDA:71,3,1,3
BRDA:71,4,0,4
BRDA:71,4,1,1
BRDA:75,5,0,0
BRDA:75,5,1,4
BRDA:80,6,0,1
BRDA:80,6,1,3
BRDA:84,7,0,1
BRDA:84,7,1,3
BRDA:88,8,0,1
BRDA:88,8,1,3
BRDA:106,9,0,3
BRDA:106,9,1,1
BRDA:111,10,0,1
BRDA:111,10,1,3
BRDA:134,11,0,0
BRDA:134,11,1,1
BRDA:158,12,0,1
BRDA:158,12,1,1
BRDA:162,13,0,2
BRDA:162,13,1,2
BRDA:164,14,0,0
BRDA:164,14,1,1
BRDA:164,15,0,1
BRDA:164,15,1,1
BRDA:208,16,0,0
BRDA:208,16,1,2
BRDA:213,17,0,2
BRDA:213,17,1,1
BRDA:217,18,0,1
BRDA:217,18,1,1
BRDA:221,19,0,0
BRDA:221,19,1,1
BRDA:231,20,0,1
BRDA:231,20,1,0
BRDA:243,21,0,1
BRDA:243,21,1,0
BRDA:303,22,0,1
BRDA:303,22,1,2
BRDA:306,23,0,1
BRDA:306,23,1,1
BRF:46
BRH:38
end_of_record
TN:
SF:routes/search.js
FN:17,(anonymous_0)
FNF:1
FNH:1
FNDA:1,(anonymous_0)
DA:2,1
DA:3,1
DA:4,1
DA:5,1
DA:6,1
DA:7,1
DA:8,1
DA:9,1
DA:12,1
DA:18,1
DA:19,1
DA:21,1
DA:22,0
DA:27,1
DA:28,1
DA:31,0
DA:32,0
DA:36,1
LF:18
LH:15
BRDA:19,0,0,0
BRDA:21,1,0,0
BRDA:21,1,1,1
BRDA:21,2,0,1
BRDA:21,2,1,1
BRF:5
BRH:3
end_of_record
TN:
SF:routes/storage.js
FN:29,(anonymous_0)
FNF:1
FNH:1
FNDA:2,(anonymous_0)
DA:2,1
DA:3,1
DA:4,1
DA:5,1
DA:6,1
DA:8,1
DA:10,1
DA:30,2
DA:31,2
DA:32,2
DA:38,1
DA:40,1
DA:45,1
LF:13
LH:13
BRF:0
BRH:0
end_of_record
TN:
SF:routes/suppliers.helpers.js
FN:5,(anonymous_0)
FN:26,(anonymous_1)
FNF:2
FNH:1
FNDA:0,(anonymous_0)
FNDA:10,(anonymous_1)
DA:1,3
DA:2,3
DA:3,3
DA:5,3
DA:6,0
DA:7,0
DA:8,0
DA:9,0
DA:10,0
DA:15,0
DA:17,0
DA:18,0
DA:26,3
DA:27,10
DA:28,7
DA:29,4
DA:32,3
LF:17
LH:9
BRDA:5,0,0,0
BRDA:8,1,0,0
BRDA:8,1,1,0
BRDA:11,2,0,0
BRDA:11,2,1,0
BRDA:21,3,0,0
BRDA:21,3,1,0
BRDA:27,4,0,3
BRDA:27,4,1,7
BRDA:28,5,0,3
BRDA:28,5,1,4
BRDA:28,6,0,7
BRDA:28,6,1,4
BRF:13
BRH:6
end_of_record
TN:
SF:routes/suppliers.js
FN:8,(anonymous_0)
FNF:1
FNH:1
FNDA:10,(anonymous_0)
DA:2,3
DA:3,3
DA:4,3
DA:5,3
DA:6,3
DA:8,3
DA:9,10
DA:12,10
DA:13,6
DA:14,1
DA:18,4
DA:19,4
DA:20,0
DA:22,4
DA:25,0
DA:26,0
DA:29,3
DA:30,3
DA:31,3
DA:32,3
DA:33,3
DA:35,3
LF:22
LH:19
BRDA:12,0,0,6
BRDA:12,0,1,4
BRDA:13,1,0,5
BRDA:13,1,1,1
BRDA:18,2,0,4
BRDA:18,2,1,0
BRDA:19,3,0,0
BRDA:19,3,1,4
BRDA:25,4,0,0
BRDA:25,4,1,0
BRF:10
BRH:6
end_of_record
TN:
SF:routes/user.js
FN:120,(anonymous_0)
FN:133,(anonymous_1)
FN:151,(anonymous_2)
FN:160,(anonymous_3)
FN:184,(anonymous_4)
FN:190,(anonymous_5)
FN:192,(anonymous_6)
FN:218,(anonymous_7)
FN:225,(anonymous_8)
FNF:9
FNH:8
FNDA:0,(anonymous_0)
FNDA:1,(anonymous_1)
FNDA:21,(anonymous_2)
FNDA:1,(anonymous_3)
FNDA:1,(anonymous_4)
FNDA:2,(anonymous_5)
FNDA:1,(anonymous_6)
FNDA:1,(anonymous_7)
FNDA:1,(anonymous_8)
DA:1,1
DA:2,1
DA:3,1
DA:4,1
DA:5,1
DA:6,1
DA:8,1
DA:10,1
DA:16,1
DA:22,1
DA:38,1
DA:79,1
DA:86,1
DA:120,1
DA:121,0
DA:122,0
DA:123,0
DA:124,0
DA:126,0
DA:128,0
DA:129,0
DA:133,1
DA:134,1
DA:135,1
DA:136,1
DA:137,0
DA:140,1
DA:141,1
DA:143,1
DA:144,1
DA:146,0
DA:147,0
DA:151,1
DA:152,21
DA:153,25
DA:154,1
DA:157,20
DA:160,1
DA:184,1
DA:185,1
DA:190,2
DA:192,1
DA:218,1
DA:219,1
DA:220,1
DA:221,1
DA:222,1
DA:225,1
DA:226,1
DA:227,1
DA:230,1
LF:51
LH:41
BRDA:123,0,0,0
BRDA:123,0,1,0
BRDA:136,1,0,0
BRDA:136,1,1,1
BRDA:153,2,0,1
BRDA:153,2,1,24
BRDA:190,3,0,2
BRDA:190,3,1,1
BRDA:227,4,0,1
BRDA:227,4,1,0
BRF:10
BRH:6
end_of_record
TN:
SF:routes/admin/adminFeatured.routes.js
FN:41,(anonymous_0)
FN:47,(anonymous_1)
FN:53,(anonymous_2)
FN:59,(anonymous_3)
FN:85,(anonymous_4)
FN:86,(anonymous_5)
FN:95,(anonymous_6)
FN:121,(anonymous_7)
FN:183,(anonymous_8)
FN:255,(anonymous_9)
FN:283,(anonymous_10)
FN:313,(anonymous_11)
FN:374,(anonymous_12)
FN:483,(anonymous_13)
FN:597,(anonymous_14)
FN:625,(anonymous_15)
FN:679,(anonymous_16)
FNF:17
FNH:11
FNDA:5,(anonymous_0)
FNDA:6,(anonymous_1)
FNDA:6,(anonymous_2)
FNDA:3,(anonymous_3)
FNDA:0,(anonymous_4)
FNDA:0,(anonymous_5)
FNDA:2,(anonymous_6)
FNDA:3,(anonymous_7)
FNDA:4,(anonymous_8)
FNDA:2,(anonymous_9)
FNDA:0,(anonymous_10)
FNDA:0,(anonymous_11)
FNDA:2,(anonymous_12)
FNDA:1,(anonymous_13)
FNDA:0,(anonymous_14)
FNDA:2,(anonymous_15)
FNDA:0,(anonymous_16)
DA:1,1
DA:2,1
DA:3,1
DA:4,1
DA:5,1
DA:6,1
DA:7,1
DA:19,1
DA:21,1
DA:36,1
DA:41,1
DA:42,5
DA:43,5
DA:44,5
DA:47,1
DA:48,6
DA:49,6
DA:50,6
DA:53,1
DA:54,6
DA:55,6
DA:56,6
DA:59,1
DA:60,3
DA:62,3
DA:63,3
DA:64,3
DA:65,3
DA:67,3
DA:68,1
DA:71,2
DA:72,2
DA:73,2
DA:76,2
DA:77,2
DA:78,2
DA:79,2
DA:80,0
DA:83,2
DA:84,2
DA:85,0
DA:86,0
DA:87,0
DA:91,2
DA:95,1
DA:96,2
DA:97,2
DA:112,2
DA:113,1
DA:115,1
DA:116,1
DA:121,1
DA:122,3
DA:133,3
DA:135,3
DA:136,1
DA:139,2
DA:140,2
DA:141,1
DA:144,1
DA:153,1
DA:165,1
DA:166,1
DA:175,1
DA:177,0
DA:178,0
DA:183,1
DA:184,4
DA:185,4
DA:186,4
DA:190,4
DA:191,1
DA:194,3
DA:195,3
DA:196,3
DA:197,3
DA:198,3
DA:199,1
DA:202,2
DA:217,2
DA:218,1
DA:221,1
DA:222,1
DA:224,1
DA:231,1
DA:233,1
DA:234,0
DA:237,1
DA:238,1
DA:247,1
DA:249,0
DA:250,0
DA:255,1
DA:256,2
DA:257,2
DA:259,2
DA:260,2
DA:262,2
DA:263,1
DA:266,1
DA:267,1
DA:275,1
DA:277,0
DA:278,0
DA:283,1
DA:284,0
DA:285,0
DA:304,0
DA:305,0
DA:307,0
DA:308,0
DA:313,1
DA:314,0
DA:315,0
DA:318,0
DA:331,0
DA:333,0
DA:334,0
DA:337,0
DA:340,0
DA:361,0
DA:363,0
DA:368,0
DA:369,0
DA:374,1
DA:375,2
DA:384,2
DA:386,2
DA:387,0
DA:390,2
DA:391,0
DA:394,2
DA:396,2
DA:397,2
DA:400,2
DA:408,2
DA:418,2
DA:421,2
DA:422,2
DA:427,2
DA:428,1
DA:429,1
DA:432,1
DA:433,1
DA:434,1
DA:435,1
DA:436,1
DA:437,1
DA:438,1
DA:439,1
DA:440,1
DA:441,1
DA:443,1
DA:444,1
DA:451,1
DA:454,1
DA:456,0
DA:457,0
DA:459,2
DA:462,1
DA:463,1
DA:472,1
DA:477,0
DA:478,0
DA:483,1
DA:484,1
DA:485,1
DA:486,1
DA:487,1
DA:498,1
DA:499,0
DA:502,1
DA:503,1
DA:504,1
DA:506,1
DA:510,1
DA:511,0
DA:512,0
DA:514,1
DA:517,1
DA:518,1
DA:519,1
DA:521,1
DA:527,1
DA:531,1
DA:532,1
DA:537,1
DA:538,0
DA:539,0
DA:543,1
DA:546,1
DA:547,1
DA:548,1
DA:549,1
DA:550,1
DA:551,1
DA:552,1
DA:553,1
DA:554,1
DA:555,1
DA:557,1
DA:558,1
DA:565,1
DA:568,1
DA:570,0
DA:571,0
DA:573,1
DA:576,1
DA:577,1
DA:589,1
DA:591,0
DA:592,0
DA:597,1
DA:598,0
DA:599,0
DA:601,0
DA:602,0
DA:604,0
DA:605,0
DA:608,0
DA:609,0
DA:617,0
DA:619,0
DA:620,0
DA:625,1
DA:626,2
DA:627,2
DA:628,2
DA:630,2
DA:631,0
DA:634,2
DA:635,2
DA:636,0
DA:639,2
DA:640,2
DA:641,1
DA:646,1
DA:647,1
DA:648,0
DA:651,1
DA:660,1
DA:661,1
DA:662,1
DA:671,1
DA:673,0
DA:674,0
DA:679,1
DA:680,0
DA:681,0
DA:683,0
DA:689,0
DA:691,0
DA:692,0
DA:695,0
DA:696,0
DA:705,0
DA:707,0
DA:708,0
DA:713,1
LF:259
LH:188
BRDA:43,0,0,0
BRDA:43,0,1,5
BRDA:49,1,0,0
BRDA:49,1,1,6
BRDA:62,2,0,3
BRDA:62,2,1,0
BRDA:65,3,0,0
BRDA:65,3,1,3
BRDA:65,4,0,3
BRDA:65,4,1,3
BRDA:65,4,2,3
BRDA:67,5,0,1
BRDA:67,5,1,2
BRDA:71,6,0,2
BRDA:71,6,1,2
BRDA:79,7,0,0
BRDA:79,7,1,2
BRDA:79,8,0,2
BRDA:79,8,1,2
BRDA:84,9,0,0
BRDA:84,9,1,2
BRDA:126,10,0,2
BRDA:130,11,0,3
BRDA:135,12,0,1
BRDA:135,12,1,2
BRDA:135,13,0,3
BRDA:135,13,1,3
BRDA:140,14,0,1
BRDA:140,14,1,1
BRDA:190,15,0,1
BRDA:190,15,1,3
BRDA:195,16,0,3
BRDA:195,16,1,2
BRDA:196,17,0,3
BRDA:196,17,1,2
BRDA:198,18,0,1
BRDA:198,18,1,2
BRDA:217,19,0,1
BRDA:217,19,1,1
BRDA:233,20,0,0
BRDA:233,20,1,1
BRDA:262,21,0,1
BRDA:262,21,1,1
BRDA:333,22,0,0
BRDA:333,22,1,0
BRDA:381,23,0,2
BRDA:382,24,0,2
BRDA:383,25,0,0
BRDA:386,26,0,0
BRDA:386,26,1,2
BRDA:386,27,0,2
BRDA:386,27,1,2
BRDA:390,28,0,0
BRDA:390,28,1,2
BRDA:421,29,0,2
BRDA:421,29,1,0
BRDA:421,30,0,2
BRDA:421,30,1,2
BRDA:427,31,0,1
BRDA:427,31,1,1
BRDA:438,32,0,0
BRDA:438,32,1,1
BRDA:438,33,0,1
BRDA:438,33,1,1
BRDA:443,34,0,1
BRDA:443,34,1,0
BRDA:470,35,0,1
BRDA:470,35,1,0
BRDA:498,36,0,0
BRDA:498,36,1,1
BRDA:498,37,0,1
BRDA:498,37,1,0
BRDA:498,37,2,0
BRDA:510,38,0,0
BRDA:510,38,1,1
BRDA:517,39,0,1
BRDA:517,39,1,0
BRDA:531,40,0,1
BRDA:531,40,1,0
BRDA:531,41,0,1
BRDA:531,41,1,1
BRDA:537,42,0,0
BRDA:537,42,1,1
BRDA:552,43,0,0
BRDA:552,43,1,1
BRDA:552,44,0,1
BRDA:552,44,1,1
BRDA:557,45,0,1
BRDA:557,45,1,0
BRDA:604,46,0,0
BRDA:604,46,1,0
BRDA:628,47,0,1
BRDA:630,48,0,0
BRDA:630,48,1,2
BRDA:630,49,0,2
BRDA:630,49,1,2
BRDA:635,50,0,0
BRDA:635,50,1,2
BRDA:640,51,0,1
BRDA:640,51,1,1
BRDA:647,52,0,0
BRDA:647,52,1,1
BRDA:691,53,0,0
BRDA:691,53,1,0
BRF:104
BRH:72
end_of_record
TN:
SF:routes/admin/adminOps.routes.js
FN:23,(anonymous_0)
FN:58,(anonymous_1)
FN:69,(anonymous_2)
FNF:3
FNH:3
FNDA:3,(anonymous_0)
FNDA:2,(anonymous_1)
FNDA:2,(anonymous_2)
DA:1,1
DA:2,1
DA:3,1
DA:4,1
DA:5,1
DA:6,1
DA:18,1
DA:19,1
DA:20,1
DA:23,1
DA:24,3
DA:25,3
DA:27,3
DA:28,1
DA:31,2
DA:33,1
DA:46,1
DA:52,1
DA:53,1
DA:58,1
DA:59,2
DA:60,2
DA:61,1
DA:63,1
DA:64,1
DA:69,1
DA:70,2
DA:71,2
DA:72,1
DA:74,1
DA:75,1
DA:80,1
LF:32
LH:32
BRDA:27,0,0,1
BRDA:27,0,1,2
BRDA:27,1,0,3
BRDA:27,1,1,3
BRF:4
BRH:4
end_of_record
TN:
SF:routes/admin/adminSuppliers.routes.js
FN:32,(anonymous_0)
FN:67,(anonymous_1)
FN:139,(anonymous_2)
FN:146,(anonymous_3)
FN:205,(anonymous_4)
FN:247,(anonymous_5)
FNF:6
FNH:5
FNDA:2,(anonymous_0)
FNDA:5,(anonymous_1)
FNDA:3,(anonymous_2)
FNDA:0,(anonymous_3)
FNDA:2,(anonymous_4)
FNDA:4,(anonymous_5)
DA:1,1
DA:2,1
DA:3,1
DA:4,1
DA:5,1
DA:6,1
DA:7,1
DA:19,1
DA:20,1
DA:21,1
DA:22,1
DA:29,1
DA:32,1
DA:33,2
DA:34,2
DA:58,2
DA:59,1
DA:61,1
DA:62,1
DA:67,1
DA:68,5
DA:69,5
DA:71,5
DA:72,1
DA:75,4
DA:76,4
DA:77,1
DA:81,3
DA:82,3
DA:84,3
DA:85,1
DA:89,2
DA:90,2
DA:92,2
DA:100,2
DA:113,2
DA:114,2
DA:116,2
DA:117,1
DA:120,2
DA:121,2
DA:122,2
DA:131,2
DA:133,0
DA:134,0
DA:139,1
DA:140,3
DA:141,3
DA:142,3
DA:146,0
DA:156,3
DA:157,1
DA:160,2
DA:161,2
DA:163,2
DA:170,2
DA:172,2
DA:173,1
DA:177,1
DA:178,1
DA:180,1
DA:181,1
DA:184,1
DA:185,1
DA:186,1
DA:187,1
DA:188,1
DA:197,1
DA:199,0
DA:200,0
DA:205,1
DA:206,2
DA:207,2
DA:209,2
DA:216,2
DA:218,2
DA:219,1
DA:223,1
DA:224,1
DA:226,1
DA:227,1
DA:228,1
DA:229,1
DA:230,1
DA:239,1
DA:241,0
DA:242,0
DA:247,1
DA:248,4
DA:249,4
DA:252,4
DA:262,4
DA:263,3
DA:265,3
DA:266,1
DA:271,2
DA:272,2
DA:274,2
DA:275,1
DA:278,1
DA:280,1
DA:281,1
DA:282,1
DA:283,1
DA:284,1
DA:292,1
DA:294,1
DA:295,1
DA:300,1
LF:109
LH:102
BRDA:69,0,0,4
BRDA:71,1,0,1
BRDA:71,1,1,4
BRDA:71,2,0,5
BRDA:71,2,1,4
BRDA:71,2,2,4
BRDA:71,2,3,4
BRDA:76,3,0,1
BRDA:76,3,1,3
BRDA:84,4,0,1
BRDA:84,4,1,2
BRDA:89,5,0,2
BRDA:89,5,1,2
BRDA:116,6,0,1
BRDA:116,6,1,1
BRDA:146,7,0,0
BRDA:146,7,1,0
BRDA:156,8,0,1
BRDA:156,8,1,2
BRDA:172,9,0,1
BRDA:172,9,1,1
BRDA:180,10,0,1
BRDA:180,10,1,0
BRDA:218,11,0,1
BRDA:218,11,1,1
BRDA:265,12,0,1
BRDA:265,12,1,2
BRDA:265,13,0,3
BRDA:265,13,1,2
BRDA:274,14,0,1
BRDA:274,14,1,1
BRF:31
BRH:28
end_of_record
TN:
SF:routes/admin/adminUtils.js
FNF:0
FNH:0
DA:1,1
DA:2,1
DA:4,1
DA:17,1
DA:30,1
DA:43,1
DA:57,1
DA:62,1
DA:75,1
DA:83,1
DA:98,1
DA:99,1
DA:101,1
LF:13
LH:13
BRF:0
BRH:0
end_of_record
TN:
SF:routes/auth/adminAuth.routes.js
FN:23,(anonymous_0)
FNF:1
FNH:1
FNDA:3,(anonymous_0)
DA:1,1
DA:2,1
DA:3,1
DA:4,1
DA:5,1
DA:6,1
DA:7,1
DA:8,1
DA:9,1
DA:16,1
DA:19,1
DA:24,3
DA:25,3
DA:27,3
DA:32,3
DA:34,3
DA:36,1
DA:37,1
DA:46,1
DA:49,2
DA:51,2
DA:52,2
DA:53,1
DA:62,1
DA:65,1
DA:72,1
DA:74,1
DA:82,1
DA:88,0
DA:89,0
DA:93,1
LF:31
LH:29
BRDA:34,0,0,1
BRDA:34,0,1,2
BRDA:52,1,0,1
BRDA:52,1,1,1
BRF:4
BRH:4
end_of_record
TN:
SF:routes/auth/authUtils.js
FN:40,(anonymous_0)
FN:44,(anonymous_1)
FN:54,(anonymous_2)
FN:64,(anonymous_3)
FN:74,(anonymous_4)
FN:84,(anonymous_5)
FN:88,(anonymous_6)
FN:93,(anonymous_7)
FN:99,(anonymous_8)
FN:106,(anonymous_9)
FN:114,(anonymous_10)
FN:119,(anonymous_11)
FN:128,(anonymous_12)
FN:133,(anonymous_13)
FN:142,(anonymous_14)
FN:144,(anonymous_15)
FN:148,(anonymous_16)
FN:152,(anonymous_17)
FN:157,(anonymous_18)
FN:161,(anonymous_19)
FN:166,(anonymous_20)
FN:172,(anonymous_21)
FN:177,(anonymous_22)
FN:195,(anonymous_23)
FN:208,(anonymous_24)
FN:211,(anonymous_25)
FN:227,(anonymous_26)
FN:250,(anonymous_27)
FNF:28
FNH:27
FNDA:4,(anonymous_0)
FNDA:0,(anonymous_1)
FNDA:4,(anonymous_2)
FNDA:7,(anonymous_3)
FNDA:13,(anonymous_4)
FNDA:4,(anonymous_5)
FNDA:5,(anonymous_6)
FNDA:7,(anonymous_7)
FNDA:7,(anonymous_8)
FNDA:7,(anonymous_9)
FNDA:5,(anonymous_10)
FNDA:8,(anonymous_11)
FNDA:2,(anonymous_12)
FNDA:8,(anonymous_13)
FNDA:7,(anonymous_14)
FNDA:7,(anonymous_15)
FNDA:1,(anonymous_16)
FNDA:7,(anonymous_17)
FNDA:1,(anonymous_18)
FNDA:7,(anonymous_19)
FNDA:1,(anonymous_20)
FNDA:7,(anonymous_21)
FNDA:6,(anonymous_22)
FNDA:4,(anonymous_23)
FNDA:4,(anonymous_24)
FNDA:4,(anonymous_25)
FNDA:4,(anonymous_26)
FNDA:1,(anonymous_27)
DA:1,1
DA:2,1
DA:3,1
DA:4,1
DA:5,1
DA:6,1
DA:7,1
DA:8,1
DA:10,1
DA:11,1
DA:13,1
DA:22,1
DA:31,1
DA:38,1
DA:40,1
DA:41,4
DA:42,4
DA:43,0
DA:44,0
DA:48,1
DA:54,4
DA:58,1
DA:64,7
DA:68,1
DA:74,13
DA:78,1
DA:84,4
DA:88,1
DA:89,5
DA:90,5
DA:93,1
DA:94,7
DA:99,1
DA:100,7
DA:106,1
DA:107,7
DA:108,7
DA:109,7
DA:110,7
DA:111,7
DA:114,5
DA:116,1
DA:117,1
DA:119,8
DA:128,1
DA:129,2
DA:130,2
DA:133,8
DA:142,7
DA:144,1
DA:145,7
DA:148,1
DA:149,1
DA:152,1
DA:153,7
DA:154,7
DA:157,1
DA:158,1
DA:161,1
DA:162,7
DA:163,7
DA:166,1
DA:167,1
DA:168,1
DA:171,1
DA:172,1
DA:173,7
DA:174,0
DA:177,1
DA:178,6
DA:179,6
DA:183,6
DA:184,4
DA:186,2
DA:187,0
DA:189,2
DA:190,2
DA:192,0
DA:195,1
DA:196,4
DA:197,4
DA:199,0
DA:200,0
DA:201,0
DA:202,0
DA:204,0
DA:208,1
DA:209,4
DA:211,4
DA:214,4
DA:215,4
DA:216,4
DA:217,4
DA:218,4
DA:220,4
DA:221,0
DA:224,4
DA:227,1
DA:228,4
DA:229,0
DA:232,4
DA:233,4
DA:234,4
DA:235,0
DA:238,4
DA:239,4
DA:240,4
DA:241,2
DA:243,2
DA:244,0
DA:247,2
DA:250,1
DA:252,1
DA:253,1
DA:254,1
DA:255,1
DA:256,1
DA:259,0
DA:262,1
LF:119
LH:104
BRDA:4,0,0,1
BRDA:4,0,1,0
BRDA:11,1,0,1
BRDA:11,1,1,1
BRDA:42,2,0,4
BRDA:42,2,1,0
BRDA:50,3,0,1
BRDA:50,3,1,0
BRDA:54,4,0,4
BRDA:54,4,1,2
BRDA:60,5,0,1
BRDA:60,5,1,0
BRDA:64,6,0,7
BRDA:64,6,1,0
BRDA:70,7,0,1
BRDA:70,7,1,0
BRDA:74,8,0,13
BRDA:74,8,1,6
BRDA:74,8,2,2
BRDA:80,9,0,1
BRDA:80,9,1,0
BRDA:89,10,0,0
BRDA:89,10,1,5
BRDA:94,11,0,7
BRDA:94,11,1,0
BRDA:94,11,2,0
BRDA:94,11,3,0
BRDA:102,12,0,7
BRDA:102,12,1,0
BRDA:107,13,0,0
BRDA:107,13,1,7
BRDA:107,14,0,7
BRDA:107,14,1,7
BRDA:110,15,0,0
BRDA:110,15,1,7
BRDA:114,16,0,5
BRDA:114,16,1,5
BRDA:122,17,0,0
BRDA:122,17,1,8
BRDA:125,18,0,0
BRDA:125,18,1,8
BRDA:136,19,0,0
BRDA:136,19,1,8
BRDA:139,20,0,0
BRDA:139,20,1,8
BRDA:152,21,0,7
BRDA:173,22,0,7
BRDA:173,22,1,0
BRDA:179,23,0,0
BRDA:179,23,1,6
BRDA:179,24,0,6
BRDA:179,24,1,0
BRDA:183,25,0,4
BRDA:183,25,1,2
BRDA:186,26,0,0
BRDA:186,26,1,2
BRDA:189,27,0,2
BRDA:189,27,1,0
BRDA:197,28,0,4
BRDA:197,28,1,0
BRDA:200,29,0,0
BRDA:200,29,1,0
BRDA:209,30,0,4
BRDA:209,30,1,0
BRDA:214,31,0,4
BRDA:214,31,1,4
BRDA:215,32,0,4
BRDA:215,32,1,4
BRDA:215,32,2,0
BRDA:216,33,0,4
BRDA:216,33,1,4
BRDA:217,34,0,4
BRDA:217,34,1,4
BRDA:218,35,0,0
BRDA:218,35,1,4
BRDA:220,36,0,0
BRDA:220,36,1,4
BRDA:228,37,0,0
BRDA:228,37,1,4
BRDA:234,38,0,0
BRDA:234,38,1,4
BRDA:234,39,0,4
BRDA:234,39,1,4
BRDA:238,40,0,4
BRDA:238,40,1,2
BRDA:240,41,0,2
BRDA:240,41,1,2
BRDA:240,42,0,4
BRDA:240,42,1,2
BRDA:243,43,0,0
BRDA:243,43,1,2
BRDA:243,44,0,2
BRDA:243,44,1,0
BRDA:243,45,0,2
BRDA:243,45,1,0
BRDA:255,46,0,1
BRDA:255,46,1,0
BRF:97
BRH:61
end_of_record
TN:
SF:routes/auth/commonAuth.routes.js
FN:17,(anonymous_0)
FN:72,(anonymous_1)
FNF:2
FNH:2
FNDA:4,(anonymous_0)
FNDA:2,(anonymous_1)
DA:1,1
DA:2,1
DA:3,1
DA:4,1
DA:5,1
DA:14,1
DA:17,1
DA:18,4
DA:20,4
DA:21,0
DA:30,0
DA:33,4
DA:34,4
DA:35,1
DA:44,1
DA:47,3
DA:48,3
DA:54,2
DA:55,2
DA:57,1
DA:58,1
DA:67,1
DA:72,1
DA:73,2
DA:74,2
DA:76,2
DA:77,2
DA:78,1
DA:87,1
DA:90,1
DA:91,1
DA:93,1
DA:94,1
DA:102,1
DA:104,0
DA:105,0
DA:106,0
DA:110,1
LF:38
LH:33
BRDA:20,0,0,0
BRDA:20,0,1,4
BRDA:33,1,0,2
BRDA:33,1,1,2
BRDA:34,2,0,1
BRDA:34,2,1,3
BRDA:67,3,0,1
BRDA:67,3,1,0
BRDA:76,4,0,2
BRDA:76,4,1,0
BRDA:77,5,0,1
BRDA:77,5,1,1
BRDA:90,6,0,1
BRDA:90,6,1,0
BRF:14
BRH:10
end_of_record
TN:
SF:routes/auth/customerAuth.routes.js
FN:31,(anonymous_0)
FN:79,(anonymous_1)
FN:168,(anonymous_2)
FNF:3
FNH:3
FNDA:3,(anonymous_0)
FNDA:6,(anonymous_1)
FNDA:2,(anonymous_2)
DA:1,1
DA:2,1
DA:3,1
DA:4,1
DA:5,1
DA:6,1
DA:7,1
DA:8,1
DA:9,1
DA:23,1
DA:28,1
DA:32,3
DA:33,3
DA:34,3
DA:35,3
DA:36,1
DA:40,2
DA:41,2
DA:44,2
DA:47,2
DA:54,2
DA:57,2
DA:58,2
DA:59,1
DA:62,2
DA:63,2
DA:64,1
DA:66,2
DA:69,0
DA:70,0
DA:75,1
DA:80,6
DA:81,6
DA:82,6
DA:83,6
DA:84,0
DA:86,6
DA:89,6
DA:90,6
DA:92,6
DA:93,1
DA:96,5
DA:98,5
DA:99,1
DA:102,4
DA:103,1
DA:106,3
DA:107,3
DA:111,3
DA:113,1
DA:117,1
DA:121,2
DA:122,2
DA:124,2
DA:126,1
DA:127,1
DA:134,1
DA:137,1
DA:139,1
DA:147,1
DA:154,0
DA:155,0
DA:160,1
DA:169,2
DA:170,2
DA:171,2
DA:172,2
DA:173,0
DA:175,2
DA:178,2
DA:179,2
DA:181,2
DA:182,0
DA:185,2
DA:186,2
DA:190,2
DA:191,0
DA:195,2
DA:196,2
DA:197,2
DA:198,1
DA:202,1
DA:205,1
DA:207,1
DA:208,1
DA:210,1
DA:224,1
DA:253,1
DA:255,1
DA:258,0
DA:259,0
DA:261,0
DA:264,0
DA:265,0
DA:267,0
DA:269,1
DA:272,1
DA:275,1
DA:282,1
DA:284,1
DA:291,0
DA:292,0
DA:296,1
LF:103
LH:87
BRDA:35,0,0,1
BRDA:35,0,1,2
BRDA:57,1,0,2
BRDA:57,1,1,2
BRDA:58,2,0,1
BRDA:58,2,1,1
BRDA:63,3,0,1
BRDA:63,3,1,1
BRDA:83,4,0,0
BRDA:83,4,1,6
BRDA:86,5,0,6
BRDA:86,5,1,0
BRDA:92,6,0,1
BRDA:92,6,1,5
BRDA:98,7,0,1
BRDA:98,7,1,4
BRDA:102,8,0,1
BRDA:102,8,1,3
BRDA:106,9,0,3
BRDA:106,9,1,0
BRDA:107,10,0,0
BRDA:107,10,1,3
BRDA:111,11,0,1
BRDA:111,11,1,2
BRDA:124,12,0,1
BRDA:124,12,1,1
BRDA:172,13,0,0
BRDA:172,13,1,2
BRDA:175,14,0,2
BRDA:175,14,1,0
BRDA:181,15,0,0
BRDA:181,15,1,2
BRDA:181,16,0,2
BRDA:181,16,1,2
BRDA:185,17,0,2
BRDA:185,17,1,0
BRDA:186,18,0,0
BRDA:186,18,1,2
BRDA:190,19,0,0
BRDA:190,19,1,2
BRDA:197,20,0,1
BRDA:197,20,1,1
BRDA:229,21,0,1
BRDA:229,21,1,1
BRDA:231,22,0,1
BRDA:231,22,1,1
BRDA:232,23,0,1
BRDA:232,23,1,1
BRDA:233,24,0,1
BRDA:233,24,1,1
BRDA:234,25,0,1
BRDA:234,25,1,1
BRDA:236,26,0,1
BRDA:236,26,1,1
BRDA:237,27,0,1
BRDA:237,27,1,1
BRDA:238,28,0,1
BRDA:238,28,1,1
BRDA:239,29,0,1
BRDA:239,29,1,1
BRDA:240,30,0,1
BRDA:240,30,1,1
BRDA:241,31,0,1
BRDA:241,31,1,1
BRDA:242,32,0,1
BRDA:242,32,1,1
BRDA:243,33,0,1
BRDA:243,33,1,1
BRDA:245,34,0,1
BRDA:245,34,1,1
BRDA:246,35,0,1
BRDA:246,35,1,1
BRDA:247,36,0,1
BRDA:247,36,1,1
BRDA:249,37,0,0
BRDA:249,37,1,1
BRDA:259,38,0,0
BRDA:259,38,1,0
BRDA:261,39,0,0
BRDA:261,39,1,0
BRDA:261,40,0,0
BRDA:261,40,1,0
BRDA:262,41,0,0
BRDA:262,41,1,0
BRDA:264,42,0,0
BRDA:264,42,1,0
BRDA:264,43,0,0
BRDA:264,43,1,0
BRF:88
BRH:65
end_of_record
TN:
SF:routes/auth/deliveryAuth.routes.js
FN:23,(anonymous_0)
FNF:1
FNH:1
FNDA:4,(anonymous_0)
DA:1,1
DA:2,1
DA:3,1
DA:4,1
DA:5,1
DA:6,1
DA:7,1
DA:8,1
DA:9,1
DA:16,1
DA:19,1
DA:24,4
DA:25,4
DA:28,4
DA:33,4
DA:35,3
DA:37,1
DA:38,1
DA:47,1
DA:50,2
DA:53,2
DA:54,2
DA:55,1
DA:64,1
DA:68,1
DA:80,1
DA:82,1
DA:90,1
DA:101,1
DA:102,1
DA:106,1
LF:31
LH:31
BRDA:35,0,0,1
BRDA:35,0,1,2
BRDA:54,1,0,1
BRDA:54,1,1,1
BRF:4
BRH:4
end_of_record
TN:
SF:routes/auth/supplierAuth.routes.js
FN:23,(anonymous_0)
FNF:1
FNH:1
FNDA:2,(anonymous_0)
DA:1,1
DA:2,1
DA:3,1
DA:4,1
DA:5,1
DA:6,1
DA:7,1
DA:8,1
DA:9,1
DA:16,1
DA:19,1
DA:24,2
DA:25,2
DA:28,2
DA:33,2
DA:36,2
DA:38,1
DA:39,1
DA:48,1
DA:51,1
DA:54,1
DA:55,1
DA:56,0
DA:65,0
DA:69,1
DA:81,1
DA:83,1
DA:91,1
DA:103,0
DA:104,0
DA:108,1
LF:31
LH:27
BRDA:36,0,0,1
BRDA:36,0,1,1
BRDA:55,1,0,0
BRDA:55,1,1,1
BRF:4
BRH:3
end_of_record
TN:
SF:routes/suppliers/supplierAgents.routes.js
FN:40,(anonymous_0)
FN:64,(anonymous_1)
FN:117,(anonymous_2)
FN:136,(anonymous_3)
FN:137,(anonymous_4)
FN:138,(anonymous_5)
FN:178,(anonymous_6)
FN:229,(anonymous_7)
FNF:8
FNH:6
FNDA:1,(anonymous_0)
FNDA:3,(anonymous_1)
FNDA:3,(anonymous_2)
FNDA:0,(anonymous_3)
FNDA:0,(anonymous_4)
FNDA:1,(anonymous_5)
FNDA:2,(anonymous_6)
FNDA:2,(anonymous_7)
DA:1,4
DA:2,4
DA:3,4
DA:4,4
DA:5,4
DA:6,4
DA:7,4
DA:8,4
DA:14,4
DA:15,4
DA:16,4
DA:17,4
DA:18,4
DA:19,4
DA:20,4
DA:21,4
DA:22,4
DA:37,4
DA:40,4
DA:41,1
DA:42,1
DA:44,1
DA:54,1
DA:55,1
DA:58,0
DA:59,0
DA:64,4
DA:65,3
DA:66,3
DA:67,3
DA:69,3
DA:70,3
DA:71,1
DA:75,2
DA:76,2
DA:78,2
DA:79,1
DA:83,1
DA:84,1
DA:86,1
DA:94,1
DA:99,1
DA:108,1
DA:111,0
DA:112,0
DA:117,4
DA:118,3
DA:119,3
DA:120,3
DA:121,3
DA:124,3
DA:125,3
DA:127,3
DA:128,1
DA:131,2
DA:136,0
DA:137,0
DA:138,1
DA:142,2
DA:143,1
DA:146,1
DA:147,1
DA:149,1
DA:156,1
DA:157,1
DA:158,1
DA:160,1
DA:169,1
DA:172,0
DA:173,0
DA:178,4
DA:179,2
DA:180,2
DA:181,2
DA:184,2
DA:185,2
DA:187,2
DA:188,0
DA:192,2
DA:199,2
DA:201,2
DA:202,1
DA:207,1
DA:208,1
DA:210,1
DA:212,1
DA:220,1
DA:223,0
DA:224,0
DA:229,4
DA:230,2
DA:231,2
DA:232,2
DA:235,2
DA:236,2
DA:238,1
DA:239,0
DA:242,1
DA:249,1
DA:250,1
DA:251,1
DA:253,1
DA:262,1
DA:265,1
DA:266,1
DA:271,4
LF:106
LH:94
BRDA:67,0,0,2
BRDA:70,1,0,1
BRDA:70,1,1,2
BRDA:78,2,0,1
BRDA:78,2,1,1
BRDA:83,3,0,1
BRDA:83,3,1,1
BRDA:95,4,0,1
BRDA:95,4,1,1
BRDA:96,5,0,1
BRDA:96,5,1,1
BRDA:127,6,0,1
BRDA:127,6,1,2
BRDA:136,7,0,0
BRDA:136,7,1,0
BRDA:137,8,0,0
BRDA:137,8,1,0
BRDA:142,9,0,1
BRDA:142,9,1,1
BRDA:157,10,0,1
BRDA:157,10,1,0
BRDA:187,11,0,0
BRDA:187,11,1,2
BRDA:201,12,0,1
BRDA:201,12,1,1
BRDA:238,13,0,0
BRDA:238,13,1,1
BRDA:250,14,0,1
BRDA:250,14,1,0
BRF:29
BRH:21
end_of_record
TN:
SF:routes/suppliers/supplierProducts.routes.js
FN:40,(anonymous_0)
FN:68,(anonymous_1)
FN:135,(anonymous_2)
FN:179,(anonymous_3)
FN:180,(anonymous_4)
FN:195,(anonymous_5)
FN:211,(anonymous_6)
FN:230,(anonymous_7)
FN:258,(anonymous_8)
FN:259,(anonymous_9)
FN:262,(anonymous_10)
FN:263,(anonymous_11)
FN:332,(anonymous_12)
FNF:13
FNH:9
FNDA:1,(anonymous_0)
FNDA:2,(anonymous_1)
FNDA:4,(anonymous_2)
FNDA:1,(anonymous_3)
FNDA:2,(anonymous_4)
FNDA:2,(anonymous_5)
FNDA:2,(anonymous_6)
FNDA:3,(anonymous_7)
FNDA:0,(anonymous_8)
FNDA:0,(anonymous_9)
FNDA:0,(anonymous_10)
FNDA:0,(anonymous_11)
FNDA:3,(anonymous_12)
DA:1,4
DA:2,4
DA:3,4
DA:4,4
DA:5,4
DA:6,4
DA:7,4
DA:8,4
DA:14,4
DA:15,4
DA:16,4
DA:17,4
DA:18,4
DA:19,4
DA:20,4
DA:21,4
DA:22,4
DA:37,4
DA:40,4
DA:41,1
DA:42,1
DA:43,1
DA:45,1
DA:47,1
DA:58,1
DA:59,1
DA:62,0
DA:63,0
DA:68,4
DA:69,2
DA:70,2
DA:74,2
DA:76,2
DA:84,2
DA:90,2
DA:92,2
DA:105,2
DA:106,2
DA:116,2
DA:117,2
DA:118,1
DA:119,1
DA:126,1
DA:129,0
DA:130,0
DA:135,4
DA:136,4
DA:137,4
DA:138,4
DA:140,4
DA:141,1
DA:144,3
DA:146,3
DA:147,3
DA:148,3
DA:149,3
DA:150,5
DA:151,5
DA:153,5
DA:154,1
DA:155,1
DA:158,4
DA:159,0
DA:160,0
DA:163,4
DA:166,2
DA:167,2
DA:169,2
DA:170,0
DA:171,0
DA:175,2
DA:176,2
DA:178,2
DA:179,1
DA:180,2
DA:181,1
DA:182,1
DA:185,1
DA:194,1
DA:195,2
DA:197,1
DA:198,1
DA:211,1
DA:212,2
DA:214,1
DA:217,0
DA:218,0
DA:220,3
DA:224,0
DA:225,0
DA:230,4
DA:231,3
DA:232,3
DA:233,3
DA:237,3
DA:239,3
DA:244,3
DA:246,3
DA:247,1
DA:250,2
DA:252,2
DA:258,0
DA:259,0
DA:262,0
DA:263,0
DA:267,2
DA:268,1
DA:271,1
DA:272,1
DA:274,1
DA:281,1
DA:282,1
DA:295,1
DA:296,1
DA:307,1
DA:312,1
DA:313,1
DA:314,1
DA:315,1
DA:316,1
DA:323,0
DA:326,0
DA:327,0
DA:332,4
DA:333,3
DA:334,3
DA:335,3
DA:337,3
DA:338,3
DA:340,3
DA:341,1
DA:344,2
DA:345,2
DA:347,2
DA:348,1
DA:349,1
DA:350,1
DA:351,1
DA:359,1
DA:362,1
DA:363,1
DA:364,1
DA:377,1
DA:378,1
DA:386,1
DA:389,0
DA:390,0
DA:395,4
LF:148
LH:127
BRDA:43,0,0,0
BRDA:43,1,0,0
BRDA:86,2,0,0
BRDA:86,2,1,2
BRDA:87,3,0,2
BRDA:87,3,1,0
BRDA:117,4,0,1
BRDA:117,4,1,1
BRDA:140,5,0,1
BRDA:140,5,1,3
BRDA:140,6,0,4
BRDA:140,6,1,4
BRDA:153,7,0,1
BRDA:153,7,1,4
BRDA:153,8,0,5
BRDA:153,8,1,5
BRDA:158,9,0,0
BRDA:158,9,1,4
BRDA:158,10,0,4
BRDA:158,10,1,4
BRDA:169,11,0,0
BRDA:169,11,1,2
BRDA:178,12,0,1
BRDA:178,12,1,1
BRDA:246,13,0,1
BRDA:246,13,1,2
BRDA:259,14,0,0
BRDA:259,14,1,0
BRDA:263,15,0,0
BRDA:263,15,1,0
BRDA:267,16,0,1
BRDA:267,16,1,1
BRDA:307,17,0,1
BRDA:307,17,1,1
BRDA:307,17,2,0
BRDA:307,17,3,0
BRDA:307,17,4,0
BRDA:307,17,5,0
BRDA:307,17,6,0
BRDA:307,17,7,0
BRDA:312,18,0,1
BRDA:312,18,1,0
BRDA:312,19,0,1
BRDA:312,19,1,0
BRDA:314,20,0,1
BRDA:314,20,1,0
BRDA:340,21,0,1
BRDA:340,21,1,2
BRDA:347,22,0,1
BRDA:347,22,1,1
BRF:50
BRH:31
end_of_record
TN:
SF:routes/suppliers/supplierProfile.routes.js
FN:38,(anonymous_0)
FN:79,(anonymous_1)
FN:101,(anonymous_2)
FN:120,(anonymous_3)
FNF:4
FNH:4
FNDA:2,(anonymous_0)
FNDA:2,(anonymous_1)
FNDA:3,(anonymous_2)
FNDA:2,(anonymous_3)
DA:1,4
DA:2,4
DA:3,4
DA:4,4
DA:5,4
DA:6,4
DA:7,4
DA:8,4
DA:14,4
DA:15,4
DA:16,4
DA:17,4
DA:18,4
DA:19,4
DA:20,4
DA:21,4
DA:36,4
DA:38,4
DA:39,2
DA:40,2
DA:42,2
DA:64,2
DA:66,2
DA:67,1
DA:70,1
DA:73,0
DA:74,0
DA:79,4
DA:80,2
DA:81,2
DA:83,2
DA:91,2
DA:92,1
DA:95,1
DA:96,1
DA:101,4
DA:102,3
DA:103,3
DA:104,3
DA:106,3
DA:107,1
DA:110,2
DA:112,2
DA:113,2
DA:116,2
DA:119,1
DA:120,1
DA:121,2
DA:124,1
DA:129,1
DA:132,1
DA:133,1
DA:144,1
DA:145,1
DA:146,1
DA:147,1
DA:156,1
DA:159,1
DA:160,1
DA:162,2
DA:166,1
DA:167,1
DA:172,4
LF:63
LH:61
BRDA:66,0,0,1
BRDA:66,0,1,1
BRDA:106,1,0,1
BRDA:106,1,1,2
BRDA:119,2,0,1
BRDA:119,2,1,0
BRF:6
BRH:5
end_of_record
TN:
SF:routes/suppliers/supplierPublic.routes.js
FN:47,(anonymous_0)
FN:90,(anonymous_1)
FNF:2
FNH:2
FNDA:3,(anonymous_0)
FNDA:2,(anonymous_1)
DA:1,3
DA:2,3
DA:3,3
DA:4,3
DA:5,3
DA:6,3
DA:7,3
DA:8,3
DA:9,3
DA:15,3
DA:16,3
DA:17,3
DA:18,3
DA:19,3
DA:20,3
DA:21,3
DA:36,3
DA:43,3
DA:48,3
DA:49,3
DA:51,3
DA:68,3
DA:70,3
DA:71,2
DA:72,2
DA:75,3
DA:77,3
DA:78,3
DA:80,0
DA:81,0
DA:86,3
DA:91,2
DA:92,2
DA:94,2
DA:108,2
DA:110,2
DA:111,1
DA:114,1
DA:125,1
DA:127,1
DA:128,1
DA:129,1
DA:131,1
DA:133,0
DA:134,0
DA:138,3
DA:140,3
LF:47
LH:43
BRDA:70,0,0,2
BRDA:70,0,1,1
BRDA:110,1,0,1
BRDA:110,1,1,1
BRF:4
BRH:4
end_of_record
TN:
SF:routes/suppliers/supplierStats.routes.js
FN:39,(anonymous_0)
FN:61,(anonymous_1)
FN:78,(anonymous_2)
FNF:3
FNH:3
FNDA:2,(anonymous_0)
FNDA:6,(anonymous_1)
FNDA:3,(anonymous_2)
DA:1,4
DA:2,4
DA:3,4
DA:4,4
DA:5,4
DA:6,4
DA:7,4
DA:8,4
DA:9,4
DA:15,4
DA:16,4
DA:17,4
DA:18,4
DA:19,4
DA:20,4
DA:21,4
DA:36,4
DA:39,4
DA:40,2
DA:41,2
DA:43,2
DA:57,2
DA:58,1
DA:61,1
DA:62,6
DA:63,5
DA:64,1
DA:65,1
DA:69,1
DA:72,1
DA:73,1
DA:78,4
DA:79,3
DA:80,3
DA:81,3
DA:82,3
DA:84,3
DA:85,3
DA:86,3
DA:88,3
DA:89,1
DA:90,1
DA:91,1
DA:94,3
DA:132,3
DA:134,3
DA:135,2
DA:137,2
DA:145,1
DA:146,1
DA:151,4
LF:51
LH:51
BRDA:62,0,0,5
BRDA:62,0,1,1
BRDA:62,1,0,6
BRDA:62,1,1,6
BRDA:62,1,2,2
BRDA:63,2,0,5
BRDA:63,2,1,0
BRDA:64,3,0,1
BRDA:64,3,1,0
BRDA:65,4,0,1
BRDA:65,4,1,0
BRDA:81,5,0,1
BRDA:81,6,0,1
BRDA:88,7,0,1
BRDA:88,7,1,2
BRDA:88,8,0,3
BRDA:88,8,1,1
BRDA:135,9,0,2
BRDA:135,9,1,0
BRDA:140,10,0,0
BRDA:140,10,1,2
BRF:21
BRH:16
end_of_record
TN:
SF:routes/suppliers/supplierUtils.js
FN:85,(anonymous_0)
FN:95,(anonymous_1)
FNF:2
FNH:1
FNDA:1,(anonymous_0)
FNDA:0,(anonymous_1)
DA:1,3
DA:2,3
DA:3,3
DA:12,3
DA:24,3
DA:29,3
DA:35,3
DA:48,3
DA:62,3
DA:67,3
DA:73,3
DA:80,3
DA:85,1
DA:90,3
DA:95,0
DA:100,3
DA:107,3
DA:115,3
LF:18
LH:17
BRF:0
BRH:0
end_of_record
TN:
SF:services/auditService.js
FN:7,(anonymous_0)
FN:13,(anonymous_1)
FN:16,(anonymous_2)
FN:33,(anonymous_3)
FN:35,(anonymous_4)
FN:55,(anonymous_5)
FN:77,(anonymous_6)
FNF:7
FNH:7
FNDA:9,(anonymous_0)
FNDA:13,(anonymous_1)
FNDA:9,(anonymous_2)
FNDA:13,(anonymous_3)
FNDA:13,(anonymous_4)
FNDA:13,(anonymous_5)
FNDA:13,(anonymous_6)
DA:2,6
DA:3,6
DA:5,6
DA:7,6
DA:8,9
DA:9,9
DA:10,0
DA:13,6
DA:14,13
DA:15,9
DA:16,9
DA:17,9
DA:18,9
DA:19,9
DA:20,0
DA:21,0
DA:23,0
DA:24,0
DA:26,0
DA:30,9
DA:33,13
DA:35,6
DA:43,13
DA:55,6
DA:56,13
DA:77,6
DA:86,13
DA:88,13
DA:98,13
DA:99,13
DA:101,0
DA:105,6
LF:32
LH:25
BRDA:7,0,0,9
BRDA:8,1,0,0
BRDA:8,1,1,9
BRDA:9,2,0,9
BRDA:9,2,1,0
BRDA:14,3,0,4
BRDA:14,3,1,9
BRDA:14,4,0,13
BRDA:14,4,1,9
BRDA:17,5,0,0
BRDA:17,5,1,9
BRDA:18,6,0,9
BRDA:18,6,1,0
BRDA:20,7,0,0
BRDA:20,7,1,0
BRDA:20,8,0,0
BRDA:20,8,1,0
BRDA:33,9,0,13
BRDA:33,9,1,13
BRDA:45,10,0,13
BRDA:45,10,1,4
BRDA:46,11,0,13
BRDA:46,11,1,7
BRDA:47,12,0,13
BRDA:47,12,1,0
BRDA:48,13,0,13
BRDA:48,13,1,7
BRDA:49,14,0,13
BRDA:49,14,1,0
BRDA:50,15,0,13
BRDA:50,15,1,13
BRDA:51,16,0,13
BRDA:51,16,1,13
BRDA:86,17,0,0
BRDA:86,17,1,13
BRF:35
BRH:24
end_of_record
TN:
SF:services/embeddingService.js
FN:11,(anonymous_0)
FN:15,(anonymous_1)
FN:21,(anonymous_2)
FN:29,(anonymous_3)
FN:40,(anonymous_4)
FN:42,(anonymous_5)
FN:60,(anonymous_6)
FN:81,(anonymous_7)
FNF:8
FNH:0
FNDA:0,(anonymous_0)
FNDA:0,(anonymous_1)
FNDA:0,(anonymous_2)
FNDA:0,(anonymous_3)
FNDA:0,(anonymous_4)
FNDA:0,(anonymous_5)
FNDA:0,(anonymous_6)
FNDA:0,(anonymous_7)
DA:2,5
DA:4,5
DA:5,5
DA:6,5
DA:7,5
DA:8,5
DA:9,5
DA:11,5
DA:13,5
DA:15,5
DA:16,0
DA:21,5
DA:22,0
DA:23,0
DA:24,0
DA:25,0
DA:26,0
DA:29,5
DA:30,0
DA:31,0
DA:33,0
DA:34,0
DA:35,0
DA:36,0
DA:40,5
DA:41,0
DA:42,0
DA:44,0
DA:45,0
DA:46,0
DA:47,0
DA:49,0
DA:59,0
DA:60,0
DA:61,0
DA:64,0
DA:66,0
DA:71,0
DA:72,0
DA:75,0
DA:77,0
DA:81,5
DA:82,0
DA:83,0
DA:84,0
DA:85,0
DA:86,0
DA:88,0
DA:89,0
DA:90,0
DA:91,0
DA:93,0
DA:94,0
DA:98,5
LF:54
LH:15
BRDA:7,0,0,0
BRDA:7,0,1,5
BRDA:8,1,0,5
BRDA:8,1,1,5
BRDA:9,2,0,5
BRDA:9,2,1,5
BRDA:16,3,0,0
BRDA:16,3,1,0
BRDA:22,4,0,0
BRDA:22,4,1,0
BRDA:30,5,0,0
BRDA:30,5,1,0
BRDA:34,6,0,0
BRDA:34,6,1,0
BRDA:46,7,0,0
BRDA:46,7,1,0
BRDA:47,8,0,0
BRDA:47,8,1,0
BRDA:53,9,0,0
BRDA:53,9,1,0
BRDA:59,10,0,0
BRDA:59,10,1,0
BRDA:66,11,0,0
BRDA:66,11,1,0
BRDA:66,11,2,0
BRDA:66,11,3,0
BRDA:71,12,0,0
BRDA:71,12,1,0
BRDA:82,13,0,0
BRDA:82,13,1,0
BRDA:84,14,0,0
BRDA:84,14,1,0
BRDA:86,15,0,0
BRDA:86,15,1,0
BRF:34
BRH:5
end_of_record
TN:
SF:services/jwtService.js
FN:5,(anonymous_0)
FN:11,(anonymous_1)
FN:19,(anonymous_2)
FN:26,(anonymous_3)
FN:28,(anonymous_4)
FNF:5
FNH:4
FNDA:0,(anonymous_0)
FNDA:13,(anonymous_1)
FNDA:19,(anonymous_2)
FNDA:13,(anonymous_3)
FNDA:19,(anonymous_4)
DA:2,9
DA:4,9
DA:5,0
DA:7,9
DA:8,9
DA:9,9
DA:11,9
DA:12,13
DA:13,13
DA:14,13
DA:15,13
DA:16,13
DA:19,9
DA:20,19
DA:21,19
DA:22,19
DA:23,19
DA:26,13
DA:28,9
DA:29,19
DA:31,9
LF:21
LH:20
BRDA:4,0,0,0
BRDA:4,0,1,9
BRDA:9,1,0,9
BRDA:9,1,1,9
BRDA:13,2,0,0
BRDA:13,2,1,13
BRDA:14,3,0,0
BRDA:14,3,1,13
BRDA:15,4,0,0
BRDA:15,4,1,13
BRDA:19,5,0,0
BRDA:21,6,0,0
BRDA:21,6,1,19
BRDA:22,7,0,0
BRDA:22,7,1,19
BRDA:28,8,0,5
BRF:16
BRH:9
end_of_record
TN:
SF:services/linkingQueue.js
FN:10,(anonymous_0)
FN:27,(anonymous_1)
FNF:2
FNH:2
FNDA:6,(anonymous_0)
FNDA:3,(anonymous_1)
DA:4,8
DA:5,8
DA:6,8
DA:8,8
DA:10,8
DA:11,6
DA:12,5
DA:13,4
DA:14,4
DA:24,5
DA:27,8
DA:28,3
DA:29,3
DA:31,3
DA:32,3
DA:43,2
DA:45,1
DA:46,1
DA:50,8
LF:19
LH:19
BRDA:11,0,0,1
BRDA:11,0,1,5
BRDA:12,1,0,4
BRDA:12,1,1,1
BRDA:27,2,0,2
BRDA:29,3,0,0
BRDA:29,3,1,3
BRDA:36,4,0,3
BRDA:36,4,1,2
BRF:9
BRH:8
end_of_record
TN:
SF:services/logger.js
FN:28,(anonymous_0)
FN:35,(anonymous_1)
FN:35,(anonymous_2)
FN:36,(anonymous_3)
FN:36,(anonymous_4)
FN:38,(anonymous_5)
FN:41,(anonymous_6)
FN:61,(anonymous_7)
FN:82,(anonymous_8)
FN:86,(anonymous_9)
FN:90,(anonymous_10)
FN:103,(anonymous_11)
FN:109,(anonymous_12)
FN:129,(anonymous_13)
FNF:14
FNH:11
FNDA:2,(anonymous_0)
FNDA:11,(anonymous_1)
FNDA:66,(anonymous_2)
FNDA:8,(anonymous_3)
FNDA:15,(anonymous_4)
FNDA:23,(anonymous_5)
FNDA:10,(anonymous_6)
FNDA:7,(anonymous_7)
FNDA:4,(anonymous_8)
FNDA:1,(anonymous_9)
FNDA:2,(anonymous_10)
FNDA:0,(anonymous_11)
FNDA:0,(anonymous_12)
FNDA:0,(anonymous_13)
DA:11,17
DA:13,17
DA:23,17
DA:28,17
DA:29,2
DA:30,2
DA:31,2
DA:32,2
DA:35,66
DA:36,17
DA:38,17
DA:39,23
DA:40,23
DA:41,10
DA:43,21
DA:44,7
DA:45,7
DA:46,11
DA:47,3
DA:48,3
DA:50,8
DA:51,2
DA:52,2
DA:54,6
DA:56,7
DA:58,14
DA:61,17
DA:62,7
DA:63,7
DA:71,7
DA:72,0
DA:76,7
DA:79,7
DA:82,17
DA:83,4
DA:86,17
DA:87,1
DA:90,17
DA:91,2
DA:93,2
DA:94,2
DA:95,2
DA:96,2
DA:100,2
DA:103,17
DA:104,0
DA:105,0
DA:109,17
DA:110,0
DA:118,0
DA:119,0
DA:122,0
DA:123,0
DA:126,0
DA:129,17
DA:130,0
DA:135,0
DA:136,0
DA:137,0
DA:138,0
DA:142,17
DA:151,17
LF:62
LH:48
BRDA:29,0,0,0
BRDA:29,0,1,2
BRDA:29,1,0,2
BRDA:29,1,1,2
BRDA:31,2,0,0
BRDA:31,2,1,2
BRDA:38,3,0,7
BRDA:39,4,0,0
BRDA:39,4,1,23
BRDA:40,5,0,2
BRDA:40,5,1,21
BRDA:43,6,0,7
BRDA:43,6,1,14
BRDA:43,7,0,21
BRDA:43,7,1,21
BRDA:46,8,0,3
BRDA:46,8,1,8
BRDA:50,9,0,2
BRDA:50,9,1,6
BRDA:61,10,0,0
BRDA:71,11,0,0
BRDA:71,11,1,7
BRDA:76,12,0,6
BRDA:76,12,1,1
BRDA:82,13,0,1
BRDA:86,14,0,0
BRDA:90,15,0,0
BRDA:90,16,0,2
BRDA:93,17,0,2
BRDA:93,17,1,0
BRDA:95,18,0,2
BRDA:95,18,1,0
BRDA:103,19,0,0
BRDA:104,20,0,0
BRDA:104,20,1,0
BRDA:109,21,0,0
BRDA:109,22,0,0
BRDA:118,23,0,0
BRDA:118,23,1,0
BRDA:122,24,0,0
BRDA:122,24,1,0
BRDA:129,25,0,0
BRDA:135,26,0,0
BRDA:135,26,1,0
BRDA:137,27,0,0
BRDA:137,27,1,0
BRF:46
BRH:23
end_of_record
TN:
SF:services/notificationQueue.js
FN:10,(anonymous_0)
FN:27,(anonymous_1)
FNF:2
FNH:2
FNDA:5,(anonymous_0)
FNDA:2,(anonymous_1)
DA:4,5
DA:5,5
DA:6,5
DA:8,5
DA:10,5
DA:11,5
DA:12,4
DA:13,3
DA:14,3
DA:24,4
DA:27,5
DA:28,2
DA:29,2
DA:31,2
DA:32,2
DA:35,1
DA:37,1
DA:38,1
DA:42,5
LF:19
LH:19
BRDA:11,0,0,1
BRDA:11,0,1,4
BRDA:12,1,0,3
BRDA:12,1,1,1
BRDA:29,2,0,0
BRDA:29,2,1,2
BRF:6
BRH:5
end_of_record
TN:
SF:services/orderNotificationOutbox.js
FN:11,(anonymous_0)
FN:16,(anonymous_1)
FN:63,(anonymous_2)
FN:98,(anonymous_3)
FN:112,(anonymous_4)
FN:133,(anonymous_5)
FN:140,(anonymous_6)
FN:163,(anonymous_7)
FN:192,(anonymous_8)
FNF:9
FNH:9
FNDA:1,(anonymous_0)
FNDA:6,(anonymous_1)
FNDA:5,(anonymous_2)
FNDA:2,(anonymous_3)
FNDA:1,(anonymous_4)
FNDA:3,(anonymous_5)
FNDA:3,(anonymous_6)
FNDA:5,(anonymous_7)
FNDA:1,(anonymous_8)
DA:1,10
DA:2,10
DA:3,10
DA:4,10
DA:6,10
DA:11,10
DA:12,1
DA:13,1
DA:16,10
DA:17,6
DA:18,3
DA:21,3
DA:22,3
DA:23,3
DA:24,5
DA:25,5
DA:26,5
DA:27,1
DA:30,4
DA:51,2
DA:54,1
DA:56,2
DA:59,2
DA:63,10
DA:64,5
DA:68,5
DA:69,1
DA:84,4
DA:98,10
DA:99,2
DA:112,10
DA:116,1
DA:118,1
DA:130,1
DA:133,10
DA:134,3
DA:135,2
DA:136,1
DA:140,10
DA:141,3
DA:142,3
DA:143,3
DA:145,3
DA:146,3
DA:147,2
DA:148,2
DA:150,1
DA:155,1
DA:159,1
DA:163,10
DA:164,5
DA:165,5
DA:166,5
DA:168,5
DA:169,5
DA:170,5
DA:172,4
DA:173,3
DA:174,3
DA:175,3
DA:178,4
DA:179,4
DA:185,1
DA:186,1
DA:188,5
DA:192,10
DA:193,1
DA:195,10
LF:68
LH:68
BRDA:12,0,0,1
BRDA:12,0,1,0
BRDA:17,1,0,3
BRDA:17,1,1,3
BRDA:17,2,0,6
BRDA:17,2,1,5
BRDA:17,2,2,4
BRDA:26,3,0,1
BRDA:26,3,1,4
BRDA:26,4,0,5
BRDA:26,4,1,4
BRDA:57,5,0,2
BRDA:57,5,1,0
BRDA:64,6,0,5
BRDA:64,6,1,0
BRDA:64,7,0,5
BRDA:64,7,1,5
BRDA:68,8,0,1
BRDA:68,8,1,4
BRDA:127,9,0,1
BRDA:127,9,1,0
BRDA:135,10,0,1
BRDA:135,10,1,1
BRDA:142,11,0,3
BRDA:142,11,1,0
BRDA:143,12,0,3
BRDA:143,12,1,2
BRDA:163,13,0,4
BRDA:163,14,0,4
BRDA:163,15,0,4
BRF:30
BRH:25
end_of_record
TN:
SF:services/passwordPolicy.js
FN:5,(anonymous_0)
FN:6,(anonymous_1)
FN:7,(anonymous_2)
FN:8,(anonymous_3)
FN:10,(anonymous_4)
FNF:5
FNH:5
FNDA:4,(anonymous_0)
FNDA:4,(anonymous_1)
FNDA:4,(anonymous_2)
FNDA:4,(anonymous_3)
FNDA:4,(anonymous_4)
DA:2,8
DA:3,8
DA:5,8
DA:6,8
DA:7,8
DA:8,8
DA:10,8
DA:11,4
DA:12,4
DA:13,0
DA:16,4
DA:17,1
DA:20,4
DA:21,4
DA:22,4
DA:23,4
DA:24,4
DA:27,4
DA:30,8
LF:19
LH:18
BRDA:2,0,0,8
BRDA:2,0,1,8
BRDA:12,1,0,0
BRDA:12,1,1,4
BRDA:12,2,0,4
BRDA:12,2,1,4
BRDA:16,3,0,1
BRDA:16,3,1,3
BRDA:20,4,0,4
BRDA:20,4,1,0
BRDA:21,5,0,1
BRDA:21,5,1,3
BRDA:22,6,0,0
BRDA:22,6,1,4
BRDA:23,7,0,1
BRDA:23,7,1,3
BRDA:24,8,0,1
BRDA:24,8,1,3
BRF:18
BRH:15
end_of_record
TN:
SF:services/pricingEngine.js
FN:8,(anonymous_0)
FN:127,(anonymous_1)
FNF:2
FNH:1
FNDA:1,(anonymous_0)
FNDA:0,(anonymous_1)
DA:2,1
DA:3,1
DA:4,1
DA:6,1
DA:8,1
DA:9,1
DA:12,1
DA:13,1
DA:14,1
DA:16,1
DA:20,1
DA:21,1
DA:22,0
DA:23,0
DA:24,0
DA:27,1
DA:28,1
DA:29,1
DA:30,1
DA:31,1
DA:32,1
DA:33,1
DA:35,1
DA:121,1
DA:122,1
DA:123,1
DA:124,1
DA:127,0
DA:128,0
DA:129,0
DA:130,0
DA:133,0
DA:137,0
DA:138,0
DA:141,0
DA:143,0
DA:144,0
DA:147,0
DA:149,1
DA:153,1
LF:40
LH:26
BRDA:6,0,0,1
BRDA:6,0,1,1
BRDA:21,1,0,0
BRDA:21,1,1,1
BRDA:27,2,0,1
BRDA:27,2,1,0
BRDA:28,3,0,1
BRDA:28,3,1,0
BRDA:29,4,0,1
BRDA:29,4,1,0
BRDA:30,5,0,1
BRDA:30,5,1,0
BRDA:31,6,0,1
BRDA:31,6,1,0
BRDA:32,7,0,1
BRDA:32,7,1,0
BRDA:33,8,0,1
BRDA:33,8,1,0
BRDA:121,9,0,1
BRDA:121,9,1,0
BRDA:130,10,0,0
BRDA:130,10,1,0
BRDA:130,10,2,0
BRDA:143,11,0,0
BRDA:143,11,1,0
BRDA:149,12,0,1
BRDA:149,12,1,0
BRF:27
BRH:12
end_of_record
TN:
SF:services/pricingQueue.js
FN:10,(anonymous_0)
FN:27,(anonymous_1)
FNF:2
FNH:2
FNDA:7,(anonymous_0)
FNDA:4,(anonymous_1)
DA:4,6
DA:5,6
DA:6,6
DA:8,6
DA:10,6
DA:11,7
DA:12,5
DA:13,4
DA:14,4
DA:24,5
DA:27,6
DA:28,4
DA:29,4
DA:31,3
DA:33,3
DA:34,3
DA:42,2
DA:43,2
DA:45,1
DA:46,1
DA:50,6
LF:21
LH:21
BRDA:11,0,0,2
BRDA:11,0,1,5
BRDA:12,1,0,4
BRDA:12,1,1,1
BRDA:29,2,0,1
BRDA:29,2,1,3
BRDA:31,3,0,3
BRDA:31,3,1,1
BRF:8
BRH:8
end_of_record
TN:
SF:services/productLinkingService.js
FN:16,(anonymous_0)
FN:27,(anonymous_1)
FN:48,(anonymous_2)
FN:58,(anonymous_3)
FN:76,(anonymous_4)
FN:81,(anonymous_5)
FN:91,(anonymous_6)
FN:112,(anonymous_7)
FN:129,(anonymous_8)
FN:138,(anonymous_9)
FN:177,(anonymous_10)
FN:180,(anonymous_11)
FN:183,(anonymous_12)
FN:190,(anonymous_13)
FN:195,(anonymous_14)
FN:212,(anonymous_15)
FN:231,(anonymous_16)
FN:255,(anonymous_17)
FN:275,(anonymous_18)
FN:298,(anonymous_19)
FNF:20
FNH:19
FNDA:1,(anonymous_0)
FNDA:3,(anonymous_1)
FNDA:1,(anonymous_2)
FNDA:1,(anonymous_3)
FNDA:1,(anonymous_4)
FNDA:1,(anonymous_5)
FNDA:2,(anonymous_6)
FNDA:1,(anonymous_7)
FNDA:2,(anonymous_8)
FNDA:1,(anonymous_9)
FNDA:3,(anonymous_10)
FNDA:2,(anonymous_11)
FNDA:0,(anonymous_12)
FNDA:2,(anonymous_13)
FNDA:2,(anonymous_14)
FNDA:2,(anonymous_15)
FNDA:2,(anonymous_16)
FNDA:2,(anonymous_17)
FNDA:2,(anonymous_18)
FNDA:3,(anonymous_19)
DA:4,4
DA:5,4
DA:6,4
DA:7,4
DA:8,4
DA:9,4
DA:10,4
DA:12,4
DA:13,4
DA:14,4
DA:16,4
DA:17,1
DA:27,4
DA:28,3
DA:45,3
DA:48,4
DA:49,1
DA:51,1
DA:58,4
DA:59,1
DA:68,1
DA:69,1
DA:70,1
DA:73,1
DA:76,4
DA:77,1
DA:78,1
DA:81,4
DA:82,1
DA:84,1
DA:85,1
DA:86,1
DA:88,1
DA:91,4
DA:92,2
DA:93,1
DA:94,1
DA:95,1
DA:97,1
DA:98,1
DA:105,1
DA:107,0
DA:108,0
DA:112,4
DA:113,1
DA:114,1
DA:124,1
DA:125,1
DA:126,1
DA:129,4
DA:130,2
DA:134,2
DA:135,1
DA:138,4
DA:139,1
DA:140,1
DA:141,1
DA:142,1
DA:143,1
DA:145,1
DA:174,1
DA:177,4
DA:178,3
DA:180,4
DA:181,2
DA:183,4
DA:184,0
DA:190,4
DA:191,2
DA:192,1
DA:195,4
DA:196,2
DA:197,0
DA:200,2
DA:201,2
DA:202,1
DA:209,1
DA:212,4
DA:213,2
DA:214,0
DA:215,0
DA:218,2
DA:228,2
DA:231,4
DA:239,2
DA:255,4
DA:256,2
DA:257,2
DA:258,1
DA:266,1
DA:267,1
DA:275,4
DA:276,2
DA:277,2
DA:278,2
DA:280,2
DA:285,2
DA:286,2
DA:295,2
DA:298,4
DA:299,3
DA:301,3
DA:302,3
DA:303,0
DA:306,3
DA:307,1
DA:310,2
DA:312,2
DA:313,0
DA:314,0
DA:317,2
DA:324,2
DA:332,4
LF:113
LH:104
BRDA:12,0,0,4
BRDA:12,0,1,4
BRDA:13,1,0,4
BRDA:13,1,1,4
BRDA:14,2,0,4
BRDA:14,2,1,4
BRDA:49,3,0,0
BRDA:49,3,1,1
BRDA:69,4,0,1
BRDA:69,4,1,0
BRDA:77,5,0,1
BRDA:77,5,1,1
BRDA:77,5,2,0
BRDA:78,6,0,1
BRDA:78,6,1,0
BRDA:82,7,0,0
BRDA:82,7,1,1
BRDA:84,8,0,1
BRDA:84,8,1,0
BRDA:86,9,0,0
BRDA:86,9,1,1
BRDA:86,10,0,1
BRDA:86,10,1,1
BRDA:92,11,0,1
BRDA:92,11,1,1
BRDA:92,12,0,2
BRDA:92,12,1,1
BRDA:94,13,0,0
BRDA:94,13,1,1
BRDA:113,14,0,0
BRDA:113,14,1,1
BRDA:125,15,0,0
BRDA:125,15,1,1
BRDA:134,16,0,1
BRDA:134,16,1,1
BRDA:139,17,0,1
BRDA:139,17,1,0
BRDA:139,17,2,0
BRDA:140,18,0,1
BRDA:140,18,1,0
BRDA:141,19,0,1
BRDA:141,19,1,1
BRDA:142,20,0,1
BRDA:142,20,1,0
BRDA:143,21,0,1
BRDA:143,21,1,0
BRDA:178,22,0,3
BRDA:178,22,1,3
BRDA:178,22,2,1
BRDA:181,23,0,2
BRDA:181,23,1,0
BRDA:181,23,2,0
BRDA:191,24,0,1
BRDA:191,24,1,1
BRDA:196,25,0,0
BRDA:196,25,1,2
BRDA:196,26,0,2
BRDA:196,26,1,2
BRDA:197,27,0,0
BRDA:197,27,1,0
BRDA:200,28,0,1
BRDA:200,28,1,1
BRDA:201,29,0,1
BRDA:201,29,1,1
BRDA:213,30,0,0
BRDA:213,30,1,2
BRDA:247,31,0,1
BRDA:247,31,1,1
BRDA:257,32,0,1
BRDA:257,32,1,1
BRDA:268,33,0,1
BRDA:268,33,1,0
BRDA:298,34,0,0
BRDA:299,35,0,0
BRDA:299,36,0,3
BRDA:302,37,0,0
BRDA:302,37,1,3
BRDA:306,38,0,1
BRDA:306,38,1,2
BRDA:312,39,0,0
BRDA:312,39,1,2
BRF:81
BRH:55
end_of_record
TN:
SF:services/queueMonitor.js
FN:9,(anonymous_0)
FN:13,(anonymous_1)
FNF:2
FNH:2
FNDA:5,(anonymous_0)
FNDA:4,(anonymous_1)
DA:4,4
DA:5,4
DA:6,4
DA:7,4
DA:9,4
DA:10,5
DA:13,4
DA:14,4
DA:15,1
DA:18,3
DA:24,3
DA:25,3
DA:26,9
DA:27,4
DA:28,4
DA:31,5
DA:32,5
DA:33,5
DA:34,5
DA:35,4
DA:37,1
DA:40,5
DA:47,3
DA:50,4
LF:24
LH:24
BRDA:14,0,0,1
BRDA:14,0,1,3
BRDA:26,1,0,4
BRDA:26,1,1,5
BRF:4
BRH:4
end_of_record
TN:
SF:services/relatedProductsService.js
FN:19,(anonymous_0)
FN:32,(anonymous_1)
FN:48,(anonymous_2)
FN:64,(anonymous_3)
FN:71,(anonymous_4)
FN:101,(anonymous_5)
FN:125,(anonymous_6)
FN:130,(anonymous_7)
FN:137,(anonymous_8)
FN:165,(anonymous_9)
FN:172,(anonymous_10)
FN:179,(anonymous_11)
FN:212,(anonymous_12)
FN:232,(anonymous_13)
FN:243,(anonymous_14)
FN:244,(anonymous_15)
FN:247,(anonymous_16)
FNF:17
FNH:14
FNDA:2,(anonymous_0)
FNDA:1,(anonymous_1)
FNDA:1,(anonymous_2)
FNDA:2,(anonymous_3)
FNDA:1,(anonymous_4)
FNDA:0,(anonymous_5)
FNDA:0,(anonymous_6)
FNDA:0,(anonymous_7)
FNDA:1,(anonymous_8)
FNDA:2,(anonymous_9)
FNDA:2,(anonymous_10)
FNDA:2,(anonymous_11)
FNDA:2,(anonymous_12)
FNDA:2,(anonymous_13)
FNDA:3,(anonymous_14)
FNDA:3,(anonymous_15)
FNDA:3,(anonymous_16)
DA:4,1
DA:5,1
DA:6,1
DA:7,1
DA:8,1
DA:9,1
DA:10,1
DA:12,1
DA:13,1
DA:14,1
DA:15,1
DA:16,1
DA:17,1
DA:19,1
DA:20,2
DA:29,2
DA:32,1
DA:33,1
DA:34,1
DA:45,1
DA:48,1
DA:49,1
DA:50,1
DA:64,2
DA:71,1
DA:72,1
DA:73,0
DA:74,0
DA:76,0
DA:84,0
DA:85,0
DA:87,0
DA:99,0
DA:100,0
DA:101,0
DA:105,0
DA:107,0
DA:108,0
DA:123,0
DA:124,0
DA:125,0
DA:130,0
DA:132,0
DA:133,0
DA:137,1
DA:138,1
DA:139,1
DA:141,1
DA:142,1
DA:144,1
DA:158,1
DA:159,1
DA:160,1
DA:163,1
DA:164,1
DA:165,2
DA:168,1
DA:169,1
DA:171,1
DA:172,2
DA:179,1
DA:180,2
DA:181,2
DA:182,2
DA:184,2
DA:185,0
DA:186,0
DA:187,0
DA:188,0
DA:191,0
DA:195,2
DA:196,2
DA:198,1
DA:200,1
DA:205,1
DA:207,1
DA:208,1
DA:209,1
DA:212,2
DA:214,1
DA:217,1
DA:218,1
DA:219,1
DA:220,2
DA:221,2
DA:222,2
DA:223,2
DA:224,2
DA:227,1
DA:228,1
DA:229,1
DA:232,2
DA:234,1
DA:235,2
DA:236,1
DA:237,1
DA:238,1
DA:243,3
DA:244,3
DA:246,1
DA:248,3
DA:249,3
DA:250,3
DA:254,1
DA:256,1
DA:257,0
DA:258,0
DA:260,0
DA:264,1
DA:267,1
LF:110
LH:84
BRDA:12,0,0,1
BRDA:12,0,1,1
BRDA:17,1,0,1
BRDA:17,1,1,1
BRDA:33,2,0,0
BRDA:33,2,1,1
BRDA:49,3,0,0
BRDA:49,3,1,1
BRDA:72,4,0,1
BRDA:72,4,1,0
BRDA:72,5,0,1
BRDA:72,5,1,0
BRDA:74,6,0,0
BRDA:74,6,1,0
BRDA:85,7,0,0
BRDA:85,7,1,0
BRDA:99,8,0,0
BRDA:99,8,1,0
BRDA:99,9,0,0
BRDA:99,9,1,0
BRDA:105,10,0,0
BRDA:105,10,1,0
BRDA:123,11,0,0
BRDA:123,11,1,0
BRDA:123,11,2,0
BRDA:126,12,0,0
BRDA:126,12,1,0
BRDA:138,13,0,1
BRDA:138,13,1,0
BRDA:138,13,2,0
BRDA:139,14,0,0
BRDA:139,14,1,1
BRDA:158,15,0,1
BRDA:158,15,1,0
BRDA:163,16,0,1
BRDA:163,16,1,0
BRDA:163,17,0,1
BRDA:163,17,1,1
BRDA:179,18,0,1
BRDA:180,19,0,2
BRDA:180,19,1,0
BRDA:184,20,0,0
BRDA:184,20,1,2
BRDA:187,21,0,0
BRDA:187,21,1,0
BRDA:196,22,0,1
BRDA:196,22,1,1
BRDA:208,23,0,1
BRDA:208,23,1,0
BRDA:220,24,0,0
BRDA:220,24,1,2
BRDA:221,25,0,0
BRDA:221,25,1,2
BRDA:224,26,0,0
BRDA:224,26,1,2
BRDA:228,27,0,1
BRDA:228,27,1,0
BRDA:235,28,0,1
BRDA:235,28,1,1
BRDA:238,29,0,0
BRDA:238,29,1,1
BRDA:249,30,0,0
BRDA:249,30,1,3
BRDA:256,31,0,0
BRDA:256,31,1,1
BRF:65
BRH:29
end_of_record
TN:
SF:services/searchIndexer.js
FN:12,(anonymous_0)
FN:14,(anonymous_1)
FN:29,(anonymous_2)
FN:44,(anonymous_3)
FN:49,(anonymous_4)
FN:52,(anonymous_5)
FN:67,(anonymous_6)
FN:82,(anonymous_7)
FN:107,(anonymous_8)
FN:129,(anonymous_9)
FN:166,(anonymous_10)
FN:199,(anonymous_11)
FN:228,(anonymous_12)
FN:255,(anonymous_13)
FN:267,(anonymous_14)
FN:279,(anonymous_15)
FN:291,(anonymous_16)
FN:303,(anonymous_17)
FN:310,(anonymous_18)
FN:313,(anonymous_19)
FN:320,(anonymous_20)
FN:323,(anonymous_21)
FN:337,(anonymous_22)
FNF:23
FNH:21
FNDA:11,(anonymous_0)
FNDA:7,(anonymous_1)
FNDA:2,(anonymous_2)
FNDA:4,(anonymous_3)
FNDA:5,(anonymous_4)
FNDA:6,(anonymous_5)
FNDA:1,(anonymous_6)
FNDA:1,(anonymous_7)
FNDA:1,(anonymous_8)
FNDA:5,(anonymous_9)
FNDA:1,(anonymous_10)
FNDA:0,(anonymous_11)
FNDA:1,(anonymous_12)
FNDA:7,(anonymous_13)
FNDA:2,(anonymous_14)
FNDA:1,(anonymous_15)
FNDA:1,(anonymous_16)
FNDA:2,(anonymous_17)
FNDA:2,(anonymous_18)
FNDA:1,(anonymous_19)
FNDA:0,(anonymous_20)
FNDA:1,(anonymous_21)
FNDA:1,(anonymous_22)
DA:2,17
DA:3,17
DA:4,17
DA:9,17
DA:10,17
DA:12,17
DA:14,17
DA:15,7
DA:16,7
DA:17,7
DA:18,7
DA:25,1
DA:29,17
DA:30,2
DA:31,2
DA:32,2
DA:33,2
DA:40,0
DA:44,17
DA:45,4
DA:49,5
DA:52,17
DA:53,6
DA:64,6
DA:67,17
DA:68,1
DA:79,1
DA:82,17
DA:83,1
DA:104,1
DA:107,17
DA:108,1
DA:126,1
DA:129,17
DA:130,5
DA:131,5
DA:132,5
DA:141,5
DA:142,5
DA:166,17
DA:167,1
DA:168,1
DA:169,1
DA:177,1
DA:178,1
DA:199,17
DA:200,0
DA:201,0
DA:202,0
DA:210,0
DA:211,0
DA:228,17
DA:229,1
DA:230,1
DA:239,1
DA:240,1
DA:255,17
DA:256,7
DA:257,6
DA:258,6
DA:259,1
DA:260,1
DA:262,5
DA:263,5
DA:264,5
DA:267,17
DA:268,2
DA:269,1
DA:270,1
DA:271,0
DA:272,0
DA:274,1
DA:275,1
DA:276,1
DA:279,17
DA:280,1
DA:281,1
DA:282,1
DA:283,1
DA:284,1
DA:286,0
DA:287,0
DA:288,0
DA:291,17
DA:292,1
DA:293,1
DA:294,1
DA:295,0
DA:296,0
DA:298,1
DA:299,1
DA:300,1
DA:303,17
DA:304,2
DA:305,2
DA:308,2
DA:309,1
DA:310,2
DA:313,17
DA:314,1
DA:315,1
DA:318,1
DA:319,0
DA:320,0
DA:323,17
DA:324,1
DA:325,1
DA:326,1
DA:327,1
DA:333,0
DA:337,17
DA:338,1
DA:339,1
DA:340,1
DA:341,1
DA:347,1
DA:351,17
LF:117
LH:101
BRDA:16,0,0,0
BRDA:16,0,1,7
BRDA:22,1,0,0
BRDA:22,1,1,7
BRDA:31,2,0,0
BRDA:31,2,1,2
BRDA:36,3,0,0
BRDA:36,3,1,2
BRDA:129,4,0,0
BRDA:130,5,0,0
BRDA:130,5,1,5
BRDA:131,6,0,5
BRDA:131,6,1,2
BRDA:141,7,0,0
BRDA:141,7,1,5
BRDA:162,8,0,0
BRDA:162,8,1,5
BRDA:166,9,0,0
BRDA:167,10,0,0
BRDA:167,10,1,1
BRDA:168,11,0,1
BRDA:168,11,1,1
BRDA:177,12,0,1
BRDA:177,12,1,0
BRDA:195,13,0,1
BRDA:195,13,1,0
BRDA:200,14,0,0
BRDA:200,14,1,0
BRDA:210,15,0,0
BRDA:210,15,1,0
BRDA:220,16,0,0
BRDA:220,16,1,0
BRDA:224,17,0,0
BRDA:224,17,1,0
BRDA:229,18,0,0
BRDA:229,18,1,1
BRDA:239,19,0,0
BRDA:239,19,1,1
BRDA:251,20,0,0
BRDA:251,20,1,1
BRDA:255,21,0,4
BRDA:256,22,0,1
BRDA:256,22,1,6
BRDA:258,23,0,1
BRDA:258,23,1,5
BRDA:263,24,0,0
BRDA:263,24,1,5
BRDA:267,25,0,2
BRDA:268,26,0,1
BRDA:268,26,1,1
BRDA:270,27,0,0
BRDA:270,27,1,1
BRDA:275,28,0,0
BRDA:275,28,1,1
BRDA:280,29,0,0
BRDA:280,29,1,1
BRDA:282,30,0,1
BRDA:282,30,1,0
BRDA:287,31,0,0
BRDA:287,31,1,0
BRDA:292,32,0,0
BRDA:292,32,1,1
BRDA:294,33,0,0
BRDA:294,33,1,1
BRDA:299,34,0,0
BRDA:299,34,1,1
BRDA:304,35,0,0
BRDA:304,35,1,2
BRDA:308,36,0,1
BRDA:308,36,1,1
BRDA:314,37,0,0
BRDA:314,37,1,1
BRDA:318,38,0,1
BRDA:318,38,1,0
BRDA:325,39,0,0
BRDA:325,39,1,1
BRDA:330,40,0,1
BRDA:330,40,1,0
BRDA:339,41,0,0
BRDA:339,41,1,1
BRDA:344,42,0,0
BRDA:344,42,1,1
BRF:82
BRH:42
end_of_record
TN:
SF:services/searchService.js
FN:29,(anonymous_0)
FN:39,(anonymous_1)
FN:85,(anonymous_2)
FN:100,(anonymous_3)
FN:102,(anonymous_4)
FN:105,(anonymous_5)
FN:106,(anonymous_6)
FN:116,(anonymous_7)
FN:117,(anonymous_8)
FN:120,(anonymous_9)
FN:146,(anonymous_10)
FN:153,(anonymous_11)
FN:168,(anonymous_12)
FN:173,(anonymous_13)
FN:188,(anonymous_14)
FN:193,(anonymous_15)
FN:197,(anonymous_16)
FN:206,(anonymous_17)
FN:237,(anonymous_18)
FN:262,(anonymous_19)
FN:277,(anonymous_20)
FN:285,(anonymous_21)
FN:322,(anonymous_22)
FN:349,(anonymous_23)
FN:362,(anonymous_24)
FN:393,(anonymous_25)
FN:416,(anonymous_26)
FNF:27
FNH:27
FNDA:6,(anonymous_0)
FNDA:15,(anonymous_1)
FNDA:3,(anonymous_2)
FNDA:8,(anonymous_3)
FNDA:3,(anonymous_4)
FNDA:6,(anonymous_5)
FNDA:8,(anonymous_6)
FNDA:3,(anonymous_7)
FNDA:6,(anonymous_8)
FNDA:5,(anonymous_9)
FNDA:15,(anonymous_10)
FNDA:20,(anonymous_11)
FNDA:10,(anonymous_12)
FNDA:3,(anonymous_13)
FNDA:5,(anonymous_14)
FNDA:3,(anonymous_15)
FNDA:5,(anonymous_16)
FNDA:5,(anonymous_17)
FNDA:1,(anonymous_18)
FNDA:1,(anonymous_19)
FNDA:8,(anonymous_20)
FNDA:6,(anonymous_21)
FNDA:4,(anonymous_22)
FNDA:4,(anonymous_23)
FNDA:4,(anonymous_24)
FNDA:6,(anonymous_25)
FNDA:4,(anonymous_26)
DA:2,9
DA:3,9
DA:8,9
DA:9,9
DA:10,9
DA:12,9
DA:13,9
DA:14,9
DA:15,9
DA:16,9
DA:17,9
DA:29,9
DA:30,6
DA:31,6
DA:39,9
DA:40,15
DA:71,15
DA:72,15
DA:73,9
DA:76,15
DA:85,9
DA:86,3
DA:93,3
DA:94,3
DA:97,3
DA:100,9
DA:102,9
DA:103,3
DA:105,3
DA:106,6
DA:107,8
DA:108,8
DA:109,8
DA:110,8
DA:111,8
DA:115,3
DA:116,3
DA:117,6
DA:120,9
DA:146,9
DA:147,15
DA:148,15
DA:150,15
DA:151,15
DA:152,15
DA:153,20
DA:156,15
DA:164,12
DA:165,12
DA:167,12
DA:168,10
DA:173,9
DA:174,3
DA:175,3
DA:177,3
DA:184,3
DA:185,3
DA:187,3
DA:188,5
DA:193,9
DA:197,9
DA:206,9
DA:207,5
DA:234,4
DA:237,9
DA:238,1
DA:259,1
DA:262,9
DA:277,9
DA:285,9
DA:286,6
DA:287,6
DA:288,6
DA:289,1
DA:292,5
DA:293,5
DA:295,5
DA:296,5
DA:298,5
DA:299,4
DA:300,4
DA:301,4
DA:303,4
DA:304,1
DA:309,1
DA:314,1
DA:315,1
DA:316,1
DA:319,4
DA:322,9
DA:323,4
DA:338,4
DA:339,4
DA:340,4
DA:341,3
DA:342,3
DA:344,4
DA:345,4
DA:346,4
DA:349,9
DA:350,4
DA:351,4
DA:352,4
DA:353,4
DA:354,3
DA:355,3
DA:357,4
DA:358,4
DA:359,4
DA:362,9
DA:363,4
DA:382,4
DA:383,4
DA:384,4
DA:385,3
DA:386,3
DA:388,4
DA:389,4
DA:390,4
DA:393,9
DA:394,6
DA:395,6
DA:396,2
DA:399,4
DA:400,4
DA:401,4
DA:402,4
DA:403,4
DA:409,4
DA:416,9
DA:417,4
DA:418,1
DA:421,3
DA:422,3
DA:424,2
DA:428,2
DA:433,2
DA:434,1
DA:436,1
DA:438,1
DA:441,1
DA:445,9
LF:142
LH:142
BRDA:13,0,0,9
BRDA:13,0,1,9
BRDA:14,1,0,9
BRDA:14,1,1,9
BRDA:15,2,0,9
BRDA:15,2,1,9
BRDA:30,3,0,0
BRDA:30,3,1,6
BRDA:72,4,0,9
BRDA:72,4,1,6
BRDA:93,5,0,3
BRDA:93,5,1,0
BRDA:100,6,0,8
BRDA:100,6,1,0
BRDA:100,6,2,0
BRDA:108,7,0,0
BRDA:108,7,1,8
BRDA:109,8,0,8
BRDA:109,8,1,6
BRDA:111,9,0,8
BRDA:111,9,1,0
BRDA:146,10,0,0
BRDA:146,11,0,0
BRDA:148,12,0,0
BRDA:148,12,1,15
BRDA:151,13,0,15
BRDA:151,13,1,0
BRDA:152,14,0,15
BRDA:152,14,1,0
BRDA:161,15,0,15
BRDA:161,15,1,0
BRDA:164,16,0,12
BRDA:164,16,1,0
BRDA:164,16,2,0
BRDA:165,17,0,12
BRDA:165,17,1,0
BRDA:165,17,2,0
BRDA:168,18,0,10
BRDA:168,18,1,0
BRDA:175,19,0,0
BRDA:175,19,1,3
BRDA:175,20,0,3
BRDA:175,20,1,3
BRDA:184,21,0,3
BRDA:184,21,1,0
BRDA:184,21,2,0
BRDA:185,22,0,3
BRDA:185,22,1,0
BRDA:185,22,2,0
BRDA:188,23,0,5
BRDA:188,23,1,0
BRDA:287,24,0,6
BRDA:287,24,1,3
BRDA:288,25,0,1
BRDA:288,25,1,5
BRDA:296,26,0,1
BRDA:296,26,1,4
BRDA:303,27,0,1
BRDA:303,27,1,3
BRDA:340,28,0,3
BRDA:340,28,1,1
BRDA:353,29,0,3
BRDA:353,29,1,1
BRDA:384,30,0,3
BRDA:384,30,1,1
BRDA:394,31,0,6
BRDA:394,31,1,1
BRDA:395,32,0,2
BRDA:395,32,1,4
BRDA:395,33,0,6
BRDA:395,33,1,5
BRDA:399,34,0,4
BRDA:399,34,1,1
BRDA:417,35,0,1
BRDA:417,35,1,3
BRDA:428,36,0,2
BRDA:428,36,1,1
BRDA:428,36,2,1
BRDA:428,36,3,1
BRDA:433,37,0,1
BRDA:433,37,1,1
BRF:81
BRH:58
end_of_record
TN:
SF:services/storageService.js
FN:12,(anonymous_0)
FN:14,(anonymous_1)
FN:16,(anonymous_2)
FN:27,(anonymous_3)
FN:38,(anonymous_4)
FN:67,(anonymous_5)
FNF:6
FNH:6
FNDA:2,(anonymous_0)
FNDA:3,(anonymous_1)
FNDA:3,(anonymous_2)
FNDA:6,(anonymous_3)
FNDA:6,(anonymous_4)
FNDA:1,(anonymous_5)
DA:4,7
DA:5,7
DA:6,7
DA:7,7
DA:9,7
DA:10,7
DA:12,7
DA:14,7
DA:16,7
DA:17,3
DA:18,3
DA:19,3
DA:20,3
DA:21,3
DA:22,3
DA:23,3
DA:24,3
DA:27,7
DA:28,6
DA:29,1
DA:31,5
DA:32,5
DA:33,1
DA:35,4
DA:38,7
DA:39,6
DA:40,1
DA:43,5
DA:44,3
DA:46,3
DA:50,3
DA:51,1
DA:52,1
DA:55,2
DA:56,2
DA:58,2
DA:67,7
DA:68,1
DA:69,1
DA:72,7
LF:40
LH:40
BRDA:9,0,0,7
BRDA:9,0,1,6
BRDA:10,1,0,7
BRDA:10,1,1,7
BRDA:17,2,0,2
BRDA:17,2,1,1
BRDA:23,3,0,3
BRDA:23,3,1,0
BRDA:28,4,0,1
BRDA:28,4,1,5
BRDA:32,5,0,1
BRDA:32,5,1,4
BRDA:38,6,0,6
BRDA:38,7,0,4
BRDA:39,8,0,1
BRDA:39,8,1,5
BRDA:50,9,0,1
BRDA:50,9,1,2
BRDA:55,10,0,2
BRDA:55,10,1,1
BRDA:67,11,0,0
BRF:21
BRH:19
end_of_record
TN:
SF:services/telegramBot.js
FN:28,(anonymous_0)
FN:42,(anonymous_1)
FN:56,(anonymous_2)
FN:61,(anonymous_3)
FN:89,(anonymous_4)
FN:106,(anonymous_5)
FN:127,(anonymous_6)
FN:183,(anonymous_7)
FN:192,(anonymous_8)
FN:221,(anonymous_9)
FN:228,(anonymous_10)
FN:257,(anonymous_11)
FN:273,(anonymous_12)
FN:287,(anonymous_13)
FN:305,(anonymous_14)
FN:335,(anonymous_15)
FN:338,(anonymous_16)
FN:361,(anonymous_17)
FN:382,(anonymous_18)
FN:387,(anonymous_19)
FN:394,(anonymous_20)
FN:399,(anonymous_21)
FN:450,(anonymous_22)
FN:453,(anonymous_23)
FN:480,(anonymous_24)
FN:525,(anonymous_25)
FN:531,(anonymous_26)
FN:553,(anonymous_27)
FN:578,(anonymous_28)
FN:610,(anonymous_29)
FN:614,(anonymous_30)
FNF:31
FNH:12
FNDA:1,(anonymous_0)
FNDA:0,(anonymous_1)
FNDA:0,(anonymous_2)
FNDA:2,(anonymous_3)
FNDA:0,(anonymous_4)
FNDA:0,(anonymous_5)
FNDA:0,(anonymous_6)
FNDA:0,(anonymous_7)
FNDA:0,(anonymous_8)
FNDA:0,(anonymous_9)
FNDA:0,(anonymous_10)
FNDA:0,(anonymous_11)
FNDA:0,(anonymous_12)
FNDA:8,(anonymous_13)
FNDA:6,(anonymous_14)
FNDA:0,(anonymous_15)
FNDA:0,(anonymous_16)
FNDA:0,(anonymous_17)
FNDA:0,(anonymous_18)
FNDA:0,(anonymous_19)
FNDA:0,(anonymous_20)
FNDA:3,(anonymous_21)
FNDA:1,(anonymous_22)
FNDA:1,(anonymous_23)
FNDA:2,(anonymous_24)
FNDA:0,(anonymous_25)
FNDA:1,(anonymous_26)
FNDA:1,(anonymous_27)
FNDA:2,(anonymous_28)
FNDA:0,(anonymous_29)
FNDA:1,(anonymous_30)
DA:2,3
DA:3,3
DA:4,3
DA:6,3
DA:13,3
DA:22,3
DA:26,3
DA:28,3
DA:29,1
DA:30,1
DA:31,0
DA:34,1
DA:35,1
DA:36,0
DA:39,1
DA:42,3
DA:43,0
DA:49,0
DA:50,0
DA:53,0
DA:56,3
DA:57,0
DA:58,0
DA:61,3
DA:69,2
DA:70,2
DA:71,2
DA:72,1
DA:74,1
DA:75,1
DA:77,1
DA:78,1
DA:81,0
DA:82,0
DA:83,0
DA:86,0
DA:89,0
DA:93,0
DA:96,3
DA:107,0
DA:108,0
DA:111,0
DA:112,0
DA:115,0
DA:116,0
DA:118,0
DA:119,0
DA:121,0
DA:124,0
DA:128,0
DA:130,0
DA:131,0
DA:134,0
DA:137,0
DA:138,0
DA:140,0
DA:141,0
DA:146,0
DA:151,0
DA:152,0
DA:154,0
DA:155,0
DA:156,0
DA:158,0
DA:161,0
DA:163,0
DA:166,0
DA:167,0
DA:171,0
DA:173,0
DA:174,0
DA:175,0
DA:178,0
DA:179,0
DA:184,0
DA:185,0
DA:188,0
DA:189,0
DA:190,0
DA:192,0
DA:193,0
DA:196,0
DA:197,0
DA:202,0
DA:203,0
DA:206,0
DA:207,0
DA:209,0
DA:210,0
DA:216,0
DA:217,0
DA:222,0
DA:224,0
DA:225,0
DA:226,0
DA:228,0
DA:229,0
DA:232,0
DA:244,0
DA:246,0
DA:248,0
DA:249,0
DA:250,0
DA:253,0
DA:258,0
DA:259,0
DA:261,0
DA:262,0
DA:265,0
DA:266,0
DA:267,0
DA:270,0
DA:271,0
DA:273,0
DA:274,0
DA:277,0
DA:278,0
DA:280,0
DA:283,0
DA:288,8
DA:289,8
DA:290,2
DA:294,6
DA:296,6
DA:298,5
DA:299,5
DA:300,5
DA:302,3
DA:306,6
DA:307,1
DA:312,5
DA:313,1
DA:318,4
DA:319,2
DA:324,2
DA:325,2
DA:326,1
DA:328,1
DA:329,1
DA:336,0
DA:338,0
DA:339,0
DA:341,0
DA:342,0
DA:357,0
DA:361,0
DA:362,0
DA:364,0
DA:365,0
DA:377,0
DA:381,0
DA:382,0
DA:383,0
DA:385,0
DA:386,0
DA:387,0
DA:388,0
DA:394,0
DA:395,0
DA:400,3
DA:401,1
DA:402,1
DA:405,2
DA:406,2
DA:414,2
DA:416,2
DA:417,1
DA:420,1
DA:423,1
DA:424,1
DA:425,1
DA:427,1
DA:437,1
DA:442,1
DA:443,1
DA:445,0
DA:446,0
DA:451,1
DA:454,1
DA:458,1
DA:481,2
DA:482,1
DA:483,1
DA:486,1
DA:487,1
DA:499,1
DA:500,1
DA:502,1
DA:503,1
DA:504,1
DA:505,1
DA:510,1
DA:511,2
DA:512,2
DA:526,0
DA:529,1
DA:531,1
DA:532,1
DA:535,1
DA:539,1
DA:543,1
DA:546,1
DA:548,0
DA:549,0
DA:554,1
DA:555,1
DA:564,1
DA:565,0
DA:567,1
DA:568,1
DA:579,2
DA:580,1
DA:583,1
DA:604,1
DA:605,1
DA:606,1
DA:607,1
DA:611,0
DA:615,1
DA:616,1
DA:617,1
DA:621,1
DA:622,1
DA:625,1
DA:626,1
DA:627,1
DA:631,0
DA:633,1
DA:634,1
DA:639,3
LF:230
LH:108
BRDA:30,0,0,0
BRDA:30,0,1,1
BRDA:30,1,0,1
BRDA:30,1,1,0
BRDA:35,2,0,0
BRDA:35,2,1,1
BRDA:35,3,0,1
BRDA:35,3,1,0
BRDA:44,4,0,0
BRDA:44,4,1,0
BRDA:44,4,2,0
BRDA:49,5,0,0
BRDA:49,5,1,0
BRDA:49,6,0,0
BRDA:49,6,1,0
BRDA:57,7,0,0
BRDA:57,7,1,0
BRDA:58,8,0,0
BRDA:58,8,1,0
BRDA:75,9,0,1
BRDA:75,9,1,0
BRDA:77,10,0,1
BRDA:77,10,1,0
BRDA:82,11,0,0
BRDA:82,11,1,0
BRDA:104,12,0,3
BRDA:104,12,1,3
BRDA:107,13,0,0
BRDA:107,13,1,0
BRDA:111,14,0,0
BRDA:111,14,1,0
BRDA:130,15,0,0
BRDA:130,15,1,0
BRDA:140,16,0,0
BRDA:140,16,1,0
BRDA:140,17,0,0
BRDA:140,17,1,0
BRDA:140,17,2,0
BRDA:154,18,0,0
BRDA:154,18,1,0
BRDA:155,19,0,0
BRDA:155,19,1,0
BRDA:155,20,0,0
BRDA:155,20,1,0
BRDA:168,21,0,0
BRDA:168,21,1,0
BRDA:173,22,0,0
BRDA:173,22,1,0
BRDA:184,23,0,0
BRDA:184,23,1,0
BRDA:184,24,0,0
BRDA:184,24,1,0
BRDA:202,25,0,0
BRDA:202,25,1,0
BRDA:222,26,0,0
BRDA:222,26,1,0
BRDA:248,27,0,0
BRDA:248,27,1,0
BRDA:261,28,0,0
BRDA:261,28,1,0
BRDA:265,29,0,0
BRDA:265,29,1,0
BRDA:265,30,0,0
BRDA:265,30,1,0
BRDA:277,31,0,0
BRDA:277,31,1,0
BRDA:277,32,0,0
BRDA:277,32,1,0
BRDA:288,33,0,8
BRDA:288,33,1,1
BRDA:289,34,0,2
BRDA:289,34,1,6
BRDA:294,35,0,6
BRDA:294,35,1,1
BRDA:296,36,0,1
BRDA:296,36,1,5
BRDA:300,37,0,2
BRDA:300,37,1,3
BRDA:306,38,0,1
BRDA:306,38,1,5
BRDA:312,39,0,1
BRDA:312,39,1,4
BRDA:312,40,0,5
BRDA:312,40,1,1
BRDA:312,40,2,1
BRDA:318,41,0,2
BRDA:318,41,1,2
BRDA:336,42,0,0
BRDA:336,42,1,0
BRDA:381,43,0,0
BRDA:381,43,1,0
BRDA:385,44,0,0
BRDA:385,44,1,0
BRDA:400,45,0,1
BRDA:400,45,1,2
BRDA:400,46,0,3
BRDA:400,46,1,2
BRDA:416,47,0,1
BRDA:416,47,1,1
BRDA:471,48,0,0
BRDA:471,48,1,1
BRDA:481,49,0,1
BRDA:481,49,1,1
BRDA:481,50,0,2
BRDA:481,50,1,1
BRDA:506,51,0,1
BRDA:506,51,1,0
BRDA:579,52,0,1
BRDA:579,52,1,1
BRDA:606,53,0,1
BRDA:606,53,1,0
BRDA:616,54,0,1
BRDA:616,54,1,0
BRDA:617,55,0,1
BRDA:617,55,1,0
BRDA:618,56,0,1
BRDA:618,56,1,1
BRDA:625,57,0,1
BRDA:625,57,1,0
BRF:119
BRH:47
end_of_record
TN:
SF:services/tokenService.js
FN:12,(anonymous_0)
FN:15,(anonymous_1)
FN:18,(anonymous_2)
FN:21,(anonymous_3)
FN:24,(anonymous_4)
FN:29,(anonymous_5)
FN:36,(anonymous_6)
FN:41,(anonymous_7)
FN:87,(anonymous_8)
FN:99,(anonymous_9)
FN:112,cleanupExpiredTokens
FN:129,getRoleFromUnsafeRefreshToken
FN:137,verifyRefreshTokenOrThrow
FN:145,validateDecodedRefreshToken
FN:158,fetchStoredRefreshToken
FN:172,(anonymous_15)
FN:176,(anonymous_16)
FN:188,(anonymous_17)
FN:200,throwRefreshTokenReuseDetected
FN:205,enforceRefreshTokenBinding
FN:236,getLegacyTokenMeta
FN:245,updateExistingTokenRecord
FN:262,insertReplacedTokenRecord
FN:300,upsertRotatedTokenRecord
FN:332,prepareRotationContext
FN:356,issueRotatedTokens
FN:367,rotateRefreshTokenInTransaction
FN:405,withTransaction
FN:420,rotateRefreshToken
FN:435,(anonymous_29)
FNF:30
FNH:25
FNDA:11,(anonymous_0)
FNDA:10,(anonymous_1)
FNDA:10,(anonymous_2)
FNDA:17,(anonymous_3)
FNDA:10,(anonymous_4)
FNDA:10,(anonymous_5)
FNDA:2,(anonymous_6)
FNDA:7,(anonymous_7)
FNDA:1,(anonymous_8)
FNDA:1,(anonymous_9)
FNDA:0,cleanupExpiredTokens
FNDA:3,getRoleFromUnsafeRefreshToken
FNDA:3,verifyRefreshTokenOrThrow
FNDA:3,validateDecodedRefreshToken
FNDA:3,fetchStoredRefreshToken
FNDA:0,(anonymous_15)
FNDA:0,(anonymous_16)
FNDA:0,(anonymous_17)
FNDA:1,throwRefreshTokenReuseDetected
FNDA:3,enforceRefreshTokenBinding
FNDA:2,getLegacyTokenMeta
FNDA:0,updateExistingTokenRecord
FNDA:2,insertReplacedTokenRecord
FNDA:2,upsertRotatedTokenRecord
FNDA:3,prepareRotationContext
FNDA:2,issueRotatedTokens
FNDA:3,rotateRefreshTokenInTransaction
FNDA:3,withTransaction
FNDA:3,rotateRefreshToken
FNDA:3,(anonymous_29)
DA:4,4
DA:5,4
DA:6,4
DA:7,4
DA:9,4
DA:10,4
DA:12,4
DA:13,11
DA:15,4
DA:16,10
DA:18,4
DA:19,10
DA:21,4
DA:22,17
DA:24,4
DA:25,10
DA:29,4
DA:30,10
DA:36,4
DA:37,2
DA:38,2
DA:41,4
DA:42,7
DA:43,7
DA:44,7
DA:46,7
DA:47,0
DA:50,7
DA:51,7
DA:52,7
DA:53,7
DA:54,7
DA:56,7
DA:57,7
DA:61,7
DA:62,7
DA:63,0
DA:66,7
DA:84,7
DA:87,4
DA:88,1
DA:89,1
DA:99,4
DA:100,1
DA:101,1
DA:102,1
DA:113,0
DA:114,0
DA:119,0
DA:120,0
DA:121,0
DA:124,0
DA:125,0
DA:130,3
DA:131,3
DA:132,0
DA:134,3
DA:138,3
DA:139,3
DA:141,0
DA:146,3
DA:147,0
DA:150,3
DA:151,3
DA:152,0
DA:155,3
DA:159,3
DA:169,3
DA:172,4
DA:173,0
DA:176,4
DA:177,0
DA:178,0
DA:181,0
DA:182,0
DA:185,0
DA:188,4
DA:189,0
DA:190,0
DA:193,0
DA:194,0
DA:197,0
DA:201,1
DA:202,1
DA:214,3
DA:215,2
DA:218,1
DA:219,1
DA:222,0
DA:223,0
DA:224,0
DA:227,0
DA:228,0
DA:231,0
DA:232,0
DA:237,2
DA:252,0
DA:271,2
DA:273,2
DA:310,2
DA:311,0
DA:318,0
DA:321,2
DA:340,3
DA:341,3
DA:343,3
DA:353,2
DA:357,2
DA:358,2
DA:375,3
DA:384,2
DA:391,2
DA:402,2
DA:406,3
DA:407,3
DA:408,3
DA:409,3
DA:410,2
DA:411,2
DA:413,1
DA:414,1
DA:416,3
DA:421,3
DA:422,0
DA:425,3
DA:426,3
DA:427,3
DA:428,3
DA:429,0
DA:432,3
DA:433,3
DA:435,3
DA:436,3
DA:447,4
LF:134
LH:98
BRDA:16,0,0,10
BRDA:16,0,1,0
BRDA:19,1,0,10
BRDA:19,1,1,0
BRDA:22,2,0,17
BRDA:22,2,1,13
BRDA:25,3,0,10
BRDA:25,3,1,10
BRDA:25,3,2,10
BRDA:30,4,0,10
BRDA:30,4,1,3
BRDA:30,4,2,2
BRDA:30,4,3,0
BRDA:30,4,4,0
BRDA:41,5,0,5
BRDA:42,6,0,7
BRDA:42,6,1,0
BRDA:46,7,0,0
BRDA:46,7,1,7
BRDA:46,8,0,7
BRDA:46,8,1,7
BRDA:57,9,0,7
BRDA:57,9,1,0
BRDA:62,10,0,0
BRDA:62,10,1,7
BRDA:75,11,0,7
BRDA:75,11,1,0
BRDA:79,12,0,7
BRDA:79,12,1,0
BRDA:80,13,0,7
BRDA:80,13,1,7
BRDA:87,14,0,0
BRDA:88,15,0,0
BRDA:88,15,1,1
BRDA:88,16,0,1
BRDA:88,16,1,1
BRDA:99,17,0,1
BRDA:100,18,0,0
BRDA:100,18,1,1
BRDA:112,19,0,0
BRDA:119,20,0,0
BRDA:119,20,1,0
BRDA:131,21,0,0
BRDA:131,21,1,3
BRDA:131,22,0,3
BRDA:131,22,1,3
BRDA:146,23,0,0
BRDA:146,23,1,3
BRDA:151,24,0,0
BRDA:151,24,1,3
BRDA:169,25,0,3
BRDA:169,25,1,2
BRDA:173,26,0,0
BRDA:173,26,1,0
BRDA:177,27,0,0
BRDA:177,27,1,0
BRDA:181,28,0,0
BRDA:181,28,1,0
BRDA:181,29,0,0
BRDA:181,29,1,0
BRDA:189,30,0,0
BRDA:189,30,1,0
BRDA:193,31,0,0
BRDA:193,31,1,0
BRDA:193,32,0,0
BRDA:193,32,1,0
BRDA:214,33,0,2
BRDA:214,33,1,1
BRDA:218,34,0,1
BRDA:218,34,1,0
BRDA:222,35,0,0
BRDA:222,35,1,0
BRDA:227,36,0,0
BRDA:227,36,1,0
BRDA:231,37,0,0
BRDA:231,37,1,0
BRDA:238,38,0,2
BRDA:238,38,1,0
BRDA:239,39,0,2
BRDA:239,39,1,0
BRDA:258,40,0,0
BRDA:258,40,1,0
BRDA:258,41,0,0
BRDA:258,41,1,0
BRDA:294,42,0,2
BRDA:294,42,1,0
BRDA:295,43,0,2
BRDA:295,43,1,2
BRDA:310,44,0,0
BRDA:310,44,1,2
BRDA:421,45,0,0
BRDA:421,45,1,3
BRDA:428,46,0,0
BRDA:428,46,1,3
BRF:94
BRH:44
end_of_record
